<?xml version="1.0" encoding="UTF-8"?>
<testsuites>
  <testsuite name="Tests\Unit\JobMatchingServiceTest" file="Job Matching Service (Tests\Unit\JobMatchingService)" tests="11" assertions="26" errors="0" failures="3" skipped="0" time="50.949514">
    <testcase name="Calculate match score returns weighted score" file="Job Matching Service (Tests\Unit\JobMatchingService)::Calculate match score returns weighted score" class="Tests\Unit\JobMatchingServiceTest" classname="Tests.Unit.JobMatchingServiceTest" assertions="5" time="40.484878"/>
    <testcase name="Connection score increases with mutual connections" file="Job Matching Service (Tests\Unit\JobMatchingService)::Connection score increases with mutual connections" class="Tests\Unit\JobMatchingServiceTest" classname="Tests.Unit.JobMatchingServiceTest" assertions="1" time="1.416237">
      <failure type="PHPUnit\Framework\ExpectationFailedException">Connection score increases with mutual connectionsFailed asserting that 0.0 is greater than 0.&#13;
at tests\Unit\JobMatchingServiceTest.php:88</failure>
    </testcase>
    <testcase name="Skills score calculates percentage match" file="Job Matching Service (Tests\Unit\JobMatchingService)::Skills score calculates percentage match" class="Tests\Unit\JobMatchingServiceTest" classname="Tests.Unit.JobMatchingServiceTest" assertions="1" time="0.855224"/>
    <testcase name="Skills score handles partial matches" file="Job Matching Service (Tests\Unit\JobMatchingService)::Skills score handles partial matches" class="Tests\Unit\JobMatchingServiceTest" classname="Tests.Unit.JobMatchingServiceTest" assertions="1" time="0.823097"/>
    <testcase name="Education score considers degree relevance" file="Job Matching Service (Tests\Unit\JobMatchingService)::Education score considers degree relevance" class="Tests\Unit\JobMatchingServiceTest" classname="Tests.Unit.JobMatchingServiceTest" assertions="1" time="0.877156">
      <failure type="PHPUnit\Framework\ExpectationFailedException">Education score considers degree relevanceFailed asserting that 30.0 is greater than 50.&#13;
at tests\Unit\JobMatchingServiceTest.php:147</failure>
    </testcase>
    <testcase name="Circle score calculates alumni overlap" file="Job Matching Service (Tests\Unit\JobMatchingService)::Circle score calculates alumni overlap" class="Tests\Unit\JobMatchingServiceTest" classname="Tests.Unit.JobMatchingServiceTest" assertions="1" time="1.385445"/>
    <testcase name="Find mutual connections returns connected employees" file="Job Matching Service (Tests\Unit\JobMatchingService)::Find mutual connections returns connected employees" class="Tests\Unit\JobMatchingServiceTest" classname="Tests.Unit.JobMatchingServiceTest" assertions="1" time="1.056980">
      <failure type="PHPUnit\Framework\ExpectationFailedException">Find mutual connections returns connected employeesFailed asserting that actual size 0 matches expected size 1.&#13;
at tests\Unit\JobMatchingServiceTest.php:209</failure>
    </testcase>
    <testcase name="Get match reasons returns detailed explanations" file="Job Matching Service (Tests\Unit\JobMatchingService)::Get match reasons returns detailed explanations" class="Tests\Unit\JobMatchingServiceTest" classname="Tests.Unit.JobMatchingServiceTest" assertions="6" time="1.081497"/>
    <testcase name="Store match score creates or updates record" file="Job Matching Service (Tests\Unit\JobMatchingService)::Store match score creates or updates record" class="Tests\Unit\JobMatchingServiceTest" classname="Tests.Unit.JobMatchingServiceTest" assertions="7" time="1.365506"/>
    <testcase name="Zero connection score when no mutual connections" file="Job Matching Service (Tests\Unit\JobMatchingService)::Zero connection score when no mutual connections" class="Tests\Unit\JobMatchingServiceTest" classname="Tests.Unit.JobMatchingServiceTest" assertions="1" time="0.833341"/>
    <testcase name="Neutral skills score when no skills data" file="Job Matching Service (Tests\Unit\JobMatchingService)::Neutral skills score when no skills data" class="Tests\Unit\JobMatchingServiceTest" classname="Tests.Unit.JobMatchingServiceTest" assertions="1" time="0.770154"/>
  </testsuite>
</testsuites>
