<?xml version="1.0" encoding="UTF-8"?>
<testsuites>
  <testsuite name="Tests\Unit\Services\CircleManagerTest" file="Circle Manager (Tests\Unit\Services\CircleManager)" tests="8" assertions="11" errors="3" failures="1" skipped="0" time="59.105720">
    <testcase name="Generates school year circle for user" file="Circle Manager (Tests\Unit\Services\CircleManager)::Generates school year circle for user" class="Tests\Unit\Services\CircleManagerTest" classname="Tests.Unit.Services.CircleManagerTest" assertions="0" time="53.543663">
      <error type="Illuminate\Database\QueryException">Generates school year circle for userIlluminate\Database\QueryException: SQLSTATE[42P01]: Undefined table: 7 ERROR:  relation "education_histories" does not exist
LINE 1: insert into "education_histories" ("graduate_id", "instituti...
                    ^ (Connection: pgsql, Host: 127.0.0.1, Port: 5433, Database: alumate_testing, SQL: insert into "education_histories" ("graduate_id", "institution_name", "degree", "field_of_study", "start_year", "end_year", "updated_at", "created_at") values (1, Test University, Master of Arts, English Literature, 2006, 2020, 2026-02-15 06:03:15, 2026-02-15 06:03:15) returning "id")&#13;
at vendor\laravel\framework\src\Illuminate\Database\Connection.php:425
at vendor\laravel\framework\src\Illuminate\Database\Connection.php:827
at vendor\laravel\framework\src\Illuminate\Database\Connection.php:794
at vendor\laravel\framework\src\Illuminate\Database\Connection.php:411
at vendor\laravel\framework\src\Illuminate\Database\Connection.php:398
at vendor\laravel\framework\src\Illuminate\Database\Query\Processors\PostgresProcessor.php:24
at vendor\laravel\framework\src\Illuminate\Database\Query\Builder.php:4054
at vendor\laravel\framework\src\Illuminate\Database\Eloquent\Builder.php:2235
at vendor\laravel\framework\src\Illuminate\Database\Eloquent\Model.php:1436
at vendor\laravel\framework\src\Illuminate\Database\Eloquent\Model.php:1401
at vendor\laravel\framework\src\Illuminate\Database\Eloquent\Model.php:1240
at vendor\laravel\framework\src\Illuminate\Database\Eloquent\Factories\Factory.php:370
at vendor\laravel\framework\src\Illuminate\Collections\Traits\EnumeratesValues.php:275
at vendor\laravel\framework\src\Illuminate\Database\Eloquent\Factories\Factory.php:365
at vendor\laravel\framework\src\Illuminate\Database\Eloquent\Factories\Factory.php:321
at vendor\laravel\framework\src\Illuminate\Database\Eloquent\Factories\Factory.php:315
at tests\Unit\Services\CircleManagerTest.php:29
Caused by
PDOException: SQLSTATE[42P01]: Undefined table: 7 ERROR:  relation "education_histories" does not exist
LINE 1: insert into "education_histories" ("graduate_id", "instituti...
                    ^

at vendor\laravel\framework\src\Illuminate\Database\Connection.php:425
at vendor\laravel\framework\src\Illuminate\Database\Connection.php:827
at vendor\laravel\framework\src\Illuminate\Database\Connection.php:794
at vendor\laravel\framework\src\Illuminate\Database\Connection.php:411
at vendor\laravel\framework\src\Illuminate\Database\Connection.php:398
at vendor\laravel\framework\src\Illuminate\Database\Query\Processors\PostgresProcessor.php:24
at vendor\laravel\framework\src\Illuminate\Database\Query\Builder.php:4054
at vendor\laravel\framework\src\Illuminate\Database\Eloquent\Builder.php:2235
at vendor\laravel\framework\src\Illuminate\Database\Eloquent\Model.php:1436
at vendor\laravel\framework\src\Illuminate\Database\Eloquent\Model.php:1401
at vendor\laravel\framework\src\Illuminate\Database\Eloquent\Model.php:1240
at vendor\laravel\framework\src\Illuminate\Database\Eloquent\Factories\Factory.php:370
at vendor\laravel\framework\src\Illuminate\Collections\Traits\EnumeratesValues.php:275
at vendor\laravel\framework\src\Illuminate\Database\Eloquent\Factories\Factory.php:365
at vendor\laravel\framework\src\Illuminate\Database\Eloquent\Factories\Factory.php:321
at vendor\laravel\framework\src\Illuminate\Database\Eloquent\Factories\Factory.php:315
at tests\Unit\Services\CircleManagerTest.php:29</error>
    </testcase>
    <testcase name="Generates multi school circles for user with multiple educations" file="Circle Manager (Tests\Unit\Services\CircleManager)::Generates multi school circles for user with multiple educations" class="Tests\Unit\Services\CircleManagerTest" classname="Tests.Unit.Services.CircleManagerTest" assertions="0" time="0.674563">
      <error type="Illuminate\Database\QueryException">Generates multi school circles for user with multiple educationsIlluminate\Database\QueryException: SQLSTATE[42P01]: Undefined table: 7 ERROR:  relation "education_histories" does not exist
LINE 1: insert into "education_histories" ("graduate_id", "instituti...
                    ^ (Connection: pgsql, Host: 127.0.0.1, Port: 5433, Database: alumate_testing, SQL: insert into "education_histories" ("graduate_id", "institution_name", "degree", "field_of_study", "start_year", "end_year", "updated_at", "created_at") values (2, University A, Master of Science, Marketing, 2006, 2018, 2026-02-15 06:03:16, 2026-02-15 06:03:16) returning "id")&#13;
at vendor\laravel\framework\src\Illuminate\Database\Connection.php:425
at vendor\laravel\framework\src\Illuminate\Database\Connection.php:827
at vendor\laravel\framework\src\Illuminate\Database\Connection.php:794
at vendor\laravel\framework\src\Illuminate\Database\Connection.php:411
at vendor\laravel\framework\src\Illuminate\Database\Connection.php:398
at vendor\laravel\framework\src\Illuminate\Database\Query\Processors\PostgresProcessor.php:24
at vendor\laravel\framework\src\Illuminate\Database\Query\Builder.php:4054
at vendor\laravel\framework\src\Illuminate\Database\Eloquent\Builder.php:2235
at vendor\laravel\framework\src\Illuminate\Database\Eloquent\Model.php:1436
at vendor\laravel\framework\src\Illuminate\Database\Eloquent\Model.php:1401
at vendor\laravel\framework\src\Illuminate\Database\Eloquent\Model.php:1240
at vendor\laravel\framework\src\Illuminate\Database\Eloquent\Factories\Factory.php:370
at vendor\laravel\framework\src\Illuminate\Collections\Traits\EnumeratesValues.php:275
at vendor\laravel\framework\src\Illuminate\Database\Eloquent\Factories\Factory.php:365
at vendor\laravel\framework\src\Illuminate\Database\Eloquent\Factories\Factory.php:321
at vendor\laravel\framework\src\Illuminate\Database\Eloquent\Factories\Factory.php:315
at tests\Unit\Services\CircleManagerTest.php:49
Caused by
PDOException: SQLSTATE[42P01]: Undefined table: 7 ERROR:  relation "education_histories" does not exist
LINE 1: insert into "education_histories" ("graduate_id", "instituti...
                    ^

at vendor\laravel\framework\src\Illuminate\Database\Connection.php:425
at vendor\laravel\framework\src\Illuminate\Database\Connection.php:827
at vendor\laravel\framework\src\Illuminate\Database\Connection.php:794
at vendor\laravel\framework\src\Illuminate\Database\Connection.php:411
at vendor\laravel\framework\src\Illuminate\Database\Connection.php:398
at vendor\laravel\framework\src\Illuminate\Database\Query\Processors\PostgresProcessor.php:24
at vendor\laravel\framework\src\Illuminate\Database\Query\Builder.php:4054
at vendor\laravel\framework\src\Illuminate\Database\Eloquent\Builder.php:2235
at vendor\laravel\framework\src\Illuminate\Database\Eloquent\Model.php:1436
at vendor\laravel\framework\src\Illuminate\Database\Eloquent\Model.php:1401
at vendor\laravel\framework\src\Illuminate\Database\Eloquent\Model.php:1240
at vendor\laravel\framework\src\Illuminate\Database\Eloquent\Factories\Factory.php:370
at vendor\laravel\framework\src\Illuminate\Collections\Traits\EnumeratesValues.php:275
at vendor\laravel\framework\src\Illuminate\Database\Eloquent\Factories\Factory.php:365
at vendor\laravel\framework\src\Illuminate\Database\Eloquent\Factories\Factory.php:321
at vendor\laravel\framework\src\Illuminate\Database\Eloquent\Factories\Factory.php:315
at tests\Unit\Services\CircleManagerTest.php:49</error>
    </testcase>
    <testcase name="Finds existing circle instead of creating duplicate" file="Circle Manager (Tests\Unit\Services\CircleManager)::Finds existing circle instead of creating duplicate" class="Tests\Unit\Services\CircleManagerTest" classname="Tests.Unit.Services.CircleManagerTest" assertions="2" time="0.936243"/>
    <testcase name="Creates new circle when none exists" file="Circle Manager (Tests\Unit\Services\CircleManager)::Creates new circle when none exists" class="Tests\Unit\Services\CircleManagerTest" classname="Tests.Unit.Services.CircleManagerTest" assertions="3" time="0.759322"/>
    <testcase name="Generates school combinations correctly" file="Circle Manager (Tests\Unit\Services\CircleManager)::Generates school combinations correctly" class="Tests\Unit\Services\CircleManagerTest" classname="Tests.Unit.Services.CircleManagerTest" assertions="1" time="0.683515"/>
    <testcase name="Assigns user to circles" file="Circle Manager (Tests\Unit\Services\CircleManager)::Assigns user to circles" class="Tests\Unit\Services\CircleManagerTest" classname="Tests.Unit.Services.CircleManagerTest" assertions="3" time="0.964400"/>
    <testcase name="Updates circles for user" file="Circle Manager (Tests\Unit\Services\CircleManager)::Updates circles for user" class="Tests\Unit\Services\CircleManagerTest" classname="Tests.Unit.Services.CircleManagerTest" assertions="0" time="0.808773">
      <error type="Illuminate\Database\QueryException">Updates circles for userIlluminate\Database\QueryException: SQLSTATE[42P01]: Undefined table: 7 ERROR:  relation "education_histories" does not exist
LINE 1: insert into "education_histories" ("graduate_id", "instituti...
                    ^ (Connection: pgsql, Host: 127.0.0.1, Port: 5433, Database: alumate_testing, SQL: insert into "education_histories" ("graduate_id", "institution_name", "degree", "field_of_study", "start_year", "end_year", "updated_at", "created_at") values (4, Old University, Associate Degree, Music, 2015, 2018, 2026-02-15 06:03:20, 2026-02-15 06:03:20) returning "id")&#13;
at vendor\laravel\framework\src\Illuminate\Database\Connection.php:425
at vendor\laravel\framework\src\Illuminate\Database\Connection.php:827
at vendor\laravel\framework\src\Illuminate\Database\Connection.php:794
at vendor\laravel\framework\src\Illuminate\Database\Connection.php:411
at vendor\laravel\framework\src\Illuminate\Database\Connection.php:398
at vendor\laravel\framework\src\Illuminate\Database\Query\Processors\PostgresProcessor.php:24
at vendor\laravel\framework\src\Illuminate\Database\Query\Builder.php:4054
at vendor\laravel\framework\src\Illuminate\Database\Eloquent\Builder.php:2235
at vendor\laravel\framework\src\Illuminate\Database\Eloquent\Model.php:1436
at vendor\laravel\framework\src\Illuminate\Database\Eloquent\Model.php:1401
at vendor\laravel\framework\src\Illuminate\Database\Eloquent\Model.php:1240
at vendor\laravel\framework\src\Illuminate\Database\Eloquent\Factories\Factory.php:370
at vendor\laravel\framework\src\Illuminate\Collections\Traits\EnumeratesValues.php:275
at vendor\laravel\framework\src\Illuminate\Database\Eloquent\Factories\Factory.php:365
at vendor\laravel\framework\src\Illuminate\Database\Eloquent\Factories\Factory.php:321
at vendor\laravel\framework\src\Illuminate\Database\Eloquent\Factories\Factory.php:315
at tests\Unit\Services\CircleManagerTest.php:141
Caused by
PDOException: SQLSTATE[42P01]: Undefined table: 7 ERROR:  relation "education_histories" does not exist
LINE 1: insert into "education_histories" ("graduate_id", "instituti...
                    ^

at vendor\laravel\framework\src\Illuminate\Database\Connection.php:425
at vendor\laravel\framework\src\Illuminate\Database\Connection.php:827
at vendor\laravel\framework\src\Illuminate\Database\Connection.php:794
at vendor\laravel\framework\src\Illuminate\Database\Connection.php:411
at vendor\laravel\framework\src\Illuminate\Database\Connection.php:398
at vendor\laravel\framework\src\Illuminate\Database\Query\Processors\PostgresProcessor.php:24
at vendor\laravel\framework\src\Illuminate\Database\Query\Builder.php:4054
at vendor\laravel\framework\src\Illuminate\Database\Eloquent\Builder.php:2235
at vendor\laravel\framework\src\Illuminate\Database\Eloquent\Model.php:1436
at vendor\laravel\framework\src\Illuminate\Database\Eloquent\Model.php:1401
at vendor\laravel\framework\src\Illuminate\Database\Eloquent\Model.php:1240
at vendor\laravel\framework\src\Illuminate\Database\Eloquent\Factories\Factory.php:370
at vendor\laravel\framework\src\Illuminate\Collections\Traits\EnumeratesValues.php:275
at vendor\laravel\framework\src\Illuminate\Database\Eloquent\Factories\Factory.php:365
at vendor\laravel\framework\src\Illuminate\Database\Eloquent\Factories\Factory.php:321
at vendor\laravel\framework\src\Illuminate\Database\Eloquent\Factories\Factory.php:315
at tests\Unit\Services\CircleManagerTest.php:141</error>
    </testcase>
    <testcase name="Gets circle statistics" file="Circle Manager (Tests\Unit\Services\CircleManager)::Gets circle statistics" class="Tests\Unit\Services\CircleManagerTest" classname="Tests.Unit.Services.CircleManagerTest" assertions="2" time="0.735240">
      <failure type="PHPUnit\Framework\ExpectationFailedException">Gets circle statisticsFailed asserting that 7 matches expected 5.&#13;
at tests\Unit\Services\CircleManagerTest.php:175</failure>
    </testcase>
  </testsuite>
</testsuites>
