<?xml version="1.0" encoding="UTF-8"?>
<testsuites>
  <testsuite name="Tests\Unit\CareerTimelineServiceTest" file="Career Timeline Service (Tests\Unit\CareerTimelineService)" tests="18" assertions="19" errors="13" failures="0" skipped="0" time="44.968967">
    <testcase name="Get timeline for user returns correct structure" file="Career Timeline Service (Tests\Unit\CareerTimelineService)::Get timeline for user returns correct structure" class="Tests\Unit\CareerTimelineServiceTest" classname="Tests.Unit.CareerTimelineServiceTest" assertions="0" time="30.602971">
      <error type="Illuminate\Database\QueryException">Get timeline for user returns correct structureIlluminate\Database\QueryException: SQLSTATE[42703]: Undefined column: 7 ERROR:  column "duration_in_months" does not exist
LINE 1: ...company_logo_url", "industry", "employment_type", "duration_...
                                                             ^ (Connection: pgsql, Host: 127.0.0.1, Port: 5433, Database: alumate_testing, SQL: select "id", "user_id", "company", "title", "start_date", "end_date", "description", "is_current", "achievements", "location", "company_logo_url", "industry", "employment_type", "duration_in_months" from "career_timelines" where "user_id" = 1 and "career_timelines"."deleted_at" is null order by "start_date" desc)&#13;
at vendor\laravel\framework\src\Illuminate\Database\Connection.php:425
at vendor\laravel\framework\src\Illuminate\Database\Connection.php:827
at vendor\laravel\framework\src\Illuminate\Database\Connection.php:794
at vendor\laravel\framework\src\Illuminate\Database\Connection.php:411
at vendor\laravel\framework\src\Illuminate\Database\Query\Builder.php:3389
at vendor\laravel\framework\src\Illuminate\Database\Query\Builder.php:3374
at vendor\laravel\framework\src\Illuminate\Database\Query\Builder.php:3964
at vendor\laravel\framework\src\Illuminate\Database\Query\Builder.php:3373
at vendor\laravel\framework\src\Illuminate\Database\Eloquent\Builder.php:902
at vendor\laravel\framework\src\Illuminate\Database\Eloquent\Builder.php:884
at app\Services\CareerTimelineService.php:22
at tests\Unit\CareerTimelineServiceTest.php:36
Caused by
PDOException: SQLSTATE[42703]: Undefined column: 7 ERROR:  column "duration_in_months" does not exist
LINE 1: ...company_logo_url", "industry", "employment_type", "duration_...
                                                             ^

at vendor\laravel\framework\src\Illuminate\Database\Connection.php:425
at vendor\laravel\framework\src\Illuminate\Database\Connection.php:827
at vendor\laravel\framework\src\Illuminate\Database\Connection.php:794
at vendor\laravel\framework\src\Illuminate\Database\Connection.php:411
at vendor\laravel\framework\src\Illuminate\Database\Query\Builder.php:3389
at vendor\laravel\framework\src\Illuminate\Database\Query\Builder.php:3374
at vendor\laravel\framework\src\Illuminate\Database\Query\Builder.php:3964
at vendor\laravel\framework\src\Illuminate\Database\Query\Builder.php:3373
at vendor\laravel\framework\src\Illuminate\Database\Eloquent\Builder.php:902
at vendor\laravel\framework\src\Illuminate\Database\Eloquent\Builder.php:884
at app\Services\CareerTimelineService.php:22
at tests\Unit\CareerTimelineServiceTest.php:36</error>
    </testcase>
    <testcase name="Get timeline for user with viewer permissions" file="Career Timeline Service (Tests\Unit\CareerTimelineService)::Get timeline for user with viewer permissions" class="Tests\Unit\CareerTimelineServiceTest" classname="Tests.Unit.CareerTimelineServiceTest" assertions="0" time="0.912130">
      <error type="Illuminate\Database\QueryException">Get timeline for user with viewer permissionsIlluminate\Database\QueryException: SQLSTATE[42703]: Undefined column: 7 ERROR:  column "duration_in_months" does not exist
LINE 1: ...company_logo_url", "industry", "employment_type", "duration_...
                                                             ^ (Connection: pgsql, Host: 127.0.0.1, Port: 5433, Database: alumate_testing, SQL: select "id", "user_id", "company", "title", "start_date", "end_date", "description", "is_current", "achievements", "location", "company_logo_url", "industry", "employment_type", "duration_in_months" from "career_timelines" where "user_id" = 2 and "career_timelines"."deleted_at" is null order by "start_date" desc)&#13;
at vendor\laravel\framework\src\Illuminate\Database\Connection.php:425
at vendor\laravel\framework\src\Illuminate\Database\Connection.php:827
at vendor\laravel\framework\src\Illuminate\Database\Connection.php:794
at vendor\laravel\framework\src\Illuminate\Database\Connection.php:411
at vendor\laravel\framework\src\Illuminate\Database\Query\Builder.php:3389
at vendor\laravel\framework\src\Illuminate\Database\Query\Builder.php:3374
at vendor\laravel\framework\src\Illuminate\Database\Query\Builder.php:3964
at vendor\laravel\framework\src\Illuminate\Database\Query\Builder.php:3373
at vendor\laravel\framework\src\Illuminate\Database\Eloquent\Builder.php:902
at vendor\laravel\framework\src\Illuminate\Database\Eloquent\Builder.php:884
at app\Services\CareerTimelineService.php:22
at tests\Unit\CareerTimelineServiceTest.php:62
Caused by
PDOException: SQLSTATE[42703]: Undefined column: 7 ERROR:  column "duration_in_months" does not exist
LINE 1: ...company_logo_url", "industry", "employment_type", "duration_...
                                                             ^

at vendor\laravel\framework\src\Illuminate\Database\Connection.php:425
at vendor\laravel\framework\src\Illuminate\Database\Connection.php:827
at vendor\laravel\framework\src\Illuminate\Database\Connection.php:794
at vendor\laravel\framework\src\Illuminate\Database\Connection.php:411
at vendor\laravel\framework\src\Illuminate\Database\Query\Builder.php:3389
at vendor\laravel\framework\src\Illuminate\Database\Query\Builder.php:3374
at vendor\laravel\framework\src\Illuminate\Database\Query\Builder.php:3964
at vendor\laravel\framework\src\Illuminate\Database\Query\Builder.php:3373
at vendor\laravel\framework\src\Illuminate\Database\Eloquent\Builder.php:902
at vendor\laravel\framework\src\Illuminate\Database\Eloquent\Builder.php:884
at app\Services\CareerTimelineService.php:22
at tests\Unit\CareerTimelineServiceTest.php:62</error>
    </testcase>
    <testcase name="Add career entry creates entry successfully" file="Career Timeline Service (Tests\Unit\CareerTimelineService)::Add career entry creates entry successfully" class="Tests\Unit\CareerTimelineServiceTest" classname="Tests.Unit.CareerTimelineServiceTest" assertions="6" time="0.868650"/>
    <testcase name="Add career entry marks as current and updates others" file="Career Timeline Service (Tests\Unit\CareerTimelineService)::Add career entry marks as current and updates others" class="Tests\Unit\CareerTimelineServiceTest" classname="Tests.Unit.CareerTimelineServiceTest" assertions="2" time="0.875620"/>
    <testcase name="Add career entry validates dates" file="Career Timeline Service (Tests\Unit\CareerTimelineService)::Add career entry validates dates" class="Tests\Unit\CareerTimelineServiceTest" classname="Tests.Unit.CareerTimelineServiceTest" assertions="2" time="0.843233"/>
    <testcase name="Add career entry validates future start date" file="Career Timeline Service (Tests\Unit\CareerTimelineService)::Add career entry validates future start date" class="Tests\Unit\CareerTimelineServiceTest" classname="Tests.Unit.CareerTimelineServiceTest" assertions="2" time="0.828696"/>
    <testcase name="Update career entry updates successfully" file="Career Timeline Service (Tests\Unit\CareerTimelineService)::Update career entry updates successfully" class="Tests\Unit\CareerTimelineServiceTest" classname="Tests.Unit.CareerTimelineServiceTest" assertions="0" time="0.818642">
      <error type="ErrorException">Update career entry updates successfullyErrorException: Undefined array key "start_date"&#13;
at vendor\laravel\framework\src\Illuminate\Foundation\Bootstrap\HandleExceptions.php:258
at app\Services\CareerTimelineService.php:279
at app\Services\CareerTimelineService.php:90
at tests\Unit\CareerTimelineServiceTest.php:161</error>
    </testcase>
    <testcase name="Update career entry handles current position" file="Career Timeline Service (Tests\Unit\CareerTimelineService)::Update career entry handles current position" class="Tests\Unit\CareerTimelineServiceTest" classname="Tests.Unit.CareerTimelineServiceTest" assertions="0" time="0.851058">
      <error type="ErrorException">Update career entry handles current positionErrorException: Undefined array key "start_date"&#13;
at vendor\laravel\framework\src\Illuminate\Foundation\Bootstrap\HandleExceptions.php:258
at app\Services\CareerTimelineService.php:279
at app\Services\CareerTimelineService.php:90
at tests\Unit\CareerTimelineServiceTest.php:175</error>
    </testcase>
    <testcase name="Add milestone creates milestone successfully" file="Career Timeline Service (Tests\Unit\CareerTimelineService)::Add milestone creates milestone successfully" class="Tests\Unit\CareerTimelineServiceTest" classname="Tests.Unit.CareerTimelineServiceTest" assertions="5" time="0.800383"/>
    <testcase name="Calculate career progression returns correct metrics" file="Career Timeline Service (Tests\Unit\CareerTimelineService)::Calculate career progression returns correct metrics" class="Tests\Unit\CareerTimelineServiceTest" classname="Tests.Unit.CareerTimelineServiceTest" assertions="0" time="0.792390">
      <error type="TypeError">Calculate career progression returns correct metricsTypeError: App\Services\CareerTimelineService::calculateCareerProgression(): Argument #1 ($careerEntries) must be of type Illuminate\Support\Collection, App\Models\User given, called in D:\DevCenter\abuilds\alumate\tests\Unit\CareerTimelineServiceTest.php on line 230&#13;
at app\Services\CareerTimelineService.php:127
at tests\Unit\CareerTimelineServiceTest.php:230</error>
    </testcase>
    <testcase name="Calculate career progression handles empty timeline" file="Career Timeline Service (Tests\Unit\CareerTimelineService)::Calculate career progression handles empty timeline" class="Tests\Unit\CareerTimelineServiceTest" classname="Tests.Unit.CareerTimelineServiceTest" assertions="0" time="0.943357">
      <error type="TypeError">Calculate career progression handles empty timelineTypeError: App\Services\CareerTimelineService::calculateCareerProgression(): Argument #1 ($careerEntries) must be of type Illuminate\Support\Collection, App\Models\User given, called in D:\DevCenter\abuilds\alumate\tests\Unit\CareerTimelineServiceTest.php on line 249&#13;
at app\Services\CareerTimelineService.php:127
at tests\Unit\CareerTimelineServiceTest.php:249</error>
    </testcase>
    <testcase name="Suggest career goals for junior developer" file="Career Timeline Service (Tests\Unit\CareerTimelineService)::Suggest career goals for junior developer" class="Tests\Unit\CareerTimelineServiceTest" classname="Tests.Unit.CareerTimelineServiceTest" assertions="0" time="0.834715">
      <error type="TypeError">Suggest career goals for junior developerTypeError: App\Services\CareerTimelineService::calculateCareerProgression(): Argument #1 ($careerEntries) must be of type Illuminate\Support\Collection, App\Models\User given, called in D:\DevCenter\abuilds\alumate\app\Services\CareerTimelineService.php on line 163&#13;
at app\Services\CareerTimelineService.php:127
at app\Services\CareerTimelineService.php:163
at tests\Unit\CareerTimelineServiceTest.php:270</error>
    </testcase>
    <testcase name="Suggest career goals for experienced developer" file="Career Timeline Service (Tests\Unit\CareerTimelineService)::Suggest career goals for experienced developer" class="Tests\Unit\CareerTimelineServiceTest" classname="Tests.Unit.CareerTimelineServiceTest" assertions="0" time="0.980181">
      <error type="TypeError">Suggest career goals for experienced developerTypeError: App\Services\CareerTimelineService::calculateCareerProgression(): Argument #1 ($careerEntries) must be of type Illuminate\Support\Collection, App\Models\User given, called in D:\DevCenter\abuilds\alumate\app\Services\CareerTimelineService.php on line 163&#13;
at app\Services\CareerTimelineService.php:127
at app\Services\CareerTimelineService.php:163
at tests\Unit\CareerTimelineServiceTest.php:292</error>
    </testcase>
    <testcase name="Suggest career goals for long tenure" file="Career Timeline Service (Tests\Unit\CareerTimelineService)::Suggest career goals for long tenure" class="Tests\Unit\CareerTimelineServiceTest" classname="Tests.Unit.CareerTimelineServiceTest" assertions="0" time="0.730568">
      <error type="TypeError">Suggest career goals for long tenureTypeError: App\Services\CareerTimelineService::calculateCareerProgression(): Argument #1 ($careerEntries) must be of type Illuminate\Support\Collection, App\Models\User given, called in D:\DevCenter\abuilds\alumate\app\Services\CareerTimelineService.php on line 163&#13;
at app\Services\CareerTimelineService.php:127
at app\Services\CareerTimelineService.php:163
at tests\Unit\CareerTimelineServiceTest.php:314</error>
    </testcase>
    <testcase name="Timeline combines career entries and milestones" file="Career Timeline Service (Tests\Unit\CareerTimelineService)::Timeline combines career entries and milestones" class="Tests\Unit\CareerTimelineServiceTest" classname="Tests.Unit.CareerTimelineServiceTest" assertions="0" time="0.794568">
      <error type="Illuminate\Database\QueryException">Timeline combines career entries and milestonesIlluminate\Database\QueryException: SQLSTATE[42703]: Undefined column: 7 ERROR:  column "duration_in_months" does not exist
LINE 1: ...company_logo_url", "industry", "employment_type", "duration_...
                                                             ^ (Connection: pgsql, Host: 127.0.0.1, Port: 5433, Database: alumate_testing, SQL: select "id", "user_id", "company", "title", "start_date", "end_date", "description", "is_current", "achievements", "location", "company_logo_url", "industry", "employment_type", "duration_in_months" from "career_timelines" where "user_id" = 16 and "career_timelines"."deleted_at" is null order by "start_date" desc)&#13;
at vendor\laravel\framework\src\Illuminate\Database\Connection.php:425
at vendor\laravel\framework\src\Illuminate\Database\Connection.php:827
at vendor\laravel\framework\src\Illuminate\Database\Connection.php:794
at vendor\laravel\framework\src\Illuminate\Database\Connection.php:411
at vendor\laravel\framework\src\Illuminate\Database\Query\Builder.php:3389
at vendor\laravel\framework\src\Illuminate\Database\Query\Builder.php:3374
at vendor\laravel\framework\src\Illuminate\Database\Query\Builder.php:3964
at vendor\laravel\framework\src\Illuminate\Database\Query\Builder.php:3373
at vendor\laravel\framework\src\Illuminate\Database\Eloquent\Builder.php:902
at vendor\laravel\framework\src\Illuminate\Database\Eloquent\Builder.php:884
at app\Services\CareerTimelineService.php:22
at tests\Unit\CareerTimelineServiceTest.php:338
Caused by
PDOException: SQLSTATE[42703]: Undefined column: 7 ERROR:  column "duration_in_months" does not exist
LINE 1: ...company_logo_url", "industry", "employment_type", "duration_...
                                                             ^

at vendor\laravel\framework\src\Illuminate\Database\Connection.php:425
at vendor\laravel\framework\src\Illuminate\Database\Connection.php:827
at vendor\laravel\framework\src\Illuminate\Database\Connection.php:794
at vendor\laravel\framework\src\Illuminate\Database\Connection.php:411
at vendor\laravel\framework\src\Illuminate\Database\Query\Builder.php:3389
at vendor\laravel\framework\src\Illuminate\Database\Query\Builder.php:3374
at vendor\laravel\framework\src\Illuminate\Database\Query\Builder.php:3964
at vendor\laravel\framework\src\Illuminate\Database\Query\Builder.php:3373
at vendor\laravel\framework\src\Illuminate\Database\Eloquent\Builder.php:902
at vendor\laravel\framework\src\Illuminate\Database\Eloquent\Builder.php:884
at app\Services\CareerTimelineService.php:22
at tests\Unit\CareerTimelineServiceTest.php:338</error>
    </testcase>
    <testcase name="Career stats calculation" file="Career Timeline Service (Tests\Unit\CareerTimelineService)::Career stats calculation" class="Tests\Unit\CareerTimelineServiceTest" classname="Tests.Unit.CareerTimelineServiceTest" assertions="0" time="0.816867">
      <error type="Illuminate\Database\QueryException">Career stats calculationIlluminate\Database\QueryException: SQLSTATE[42703]: Undefined column: 7 ERROR:  column "duration_in_months" does not exist
LINE 1: ...company_logo_url", "industry", "employment_type", "duration_...
                                                             ^ (Connection: pgsql, Host: 127.0.0.1, Port: 5433, Database: alumate_testing, SQL: select "id", "user_id", "company", "title", "start_date", "end_date", "description", "is_current", "achievements", "location", "company_logo_url", "industry", "employment_type", "duration_in_months" from "career_timelines" where "user_id" = 17 and "career_timelines"."deleted_at" is null order by "start_date" desc)&#13;
at vendor\laravel\framework\src\Illuminate\Database\Connection.php:425
at vendor\laravel\framework\src\Illuminate\Database\Connection.php:827
at vendor\laravel\framework\src\Illuminate\Database\Connection.php:794
at vendor\laravel\framework\src\Illuminate\Database\Connection.php:411
at vendor\laravel\framework\src\Illuminate\Database\Query\Builder.php:3389
at vendor\laravel\framework\src\Illuminate\Database\Query\Builder.php:3374
at vendor\laravel\framework\src\Illuminate\Database\Query\Builder.php:3964
at vendor\laravel\framework\src\Illuminate\Database\Query\Builder.php:3373
at vendor\laravel\framework\src\Illuminate\Database\Eloquent\Builder.php:902
at vendor\laravel\framework\src\Illuminate\Database\Eloquent\Builder.php:884
at app\Services\CareerTimelineService.php:22
at tests\Unit\CareerTimelineServiceTest.php:357
Caused by
PDOException: SQLSTATE[42703]: Undefined column: 7 ERROR:  column "duration_in_months" does not exist
LINE 1: ...company_logo_url", "industry", "employment_type", "duration_...
                                                             ^

at vendor\laravel\framework\src\Illuminate\Database\Connection.php:425
at vendor\laravel\framework\src\Illuminate\Database\Connection.php:827
at vendor\laravel\framework\src\Illuminate\Database\Connection.php:794
at vendor\laravel\framework\src\Illuminate\Database\Connection.php:411
at vendor\laravel\framework\src\Illuminate\Database\Query\Builder.php:3389
at vendor\laravel\framework\src\Illuminate\Database\Query\Builder.php:3374
at vendor\laravel\framework\src\Illuminate\Database\Query\Builder.php:3964
at vendor\laravel\framework\src\Illuminate\Database\Query\Builder.php:3373
at vendor\laravel\framework\src\Illuminate\Database\Eloquent\Builder.php:902
at vendor\laravel\framework\src\Illuminate\Database\Eloquent\Builder.php:884
at app\Services\CareerTimelineService.php:22
at tests\Unit\CareerTimelineServiceTest.php:357</error>
    </testcase>
    <testcase name="Auto milestone creation for job change" file="Career Timeline Service (Tests\Unit\CareerTimelineService)::Auto milestone creation for job change" class="Tests\Unit\CareerTimelineServiceTest" classname="Tests.Unit.CareerTimelineServiceTest" assertions="1" time="0.872769">
      <error type="Error">Auto milestone creation for job changeError: Call to undefined method Tests\Unit\CareerTimelineServiceTest::assertStringContains()&#13;
at tests\Unit\CareerTimelineServiceTest.php:394</error>
    </testcase>
    <testcase name="Promotion detection" file="Career Timeline Service (Tests\Unit\CareerTimelineService)::Promotion detection" class="Tests\Unit\CareerTimelineServiceTest" classname="Tests.Unit.CareerTimelineServiceTest" assertions="1" time="0.802170">
      <error type="Error">Promotion detectionError: Call to undefined method Tests\Unit\CareerTimelineServiceTest::assertStringContains()&#13;
at tests\Unit\CareerTimelineServiceTest.php:427</error>
    </testcase>
  </testsuite>
</testsuites>
