<?xml version="1.0" encoding="UTF-8"?>
<testsuites>
  <testsuite name="Tests\Unit\ComponentCollectionTest" file="tests\Unit\ComponentCollectionTest.php" tests="16" assertions="45" errors="1" failures="0" skipped="0" time="75.387589">
    <testcase name="collection filters by category" file="tests\Unit\ComponentCollectionTest.php::collection filters by category" class="Tests\Unit\ComponentCollectionTest" classname="Tests.Unit.ComponentCollectionTest" assertions="2" time="55.078168"/>
    <testcase name="collection filters by type" file="tests\Unit\ComponentCollectionTest.php::collection filters by type" class="Tests\Unit\ComponentCollectionTest" classname="Tests.Unit.ComponentCollectionTest" assertions="2" time="0.959141"/>
    <testcase name="collection filters active components" file="tests\Unit\ComponentCollectionTest.php::collection filters active components" class="Tests\Unit\ComponentCollectionTest" classname="Tests.Unit.ComponentCollectionTest" assertions="2" time="1.122398"/>
    <testcase name="collection filters inactive components" file="tests\Unit\ComponentCollectionTest.php::collection filters inactive components" class="Tests\Unit\ComponentCollectionTest" classname="Tests.Unit.ComponentCollectionTest" assertions="2" time="1.184501"/>
    <testcase name="collection groups by category" file="tests\Unit\ComponentCollectionTest.php::collection groups by category" class="Tests\Unit\ComponentCollectionTest" classname="Tests.Unit.ComponentCollectionTest" assertions="4" time="1.252334"/>
    <testcase name="collection groups by type" file="tests\Unit\ComponentCollectionTest.php::collection groups by type" class="Tests\Unit\ComponentCollectionTest" classname="Tests.Unit.ComponentCollectionTest" assertions="4" time="1.146901"/>
    <testcase name="collection filters by config key" file="tests\Unit\ComponentCollectionTest.php::collection filters by config key" class="Tests\Unit\ComponentCollectionTest" classname="Tests.Unit.ComponentCollectionTest" assertions="2" time="1.144119"/>
    <testcase name="collection filters by config value" file="tests\Unit\ComponentCollectionTest.php::collection filters by config value" class="Tests\Unit\ComponentCollectionTest" classname="Tests.Unit.ComponentCollectionTest" assertions="2" time="1.551312"/>
    <testcase name="collection sorts by name" file="tests\Unit\ComponentCollectionTest.php::collection sorts by name" class="Tests\Unit\ComponentCollectionTest" classname="Tests.Unit.ComponentCollectionTest" assertions="4" time="1.311384"/>
    <testcase name="collection searches components" file="tests\Unit\ComponentCollectionTest.php::collection searches components" class="Tests\Unit\ComponentCollectionTest" classname="Tests.Unit.ComponentCollectionTest" assertions="0" time="1.969013">
      <error type="Pest\Exceptions\InvalidExpectationValue">collection searches componentsPest\Exceptions\InvalidExpectationValue: Invalid expectation value type. Expected [countable|iterable].&#13;
at tests\Unit\ComponentCollectionTest.php:129</error>
    </testcase>
    <testcase name="collection gets usage stats" file="tests\Unit\ComponentCollectionTest.php::collection gets usage stats" class="Tests\Unit\ComponentCollectionTest" classname="Tests.Unit.ComponentCollectionTest" assertions="6" time="1.689878"/>
    <testcase name="collection gets recent components" file="tests\Unit\ComponentCollectionTest.php::collection gets recent components" class="Tests\Unit\ComponentCollectionTest" classname="Tests.Unit.ComponentCollectionTest" assertions="3" time="1.427311"/>
    <testcase name="collection filters by version" file="tests\Unit\ComponentCollectionTest.php::collection filters by version" class="Tests\Unit\ComponentCollectionTest" classname="Tests.Unit.ComponentCollectionTest" assertions="2" time="1.335885"/>
    <testcase name="collection gets latest versions" file="tests\Unit\ComponentCollectionTest.php::collection gets latest versions" class="Tests\Unit\ComponentCollectionTest" classname="Tests.Unit.ComponentCollectionTest" assertions="3" time="1.381039"/>
    <testcase name="collection validates all components" file="tests\Unit\ComponentCollectionTest.php::collection validates all components" class="Tests\Unit\ComponentCollectionTest" classname="Tests.Unit.ComponentCollectionTest" assertions="3" time="1.616443"/>
    <testcase name="collection filters valid components" file="tests\Unit\ComponentCollectionTest.php::collection filters valid components" class="Tests\Unit\ComponentCollectionTest" classname="Tests.Unit.ComponentCollectionTest" assertions="4" time="1.217764"/>
  </testsuite>
</testsuites>
