<?xml version="1.0" encoding="UTF-8"?>
<testsuites>
  <testsuite name="D:\DevCenter\abuilds\alumate\phpunit.xml" tests="46" assertions="55" errors="47" failures="11" skipped="0" time="72.059140">
    <testsuite name="Unit" tests="13" assertions="0" errors="13" failures="0" skipped="0" time="0.378847">
      <testsuite name="Tests\Unit\HomepageContentServiceTest" file="tests\Unit\HomepageContentServiceTest.php" tests="13" assertions="0" errors="13" failures="0" skipped="0" time="0.378847">
        <testcase name="can get content for audience" file="tests\Unit\HomepageContentServiceTest.php::can get content for audience" class="Tests\Unit\HomepageContentServiceTest" classname="Tests.Unit.HomepageContentServiceTest" assertions="0" time="0.313420">
          <error type="RuntimeException">can get content for audienceRuntimeException: A facade root has not been set.&#13;
at vendor\laravel\framework\src\Illuminate\Support\Facades\Facade.php:358
at database\factories\UserFactory.php:32
at vendor\laravel\framework\src\Illuminate\Database\Eloquent\Factories\Factory.php:476
at vendor\laravel\framework\src\Illuminate\Database\Eloquent\Factories\Factory.php:455
at vendor\laravel\framework\src\Illuminate\Database\Eloquent\Factories\Factory.php:439
at vendor\laravel\framework\src\Illuminate\Database\Eloquent\Concerns\GuardsAttributes.php:157
at vendor\laravel\framework\src\Illuminate\Database\Eloquent\Factories\Factory.php:438
at vendor\laravel\framework\src\Illuminate\Database\Eloquent\Factories\Factory.php:409
at vendor\laravel\framework\src\Illuminate\Database\Eloquent\Factories\Factory.php:298
at tests\Unit\HomepageContentServiceTest.php:13</error>
        </testcase>
        <testcase name="can get formatted content" file="tests\Unit\HomepageContentServiceTest.php::can get formatted content" class="Tests\Unit\HomepageContentServiceTest" classname="Tests.Unit.HomepageContentServiceTest" assertions="0" time="0.002965">
          <error type="RuntimeException">can get formatted contentRuntimeException: A facade root has not been set.&#13;
at vendor\laravel\framework\src\Illuminate\Support\Facades\Facade.php:358
at database\factories\UserFactory.php:32
at vendor\laravel\framework\src\Illuminate\Database\Eloquent\Factories\Factory.php:476
at vendor\laravel\framework\src\Illuminate\Database\Eloquent\Factories\Factory.php:455
at vendor\laravel\framework\src\Illuminate\Database\Eloquent\Factories\Factory.php:439
at vendor\laravel\framework\src\Illuminate\Database\Eloquent\Concerns\GuardsAttributes.php:157
at vendor\laravel\framework\src\Illuminate\Database\Eloquent\Factories\Factory.php:438
at vendor\laravel\framework\src\Illuminate\Database\Eloquent\Factories\Factory.php:409
at vendor\laravel\framework\src\Illuminate\Database\Eloquent\Factories\Factory.php:298
at tests\Unit\HomepageContentServiceTest.php:46</error>
        </testcase>
        <testcase name="can update content" file="tests\Unit\HomepageContentServiceTest.php::can update content" class="Tests\Unit\HomepageContentServiceTest" classname="Tests.Unit.HomepageContentServiceTest" assertions="0" time="0.003399">
          <error type="RuntimeException">can update contentRuntimeException: A facade root has not been set.&#13;
at vendor\laravel\framework\src\Illuminate\Support\Facades\Facade.php:358
at database\factories\UserFactory.php:32
at vendor\laravel\framework\src\Illuminate\Database\Eloquent\Factories\Factory.php:476
at vendor\laravel\framework\src\Illuminate\Database\Eloquent\Factories\Factory.php:455
at vendor\laravel\framework\src\Illuminate\Database\Eloquent\Factories\Factory.php:439
at vendor\laravel\framework\src\Illuminate\Database\Eloquent\Concerns\GuardsAttributes.php:157
at vendor\laravel\framework\src\Illuminate\Database\Eloquent\Factories\Factory.php:438
at vendor\laravel\framework\src\Illuminate\Database\Eloquent\Factories\Factory.php:409
at vendor\laravel\framework\src\Illuminate\Database\Eloquent\Factories\Factory.php:298
at tests\Unit\HomepageContentServiceTest.php:65</error>
        </testcase>
        <testcase name="can update existing content" file="tests\Unit\HomepageContentServiceTest.php::can update existing content" class="Tests\Unit\HomepageContentServiceTest" classname="Tests.Unit.HomepageContentServiceTest" assertions="0" time="0.003143">
          <error type="RuntimeException">can update existing contentRuntimeException: A facade root has not been set.&#13;
at vendor\laravel\framework\src\Illuminate\Support\Facades\Facade.php:358
at database\factories\UserFactory.php:32
at vendor\laravel\framework\src\Illuminate\Database\Eloquent\Factories\Factory.php:476
at vendor\laravel\framework\src\Illuminate\Database\Eloquent\Factories\Factory.php:455
at vendor\laravel\framework\src\Illuminate\Database\Eloquent\Factories\Factory.php:439
at vendor\laravel\framework\src\Illuminate\Database\Eloquent\Concerns\GuardsAttributes.php:157
at vendor\laravel\framework\src\Illuminate\Database\Eloquent\Factories\Factory.php:438
at vendor\laravel\framework\src\Illuminate\Database\Eloquent\Factories\Factory.php:409
at vendor\laravel\framework\src\Illuminate\Database\Eloquent\Factories\Factory.php:298
at tests\Unit\HomepageContentServiceTest.php:90</error>
        </testcase>
        <testcase name="can request approval" file="tests\Unit\HomepageContentServiceTest.php::can request approval" class="Tests\Unit\HomepageContentServiceTest" classname="Tests.Unit.HomepageContentServiceTest" assertions="0" time="0.003566">
          <error type="RuntimeException">can request approvalRuntimeException: A facade root has not been set.&#13;
at vendor\laravel\framework\src\Illuminate\Support\Facades\Facade.php:358
at database\factories\UserFactory.php:32
at vendor\laravel\framework\src\Illuminate\Database\Eloquent\Factories\Factory.php:476
at vendor\laravel\framework\src\Illuminate\Database\Eloquent\Factories\Factory.php:455
at vendor\laravel\framework\src\Illuminate\Database\Eloquent\Factories\Factory.php:439
at vendor\laravel\framework\src\Illuminate\Database\Eloquent\Concerns\GuardsAttributes.php:157
at vendor\laravel\framework\src\Illuminate\Database\Eloquent\Factories\Factory.php:438
at vendor\laravel\framework\src\Illuminate\Database\Eloquent\Factories\Factory.php:409
at vendor\laravel\framework\src\Illuminate\Database\Eloquent\Factories\Factory.php:298
at tests\Unit\HomepageContentServiceTest.php:121</error>
        </testcase>
        <testcase name="can approve content" file="tests\Unit\HomepageContentServiceTest.php::can approve content" class="Tests\Unit\HomepageContentServiceTest" classname="Tests.Unit.HomepageContentServiceTest" assertions="0" time="0.002906">
          <error type="RuntimeException">can approve contentRuntimeException: A facade root has not been set.&#13;
at vendor\laravel\framework\src\Illuminate\Support\Facades\Facade.php:358
at database\factories\UserFactory.php:32
at vendor\laravel\framework\src\Illuminate\Database\Eloquent\Factories\Factory.php:476
at vendor\laravel\framework\src\Illuminate\Database\Eloquent\Factories\Factory.php:455
at vendor\laravel\framework\src\Illuminate\Database\Eloquent\Factories\Factory.php:439
at vendor\laravel\framework\src\Illuminate\Database\Eloquent\Concerns\GuardsAttributes.php:157
at vendor\laravel\framework\src\Illuminate\Database\Eloquent\Factories\Factory.php:438
at vendor\laravel\framework\src\Illuminate\Database\Eloquent\Factories\Factory.php:409
at vendor\laravel\framework\src\Illuminate\Database\Eloquent\Factories\Factory.php:298
at tests\Unit\HomepageContentServiceTest.php:138</error>
        </testcase>
        <testcase name="can publish approved content" file="tests\Unit\HomepageContentServiceTest.php::can publish approved content" class="Tests\Unit\HomepageContentServiceTest" classname="Tests.Unit.HomepageContentServiceTest" assertions="0" time="0.029198">
          <error type="RuntimeException">can publish approved contentRuntimeException: A facade root has not been set.&#13;
at vendor\laravel\framework\src\Illuminate\Support\Facades\Facade.php:358
at database\factories\UserFactory.php:32
at vendor\laravel\framework\src\Illuminate\Database\Eloquent\Factories\Factory.php:476
at vendor\laravel\framework\src\Illuminate\Database\Eloquent\Factories\Factory.php:455
at vendor\laravel\framework\src\Illuminate\Database\Eloquent\Factories\Factory.php:439
at vendor\laravel\framework\src\Illuminate\Database\Eloquent\Concerns\GuardsAttributes.php:157
at vendor\laravel\framework\src\Illuminate\Database\Eloquent\Factories\Factory.php:438
at vendor\laravel\framework\src\Illuminate\Database\Eloquent\Factories\Factory.php:409
at vendor\laravel\framework\src\Illuminate\Database\Eloquent\Factories\Factory.php:298
at tests\Unit\HomepageContentServiceTest.php:158</error>
        </testcase>
        <testcase name="cannot publish unapproved content" file="tests\Unit\HomepageContentServiceTest.php::cannot publish unapproved content" class="Tests\Unit\HomepageContentServiceTest" classname="Tests.Unit.HomepageContentServiceTest" assertions="0" time="0.003806">
          <error type="RuntimeException">cannot publish unapproved contentRuntimeException: A facade root has not been set.&#13;
at vendor\laravel\framework\src\Illuminate\Support\Facades\Facade.php:358
at database\factories\UserFactory.php:32
at vendor\laravel\framework\src\Illuminate\Database\Eloquent\Factories\Factory.php:476
at vendor\laravel\framework\src\Illuminate\Database\Eloquent\Factories\Factory.php:455
at vendor\laravel\framework\src\Illuminate\Database\Eloquent\Factories\Factory.php:439
at vendor\laravel\framework\src\Illuminate\Database\Eloquent\Concerns\GuardsAttributes.php:157
at vendor\laravel\framework\src\Illuminate\Database\Eloquent\Factories\Factory.php:438
at vendor\laravel\framework\src\Illuminate\Database\Eloquent\Factories\Factory.php:409
at vendor\laravel\framework\src\Illuminate\Database\Eloquent\Factories\Factory.php:298
at tests\Unit\HomepageContentServiceTest.php:175</error>
        </testcase>
        <testcase name="can revert to version" file="tests\Unit\HomepageContentServiceTest.php::can revert to version" class="Tests\Unit\HomepageContentServiceTest" classname="Tests.Unit.HomepageContentServiceTest" assertions="0" time="0.003282">
          <error type="RuntimeException">can revert to versionRuntimeException: A facade root has not been set.&#13;
at vendor\laravel\framework\src\Illuminate\Support\Facades\Facade.php:358
at database\factories\UserFactory.php:32
at vendor\laravel\framework\src\Illuminate\Database\Eloquent\Factories\Factory.php:476
at vendor\laravel\framework\src\Illuminate\Database\Eloquent\Factories\Factory.php:455
at vendor\laravel\framework\src\Illuminate\Database\Eloquent\Factories\Factory.php:439
at vendor\laravel\framework\src\Illuminate\Database\Eloquent\Concerns\GuardsAttributes.php:157
at vendor\laravel\framework\src\Illuminate\Database\Eloquent\Factories\Factory.php:438
at vendor\laravel\framework\src\Illuminate\Database\Eloquent\Factories\Factory.php:409
at vendor\laravel\framework\src\Illuminate\Database\Eloquent\Factories\Factory.php:298
at tests\Unit\HomepageContentServiceTest.php:187</error>
        </testcase>
        <testcase name="can bulk update content" file="tests\Unit\HomepageContentServiceTest.php::can bulk update content" class="Tests\Unit\HomepageContentServiceTest" classname="Tests.Unit.HomepageContentServiceTest" assertions="0" time="0.002918">
          <error type="RuntimeException">can bulk update contentRuntimeException: A facade root has not been set.&#13;
at vendor\laravel\framework\src\Illuminate\Support\Facades\Facade.php:358
at database\factories\UserFactory.php:32
at vendor\laravel\framework\src\Illuminate\Database\Eloquent\Factories\Factory.php:476
at vendor\laravel\framework\src\Illuminate\Database\Eloquent\Factories\Factory.php:455
at vendor\laravel\framework\src\Illuminate\Database\Eloquent\Factories\Factory.php:439
at vendor\laravel\framework\src\Illuminate\Database\Eloquent\Concerns\GuardsAttributes.php:157
at vendor\laravel\framework\src\Illuminate\Database\Eloquent\Factories\Factory.php:438
at vendor\laravel\framework\src\Illuminate\Database\Eloquent\Factories\Factory.php:409
at vendor\laravel\framework\src\Illuminate\Database\Eloquent\Factories\Factory.php:298
at tests\Unit\HomepageContentServiceTest.php:211</error>
        </testcase>
        <testcase name="content caching works" file="tests\Unit\HomepageContentServiceTest.php::content caching works" class="Tests\Unit\HomepageContentServiceTest" classname="Tests.Unit.HomepageContentServiceTest" assertions="0" time="0.003015">
          <error type="RuntimeException">content caching worksRuntimeException: A facade root has not been set.&#13;
at vendor\laravel\framework\src\Illuminate\Support\Facades\Facade.php:358
at database\factories\UserFactory.php:32
at vendor\laravel\framework\src\Illuminate\Database\Eloquent\Factories\Factory.php:476
at vendor\laravel\framework\src\Illuminate\Database\Eloquent\Factories\Factory.php:455
at vendor\laravel\framework\src\Illuminate\Database\Eloquent\Factories\Factory.php:439
at vendor\laravel\framework\src\Illuminate\Database\Eloquent\Concerns\GuardsAttributes.php:157
at vendor\laravel\framework\src\Illuminate\Database\Eloquent\Factories\Factory.php:438
at vendor\laravel\framework\src\Illuminate\Database\Eloquent\Factories\Factory.php:409
at vendor\laravel\framework\src\Illuminate\Database\Eloquent\Factories\Factory.php:298
at tests\Unit\HomepageContentServiceTest.php:237</error>
        </testcase>
        <testcase name="can export content" file="tests\Unit\HomepageContentServiceTest.php::can export content" class="Tests\Unit\HomepageContentServiceTest" classname="Tests.Unit.HomepageContentServiceTest" assertions="0" time="0.002855">
          <error type="RuntimeException">can export contentRuntimeException: A facade root has not been set.&#13;
at vendor\laravel\framework\src\Illuminate\Support\Facades\Facade.php:358
at database\factories\UserFactory.php:32
at vendor\laravel\framework\src\Illuminate\Database\Eloquent\Factories\Factory.php:476
at vendor\laravel\framework\src\Illuminate\Database\Eloquent\Factories\Factory.php:455
at vendor\laravel\framework\src\Illuminate\Database\Eloquent\Factories\Factory.php:439
at vendor\laravel\framework\src\Illuminate\Database\Eloquent\Concerns\GuardsAttributes.php:157
at vendor\laravel\framework\src\Illuminate\Database\Eloquent\Factories\Factory.php:438
at vendor\laravel\framework\src\Illuminate\Database\Eloquent\Factories\Factory.php:409
at vendor\laravel\framework\src\Illuminate\Database\Eloquent\Factories\Factory.php:298
at tests\Unit\HomepageContentServiceTest.php:259</error>
        </testcase>
        <testcase name="can import content" file="tests\Unit\HomepageContentServiceTest.php::can import content" class="Tests\Unit\HomepageContentServiceTest" classname="Tests.Unit.HomepageContentServiceTest" assertions="0" time="0.004373">
          <error type="RuntimeException">can import contentRuntimeException: A facade root has not been set.&#13;
at vendor\laravel\framework\src\Illuminate\Support\Facades\Facade.php:358
at database\factories\UserFactory.php:32
at vendor\laravel\framework\src\Illuminate\Database\Eloquent\Factories\Factory.php:476
at vendor\laravel\framework\src\Illuminate\Database\Eloquent\Factories\Factory.php:455
at vendor\laravel\framework\src\Illuminate\Database\Eloquent\Factories\Factory.php:439
at vendor\laravel\framework\src\Illuminate\Database\Eloquent\Concerns\GuardsAttributes.php:157
at vendor\laravel\framework\src\Illuminate\Database\Eloquent\Factories\Factory.php:438
at vendor\laravel\framework\src\Illuminate\Database\Eloquent\Factories\Factory.php:409
at vendor\laravel\framework\src\Illuminate\Database\Eloquent\Factories\Factory.php:298
at tests\Unit\HomepageContentServiceTest.php:273</error>
        </testcase>
      </testsuite>
    </testsuite>
    <testsuite name="Feature" tests="33" assertions="55" errors="25" failures="6" skipped="0" time="71.680292">
      <testsuite name="Tests\Feature\Admin\HomepageContentControllerTest" file="tests\Feature\Admin\HomepageContentControllerTest.php" tests="15" assertions="5" errors="10" failures="5" skipped="0" time="46.282504">
        <testcase name="can view content management index" file="tests\Feature\Admin\HomepageContentControllerTest.php::can view content management index" class="Tests\Feature\Admin\HomepageContentControllerTest" classname="Tests.Feature.Admin.HomepageContentControllerTest" assertions="0" time="22.265408">
          <error type="BadMethodCallException">can view content management indexBadMethodCallException: Call to undefined method App\Models\HomepageContent::factory()&#13;
at vendor\laravel\framework\src\Illuminate\Support\Traits\ForwardsCalls.php:67
at vendor\laravel\framework\src\Illuminate\Support\Traits\ForwardsCalls.php:36
at vendor\laravel\framework\src\Illuminate\Database\Eloquent\Model.php:2517
at vendor\laravel\framework\src\Illuminate\Database\Eloquent\Model.php:2533
at tests\Feature\Admin\HomepageContentControllerTest.php:13</error>
        </testcase>
        <testcase name="can get content via api" file="tests\Feature\Admin\HomepageContentControllerTest.php::can get content via api" class="Tests\Feature\Admin\HomepageContentControllerTest" classname="Tests.Feature.Admin.HomepageContentControllerTest" assertions="0" time="0.675027">
          <error type="BadMethodCallException">can get content via apiBadMethodCallException: Call to undefined method App\Models\HomepageContent::factory()&#13;
at vendor\laravel\framework\src\Illuminate\Support\Traits\ForwardsCalls.php:67
at vendor\laravel\framework\src\Illuminate\Support\Traits\ForwardsCalls.php:36
at vendor\laravel\framework\src\Illuminate\Database\Eloquent\Model.php:2517
at vendor\laravel\framework\src\Illuminate\Database\Eloquent\Model.php:2533
at tests\Feature\Admin\HomepageContentControllerTest.php:24</error>
        </testcase>
        <testcase name="can update content" file="tests\Feature\Admin\HomepageContentControllerTest.php::can update content" class="Tests\Feature\Admin\HomepageContentControllerTest" classname="Tests.Feature.Admin.HomepageContentControllerTest" assertions="1" time="5.384356">
          <failure type="PHPUnit\Framework\ExpectationFailedException">can update contentExpected response status code [200] but received 500.
Failed asserting that 500 is identical to 200.&#13;
&#13;
The following exception occurred during the last request:

PDOException: SQLSTATE[25P02]: In failed sql transaction: 7 ERROR:  current transaction is aborted, commands ignored until end of transaction block in D:\DevCenter\abuilds\alumate\vendor\laravel\framework\src\Illuminate\Database\Connection.php:409
Stack trace:
#0 D:\DevCenter\abuilds\alumate\vendor\laravel\framework\src\Illuminate\Database\Connection.php(409): PDOStatement-&gt;execute()
#1 D:\DevCenter\abuilds\alumate\vendor\laravel\framework\src\Illuminate\Database\Connection.php(809): Illuminate\Database\Connection-&gt;Illuminate\Database\{closure}('select "roles"....', Array)
#2 D:\DevCenter\abuilds\alumate\vendor\laravel\framework\src\Illuminate\Database\Connection.php(776): Illuminate\Database\Connection-&gt;runQueryCallback('select "roles"....', Array, Object(Closure))
#3 D:\DevCenter\abuilds\alumate\vendor\laravel\framework\src\Illuminate\Database\Connection.php(395): Illuminate\Database\Connection-&gt;run('select "roles"....', Array, Object(Closure))
#4 D:\DevCenter\abuilds\alumate\vendor\laravel\framework\src\Illuminate\Database\Query\Builder.php(3131): Illuminate\Database\Connection-&gt;select('select "roles"....', Array, true)
#5 D:\DevCenter\abuilds\alumate\vendor\laravel\framework\src\Illuminate\Database\Query\Builder.php(3116): Illuminate\Database\Query\Builder-&gt;runSelect()
#6 D:\DevCenter\abuilds\alumate\vendor\laravel\framework\src\Illuminate\Database\Query\Builder.php(3706): Illuminate\Database\Query\Builder-&gt;Illuminate\Database\Query\{closure}()
#7 D:\DevCenter\abuilds\alumate\vendor\laravel\framework\src\Illuminate\Database\Query\Builder.php(3115): Illuminate\Database\Query\Builder-&gt;onceWithColumns(Array, Object(Closure))
#8 D:\DevCenter\abuilds\alumate\vendor\laravel\framework\src\Illuminate\Database\Eloquent\Builder.php(872): Illuminate\Database\Query\Builder-&gt;get(Array)
#9 D:\DevCenter\abuilds\alumate\vendor\laravel\framework\src\Illuminate\Database\Eloquent\Relations\BelongsToMany.php(910): Illuminate\Database\Eloquent\Builder-&gt;getModels()
#10 D:\DevCenter\abuilds\alumate\vendor\laravel\framework\src\Illuminate\Database\Eloquent\Relations\BelongsToMany.php(894): Illuminate\Database\Eloquent\Relations\BelongsToMany-&gt;get()
#11 D:\DevCenter\abuilds\alumate\vendor\laravel\framework\src\Illuminate\Database\Eloquent\Concerns\HasAttributes.php(634): Illuminate\Database\Eloquent\Relations\BelongsToMany-&gt;getResults()
#12 D:\DevCenter\abuilds\alumate\vendor\laravel\framework\src\Illuminate\Database\Eloquent\Concerns\HasAttributes.php(572): Illuminate\Database\Eloquent\Model-&gt;getRelationshipFromMethod('roles')
#13 D:\DevCenter\abuilds\alumate\vendor\laravel\framework\src\Illuminate\Database\Eloquent\Concerns\HasAttributes.php(493): Illuminate\Database\Eloquent\Model-&gt;getRelationValue('roles')
#14 D:\DevCenter\abuilds\alumate\vendor\laravel\framework\src\Illuminate\Database\Eloquent\Model.php(2405): Illuminate\Database\Eloquent\Model-&gt;getAttribute('roles')
#15 D:\DevCenter\abuilds\alumate\app\Http\Middleware\HandleInertiaRequests.php(52): Illuminate\Database\Eloquent\Model-&gt;__get('roles')
#16 D:\DevCenter\abuilds\alumate\vendor\inertiajs\inertia-laravel\src\Middleware.php(93): App\Http\Middleware\HandleInertiaRequests-&gt;share(Object(Illuminate\Http\Request))
#17 D:\DevCenter\abuilds\alumate\vendor\laravel\framework\src\Illuminate\Pipeline\Pipeline.php(208): Inertia\Middleware-&gt;handle(Object(Illuminate\Http\Request), Object(Closure))
#18 D:\DevCenter\abuilds\alumate\app\Http\Middleware\HandleAppearance.php(21): Illuminate\Pipeline\Pipeline-&gt;Illuminate\Pipeline\{closure}(Object(Illuminate\Http\Request))
#19 D:\DevCenter\abuilds\alumate\vendor\laravel\framework\src\Illuminate\Pipeline\Pipeline.php(208): App\Http\Middleware\HandleAppearance-&gt;handle(Object(Illuminate\Http\Request), Object(Closure))
#20 D:\DevCenter\abuilds\alumate\vendor\laravel\framework\src\Illuminate\Routing\Middleware\SubstituteBindings.php(50): Illuminate\Pipeline\Pipeline-&gt;Illuminate\Pipeline\{closure}(Object(Illuminate\Http\Request))
#21 D:\DevCenter\abuilds\alumate\vendor\laravel\framework\src\Illuminate\Pipeline\Pipeline.php(208): Illuminate\Routing\Middleware\SubstituteBindings-&gt;handle(Object(Illuminate\Http\Request), Object(Closure))
#22 D:\DevCenter\abuilds\alumate\vendor\laravel\framework\src\Illuminate\Auth\Middleware\Authenticate.php(63): Illuminate\Pipeline\Pipeline-&gt;Illuminate\Pipeline\{closure}(Object(Illuminate\Http\Request))
#23 D:\DevCenter\abuilds\alumate\vendor\laravel\framework\src\Illuminate\Pipeline\Pipeline.php(208): Illuminate\Auth\Middleware\Authenticate-&gt;handle(Object(Illuminate\Http\Request), Object(Closure))
#24 D:\DevCenter\abuilds\alumate\vendor\laravel\framework\src\Illuminate\Foundation\Http\Middleware\VerifyCsrfToken.php(87): Illuminate\Pipeline\Pipeline-&gt;Illuminate\Pipeline\{closure}(Object(Illuminate\Http\Request))
#25 D:\DevCenter\abuilds\alumate\vendor\laravel\framework\src\Illuminate\Pipeline\Pipeline.php(208): Illuminate\Foundation\Http\Middleware\VerifyCsrfToken-&gt;handle(Object(Illuminate\Http\Request), Object(Closure))
#26 D:\DevCenter\abuilds\alumate\vendor\laravel\framework\src\Illuminate\View\Middleware\ShareErrorsFromSession.php(48): Illuminate\Pipeline\Pipeline-&gt;Illuminate\Pipeline\{closure}(Object(Illuminate\Http\Request))
#27 D:\DevCenter\abuilds\alumate\vendor\laravel\framework\src\Illuminate\Pipeline\Pipeline.php(208): Illuminate\View\Middleware\ShareErrorsFromSession-&gt;handle(Object(Illuminate\Http\Request), Object(Closure))
#28 D:\DevCenter\abuilds\alumate\vendor\laravel\framework\src\Illuminate\Session\Middleware\StartSession.php(120): Illuminate\Pipeline\Pipeline-&gt;Illuminate\Pipeline\{closure}(Object(Illuminate\Http\Request))
#29 D:\DevCenter\abuilds\alumate\vendor\laravel\framework\src\Illuminate\Session\Middleware\StartSession.php(63): Illuminate\Session\Middleware\StartSession-&gt;handleStatefulRequest(Object(Illuminate\Http\Request), Object(Illuminate\Session\Store), Object(Closure))
#30 D:\DevCenter\abuilds\alumate\vendor\laravel\framework\src\Illuminate\Pipeline\Pipeline.php(208): Illuminate\Session\Middleware\StartSession-&gt;handle(Object(Illuminate\Http\Request), Object(Closure))
#31 D:\DevCenter\abuilds\alumate\vendor\laravel\framework\src\Illuminate\Cookie\Middleware\AddQueuedCookiesToResponse.php(36): Illuminate\Pipeline\Pipeline-&gt;Illuminate\Pipeline\{closure}(Object(Illuminate\Http\Request))
#32 D:\DevCenter\abuilds\alumate\vendor\laravel\framework\src\Illuminate\Pipeline\Pipeline.php(208): Illuminate\Cookie\Middleware\AddQueuedCookiesToResponse-&gt;handle(Object(Illuminate\Http\Request), Object(Closure))
#33 D:\DevCenter\abuilds\alumate\vendor\laravel\framework\src\Illuminate\Cookie\Middleware\EncryptCookies.php(74): Illuminate\Pipeline\Pipeline-&gt;Illuminate\Pipeline\{closure}(Object(Illuminate\Http\Request))
#34 D:\DevCenter\abuilds\alumate\vendor\laravel\framework\src\Illuminate\Pipeline\Pipeline.php(208): Illuminate\Cookie\Middleware\EncryptCookies-&gt;handle(Object(Illuminate\Http\Request), Object(Closure))
#35 D:\DevCenter\abuilds\alumate\vendor\laravel\framework\src\Illuminate\Pipeline\Pipeline.php(126): Illuminate\Pipeline\Pipeline-&gt;Illuminate\Pipeline\{closure}(Object(Illuminate\Http\Request))
#36 D:\DevCenter\abuilds\alumate\vendor\laravel\framework\src\Illuminate\Routing\Router.php(807): Illuminate\Pipeline\Pipeline-&gt;then(Object(Closure))
#37 D:\DevCenter\abuilds\alumate\vendor\laravel\framework\src\Illuminate\Routing\Router.php(786): Illuminate\Routing\Router-&gt;runRouteWithinStack(Object(Illuminate\Routing\Route), Object(Illuminate\Http\Request))
#38 D:\DevCenter\abuilds\alumate\vendor\laravel\framework\src\Illuminate\Routing\Router.php(750): Illuminate\Routing\Router-&gt;runRoute(Object(Illuminate\Http\Request), Object(Illuminate\Routing\Route))
#39 D:\DevCenter\abuilds\alumate\vendor\laravel\framework\src\Illuminate\Routing\Router.php(739): Illuminate\Routing\Router-&gt;dispatchToRoute(Object(Illuminate\Http\Request))
#40 D:\DevCenter\abuilds\alumate\vendor\laravel\framework\src\Illuminate\Foundation\Http\Kernel.php(200): Illuminate\Routing\Router-&gt;dispatch(Object(Illuminate\Http\Request))
#41 D:\DevCenter\abuilds\alumate\vendor\laravel\framework\src\Illuminate\Pipeline\Pipeline.php(169): Illuminate\Foundation\Http\Kernel-&gt;Illuminate\Foundation\Http\{closure}(Object(Illuminate\Http\Request))
#42 D:\DevCenter\abuilds\alumate\vendor\laravel\framework\src\Illuminate\Foundation\Http\Middleware\TransformsRequest.php(21): Illuminate\Pipeline\Pipeline-&gt;Illuminate\Pipeline\{closure}(Object(Illuminate\Http\Request))
#43 D:\DevCenter\abuilds\alumate\vendor\laravel\framework\src\Illuminate\Foundation\Http\Middleware\ConvertEmptyStringsToNull.php(31): Illuminate\Foundation\Http\Middleware\TransformsRequest-&gt;handle(Object(Illuminate\Http\Request), Object(Closure))
#44 D:\DevCenter\abuilds\alumate\vendor\laravel\framework\src\Illuminate\Pipeline\Pipeline.php(208): Illuminate\Foundation\Http\Middleware\ConvertEmptyStringsToNull-&gt;handle(Object(Illuminate\Http\Request), Object(Closure))
#45 D:\DevCenter\abuilds\alumate\vendor\laravel\framework\src\Illuminate\Foundation\Http\Middleware\TransformsRequest.php(21): Illuminate\Pipeline\Pipeline-&gt;Illuminate\Pipeline\{closure}(Object(Illuminate\Http\Request))
#46 D:\DevCenter\abuilds\alumate\vendor\laravel\framework\src\Illuminate\Foundation\Http\Middleware\TrimStrings.php(51): Illuminate\Foundation\Http\Middleware\TransformsRequest-&gt;handle(Object(Illuminate\Http\Request), Object(Closure))
#47 D:\DevCenter\abuilds\alumate\vendor\laravel\framework\src\Illuminate\Pipeline\Pipeline.php(208): Illuminate\Foundation\Http\Middleware\TrimStrings-&gt;handle(Object(Illuminate\Http\Request), Object(Closure))
#48 D:\DevCenter\abuilds\alumate\vendor\laravel\framework\src\Illuminate\Http\Middleware\ValidatePostSize.php(27): Illuminate\Pipeline\Pipeline-&gt;Illuminate\Pipeline\{closure}(Object(Illuminate\Http\Request))
#49 D:\DevCenter\abuilds\alumate\vendor\laravel\framework\src\Illuminate\Pipeline\Pipeline.php(208): Illuminate\Http\Middleware\ValidatePostSize-&gt;handle(Object(Illuminate\Http\Request), Object(Closure))
#50 D:\DevCenter\abuilds\alumate\vendor\laravel\framework\src\Illuminate\Foundation\Http\Middleware\PreventRequestsDuringMaintenance.php(109): Illuminate\Pipeline\Pipeline-&gt;Illuminate\Pipeline\{closure}(Object(Illuminate\Http\Request))
#51 D:\DevCenter\abuilds\alumate\vendor\laravel\framework\src\Illuminate\Pipeline\Pipeline.php(208): Illuminate\Foundation\Http\Middleware\PreventRequestsDuringMaintenance-&gt;handle(Object(Illuminate\Http\Request), Object(Closure))
#52 D:\DevCenter\abuilds\alumate\vendor\laravel\framework\src\Illuminate\Http\Middleware\HandleCors.php(48): Illuminate\Pipeline\Pipeline-&gt;Illuminate\Pipeline\{closure}(Object(Illuminate\Http\Request))
#53 D:\DevCenter\abuilds\alumate\vendor\laravel\framework\src\Illuminate\Pipeline\Pipeline.php(208): Illuminate\Http\Middleware\HandleCors-&gt;handle(Object(Illuminate\Http\Request), Object(Closure))
#54 D:\DevCenter\abuilds\alumate\vendor\laravel\framework\src\Illuminate\Http\Middleware\TrustProxies.php(58): Illuminate\Pipeline\Pipeline-&gt;Illuminate\Pipeline\{closure}(Object(Illuminate\Http\Request))
#55 D:\DevCenter\abuilds\alumate\vendor\laravel\framework\src\Illuminate\Pipeline\Pipeline.php(208): Illuminate\Http\Middleware\TrustProxies-&gt;handle(Object(Illuminate\Http\Request), Object(Closure))
#56 D:\DevCenter\abuilds\alumate\vendor\laravel\framework\src\Illuminate\Foundation\Http\Middleware\InvokeDeferredCallbacks.php(22): Illuminate\Pipeline\Pipeline-&gt;Illuminate\Pipeline\{closure}(Object(Illuminate\Http\Request))
#57 D:\DevCenter\abuilds\alumate\vendor\laravel\framework\src\Illuminate\Pipeline\Pipeline.php(208): Illuminate\Foundation\Http\Middleware\InvokeDeferredCallbacks-&gt;handle(Object(Illuminate\Http\Request), Object(Closure))
#58 D:\DevCenter\abuilds\alumate\vendor\laravel\framework\src\Illuminate\Http\Middleware\ValidatePathEncoding.php(26): Illuminate\Pipeline\Pipeline-&gt;Illuminate\Pipeline\{closure}(Object(Illuminate\Http\Request))
#59 D:\DevCenter\abuilds\alumate\vendor\laravel\framework\src\Illuminate\Pipeline\Pipeline.php(208): Illuminate\Http\Middleware\ValidatePathEncoding-&gt;handle(Object(Illuminate\Http\Request), Object(Closure))
#60 D:\DevCenter\abuilds\alumate\vendor\laravel\framework\src\Illuminate\Pipeline\Pipeline.php(126): Illuminate\Pipeline\Pipeline-&gt;Illuminate\Pipeline\{closure}(Object(Illuminate\Http\Request))
#61 D:\DevCenter\abuilds\alumate\vendor\laravel\framework\src\Illuminate\Foundation\Http\Kernel.php(175): Illuminate\Pipeline\Pipeline-&gt;then(Object(Closure))
#62 D:\DevCenter\abuilds\alumate\vendor\laravel\framework\src\Illuminate\Foundation\Http\Kernel.php(144): Illuminate\Foundation\Http\Kernel-&gt;sendRequestThroughRouter(Object(Illuminate\Http\Request))
#63 D:\DevCenter\abuilds\alumate\vendor\laravel\framework\src\Illuminate\Foundation\Testing\Concerns\MakesHttpRequests.php(607): Illuminate\Foundation\Http\Kernel-&gt;handle(Object(Illuminate\Http\Request))
#64 D:\DevCenter\abuilds\alumate\vendor\laravel\framework\src\Illuminate\Foundation\Testing\Concerns\MakesHttpRequests.php(427): Illuminate\Foundation\Testing\TestCase-&gt;call('PUT', '/admin/homepage...', Array, Array, Array, Array)
#65 D:\DevCenter\abuilds\alumate\tests\Feature\Admin\HomepageContentControllerTest.php(47): Illuminate\Foundation\Testing\TestCase-&gt;put('/admin/homepage...', Array)
#66 D:\DevCenter\abuilds\alumate\vendor\pestphp\pest\src\Factories\TestCaseMethodFactory.php(168): P\Tests\Feature\Admin\HomepageContentControllerTest-&gt;{closure}()
#67 [internal function]: P\Tests\Feature\Admin\HomepageContentControllerTest-&gt;Pest\Factories\{closure}()
#68 D:\DevCenter\abuilds\alumate\vendor\pestphp\pest\src\Concerns\Testable.php(419): call_user_func_array(Object(Closure), Array)
#69 D:\DevCenter\abuilds\alumate\vendor\pestphp\pest\src\Support\ExceptionTrace.php(26): P\Tests\Feature\Admin\HomepageContentControllerTest-&gt;Pest\Concerns\{closure}()
#70 D:\DevCenter\abuilds\alumate\vendor\pestphp\pest\src\Concerns\Testable.php(419): Pest\Support\ExceptionTrace::ensure(Object(Closure))
#71 D:\DevCenter\abuilds\alumate\vendor\pestphp\pest\src\Concerns\Testable.php(321): P\Tests\Feature\Admin\HomepageContentControllerTest-&gt;__callClosure(Object(Closure), Array)
#72 D:\DevCenter\abuilds\alumate\vendor\pestphp\pest\src\Factories\TestCaseFactory.php(169) : eval()'d code(35): P\Tests\Feature\Admin\HomepageContentControllerTest-&gt;__runTest(Object(Closure))
#73 D:\DevCenter\abuilds\alumate\vendor\phpunit\phpunit\src\Framework\TestCase.php(1240): P\Tests\Feature\Admin\HomepageContentControllerTest-&gt;__pest_evaluable_can_update_content()
#74 D:\DevCenter\abuilds\alumate\vendor\phpunit\phpunit\src\Framework\TestCase.php(514): PHPUnit\Framework\TestCase-&gt;runTest()
#75 D:\DevCenter\abuilds\alumate\vendor\phpunit\phpunit\src\Framework\TestRunner\TestRunner.php(87): PHPUnit\Framework\TestCase-&gt;runBare()
#76 D:\DevCenter\abuilds\alumate\vendor\phpunit\phpunit\src\Framework\TestCase.php(361): PHPUnit\Framework\TestRunner-&gt;run(Object(P\Tests\Feature\Admin\HomepageContentControllerTest))
#77 D:\DevCenter\abuilds\alumate\vendor\phpunit\phpunit\src\Framework\TestSuite.php(369): PHPUnit\Framework\TestCase-&gt;run()
#78 D:\DevCenter\abuilds\alumate\vendor\phpunit\phpunit\src\Framework\TestSuite.php(369): PHPUnit\Framework\TestSuite-&gt;run()
#79 D:\DevCenter\abuilds\alumate\vendor\phpunit\phpunit\src\Framework\TestSuite.php(369): PHPUnit\Framework\TestSuite-&gt;run()
#80 D:\DevCenter\abuilds\alumate\vendor\phpunit\phpunit\src\TextUI\TestRunner.php(64): PHPUnit\Framework\TestSuite-&gt;run()
#81 D:\DevCenter\abuilds\alumate\vendor\phpunit\phpunit\src\TextUI\Application.php(210): PHPUnit\TextUI\TestRunner-&gt;run(Object(PHPUnit\TextUI\Configuration\Configuration), Object(PHPUnit\Runner\ResultCache\DefaultResultCache), Object(PHPUnit\Framework\TestSuite))
#82 D:\DevCenter\abuilds\alumate\vendor\pestphp\pest\src\Kernel.php(103): PHPUnit\TextUI\Application-&gt;run(Array)
#83 D:\DevCenter\abuilds\alumate\vendor\pestphp\pest\bin\pest(184): Pest\Kernel-&gt;handle(Array, Array)
#84 D:\DevCenter\abuilds\alumate\vendor\pestphp\pest\bin\pest(192): {closure}()
#85 {main}

Next Illuminate\Database\QueryException: SQLSTATE[25P02]: In failed sql transaction: 7 ERROR:  current transaction is aborted, commands ignored until end of transaction block (Connection: pgsql, SQL: select "roles".*, "model_has_roles"."model_id" as "pivot_model_id", "model_has_roles"."role_id" as "pivot_role_id", "model_has_roles"."model_type" as "pivot_model_type" from "roles" inner join "model_has_roles" on "roles"."id" = "model_has_roles"."role_id" where "model_has_roles"."model_id" = 3 and "model_has_roles"."model_type" = App\Models\User) in D:\DevCenter\abuilds\alumate\vendor\laravel\framework\src\Illuminate\Database\Connection.php:822
Stack trace:
#0 D:\DevCenter\abuilds\alumate\vendor\laravel\framework\src\Illuminate\Database\Connection.php(776): Illuminate\Database\Connection-&gt;runQueryCallback('select "roles"....', Array, Object(Closure))
#1 D:\DevCenter\abuilds\alumate\vendor\laravel\framework\src\Illuminate\Database\Connection.php(395): Illuminate\Database\Connection-&gt;run('select "roles"....', Array, Object(Closure))
#2 D:\DevCenter\abuilds\alumate\vendor\laravel\framework\src\Illuminate\Database\Query\Builder.php(3131): Illuminate\Database\Connection-&gt;select('select "roles"....', Array, true)
#3 D:\DevCenter\abuilds\alumate\vendor\laravel\framework\src\Illuminate\Database\Query\Builder.php(3116): Illuminate\Database\Query\Builder-&gt;runSelect()
#4 D:\DevCenter\abuilds\alumate\vendor\laravel\framework\src\Illuminate\Database\Query\Builder.php(3706): Illuminate\Database\Query\Builder-&gt;Illuminate\Database\Query\{closure}()
#5 D:\DevCenter\abuilds\alumate\vendor\laravel\framework\src\Illuminate\Database\Query\Builder.php(3115): Illuminate\Database\Query\Builder-&gt;onceWithColumns(Array, Object(Closure))
#6 D:\DevCenter\abuilds\alumate\vendor\laravel\framework\src\Illuminate\Database\Eloquent\Builder.php(872): Illuminate\Database\Query\Builder-&gt;get(Array)
#7 D:\DevCenter\abuilds\alumate\vendor\laravel\framework\src\Illuminate\Database\Eloquent\Relations\BelongsToMany.php(910): Illuminate\Database\Eloquent\Builder-&gt;getModels()
#8 D:\DevCenter\abuilds\alumate\vendor\laravel\framework\src\Illuminate\Database\Eloquent\Relations\BelongsToMany.php(894): Illuminate\Database\Eloquent\Relations\BelongsToMany-&gt;get()
#9 D:\DevCenter\abuilds\alumate\vendor\laravel\framework\src\Illuminate\Database\Eloquent\Concerns\HasAttributes.php(634): Illuminate\Database\Eloquent\Relations\BelongsToMany-&gt;getResults()
#10 D:\DevCenter\abuilds\alumate\vendor\laravel\framework\src\Illuminate\Database\Eloquent\Concerns\HasAttributes.php(572): Illuminate\Database\Eloquent\Model-&gt;getRelationshipFromMethod('roles')
#11 D:\DevCenter\abuilds\alumate\vendor\laravel\framework\src\Illuminate\Database\Eloquent\Concerns\HasAttributes.php(493): Illuminate\Database\Eloquent\Model-&gt;getRelationValue('roles')
#12 D:\DevCenter\abuilds\alumate\vendor\laravel\framework\src\Illuminate\Database\Eloquent\Model.php(2405): Illuminate\Database\Eloquent\Model-&gt;getAttribute('roles')
#13 D:\DevCenter\abuilds\alumate\app\Http\Middleware\HandleInertiaRequests.php(52): Illuminate\Database\Eloquent\Model-&gt;__get('roles')
#14 D:\DevCenter\abuilds\alumate\vendor\inertiajs\inertia-laravel\src\Middleware.php(93): App\Http\Middleware\HandleInertiaRequests-&gt;share(Object(Illuminate\Http\Request))
#15 D:\DevCenter\abuilds\alumate\vendor\laravel\framework\src\Illuminate\Pipeline\Pipeline.php(208): Inertia\Middleware-&gt;handle(Object(Illuminate\Http\Request), Object(Closure))
#16 D:\DevCenter\abuilds\alumate\app\Http\Middleware\HandleAppearance.php(21): Illuminate\Pipeline\Pipeline-&gt;Illuminate\Pipeline\{closure}(Object(Illuminate\Http\Request))
#17 D:\DevCenter\abuilds\alumate\vendor\laravel\framework\src\Illuminate\Pipeline\Pipeline.php(208): App\Http\Middleware\HandleAppearance-&gt;handle(Object(Illuminate\Http\Request), Object(Closure))
#18 D:\DevCenter\abuilds\alumate\vendor\laravel\framework\src\Illuminate\Routing\Middleware\SubstituteBindings.php(50): Illuminate\Pipeline\Pipeline-&gt;Illuminate\Pipeline\{closure}(Object(Illuminate\Http\Request))
#19 D:\DevCenter\abuilds\alumate\vendor\laravel\framework\src\Illuminate\Pipeline\Pipeline.php(208): Illuminate\Routing\Middleware\SubstituteBindings-&gt;handle(Object(Illuminate\Http\Request), Object(Closure))
#20 D:\DevCenter\abuilds\alumate\vendor\laravel\framework\src\Illuminate\Auth\Middleware\Authenticate.php(63): Illuminate\Pipeline\Pipeline-&gt;Illuminate\Pipeline\{closure}(Object(Illuminate\Http\Request))
#21 D:\DevCenter\abuilds\alumate\vendor\laravel\framework\src\Illuminate\Pipeline\Pipeline.php(208): Illuminate\Auth\Middleware\Authenticate-&gt;handle(Object(Illuminate\Http\Request), Object(Closure))
#22 D:\DevCenter\abuilds\alumate\vendor\laravel\framework\src\Illuminate\Foundation\Http\Middleware\VerifyCsrfToken.php(87): Illuminate\Pipeline\Pipeline-&gt;Illuminate\Pipeline\{closure}(Object(Illuminate\Http\Request))
#23 D:\DevCenter\abuilds\alumate\vendor\laravel\framework\src\Illuminate\Pipeline\Pipeline.php(208): Illuminate\Foundation\Http\Middleware\VerifyCsrfToken-&gt;handle(Object(Illuminate\Http\Request), Object(Closure))
#24 D:\DevCenter\abuilds\alumate\vendor\laravel\framework\src\Illuminate\View\Middleware\ShareErrorsFromSession.php(48): Illuminate\Pipeline\Pipeline-&gt;Illuminate\Pipeline\{closure}(Object(Illuminate\Http\Request))
#25 D:\DevCenter\abuilds\alumate\vendor\laravel\framework\src\Illuminate\Pipeline\Pipeline.php(208): Illuminate\View\Middleware\ShareErrorsFromSession-&gt;handle(Object(Illuminate\Http\Request), Object(Closure))
#26 D:\DevCenter\abuilds\alumate\vendor\laravel\framework\src\Illuminate\Session\Middleware\StartSession.php(120): Illuminate\Pipeline\Pipeline-&gt;Illuminate\Pipeline\{closure}(Object(Illuminate\Http\Request))
#27 D:\DevCenter\abuilds\alumate\vendor\laravel\framework\src\Illuminate\Session\Middleware\StartSession.php(63): Illuminate\Session\Middleware\StartSession-&gt;handleStatefulRequest(Object(Illuminate\Http\Request), Object(Illuminate\Session\Store), Object(Closure))
#28 D:\DevCenter\abuilds\alumate\vendor\laravel\framework\src\Illuminate\Pipeline\Pipeline.php(208): Illuminate\Session\Middleware\StartSession-&gt;handle(Object(Illuminate\Http\Request), Object(Closure))
#29 D:\DevCenter\abuilds\alumate\vendor\laravel\framework\src\Illuminate\Cookie\Middleware\AddQueuedCookiesToResponse.php(36): Illuminate\Pipeline\Pipeline-&gt;Illuminate\Pipeline\{closure}(Object(Illuminate\Http\Request))
#30 D:\DevCenter\abuilds\alumate\vendor\laravel\framework\src\Illuminate\Pipeline\Pipeline.php(208): Illuminate\Cookie\Middleware\AddQueuedCookiesToResponse-&gt;handle(Object(Illuminate\Http\Request), Object(Closure))
#31 D:\DevCenter\abuilds\alumate\vendor\laravel\framework\src\Illuminate\Cookie\Middleware\EncryptCookies.php(74): Illuminate\Pipeline\Pipeline-&gt;Illuminate\Pipeline\{closure}(Object(Illuminate\Http\Request))
#32 D:\DevCenter\abuilds\alumate\vendor\laravel\framework\src\Illuminate\Pipeline\Pipeline.php(208): Illuminate\Cookie\Middleware\EncryptCookies-&gt;handle(Object(Illuminate\Http\Request), Object(Closure))
#33 D:\DevCenter\abuilds\alumate\vendor\laravel\framework\src\Illuminate\Pipeline\Pipeline.php(126): Illuminate\Pipeline\Pipeline-&gt;Illuminate\Pipeline\{closure}(Object(Illuminate\Http\Request))
#34 D:\DevCenter\abuilds\alumate\vendor\laravel\framework\src\Illuminate\Routing\Router.php(807): Illuminate\Pipeline\Pipeline-&gt;then(Object(Closure))
#35 D:\DevCenter\abuilds\alumate\vendor\laravel\framework\src\Illuminate\Routing\Router.php(786): Illuminate\Routing\Router-&gt;runRouteWithinStack(Object(Illuminate\Routing\Route), Object(Illuminate\Http\Request))
#36 D:\DevCenter\abuilds\alumate\vendor\laravel\framework\src\Illuminate\Routing\Router.php(750): Illuminate\Routing\Router-&gt;runRoute(Object(Illuminate\Http\Request), Object(Illuminate\Routing\Route))
#37 D:\DevCenter\abuilds\alumate\vendor\laravel\framework\src\Illuminate\Routing\Router.php(739): Illuminate\Routing\Router-&gt;dispatchToRoute(Object(Illuminate\Http\Request))
#38 D:\DevCenter\abuilds\alumate\vendor\laravel\framework\src\Illuminate\Foundation\Http\Kernel.php(200): Illuminate\Routing\Router-&gt;dispatch(Object(Illuminate\Http\Request))
#39 D:\DevCenter\abuilds\alumate\vendor\laravel\framework\src\Illuminate\Pipeline\Pipeline.php(169): Illuminate\Foundation\Http\Kernel-&gt;Illuminate\Foundation\Http\{closure}(Object(Illuminate\Http\Request))
#40 D:\DevCenter\abuilds\alumate\vendor\laravel\framework\src\Illuminate\Foundation\Http\Middleware\TransformsRequest.php(21): Illuminate\Pipeline\Pipeline-&gt;Illuminate\Pipeline\{closure}(Object(Illuminate\Http\Request))
#41 D:\DevCenter\abuilds\alumate\vendor\laravel\framework\src\Illuminate\Foundation\Http\Middleware\ConvertEmptyStringsToNull.php(31): Illuminate\Foundation\Http\Middleware\TransformsRequest-&gt;handle(Object(Illuminate\Http\Request), Object(Closure))
#42 D:\DevCenter\abuilds\alumate\vendor\laravel\framework\src\Illuminate\Pipeline\Pipeline.php(208): Illuminate\Foundation\Http\Middleware\ConvertEmptyStringsToNull-&gt;handle(Object(Illuminate\Http\Request), Object(Closure))
#43 D:\DevCenter\abuilds\alumate\vendor\laravel\framework\src\Illuminate\Foundation\Http\Middleware\TransformsRequest.php(21): Illuminate\Pipeline\Pipeline-&gt;Illuminate\Pipeline\{closure}(Object(Illuminate\Http\Request))
#44 D:\DevCenter\abuilds\alumate\vendor\laravel\framework\src\Illuminate\Foundation\Http\Middleware\TrimStrings.php(51): Illuminate\Foundation\Http\Middleware\TransformsRequest-&gt;handle(Object(Illuminate\Http\Request), Object(Closure))
#45 D:\DevCenter\abuilds\alumate\vendor\laravel\framework\src\Illuminate\Pipeline\Pipeline.php(208): Illuminate\Foundation\Http\Middleware\TrimStrings-&gt;handle(Object(Illuminate\Http\Request), Object(Closure))
#46 D:\DevCenter\abuilds\alumate\vendor\laravel\framework\src\Illuminate\Http\Middleware\ValidatePostSize.php(27): Illuminate\Pipeline\Pipeline-&gt;Illuminate\Pipeline\{closure}(Object(Illuminate\Http\Request))
#47 D:\DevCenter\abuilds\alumate\vendor\laravel\framework\src\Illuminate\Pipeline\Pipeline.php(208): Illuminate\Http\Middleware\ValidatePostSize-&gt;handle(Object(Illuminate\Http\Request), Object(Closure))
#48 D:\DevCenter\abuilds\alumate\vendor\laravel\framework\src\Illuminate\Foundation\Http\Middleware\PreventRequestsDuringMaintenance.php(109): Illuminate\Pipeline\Pipeline-&gt;Illuminate\Pipeline\{closure}(Object(Illuminate\Http\Request))
#49 D:\DevCenter\abuilds\alumate\vendor\laravel\framework\src\Illuminate\Pipeline\Pipeline.php(208): Illuminate\Foundation\Http\Middleware\PreventRequestsDuringMaintenance-&gt;handle(Object(Illuminate\Http\Request), Object(Closure))
#50 D:\DevCenter\abuilds\alumate\vendor\laravel\framework\src\Illuminate\Http\Middleware\HandleCors.php(48): Illuminate\Pipeline\Pipeline-&gt;Illuminate\Pipeline\{closure}(Object(Illuminate\Http\Request))
#51 D:\DevCenter\abuilds\alumate\vendor\laravel\framework\src\Illuminate\Pipeline\Pipeline.php(208): Illuminate\Http\Middleware\HandleCors-&gt;handle(Object(Illuminate\Http\Request), Object(Closure))
#52 D:\DevCenter\abuilds\alumate\vendor\laravel\framework\src\Illuminate\Http\Middleware\TrustProxies.php(58): Illuminate\Pipeline\Pipeline-&gt;Illuminate\Pipeline\{closure}(Object(Illuminate\Http\Request))
#53 D:\DevCenter\abuilds\alumate\vendor\laravel\framework\src\Illuminate\Pipeline\Pipeline.php(208): Illuminate\Http\Middleware\TrustProxies-&gt;handle(Object(Illuminate\Http\Request), Object(Closure))
#54 D:\DevCenter\abuilds\alumate\vendor\laravel\framework\src\Illuminate\Foundation\Http\Middleware\InvokeDeferredCallbacks.php(22): Illuminate\Pipeline\Pipeline-&gt;Illuminate\Pipeline\{closure}(Object(Illuminate\Http\Request))
#55 D:\DevCenter\abuilds\alumate\vendor\laravel\framework\src\Illuminate\Pipeline\Pipeline.php(208): Illuminate\Foundation\Http\Middleware\InvokeDeferredCallbacks-&gt;handle(Object(Illuminate\Http\Request), Object(Closure))
#56 D:\DevCenter\abuilds\alumate\vendor\laravel\framework\src\Illuminate\Http\Middleware\ValidatePathEncoding.php(26): Illuminate\Pipeline\Pipeline-&gt;Illuminate\Pipeline\{closure}(Object(Illuminate\Http\Request))
#57 D:\DevCenter\abuilds\alumate\vendor\laravel\framework\src\Illuminate\Pipeline\Pipeline.php(208): Illuminate\Http\Middleware\ValidatePathEncoding-&gt;handle(Object(Illuminate\Http\Request), Object(Closure))
#58 D:\DevCenter\abuilds\alumate\vendor\laravel\framework\src\Illuminate\Pipeline\Pipeline.php(126): Illuminate\Pipeline\Pipeline-&gt;Illuminate\Pipeline\{closure}(Object(Illuminate\Http\Request))
#59 D:\DevCenter\abuilds\alumate\vendor\laravel\framework\src\Illuminate\Foundation\Http\Kernel.php(175): Illuminate\Pipeline\Pipeline-&gt;then(Object(Closure))
#60 D:\DevCenter\abuilds\alumate\vendor\laravel\framework\src\Illuminate\Foundation\Http\Kernel.php(144): Illuminate\Foundation\Http\Kernel-&gt;sendRequestThroughRouter(Object(Illuminate\Http\Request))
#61 D:\DevCenter\abuilds\alumate\vendor\laravel\framework\src\Illuminate\Foundation\Testing\Concerns\MakesHttpRequests.php(607): Illuminate\Foundation\Http\Kernel-&gt;handle(Object(Illuminate\Http\Request))
#62 D:\DevCenter\abuilds\alumate\vendor\laravel\framework\src\Illuminate\Foundation\Testing\Concerns\MakesHttpRequests.php(427): Illuminate\Foundation\Testing\TestCase-&gt;call('PUT', '/admin/homepage...', Array, Array, Array, Array)
#63 D:\DevCenter\abuilds\alumate\tests\Feature\Admin\HomepageContentControllerTest.php(47): Illuminate\Foundation\Testing\TestCase-&gt;put('/admin/homepage...', Array)
#64 D:\DevCenter\abuilds\alumate\vendor\pestphp\pest\src\Factories\TestCaseMethodFactory.php(168): P\Tests\Feature\Admin\HomepageContentControllerTest-&gt;{closure}()
#65 [internal function]: P\Tests\Feature\Admin\HomepageContentControllerTest-&gt;Pest\Factories\{closure}()
#66 D:\DevCenter\abuilds\alumate\vendor\pestphp\pest\src\Concerns\Testable.php(419): call_user_func_array(Object(Closure), Array)
#67 D:\DevCenter\abuilds\alumate\vendor\pestphp\pest\src\Support\ExceptionTrace.php(26): P\Tests\Feature\Admin\HomepageContentControllerTest-&gt;Pest\Concerns\{closure}()
#68 D:\DevCenter\abuilds\alumate\vendor\pestphp\pest\src\Concerns\Testable.php(419): Pest\Support\ExceptionTrace::ensure(Object(Closure))
#69 D:\DevCenter\abuilds\alumate\vendor\pestphp\pest\src\Concerns\Testable.php(321): P\Tests\Feature\Admin\HomepageContentControllerTest-&gt;__callClosure(Object(Closure), Array)
#70 D:\DevCenter\abuilds\alumate\vendor\pestphp\pest\src\Factories\TestCaseFactory.php(169) : eval()'d code(35): P\Tests\Feature\Admin\HomepageContentControllerTest-&gt;__runTest(Object(Closure))
#71 D:\DevCenter\abuilds\alumate\vendor\phpunit\phpunit\src\Framework\TestCase.php(1240): P\Tests\Feature\Admin\HomepageContentControllerTest-&gt;__pest_evaluable_can_update_content()
#72 D:\DevCenter\abuilds\alumate\vendor\phpunit\phpunit\src\Framework\TestCase.php(514): PHPUnit\Framework\TestCase-&gt;runTest()
#73 D:\DevCenter\abuilds\alumate\vendor\phpunit\phpunit\src\Framework\TestRunner\TestRunner.php(87): PHPUnit\Framework\TestCase-&gt;runBare()
#74 D:\DevCenter\abuilds\alumate\vendor\phpunit\phpunit\src\Framework\TestCase.php(361): PHPUnit\Framework\TestRunner-&gt;run(Object(P\Tests\Feature\Admin\HomepageContentControllerTest))
#75 D:\DevCenter\abuilds\alumate\vendor\phpunit\phpunit\src\Framework\TestSuite.php(369): PHPUnit\Framework\TestCase-&gt;run()
#76 D:\DevCenter\abuilds\alumate\vendor\phpunit\phpunit\src\Framework\TestSuite.php(369): PHPUnit\Framework\TestSuite-&gt;run()
#77 D:\DevCenter\abuilds\alumate\vendor\phpunit\phpunit\src\Framework\TestSuite.php(369): PHPUnit\Framework\TestSuite-&gt;run()
#78 D:\DevCenter\abuilds\alumate\vendor\phpunit\phpunit\src\TextUI\TestRunner.php(64): PHPUnit\Framework\TestSuite-&gt;run()
#79 D:\DevCenter\abuilds\alumate\vendor\phpunit\phpunit\src\TextUI\Application.php(210): PHPUnit\TextUI\TestRunner-&gt;run(Object(PHPUnit\TextUI\Configuration\Configuration), Object(PHPUnit\Runner\ResultCache\DefaultResultCache), Object(PHPUnit\Framework\TestSuite))
#80 D:\DevCenter\abuilds\alumate\vendor\pestphp\pest\src\Kernel.php(103): PHPUnit\TextUI\Application-&gt;run(Array)
#81 D:\DevCenter\abuilds\alumate\vendor\pestphp\pest\bin\pest(184): Pest\Kernel-&gt;handle(Array, Array)
#82 D:\DevCenter\abuilds\alumate\vendor\pestphp\pest\bin\pest(192): {closure}()
#83 {main}

----------------------------------------------------------------------------------

SQLSTATE[25P02]: In failed sql transaction: 7 ERROR:  current transaction is aborted, commands ignored until end of transaction block (Connection: pgsql, SQL: select "roles".*, "model_has_roles"."model_id" as "pivot_model_id", "model_has_roles"."role_id" as "pivot_role_id", "model_has_roles"."model_type" as "pivot_model_type" from "roles" inner join "model_has_roles" on "roles"."id" = "model_has_roles"."role_id" where "model_has_roles"."model_id" = 3 and "model_has_roles"."model_type" = App\Models\User)&#13;
&#13;
at vendor\laravel\framework\src\Illuminate\Testing\TestResponseAssert.php:45
at vendor\laravel\framework\src\Illuminate\Testing\TestResponse.php:174
at tests\Feature\Admin\HomepageContentControllerTest.php:56</failure>
        </testcase>
        <testcase name="can bulk update content" file="tests\Feature\Admin\HomepageContentControllerTest.php::can bulk update content" class="Tests\Feature\Admin\HomepageContentControllerTest" classname="Tests.Feature.Admin.HomepageContentControllerTest" assertions="1" time="3.233779">
          <failure type="PHPUnit\Framework\ExpectationFailedException">can bulk update contentExpected response status code [200] but received 500.
Failed asserting that 500 is identical to 200.&#13;
&#13;
The following exception occurred during the last request:

PDOException: SQLSTATE[25P02]: In failed sql transaction: 7 ERROR:  current transaction is aborted, commands ignored until end of transaction block in D:\DevCenter\abuilds\alumate\vendor\laravel\framework\src\Illuminate\Database\Connection.php:409
Stack trace:
#0 D:\DevCenter\abuilds\alumate\vendor\laravel\framework\src\Illuminate\Database\Connection.php(409): PDOStatement-&gt;execute()
#1 D:\DevCenter\abuilds\alumate\vendor\laravel\framework\src\Illuminate\Database\Connection.php(809): Illuminate\Database\Connection-&gt;Illuminate\Database\{closure}('select "roles"....', Array)
#2 D:\DevCenter\abuilds\alumate\vendor\laravel\framework\src\Illuminate\Database\Connection.php(776): Illuminate\Database\Connection-&gt;runQueryCallback('select "roles"....', Array, Object(Closure))
#3 D:\DevCenter\abuilds\alumate\vendor\laravel\framework\src\Illuminate\Database\Connection.php(395): Illuminate\Database\Connection-&gt;run('select "roles"....', Array, Object(Closure))
#4 D:\DevCenter\abuilds\alumate\vendor\laravel\framework\src\Illuminate\Database\Query\Builder.php(3131): Illuminate\Database\Connection-&gt;select('select "roles"....', Array, true)
#5 D:\DevCenter\abuilds\alumate\vendor\laravel\framework\src\Illuminate\Database\Query\Builder.php(3116): Illuminate\Database\Query\Builder-&gt;runSelect()
#6 D:\DevCenter\abuilds\alumate\vendor\laravel\framework\src\Illuminate\Database\Query\Builder.php(3706): Illuminate\Database\Query\Builder-&gt;Illuminate\Database\Query\{closure}()
#7 D:\DevCenter\abuilds\alumate\vendor\laravel\framework\src\Illuminate\Database\Query\Builder.php(3115): Illuminate\Database\Query\Builder-&gt;onceWithColumns(Array, Object(Closure))
#8 D:\DevCenter\abuilds\alumate\vendor\laravel\framework\src\Illuminate\Database\Eloquent\Builder.php(872): Illuminate\Database\Query\Builder-&gt;get(Array)
#9 D:\DevCenter\abuilds\alumate\vendor\laravel\framework\src\Illuminate\Database\Eloquent\Relations\BelongsToMany.php(910): Illuminate\Database\Eloquent\Builder-&gt;getModels()
#10 D:\DevCenter\abuilds\alumate\vendor\laravel\framework\src\Illuminate\Database\Eloquent\Relations\BelongsToMany.php(894): Illuminate\Database\Eloquent\Relations\BelongsToMany-&gt;get()
#11 D:\DevCenter\abuilds\alumate\vendor\laravel\framework\src\Illuminate\Database\Eloquent\Concerns\HasAttributes.php(634): Illuminate\Database\Eloquent\Relations\BelongsToMany-&gt;getResults()
#12 D:\DevCenter\abuilds\alumate\vendor\laravel\framework\src\Illuminate\Database\Eloquent\Concerns\HasAttributes.php(572): Illuminate\Database\Eloquent\Model-&gt;getRelationshipFromMethod('roles')
#13 D:\DevCenter\abuilds\alumate\vendor\laravel\framework\src\Illuminate\Database\Eloquent\Concerns\HasAttributes.php(493): Illuminate\Database\Eloquent\Model-&gt;getRelationValue('roles')
#14 D:\DevCenter\abuilds\alumate\vendor\laravel\framework\src\Illuminate\Database\Eloquent\Model.php(2405): Illuminate\Database\Eloquent\Model-&gt;getAttribute('roles')
#15 D:\DevCenter\abuilds\alumate\app\Http\Middleware\HandleInertiaRequests.php(52): Illuminate\Database\Eloquent\Model-&gt;__get('roles')
#16 D:\DevCenter\abuilds\alumate\vendor\inertiajs\inertia-laravel\src\Middleware.php(93): App\Http\Middleware\HandleInertiaRequests-&gt;share(Object(Illuminate\Http\Request))
#17 D:\DevCenter\abuilds\alumate\vendor\laravel\framework\src\Illuminate\Pipeline\Pipeline.php(208): Inertia\Middleware-&gt;handle(Object(Illuminate\Http\Request), Object(Closure))
#18 D:\DevCenter\abuilds\alumate\app\Http\Middleware\HandleAppearance.php(21): Illuminate\Pipeline\Pipeline-&gt;Illuminate\Pipeline\{closure}(Object(Illuminate\Http\Request))
#19 D:\DevCenter\abuilds\alumate\vendor\laravel\framework\src\Illuminate\Pipeline\Pipeline.php(208): App\Http\Middleware\HandleAppearance-&gt;handle(Object(Illuminate\Http\Request), Object(Closure))
#20 D:\DevCenter\abuilds\alumate\vendor\laravel\framework\src\Illuminate\Routing\Middleware\SubstituteBindings.php(50): Illuminate\Pipeline\Pipeline-&gt;Illuminate\Pipeline\{closure}(Object(Illuminate\Http\Request))
#21 D:\DevCenter\abuilds\alumate\vendor\laravel\framework\src\Illuminate\Pipeline\Pipeline.php(208): Illuminate\Routing\Middleware\SubstituteBindings-&gt;handle(Object(Illuminate\Http\Request), Object(Closure))
#22 D:\DevCenter\abuilds\alumate\vendor\laravel\framework\src\Illuminate\Auth\Middleware\Authenticate.php(63): Illuminate\Pipeline\Pipeline-&gt;Illuminate\Pipeline\{closure}(Object(Illuminate\Http\Request))
#23 D:\DevCenter\abuilds\alumate\vendor\laravel\framework\src\Illuminate\Pipeline\Pipeline.php(208): Illuminate\Auth\Middleware\Authenticate-&gt;handle(Object(Illuminate\Http\Request), Object(Closure))
#24 D:\DevCenter\abuilds\alumate\vendor\laravel\framework\src\Illuminate\Foundation\Http\Middleware\VerifyCsrfToken.php(87): Illuminate\Pipeline\Pipeline-&gt;Illuminate\Pipeline\{closure}(Object(Illuminate\Http\Request))
#25 D:\DevCenter\abuilds\alumate\vendor\laravel\framework\src\Illuminate\Pipeline\Pipeline.php(208): Illuminate\Foundation\Http\Middleware\VerifyCsrfToken-&gt;handle(Object(Illuminate\Http\Request), Object(Closure))
#26 D:\DevCenter\abuilds\alumate\vendor\laravel\framework\src\Illuminate\View\Middleware\ShareErrorsFromSession.php(48): Illuminate\Pipeline\Pipeline-&gt;Illuminate\Pipeline\{closure}(Object(Illuminate\Http\Request))
#27 D:\DevCenter\abuilds\alumate\vendor\laravel\framework\src\Illuminate\Pipeline\Pipeline.php(208): Illuminate\View\Middleware\ShareErrorsFromSession-&gt;handle(Object(Illuminate\Http\Request), Object(Closure))
#28 D:\DevCenter\abuilds\alumate\vendor\laravel\framework\src\Illuminate\Session\Middleware\StartSession.php(120): Illuminate\Pipeline\Pipeline-&gt;Illuminate\Pipeline\{closure}(Object(Illuminate\Http\Request))
#29 D:\DevCenter\abuilds\alumate\vendor\laravel\framework\src\Illuminate\Session\Middleware\StartSession.php(63): Illuminate\Session\Middleware\StartSession-&gt;handleStatefulRequest(Object(Illuminate\Http\Request), Object(Illuminate\Session\Store), Object(Closure))
#30 D:\DevCenter\abuilds\alumate\vendor\laravel\framework\src\Illuminate\Pipeline\Pipeline.php(208): Illuminate\Session\Middleware\StartSession-&gt;handle(Object(Illuminate\Http\Request), Object(Closure))
#31 D:\DevCenter\abuilds\alumate\vendor\laravel\framework\src\Illuminate\Cookie\Middleware\AddQueuedCookiesToResponse.php(36): Illuminate\Pipeline\Pipeline-&gt;Illuminate\Pipeline\{closure}(Object(Illuminate\Http\Request))
#32 D:\DevCenter\abuilds\alumate\vendor\laravel\framework\src\Illuminate\Pipeline\Pipeline.php(208): Illuminate\Cookie\Middleware\AddQueuedCookiesToResponse-&gt;handle(Object(Illuminate\Http\Request), Object(Closure))
#33 D:\DevCenter\abuilds\alumate\vendor\laravel\framework\src\Illuminate\Cookie\Middleware\EncryptCookies.php(74): Illuminate\Pipeline\Pipeline-&gt;Illuminate\Pipeline\{closure}(Object(Illuminate\Http\Request))
#34 D:\DevCenter\abuilds\alumate\vendor\laravel\framework\src\Illuminate\Pipeline\Pipeline.php(208): Illuminate\Cookie\Middleware\EncryptCookies-&gt;handle(Object(Illuminate\Http\Request), Object(Closure))
#35 D:\DevCenter\abuilds\alumate\vendor\laravel\framework\src\Illuminate\Pipeline\Pipeline.php(126): Illuminate\Pipeline\Pipeline-&gt;Illuminate\Pipeline\{closure}(Object(Illuminate\Http\Request))
#36 D:\DevCenter\abuilds\alumate\vendor\laravel\framework\src\Illuminate\Routing\Router.php(807): Illuminate\Pipeline\Pipeline-&gt;then(Object(Closure))
#37 D:\DevCenter\abuilds\alumate\vendor\laravel\framework\src\Illuminate\Routing\Router.php(786): Illuminate\Routing\Router-&gt;runRouteWithinStack(Object(Illuminate\Routing\Route), Object(Illuminate\Http\Request))
#38 D:\DevCenter\abuilds\alumate\vendor\laravel\framework\src\Illuminate\Routing\Router.php(750): Illuminate\Routing\Router-&gt;runRoute(Object(Illuminate\Http\Request), Object(Illuminate\Routing\Route))
#39 D:\DevCenter\abuilds\alumate\vendor\laravel\framework\src\Illuminate\Routing\Router.php(739): Illuminate\Routing\Router-&gt;dispatchToRoute(Object(Illuminate\Http\Request))
#40 D:\DevCenter\abuilds\alumate\vendor\laravel\framework\src\Illuminate\Foundation\Http\Kernel.php(200): Illuminate\Routing\Router-&gt;dispatch(Object(Illuminate\Http\Request))
#41 D:\DevCenter\abuilds\alumate\vendor\laravel\framework\src\Illuminate\Pipeline\Pipeline.php(169): Illuminate\Foundation\Http\Kernel-&gt;Illuminate\Foundation\Http\{closure}(Object(Illuminate\Http\Request))
#42 D:\DevCenter\abuilds\alumate\vendor\laravel\framework\src\Illuminate\Foundation\Http\Middleware\TransformsRequest.php(21): Illuminate\Pipeline\Pipeline-&gt;Illuminate\Pipeline\{closure}(Object(Illuminate\Http\Request))
#43 D:\DevCenter\abuilds\alumate\vendor\laravel\framework\src\Illuminate\Foundation\Http\Middleware\ConvertEmptyStringsToNull.php(31): Illuminate\Foundation\Http\Middleware\TransformsRequest-&gt;handle(Object(Illuminate\Http\Request), Object(Closure))
#44 D:\DevCenter\abuilds\alumate\vendor\laravel\framework\src\Illuminate\Pipeline\Pipeline.php(208): Illuminate\Foundation\Http\Middleware\ConvertEmptyStringsToNull-&gt;handle(Object(Illuminate\Http\Request), Object(Closure))
#45 D:\DevCenter\abuilds\alumate\vendor\laravel\framework\src\Illuminate\Foundation\Http\Middleware\TransformsRequest.php(21): Illuminate\Pipeline\Pipeline-&gt;Illuminate\Pipeline\{closure}(Object(Illuminate\Http\Request))
#46 D:\DevCenter\abuilds\alumate\vendor\laravel\framework\src\Illuminate\Foundation\Http\Middleware\TrimStrings.php(51): Illuminate\Foundation\Http\Middleware\TransformsRequest-&gt;handle(Object(Illuminate\Http\Request), Object(Closure))
#47 D:\DevCenter\abuilds\alumate\vendor\laravel\framework\src\Illuminate\Pipeline\Pipeline.php(208): Illuminate\Foundation\Http\Middleware\TrimStrings-&gt;handle(Object(Illuminate\Http\Request), Object(Closure))
#48 D:\DevCenter\abuilds\alumate\vendor\laravel\framework\src\Illuminate\Http\Middleware\ValidatePostSize.php(27): Illuminate\Pipeline\Pipeline-&gt;Illuminate\Pipeline\{closure}(Object(Illuminate\Http\Request))
#49 D:\DevCenter\abuilds\alumate\vendor\laravel\framework\src\Illuminate\Pipeline\Pipeline.php(208): Illuminate\Http\Middleware\ValidatePostSize-&gt;handle(Object(Illuminate\Http\Request), Object(Closure))
#50 D:\DevCenter\abuilds\alumate\vendor\laravel\framework\src\Illuminate\Foundation\Http\Middleware\PreventRequestsDuringMaintenance.php(109): Illuminate\Pipeline\Pipeline-&gt;Illuminate\Pipeline\{closure}(Object(Illuminate\Http\Request))
#51 D:\DevCenter\abuilds\alumate\vendor\laravel\framework\src\Illuminate\Pipeline\Pipeline.php(208): Illuminate\Foundation\Http\Middleware\PreventRequestsDuringMaintenance-&gt;handle(Object(Illuminate\Http\Request), Object(Closure))
#52 D:\DevCenter\abuilds\alumate\vendor\laravel\framework\src\Illuminate\Http\Middleware\HandleCors.php(48): Illuminate\Pipeline\Pipeline-&gt;Illuminate\Pipeline\{closure}(Object(Illuminate\Http\Request))
#53 D:\DevCenter\abuilds\alumate\vendor\laravel\framework\src\Illuminate\Pipeline\Pipeline.php(208): Illuminate\Http\Middleware\HandleCors-&gt;handle(Object(Illuminate\Http\Request), Object(Closure))
#54 D:\DevCenter\abuilds\alumate\vendor\laravel\framework\src\Illuminate\Http\Middleware\TrustProxies.php(58): Illuminate\Pipeline\Pipeline-&gt;Illuminate\Pipeline\{closure}(Object(Illuminate\Http\Request))
#55 D:\DevCenter\abuilds\alumate\vendor\laravel\framework\src\Illuminate\Pipeline\Pipeline.php(208): Illuminate\Http\Middleware\TrustProxies-&gt;handle(Object(Illuminate\Http\Request), Object(Closure))
#56 D:\DevCenter\abuilds\alumate\vendor\laravel\framework\src\Illuminate\Foundation\Http\Middleware\InvokeDeferredCallbacks.php(22): Illuminate\Pipeline\Pipeline-&gt;Illuminate\Pipeline\{closure}(Object(Illuminate\Http\Request))
#57 D:\DevCenter\abuilds\alumate\vendor\laravel\framework\src\Illuminate\Pipeline\Pipeline.php(208): Illuminate\Foundation\Http\Middleware\InvokeDeferredCallbacks-&gt;handle(Object(Illuminate\Http\Request), Object(Closure))
#58 D:\DevCenter\abuilds\alumate\vendor\laravel\framework\src\Illuminate\Http\Middleware\ValidatePathEncoding.php(26): Illuminate\Pipeline\Pipeline-&gt;Illuminate\Pipeline\{closure}(Object(Illuminate\Http\Request))
#59 D:\DevCenter\abuilds\alumate\vendor\laravel\framework\src\Illuminate\Pipeline\Pipeline.php(208): Illuminate\Http\Middleware\ValidatePathEncoding-&gt;handle(Object(Illuminate\Http\Request), Object(Closure))
#60 D:\DevCenter\abuilds\alumate\vendor\laravel\framework\src\Illuminate\Pipeline\Pipeline.php(126): Illuminate\Pipeline\Pipeline-&gt;Illuminate\Pipeline\{closure}(Object(Illuminate\Http\Request))
#61 D:\DevCenter\abuilds\alumate\vendor\laravel\framework\src\Illuminate\Foundation\Http\Kernel.php(175): Illuminate\Pipeline\Pipeline-&gt;then(Object(Closure))
#62 D:\DevCenter\abuilds\alumate\vendor\laravel\framework\src\Illuminate\Foundation\Http\Kernel.php(144): Illuminate\Foundation\Http\Kernel-&gt;sendRequestThroughRouter(Object(Illuminate\Http\Request))
#63 D:\DevCenter\abuilds\alumate\vendor\laravel\framework\src\Illuminate\Foundation\Testing\Concerns\MakesHttpRequests.php(607): Illuminate\Foundation\Http\Kernel-&gt;handle(Object(Illuminate\Http\Request))
#64 D:\DevCenter\abuilds\alumate\vendor\laravel\framework\src\Illuminate\Foundation\Testing\Concerns\MakesHttpRequests.php(397): Illuminate\Foundation\Testing\TestCase-&gt;call('POST', '/admin/homepage...', Array, Array, Array, Array)
#65 D:\DevCenter\abuilds\alumate\tests\Feature\Admin\HomepageContentControllerTest.php(86): Illuminate\Foundation\Testing\TestCase-&gt;post('/admin/homepage...', Array)
#66 D:\DevCenter\abuilds\alumate\vendor\pestphp\pest\src\Factories\TestCaseMethodFactory.php(168): P\Tests\Feature\Admin\HomepageContentControllerTest-&gt;{closure}()
#67 [internal function]: P\Tests\Feature\Admin\HomepageContentControllerTest-&gt;Pest\Factories\{closure}()
#68 D:\DevCenter\abuilds\alumate\vendor\pestphp\pest\src\Concerns\Testable.php(419): call_user_func_array(Object(Closure), Array)
#69 D:\DevCenter\abuilds\alumate\vendor\pestphp\pest\src\Support\ExceptionTrace.php(26): P\Tests\Feature\Admin\HomepageContentControllerTest-&gt;Pest\Concerns\{closure}()
#70 D:\DevCenter\abuilds\alumate\vendor\pestphp\pest\src\Concerns\Testable.php(419): Pest\Support\ExceptionTrace::ensure(Object(Closure))
#71 D:\DevCenter\abuilds\alumate\vendor\pestphp\pest\src\Concerns\Testable.php(321): P\Tests\Feature\Admin\HomepageContentControllerTest-&gt;__callClosure(Object(Closure), Array)
#72 D:\DevCenter\abuilds\alumate\vendor\pestphp\pest\src\Factories\TestCaseFactory.php(169) : eval()'d code(44): P\Tests\Feature\Admin\HomepageContentControllerTest-&gt;__runTest(Object(Closure))
#73 D:\DevCenter\abuilds\alumate\vendor\phpunit\phpunit\src\Framework\TestCase.php(1240): P\Tests\Feature\Admin\HomepageContentControllerTest-&gt;__pest_evaluable_can_bulk_update_content()
#74 D:\DevCenter\abuilds\alumate\vendor\phpunit\phpunit\src\Framework\TestCase.php(514): PHPUnit\Framework\TestCase-&gt;runTest()
#75 D:\DevCenter\abuilds\alumate\vendor\phpunit\phpunit\src\Framework\TestRunner\TestRunner.php(87): PHPUnit\Framework\TestCase-&gt;runBare()
#76 D:\DevCenter\abuilds\alumate\vendor\phpunit\phpunit\src\Framework\TestCase.php(361): PHPUnit\Framework\TestRunner-&gt;run(Object(P\Tests\Feature\Admin\HomepageContentControllerTest))
#77 D:\DevCenter\abuilds\alumate\vendor\phpunit\phpunit\src\Framework\TestSuite.php(369): PHPUnit\Framework\TestCase-&gt;run()
#78 D:\DevCenter\abuilds\alumate\vendor\phpunit\phpunit\src\Framework\TestSuite.php(369): PHPUnit\Framework\TestSuite-&gt;run()
#79 D:\DevCenter\abuilds\alumate\vendor\phpunit\phpunit\src\Framework\TestSuite.php(369): PHPUnit\Framework\TestSuite-&gt;run()
#80 D:\DevCenter\abuilds\alumate\vendor\phpunit\phpunit\src\TextUI\TestRunner.php(64): PHPUnit\Framework\TestSuite-&gt;run()
#81 D:\DevCenter\abuilds\alumate\vendor\phpunit\phpunit\src\TextUI\Application.php(210): PHPUnit\TextUI\TestRunner-&gt;run(Object(PHPUnit\TextUI\Configuration\Configuration), Object(PHPUnit\Runner\ResultCache\DefaultResultCache), Object(PHPUnit\Framework\TestSuite))
#82 D:\DevCenter\abuilds\alumate\vendor\pestphp\pest\src\Kernel.php(103): PHPUnit\TextUI\Application-&gt;run(Array)
#83 D:\DevCenter\abuilds\alumate\vendor\pestphp\pest\bin\pest(184): Pest\Kernel-&gt;handle(Array, Array)
#84 D:\DevCenter\abuilds\alumate\vendor\pestphp\pest\bin\pest(192): {closure}()
#85 {main}

Next Illuminate\Database\QueryException: SQLSTATE[25P02]: In failed sql transaction: 7 ERROR:  current transaction is aborted, commands ignored until end of transaction block (Connection: pgsql, SQL: select "roles".*, "model_has_roles"."model_id" as "pivot_model_id", "model_has_roles"."role_id" as "pivot_role_id", "model_has_roles"."model_type" as "pivot_model_type" from "roles" inner join "model_has_roles" on "roles"."id" = "model_has_roles"."role_id" where "model_has_roles"."model_id" = 4 and "model_has_roles"."model_type" = App\Models\User) in D:\DevCenter\abuilds\alumate\vendor\laravel\framework\src\Illuminate\Database\Connection.php:822
Stack trace:
#0 D:\DevCenter\abuilds\alumate\vendor\laravel\framework\src\Illuminate\Database\Connection.php(776): Illuminate\Database\Connection-&gt;runQueryCallback('select "roles"....', Array, Object(Closure))
#1 D:\DevCenter\abuilds\alumate\vendor\laravel\framework\src\Illuminate\Database\Connection.php(395): Illuminate\Database\Connection-&gt;run('select "roles"....', Array, Object(Closure))
#2 D:\DevCenter\abuilds\alumate\vendor\laravel\framework\src\Illuminate\Database\Query\Builder.php(3131): Illuminate\Database\Connection-&gt;select('select "roles"....', Array, true)
#3 D:\DevCenter\abuilds\alumate\vendor\laravel\framework\src\Illuminate\Database\Query\Builder.php(3116): Illuminate\Database\Query\Builder-&gt;runSelect()
#4 D:\DevCenter\abuilds\alumate\vendor\laravel\framework\src\Illuminate\Database\Query\Builder.php(3706): Illuminate\Database\Query\Builder-&gt;Illuminate\Database\Query\{closure}()
#5 D:\DevCenter\abuilds\alumate\vendor\laravel\framework\src\Illuminate\Database\Query\Builder.php(3115): Illuminate\Database\Query\Builder-&gt;onceWithColumns(Array, Object(Closure))
#6 D:\DevCenter\abuilds\alumate\vendor\laravel\framework\src\Illuminate\Database\Eloquent\Builder.php(872): Illuminate\Database\Query\Builder-&gt;get(Array)
#7 D:\DevCenter\abuilds\alumate\vendor\laravel\framework\src\Illuminate\Database\Eloquent\Relations\BelongsToMany.php(910): Illuminate\Database\Eloquent\Builder-&gt;getModels()
#8 D:\DevCenter\abuilds\alumate\vendor\laravel\framework\src\Illuminate\Database\Eloquent\Relations\BelongsToMany.php(894): Illuminate\Database\Eloquent\Relations\BelongsToMany-&gt;get()
#9 D:\DevCenter\abuilds\alumate\vendor\laravel\framework\src\Illuminate\Database\Eloquent\Concerns\HasAttributes.php(634): Illuminate\Database\Eloquent\Relations\BelongsToMany-&gt;getResults()
#10 D:\DevCenter\abuilds\alumate\vendor\laravel\framework\src\Illuminate\Database\Eloquent\Concerns\HasAttributes.php(572): Illuminate\Database\Eloquent\Model-&gt;getRelationshipFromMethod('roles')
#11 D:\DevCenter\abuilds\alumate\vendor\laravel\framework\src\Illuminate\Database\Eloquent\Concerns\HasAttributes.php(493): Illuminate\Database\Eloquent\Model-&gt;getRelationValue('roles')
#12 D:\DevCenter\abuilds\alumate\vendor\laravel\framework\src\Illuminate\Database\Eloquent\Model.php(2405): Illuminate\Database\Eloquent\Model-&gt;getAttribute('roles')
#13 D:\DevCenter\abuilds\alumate\app\Http\Middleware\HandleInertiaRequests.php(52): Illuminate\Database\Eloquent\Model-&gt;__get('roles')
#14 D:\DevCenter\abuilds\alumate\vendor\inertiajs\inertia-laravel\src\Middleware.php(93): App\Http\Middleware\HandleInertiaRequests-&gt;share(Object(Illuminate\Http\Request))
#15 D:\DevCenter\abuilds\alumate\vendor\laravel\framework\src\Illuminate\Pipeline\Pipeline.php(208): Inertia\Middleware-&gt;handle(Object(Illuminate\Http\Request), Object(Closure))
#16 D:\DevCenter\abuilds\alumate\app\Http\Middleware\HandleAppearance.php(21): Illuminate\Pipeline\Pipeline-&gt;Illuminate\Pipeline\{closure}(Object(Illuminate\Http\Request))
#17 D:\DevCenter\abuilds\alumate\vendor\laravel\framework\src\Illuminate\Pipeline\Pipeline.php(208): App\Http\Middleware\HandleAppearance-&gt;handle(Object(Illuminate\Http\Request), Object(Closure))
#18 D:\DevCenter\abuilds\alumate\vendor\laravel\framework\src\Illuminate\Routing\Middleware\SubstituteBindings.php(50): Illuminate\Pipeline\Pipeline-&gt;Illuminate\Pipeline\{closure}(Object(Illuminate\Http\Request))
#19 D:\DevCenter\abuilds\alumate\vendor\laravel\framework\src\Illuminate\Pipeline\Pipeline.php(208): Illuminate\Routing\Middleware\SubstituteBindings-&gt;handle(Object(Illuminate\Http\Request), Object(Closure))
#20 D:\DevCenter\abuilds\alumate\vendor\laravel\framework\src\Illuminate\Auth\Middleware\Authenticate.php(63): Illuminate\Pipeline\Pipeline-&gt;Illuminate\Pipeline\{closure}(Object(Illuminate\Http\Request))
#21 D:\DevCenter\abuilds\alumate\vendor\laravel\framework\src\Illuminate\Pipeline\Pipeline.php(208): Illuminate\Auth\Middleware\Authenticate-&gt;handle(Object(Illuminate\Http\Request), Object(Closure))
#22 D:\DevCenter\abuilds\alumate\vendor\laravel\framework\src\Illuminate\Foundation\Http\Middleware\VerifyCsrfToken.php(87): Illuminate\Pipeline\Pipeline-&gt;Illuminate\Pipeline\{closure}(Object(Illuminate\Http\Request))
#23 D:\DevCenter\abuilds\alumate\vendor\laravel\framework\src\Illuminate\Pipeline\Pipeline.php(208): Illuminate\Foundation\Http\Middleware\VerifyCsrfToken-&gt;handle(Object(Illuminate\Http\Request), Object(Closure))
#24 D:\DevCenter\abuilds\alumate\vendor\laravel\framework\src\Illuminate\View\Middleware\ShareErrorsFromSession.php(48): Illuminate\Pipeline\Pipeline-&gt;Illuminate\Pipeline\{closure}(Object(Illuminate\Http\Request))
#25 D:\DevCenter\abuilds\alumate\vendor\laravel\framework\src\Illuminate\Pipeline\Pipeline.php(208): Illuminate\View\Middleware\ShareErrorsFromSession-&gt;handle(Object(Illuminate\Http\Request), Object(Closure))
#26 D:\DevCenter\abuilds\alumate\vendor\laravel\framework\src\Illuminate\Session\Middleware\StartSession.php(120): Illuminate\Pipeline\Pipeline-&gt;Illuminate\Pipeline\{closure}(Object(Illuminate\Http\Request))
#27 D:\DevCenter\abuilds\alumate\vendor\laravel\framework\src\Illuminate\Session\Middleware\StartSession.php(63): Illuminate\Session\Middleware\StartSession-&gt;handleStatefulRequest(Object(Illuminate\Http\Request), Object(Illuminate\Session\Store), Object(Closure))
#28 D:\DevCenter\abuilds\alumate\vendor\laravel\framework\src\Illuminate\Pipeline\Pipeline.php(208): Illuminate\Session\Middleware\StartSession-&gt;handle(Object(Illuminate\Http\Request), Object(Closure))
#29 D:\DevCenter\abuilds\alumate\vendor\laravel\framework\src\Illuminate\Cookie\Middleware\AddQueuedCookiesToResponse.php(36): Illuminate\Pipeline\Pipeline-&gt;Illuminate\Pipeline\{closure}(Object(Illuminate\Http\Request))
#30 D:\DevCenter\abuilds\alumate\vendor\laravel\framework\src\Illuminate\Pipeline\Pipeline.php(208): Illuminate\Cookie\Middleware\AddQueuedCookiesToResponse-&gt;handle(Object(Illuminate\Http\Request), Object(Closure))
#31 D:\DevCenter\abuilds\alumate\vendor\laravel\framework\src\Illuminate\Cookie\Middleware\EncryptCookies.php(74): Illuminate\Pipeline\Pipeline-&gt;Illuminate\Pipeline\{closure}(Object(Illuminate\Http\Request))
#32 D:\DevCenter\abuilds\alumate\vendor\laravel\framework\src\Illuminate\Pipeline\Pipeline.php(208): Illuminate\Cookie\Middleware\EncryptCookies-&gt;handle(Object(Illuminate\Http\Request), Object(Closure))
#33 D:\DevCenter\abuilds\alumate\vendor\laravel\framework\src\Illuminate\Pipeline\Pipeline.php(126): Illuminate\Pipeline\Pipeline-&gt;Illuminate\Pipeline\{closure}(Object(Illuminate\Http\Request))
#34 D:\DevCenter\abuilds\alumate\vendor\laravel\framework\src\Illuminate\Routing\Router.php(807): Illuminate\Pipeline\Pipeline-&gt;then(Object(Closure))
#35 D:\DevCenter\abuilds\alumate\vendor\laravel\framework\src\Illuminate\Routing\Router.php(786): Illuminate\Routing\Router-&gt;runRouteWithinStack(Object(Illuminate\Routing\Route), Object(Illuminate\Http\Request))
#36 D:\DevCenter\abuilds\alumate\vendor\laravel\framework\src\Illuminate\Routing\Router.php(750): Illuminate\Routing\Router-&gt;runRoute(Object(Illuminate\Http\Request), Object(Illuminate\Routing\Route))
#37 D:\DevCenter\abuilds\alumate\vendor\laravel\framework\src\Illuminate\Routing\Router.php(739): Illuminate\Routing\Router-&gt;dispatchToRoute(Object(Illuminate\Http\Request))
#38 D:\DevCenter\abuilds\alumate\vendor\laravel\framework\src\Illuminate\Foundation\Http\Kernel.php(200): Illuminate\Routing\Router-&gt;dispatch(Object(Illuminate\Http\Request))
#39 D:\DevCenter\abuilds\alumate\vendor\laravel\framework\src\Illuminate\Pipeline\Pipeline.php(169): Illuminate\Foundation\Http\Kernel-&gt;Illuminate\Foundation\Http\{closure}(Object(Illuminate\Http\Request))
#40 D:\DevCenter\abuilds\alumate\vendor\laravel\framework\src\Illuminate\Foundation\Http\Middleware\TransformsRequest.php(21): Illuminate\Pipeline\Pipeline-&gt;Illuminate\Pipeline\{closure}(Object(Illuminate\Http\Request))
#41 D:\DevCenter\abuilds\alumate\vendor\laravel\framework\src\Illuminate\Foundation\Http\Middleware\ConvertEmptyStringsToNull.php(31): Illuminate\Foundation\Http\Middleware\TransformsRequest-&gt;handle(Object(Illuminate\Http\Request), Object(Closure))
#42 D:\DevCenter\abuilds\alumate\vendor\laravel\framework\src\Illuminate\Pipeline\Pipeline.php(208): Illuminate\Foundation\Http\Middleware\ConvertEmptyStringsToNull-&gt;handle(Object(Illuminate\Http\Request), Object(Closure))
#43 D:\DevCenter\abuilds\alumate\vendor\laravel\framework\src\Illuminate\Foundation\Http\Middleware\TransformsRequest.php(21): Illuminate\Pipeline\Pipeline-&gt;Illuminate\Pipeline\{closure}(Object(Illuminate\Http\Request))
#44 D:\DevCenter\abuilds\alumate\vendor\laravel\framework\src\Illuminate\Foundation\Http\Middleware\TrimStrings.php(51): Illuminate\Foundation\Http\Middleware\TransformsRequest-&gt;handle(Object(Illuminate\Http\Request), Object(Closure))
#45 D:\DevCenter\abuilds\alumate\vendor\laravel\framework\src\Illuminate\Pipeline\Pipeline.php(208): Illuminate\Foundation\Http\Middleware\TrimStrings-&gt;handle(Object(Illuminate\Http\Request), Object(Closure))
#46 D:\DevCenter\abuilds\alumate\vendor\laravel\framework\src\Illuminate\Http\Middleware\ValidatePostSize.php(27): Illuminate\Pipeline\Pipeline-&gt;Illuminate\Pipeline\{closure}(Object(Illuminate\Http\Request))
#47 D:\DevCenter\abuilds\alumate\vendor\laravel\framework\src\Illuminate\Pipeline\Pipeline.php(208): Illuminate\Http\Middleware\ValidatePostSize-&gt;handle(Object(Illuminate\Http\Request), Object(Closure))
#48 D:\DevCenter\abuilds\alumate\vendor\laravel\framework\src\Illuminate\Foundation\Http\Middleware\PreventRequestsDuringMaintenance.php(109): Illuminate\Pipeline\Pipeline-&gt;Illuminate\Pipeline\{closure}(Object(Illuminate\Http\Request))
#49 D:\DevCenter\abuilds\alumate\vendor\laravel\framework\src\Illuminate\Pipeline\Pipeline.php(208): Illuminate\Foundation\Http\Middleware\PreventRequestsDuringMaintenance-&gt;handle(Object(Illuminate\Http\Request), Object(Closure))
#50 D:\DevCenter\abuilds\alumate\vendor\laravel\framework\src\Illuminate\Http\Middleware\HandleCors.php(48): Illuminate\Pipeline\Pipeline-&gt;Illuminate\Pipeline\{closure}(Object(Illuminate\Http\Request))
[...]
#50 D:\DevCenter\abuilds\alumate\vendor\laravel\framework\src\Illuminate\Http\Middleware\HandleCors.php(48): Illuminate\Pipeline\Pipeline-&gt;Illuminate\Pipeline\{closure}(Object(Illuminate\Http\Request))
#51 D:\DevCenter\abuilds\alumate\vendor\laravel\framework\src\Illuminate\Pipeline\Pipeline.php(208): Illuminate\Http\Middleware\HandleCors-&gt;handle(Object(Illuminate\Http\Request), Object(Closure))
#52 D:\DevCenter\abuilds\alumate\vendor\laravel\framework\src\Illuminate\Http\Middleware\TrustProxies.php(58): Illuminate\Pipeline\Pipeline-&gt;Illuminate\Pipeline\{closure}(Object(Illuminate\Http\Request))
#53 D:\DevCenter\abuilds\alumate\vendor\laravel\framework\src\Illuminate\Pipeline\Pipeline.php(208): Illuminate\Http\Middleware\TrustProxies-&gt;handle(Object(Illuminate\Http\Request), Object(Closure))
#54 D:\DevCenter\abuilds\alumate\vendor\laravel\framework\src\Illuminate\Foundation\Http\Middleware\InvokeDeferredCallbacks.php(22): Illuminate\Pipeline\Pipeline-&gt;Illuminate\Pipeline\{closure}(Object(Illuminate\Http\Request))
#55 D:\DevCenter\abuilds\alumate\vendor\laravel\framework\src\Illuminate\Pipeline\Pipeline.php(208): Illuminate\Foundation\Http\Middleware\InvokeDeferredCallbacks-&gt;handle(Object(Illuminate\Http\Request), Object(Closure))
#56 D:\DevCenter\abuilds\alumate\vendor\laravel\framework\src\Illuminate\Http\Middleware\ValidatePathEncoding.php(26): Illuminate\Pipeline\Pipeline-&gt;Illuminate\Pipeline\{closure}(Object(Illuminate\Http\Request))
#57 D:\DevCenter\abuilds\alumate\vendor\laravel\framework\src\Illuminate\Pipeline\Pipeline.php(208): Illuminate\Http\Middleware\ValidatePathEncoding-&gt;handle(Object(Illuminate\Http\Request), Object(Closure))
#58 D:\DevCenter\abuilds\alumate\vendor\laravel\framework\src\Illuminate\Pipeline\Pipeline.php(126): Illuminate\Pipeline\Pipeline-&gt;Illuminate\Pipeline\{closure}(Object(Illuminate\Http\Request))
#59 D:\DevCenter\abuilds\alumate\vendor\laravel\framework\src\Illuminate\Foundation\Http\Kernel.php(175): Illuminate\Pipeline\Pipeline-&gt;then(Object(Closure))
#60 D:\DevCenter\abuilds\alumate\vendor\laravel\framework\src\Illuminate\Foundation\Http\Kernel.php(144): Illuminate\Foundation\Http\Kernel-&gt;sendRequestThroughRouter(Object(Illuminate\Http\Request))
#61 D:\DevCenter\abuilds\alumate\vendor\laravel\framework\src\Illuminate\Foundation\Testing\Concerns\MakesHttpRequests.php(607): Illuminate\Foundation\Http\Kernel-&gt;handle(Object(Illuminate\Http\Request))
#62 D:\DevCenter\abuilds\alumate\vendor\laravel\framework\src\Illuminate\Foundation\Testing\Concerns\MakesHttpRequests.php(397): Illuminate\Foundation\Testing\TestCase-&gt;call('POST', '/admin/homepage...', Array, Array, Array, Array)
#63 D:\DevCenter\abuilds\alumate\tests\Feature\Admin\HomepageContentControllerTest.php(321): Illuminate\Foundation\Testing\TestCase-&gt;post('/admin/homepage...', Array)
#64 D:\DevCenter\abuilds\alumate\vendor\pestphp\pest\src\Factories\TestCaseMethodFactory.php(168): P\Tests\Feature\Admin\HomepageContentControllerTest-&gt;{closure}()
#65 [internal function]: P\Tests\Feature\Admin\HomepageContentControllerTest-&gt;Pest\Factories\{closure}()
#66 D:\DevCenter\abuilds\alumate\vendor\pestphp\pest\src\Concerns\Testable.php(419): call_user_func_array(Object(Closure), Array)
#67 D:\DevCenter\abuilds\alumate\vendor\pestphp\pest\src\Support\ExceptionTrace.php(26): P\Tests\Feature\Admin\HomepageContentControllerTest-&gt;Pest\Concerns\{closure}()
#68 D:\DevCenter\abuilds\alumate\vendor\pestphp\pest\src\Concerns\Testable.php(419): Pest\Support\ExceptionTrace::ensure(Object(Closure))
#69 D:\DevCenter\abuilds\alumate\vendor\pestphp\pest\src\Concerns\Testable.php(321): P\Tests\Feature\Admin\HomepageContentControllerTest-&gt;__callClosure(Object(Closure), Array)
#70 D:\DevCenter\abuilds\alumate\vendor\pestphp\pest\src\Factories\TestCaseFactory.php(169) : eval()'d code(143): P\Tests\Feature\Admin\HomepageContentControllerTest-&gt;__runTest(Object(Closure))
#71 D:\DevCenter\abuilds\alumate\vendor\phpunit\phpunit\src\Framework\TestCase.php(1240): P\Tests\Feature\Admin\HomepageContentControllerTest-&gt;__pest_evaluable_validates_bulk_update_request()
#72 D:\DevCenter\abuilds\alumate\vendor\phpunit\phpunit\src\Framework\TestCase.php(514): PHPUnit\Framework\TestCase-&gt;runTest()
#73 D:\DevCenter\abuilds\alumate\vendor\phpunit\phpunit\src\Framework\TestRunner\TestRunner.php(87): PHPUnit\Framework\TestCase-&gt;runBare()
#74 D:\DevCenter\abuilds\alumate\vendor\phpunit\phpunit\src\Framework\TestCase.php(361): PHPUnit\Framework\TestRunner-&gt;run(Object(P\Tests\Feature\Admin\HomepageContentControllerTest))
#75 D:\DevCenter\abuilds\alumate\vendor\phpunit\phpunit\src\Framework\TestSuite.php(369): PHPUnit\Framework\TestCase-&gt;run()
#76 D:\DevCenter\abuilds\alumate\vendor\phpunit\phpunit\src\Framework\TestSuite.php(369): PHPUnit\Framework\TestSuite-&gt;run()
#77 D:\DevCenter\abuilds\alumate\vendor\phpunit\phpunit\src\Framework\TestSuite.php(369): PHPUnit\Framework\TestSuite-&gt;run()
#78 D:\DevCenter\abuilds\alumate\vendor\phpunit\phpunit\src\TextUI\TestRunner.php(64): PHPUnit\Framework\TestSuite-&gt;run()
#79 D:\DevCenter\abuilds\alumate\vendor\phpunit\phpunit\src\TextUI\Application.php(210): PHPUnit\TextUI\TestRunner-&gt;run(Object(PHPUnit\TextUI\Configuration\Configuration), Object(PHPUnit\Runner\ResultCache\DefaultResultCache), Object(PHPUnit\Framework\TestSuite))
#80 D:\DevCenter\abuilds\alumate\vendor\pestphp\pest\src\Kernel.php(103): PHPUnit\TextUI\Application-&gt;run(Array)
#81 D:\DevCenter\abuilds\alumate\vendor\pestphp\pest\bin\pest(184): Pest\Kernel-&gt;handle(Array, Array)
#82 D:\DevCenter\abuilds\alumate\vendor\pestphp\pest\bin\pest(192): {closure}()
#83 {main}

----------------------------------------------------------------------------------

SQLSTATE[25P02]: In failed sql transaction: 7 ERROR:  current transaction is aborted, commands ignored until end of transaction block (Connection: pgsql, SQL: select "roles".*, "model_has_roles"."model_id" as "pivot_model_id", "model_has_roles"."role_id" as "pivot_role_id", "model_has_roles"."model_type" as "pivot_model_type" from "roles" inner join "model_has_roles" on "roles"."id" = "model_has_roles"."role_id" where "model_has_roles"."model_id" = 15 and "model_has_roles"."model_type" = App\Models\User)&#13;
&#13;
at vendor\laravel\framework\src\Illuminate\Testing\TestResponseAssert.php:45
at vendor\laravel\framework\src\Illuminate\Testing\TestResponse.php:174
at tests\Feature\Admin\HomepageContentControllerTest.php:332</failure>
        </testcase>
      </testsuite>
      <testsuite name="Tests\Feature\DeploymentVerificationTest" file="Deployment Verification (Tests\Feature\DeploymentVerification)" tests="1" assertions="2" errors="0" failures="1" skipped="0" time="5.053663">
        <testcase name="It can run homepage migrations" file="Deployment Verification (Tests\Feature\DeploymentVerification)::It can run homepage migrations" class="Tests\Feature\DeploymentVerificationTest" classname="Tests.Feature.DeploymentVerificationTest" assertions="2" time="5.053663">
          <failure type="PHPUnit\Framework\ExpectationFailedException">It can run homepage migrationsFailed asserting that null is not null.&#13;
at tests\Feature\DeploymentVerificationTest.php:100</failure>
        </testcase>
      </testsuite>
      <testsuite name="Tests\Feature\HeroSectionTest" file="Hero Section (Tests\Feature\HeroSection)" tests="3" assertions="32" errors="1" failures="0" skipped="0" time="12.695136">
        <testcase name="Homepage loads with individual audience" file="Hero Section (Tests\Feature\HeroSection)::Homepage loads with individual audience" class="Tests\Feature\HeroSectionTest" classname="Tests.Feature.HeroSectionTest" assertions="15" time="9.600507"/>
        <testcase name="Homepage loads with institutional audience" file="Hero Section (Tests\Feature\HeroSection)::Homepage loads with institutional audience" class="Tests\Feature\HeroSectionTest" classname="Tests.Feature.HeroSectionTest" assertions="15" time="1.761025"/>
        <testcase name="Homepage service provides dual audience content" file="Hero Section (Tests\Feature\HeroSection)::Homepage service provides dual audience content" class="Tests\Feature\HeroSectionTest" classname="Tests.Feature.HeroSectionTest" assertions="2" time="1.333603">
          <error type="Error">Homepage service provides dual audience contentError: Call to undefined method Tests\Feature\HeroSectionTest::assertStringContains()&#13;
at tests\Feature\HeroSectionTest.php:87</error>
        </testcase>
      </testsuite>
      <testsuite name="Tests\Feature\HomepageControllerTest" file="tests\Feature\HomepageControllerTest.php" tests="3" assertions="16" errors="3" failures="0" skipped="0" time="7.648989">
        <testcase name="index handles null service responses gracefully" file="tests\Feature\HomepageControllerTest.php::index handles null service responses gracefully" class="Tests\Feature\HomepageControllerTest" classname="Tests.Feature.HomepageControllerTest" assertions="6" time="5.246125">
          <error type="TypeError">index handles null service responses gracefullyTypeError: Mockery_2_App_Services_HomepageService::getPersonalizedContent(): Return value must be of type array, null returned&#13;
at app\Http\Controllers\HomepageController.php:34
at tests\Feature\HomepageControllerTest.php:103</error>
        </testcase>
        <testcase name="institutional handles malformed ab tests safely" file="tests\Feature\HomepageControllerTest.php::institutional handles malformed ab tests safely" class="Tests\Feature\HomepageControllerTest" classname="Tests.Feature.HomepageControllerTest" assertions="5" time="1.200292">
          <error type="Mockery\Exception\BadMethodCallException">institutional handles malformed ab tests safelyMockery\Exception\BadMethodCallException: Received Mockery_2_App_Services_HomepageService::applyABTestVariants(), but no expectations were specified&#13;
at app\Http\Controllers\HomepageController.php:131
at tests\Feature\HomepageControllerTest.php:186</error>
        </testcase>
        <testcase name="getMetaData falls back to hero and defaults" file="tests\Feature\HomepageControllerTest.php::getMetaData falls back to hero and defaults" class="Tests\Feature\HomepageControllerTest" classname="Tests.Feature.HomepageControllerTest" assertions="5" time="1.202573">
          <error type="BadMethodCallException">getMetaData falls back to hero and defaultsBadMethodCallException: Method Inertia\Response::getOriginalContent does not exist.&#13;
at vendor\laravel\framework\src\Illuminate\Macroable\Traits\Macroable.php:115
at tests\Feature\HomepageControllerTest.php:250</error>
        </testcase>
      </testsuite>
      <testsuite name="Tests\Feature\Homepage\MonitoringAlertingTest" file="Monitoring Alerting (Tests\Feature\Homepage\MonitoringAlerting)" tests="11" assertions="0" errors="11" failures="0" skipped="0" time="0.000000">
        <testcase name="Uptime monitoring detects down endpoints" file="Monitoring Alerting (Tests\Feature\Homepage\MonitoringAlerting)::Uptime monitoring detects down endpoints" class="Tests\Feature\Homepage\MonitoringAlertingTest" classname="Tests.Feature.Homepage.MonitoringAlertingTest" assertions="0" time="0.000000">
          <error type="Error">Uptime monitoring detects down endpointsError: Call to undefined method Monolog\Logger::fake()&#13;
at vendor\laravel\framework\src\Illuminate\Log\Logger.php:313
at vendor\laravel\framework\src\Illuminate\Log\LogManager.php:790
at vendor\laravel\framework\src\Illuminate\Support\Facades\Facade.php:361
at tests\Feature\Homepage\MonitoringAlertingTest.php:25</error>
        </testcase>
        <testcase name="Performance alert is sent when threshold exceeded" file="Monitoring Alerting (Tests\Feature\Homepage\MonitoringAlerting)::Performance alert is sent when threshold exceeded" class="Tests\Feature\Homepage\MonitoringAlertingTest" classname="Tests.Feature.Homepage.MonitoringAlertingTest" assertions="0" time="0.000000">
          <error type="Error">Performance alert is sent when threshold exceededError: Call to undefined method Monolog\Logger::fake()&#13;
at vendor\laravel\framework\src\Illuminate\Log\Logger.php:313
at vendor\laravel\framework\src\Illuminate\Log\LogManager.php:790
at vendor\laravel\framework\src\Illuminate\Support\Facades\Facade.php:361
at tests\Feature\Homepage\MonitoringAlertingTest.php:25</error>
        </testcase>
        <testcase name="Error alert is sent with proper rate limiting" file="Monitoring Alerting (Tests\Feature\Homepage\MonitoringAlerting)::Error alert is sent with proper rate limiting" class="Tests\Feature\Homepage\MonitoringAlertingTest" classname="Tests.Feature.Homepage.MonitoringAlertingTest" assertions="0" time="0.000000">
          <error type="Error">Error alert is sent with proper rate limitingError: Call to undefined method Monolog\Logger::fake()&#13;
at vendor\laravel\framework\src\Illuminate\Log\Logger.php:313
at vendor\laravel\framework\src\Illuminate\Log\LogManager.php:790
at vendor\laravel\framework\src\Illuminate\Support\Facades\Facade.php:361
at tests\Feature\Homepage\MonitoringAlertingTest.php:25</error>
        </testcase>
        <testcase name="Conversion monitoring detects low conversion rates" file="Monitoring Alerting (Tests\Feature\Homepage\MonitoringAlerting)::Conversion monitoring detects low conversion rates" class="Tests\Feature\Homepage\MonitoringAlertingTest" classname="Tests.Feature.Homepage.MonitoringAlertingTest" assertions="0" time="0.000000">
          <error type="Error">Conversion monitoring detects low conversion ratesError: Call to undefined method Monolog\Logger::fake()&#13;
at vendor\laravel\framework\src\Illuminate\Log\Logger.php:313
at vendor\laravel\framework\src\Illuminate\Log\LogManager.php:790
at vendor\laravel\framework\src\Illuminate\Support\Facades\Facade.php:361
at tests\Feature\Homepage\MonitoringAlertingTest.php:25</error>
        </testcase>
        <testcase name="Security monitoring detects suspicious activity" file="Monitoring Alerting (Tests\Feature\Homepage\MonitoringAlerting)::Security monitoring detects suspicious activity" class="Tests\Feature\Homepage\MonitoringAlertingTest" classname="Tests.Feature.Homepage.MonitoringAlertingTest" assertions="0" time="0.000000">
          <error type="Error">Security monitoring detects suspicious activityError: Call to undefined method Monolog\Logger::fake()&#13;
at vendor\laravel\framework\src\Illuminate\Log\Logger.php:313
at vendor\laravel\framework\src\Illuminate\Log\LogManager.php:790
at vendor\laravel\framework\src\Illuminate\Support\Facades\Facade.php:361
at tests\Feature\Homepage\MonitoringAlertingTest.php:25</error>
        </testcase>
        <testcase name="Alert notification email is sent" file="Monitoring Alerting (Tests\Feature\Homepage\MonitoringAlerting)::Alert notification email is sent" class="Tests\Feature\Homepage\MonitoringAlertingTest" classname="Tests.Feature.Homepage.MonitoringAlertingTest" assertions="0" time="0.000000">
          <error type="Error">Alert notification email is sentError: Call to undefined method Monolog\Logger::fake()&#13;
at vendor\laravel\framework\src\Illuminate\Log\Logger.php:313
at vendor\laravel\framework\src\Illuminate\Log\LogManager.php:790
at vendor\laravel\framework\src\Illuminate\Support\Facades\Facade.php:361
at tests\Feature\Homepage\MonitoringAlertingTest.php:25</error>
        </testcase>
        <testcase name="Slack alert is sent when configured" file="Monitoring Alerting (Tests\Feature\Homepage\MonitoringAlerting)::Slack alert is sent when configured" class="Tests\Feature\Homepage\MonitoringAlertingTest" classname="Tests.Feature.Homepage.MonitoringAlertingTest" assertions="0" time="0.000000">
          <error type="Error">Slack alert is sent when configuredError: Call to undefined method Monolog\Logger::fake()&#13;
at vendor\laravel\framework\src\Illuminate\Log\Logger.php:313
at vendor\laravel\framework\src\Illuminate\Log\LogManager.php:790
at vendor\laravel\framework\src\Illuminate\Support\Facades\Facade.php:361
at tests\Feature\Homepage\MonitoringAlertingTest.php:25</error>
        </testcase>
        <testcase name="Sentry integration captures alerts" file="Monitoring Alerting (Tests\Feature\Homepage\MonitoringAlerting)::Sentry integration captures alerts" class="Tests\Feature\Homepage\MonitoringAlertingTest" classname="Tests.Feature.Homepage.MonitoringAlertingTest" assertions="0" time="0.000000">
          <error type="Error">Sentry integration captures alertsError: Call to undefined method Monolog\Logger::fake()&#13;
at vendor\laravel\framework\src\Illuminate\Log\Logger.php:313
at vendor\laravel\framework\src\Illuminate\Log\LogManager.php:790
at vendor\laravel\framework\src\Illuminate\Support\Facades\Facade.php:361
at tests\Feature\Homepage\MonitoringAlertingTest.php:25</error>
        </testcase>
        <testcase name="Monitoring dashboard returns comprehensive data" file="Monitoring Alerting (Tests\Feature\Homepage\MonitoringAlerting)::Monitoring dashboard returns comprehensive data" class="Tests\Feature\Homepage\MonitoringAlertingTest" classname="Tests.Feature.Homepage.MonitoringAlertingTest" assertions="0" time="0.000000">
          <error type="Error">Monitoring dashboard returns comprehensive dataError: Call to undefined method Monolog\Logger::fake()&#13;
at vendor\laravel\framework\src\Illuminate\Log\Logger.php:313
at vendor\laravel\framework\src\Illuminate\Log\LogManager.php:790
at vendor\laravel\framework\src\Illuminate\Support\Facades\Facade.php:361
at tests\Feature\Homepage\MonitoringAlertingTest.php:25</error>
        </testcase>
        <testcase name="Health check endpoint returns proper status" file="Monitoring Alerting (Tests\Feature\Homepage\MonitoringAlerting)::Health check endpoint returns proper status" class="Tests\Feature\Homepage\MonitoringAlertingTest" classname="Tests.Feature.Homepage.MonitoringAlertingTest" assertions="0" time="0.000000">
          <error type="Error">Health check endpoint returns proper statusError: Call to undefined method Monolog\Logger::fake()&#13;
at vendor\laravel\framework\src\Illuminate\Log\Logger.php:313
at vendor\laravel\framework\src\Illuminate\Log\LogManager.php:790
at vendor\laravel\framework\src\Illuminate\Support\Facades\Facade.php:361
at tests\Feature\Homepage\MonitoringAlertingTest.php:25</error>
        </testcase>
        <testcase name="Monitoring command runs successfully" file="Monitoring Alerting (Tests\Feature\Homepage\MonitoringAlerting)::Monitoring command runs successfully" class="Tests\Feature\Homepage\MonitoringAlertingTest" classname="Tests.Feature.Homepage.MonitoringAlertingTest" assertions="0" time="0.000000">
          <error type="Error">Monitoring command runs successfullyError: Call to undefined method Monolog\Logger::fake()&#13;
at vendor\laravel\framework\src\Illuminate\Log\Logger.php:313
at vendor\laravel\framework\src\Illuminate\Log\LogManager.php:790
at vendor\laravel\framework\src\Illuminate\Support\Facades\Facade.php:361
at tests\Feature\Homepage\MonitoringAlertingTest.php:25</error>
        </testcase>
      </testsuite>
    </testsuite>
    <testsuite name="Performance" tests="0" assertions="0" errors="9" failures="5" skipped="0" time="0.000000">
      <testsuite name="Tests\Performance\AccessibilityComplianceTest" file="Accessibility Compliance (Tests\Performance\AccessibilityCompliance)" tests="0" assertions="0" errors="0" failures="1" skipped="0" time="0.000000"/>
      <testsuite name="Tests\Performance\BundleOptimizationTest" file="Bundle Optimization (Tests\Performance\BundleOptimization)" tests="0" assertions="0" errors="0" failures="1" skipped="0" time="0.000000"/>
      <testsuite name="Tests\Performance\HomepagePerformanceTest" file="Homepage Performance (Tests\Performance\HomepagePerformance)" tests="0" assertions="0" errors="9" failures="3" skipped="0" time="0.000000"/>
    </testsuite>
  </testsuite>
</testsuites>
