<?xml version="1.0" encoding="UTF-8"?>
<testsuites>
  <testsuite name="CLI Arguments" tests="35" assertions="55" errors="10" failures="12" skipped="0" time="66.275982">
    <testsuite name="Tests\Unit\Models\ComponentTest" file="Component (Tests\Unit\Models\Component)" tests="28" assertions="38" errors="10" failures="11" skipped="0" time="60.416436">
      <testcase name="Fillable attributes" file="Component (Tests\Unit\Models\Component)::Fillable attributes" class="Tests\Unit\Models\ComponentTest" classname="Tests.Unit.Models.ComponentTest" assertions="9" time="31.865060"/>
      <testcase name="Cast attributes" file="Component (Tests\Unit\Models\Component)::Cast attributes" class="Tests\Unit\Models\ComponentTest" classname="Tests.Unit.Models.ComponentTest" assertions="4" time="0.756274">
        <failure type="PHPUnit\Framework\ExpectationFailedException">Cast attributesFailed asserting that an array has the key 'is_template'.&#13;
at tests\Unit\Models\ComponentTest.php:52</failure>
      </testcase>
      <testcase name="Hidden attributes" file="Component (Tests\Unit\Models\Component)::Hidden attributes" class="Tests\Unit\Models\ComponentTest" classname="Tests.Unit.Models.ComponentTest" assertions="1" time="0.737613"/>
      <testcase name="Belongs to tenant relationship" file="Component (Tests\Unit\Models\Component)::Belongs to tenant relationship" class="Tests\Unit\Models\ComponentTest" classname="Tests.Unit.Models.ComponentTest" assertions="1" time="1.624378">
        <failure type="PHPUnit\Framework\ExpectationFailedException">Belongs to tenant relationshipFailed asserting that null is an instance of class App\Models\Tenant.&#13;
at tests\Unit\Models\ComponentTest.php:81</failure>
      </testcase>
      <testcase name="Belongs to theme relationship" file="Component (Tests\Unit\Models\Component)::Belongs to theme relationship" class="Tests\Unit\Models\ComponentTest" classname="Tests.Unit.Models.ComponentTest" assertions="0" time="1.093956">
        <error type="Illuminate\Database\QueryException">Belongs to theme relationshipIlluminate\Database\QueryException: SQLSTATE[23503]: Foreign key violation: 7 ERROR:  insert or update on table "component_themes" violates foreign key constraint "component_themes_tenant_id_foreign"
DETAIL:  Key (tenant_id)=(1) is not present in table "tenants". (Connection: pgsql, Host: 127.0.0.1, Port: 5433, Database: alumate_testing, SQL: insert into "component_themes" ("tenant_id", "name", "slug", "config", "is_default", "updated_at", "created_at") values (1, Test Theme 262, test-theme-262, {"colors":{"primary":"#22ab64","secondary":"#c1298e","accent":"#fde311","background":"#ffffff","text":"#333333"},"typography":{"font_family":"Arial, sans-serif","heading_font":"Georgia, serif","font_sizes":{"base":"16px","heading":"2rem"},"line_height":1.6},"spacing":{"base":"1rem","small":"0.5rem","large":"2rem","section_padding":"1.5rem"},"borders":{"radius":"4px","width":"1px"},"animations":{"duration":"0.3s","easing":"ease"}}, 0, 2026-02-14 19:40:28, 2026-02-14 19:40:28) returning "id")&#13;
at vendor\laravel\framework\src\Illuminate\Database\Connection.php:425
at vendor\laravel\framework\src\Illuminate\Database\Connection.php:827
at vendor\laravel\framework\src\Illuminate\Database\Connection.php:794
at vendor\laravel\framework\src\Illuminate\Database\Connection.php:411
at vendor\laravel\framework\src\Illuminate\Database\Connection.php:398
at vendor\laravel\framework\src\Illuminate\Database\Query\Processors\PostgresProcessor.php:24
at vendor\laravel\framework\src\Illuminate\Database\Query\Builder.php:4054
at vendor\laravel\framework\src\Illuminate\Database\Eloquent\Builder.php:2235
at vendor\laravel\framework\src\Illuminate\Database\Eloquent\Model.php:1436
at vendor\laravel\framework\src\Illuminate\Database\Eloquent\Model.php:1401
at vendor\laravel\framework\src\Illuminate\Database\Eloquent\Model.php:1240
at vendor\laravel\framework\src\Illuminate\Database\Eloquent\Factories\Factory.php:370
at vendor\laravel\framework\src\Illuminate\Collections\Traits\EnumeratesValues.php:275
at vendor\laravel\framework\src\Illuminate\Database\Eloquent\Factories\Factory.php:365
at vendor\laravel\framework\src\Illuminate\Database\Eloquent\Factories\Factory.php:321
at tests\Unit\Models\ComponentTest.php:90
Caused by
PDOException: SQLSTATE[23503]: Foreign key violation: 7 ERROR:  insert or update on table "component_themes" violates foreign key constraint "component_themes_tenant_id_foreign"
DETAIL:  Key (tenant_id)=(1) is not present in table "tenants".

at vendor\laravel\framework\src\Illuminate\Database\Connection.php:425
at vendor\laravel\framework\src\Illuminate\Database\Connection.php:827
at vendor\laravel\framework\src\Illuminate\Database\Connection.php:794
at vendor\laravel\framework\src\Illuminate\Database\Connection.php:411
at vendor\laravel\framework\src\Illuminate\Database\Connection.php:398
at vendor\laravel\framework\src\Illuminate\Database\Query\Processors\PostgresProcessor.php:24
at vendor\laravel\framework\src\Illuminate\Database\Query\Builder.php:4054
at vendor\laravel\framework\src\Illuminate\Database\Eloquent\Builder.php:2235
at vendor\laravel\framework\src\Illuminate\Database\Eloquent\Model.php:1436
at vendor\laravel\framework\src\Illuminate\Database\Eloquent\Model.php:1401
at vendor\laravel\framework\src\Illuminate\Database\Eloquent\Model.php:1240
at vendor\laravel\framework\src\Illuminate\Database\Eloquent\Factories\Factory.php:370
at vendor\laravel\framework\src\Illuminate\Collections\Traits\EnumeratesValues.php:275
at vendor\laravel\framework\src\Illuminate\Database\Eloquent\Factories\Factory.php:365
at vendor\laravel\framework\src\Illuminate\Database\Eloquent\Factories\Factory.php:321
at tests\Unit\Models\ComponentTest.php:90</error>
      </testcase>
      <testcase name="Has many instances relationship" file="Component (Tests\Unit\Models\Component)::Has many instances relationship" class="Tests\Unit\Models\ComponentTest" classname="Tests.Unit.Models.ComponentTest" assertions="0" time="1.061322">
        <error type="Illuminate\Database\QueryException">Has many instances relationshipIlluminate\Database\QueryException: SQLSTATE[22P02]: Invalid text representation: 7 ERROR:  invalid input syntax for type bigint: "homepage"
CONTEXT:  unnamed portal parameter $4 = '...' (Connection: pgsql, Host: 127.0.0.1, Port: 5433, Database: alumate_testing, SQL: insert into "component_instances" ("custom_config", "position", "page_type", "page_id", "component_id", "updated_at", "created_at") values ({}, 1, landing_page, homepage, 2, 2026-02-14 19:40:29, 2026-02-14 19:40:29) returning "id")&#13;
at vendor\laravel\framework\src\Illuminate\Database\Connection.php:425
at vendor\laravel\framework\src\Illuminate\Database\Connection.php:827
at vendor\laravel\framework\src\Illuminate\Database\Connection.php:794
at vendor\laravel\framework\src\Illuminate\Database\Connection.php:411
at vendor\laravel\framework\src\Illuminate\Database\Connection.php:398
at vendor\laravel\framework\src\Illuminate\Database\Query\Processors\PostgresProcessor.php:24
at vendor\laravel\framework\src\Illuminate\Database\Query\Builder.php:4054
at vendor\laravel\framework\src\Illuminate\Database\Eloquent\Builder.php:2235
at vendor\laravel\framework\src\Illuminate\Database\Eloquent\Model.php:1436
at vendor\laravel\framework\src\Illuminate\Database\Eloquent\Model.php:1401
at vendor\laravel\framework\src\Illuminate\Database\Eloquent\Model.php:1240
at vendor\laravel\framework\src\Illuminate\Database\Eloquent\Relations\HasOneOrMany.php:386
at vendor\laravel\framework\src\Illuminate\Support\helpers.php:388
at vendor\laravel\framework\src\Illuminate\Database\Eloquent\Relations\HasOneOrMany.php:383
at tests\Unit\Models\ComponentTest.php:105
Caused by
PDOException: SQLSTATE[22P02]: Invalid text representation: 7 ERROR:  invalid input syntax for type bigint: "homepage"
CONTEXT:  unnamed portal parameter $4 = '...'

at vendor\laravel\framework\src\Illuminate\Database\Connection.php:425
at vendor\laravel\framework\src\Illuminate\Database\Connection.php:827
at vendor\laravel\framework\src\Illuminate\Database\Connection.php:794
at vendor\laravel\framework\src\Illuminate\Database\Connection.php:411
at vendor\laravel\framework\src\Illuminate\Database\Connection.php:398
at vendor\laravel\framework\src\Illuminate\Database\Query\Processors\PostgresProcessor.php:24
at vendor\laravel\framework\src\Illuminate\Database\Query\Builder.php:4054
at vendor\laravel\framework\src\Illuminate\Database\Eloquent\Builder.php:2235
at vendor\laravel\framework\src\Illuminate\Database\Eloquent\Model.php:1436
at vendor\laravel\framework\src\Illuminate\Database\Eloquent\Model.php:1401
at vendor\laravel\framework\src\Illuminate\Database\Eloquent\Model.php:1240
at vendor\laravel\framework\src\Illuminate\Database\Eloquent\Relations\HasOneOrMany.php:386
at vendor\laravel\framework\src\Illuminate\Support\helpers.php:388
at vendor\laravel\framework\src\Illuminate\Database\Eloquent\Relations\HasOneOrMany.php:383
at tests\Unit\Models\ComponentTest.php:105</error>
      </testcase>
      <testcase name="Has many versions relationship" file="Component (Tests\Unit\Models\Component)::Has many versions relationship" class="Tests\Unit\Models\ComponentTest" classname="Tests.Unit.Models.ComponentTest" assertions="0" time="1.139854">
        <error type="Illuminate\Database\QueryException">Has many versions relationshipIlluminate\Database\QueryException: SQLSTATE[23502]: Not null violation: 7 ERROR:  null value in column "version_number" of relation "component_versions" violates not-null constraint
DETAIL:  Failing row contains (1, 3, null, null, null, ["Added new feature"], null, null, 2026-02-14 19:40:30, 2026-02-14 19:40:30). (Connection: pgsql, Host: 127.0.0.1, Port: 5433, Database: alumate_testing, SQL: insert into "component_versions" ("changes", "component_id", "updated_at", "created_at") values (["Added new feature"], 3, 2026-02-14 19:40:30, 2026-02-14 19:40:30) returning "id")&#13;
at vendor\laravel\framework\src\Illuminate\Database\Connection.php:425
at vendor\laravel\framework\src\Illuminate\Database\Connection.php:827
at vendor\laravel\framework\src\Illuminate\Database\Connection.php:794
at vendor\laravel\framework\src\Illuminate\Database\Connection.php:411
at vendor\laravel\framework\src\Illuminate\Database\Connection.php:398
at vendor\laravel\framework\src\Illuminate\Database\Query\Processors\PostgresProcessor.php:24
at vendor\laravel\framework\src\Illuminate\Database\Query\Builder.php:4054
at vendor\laravel\framework\src\Illuminate\Database\Eloquent\Builder.php:2235
at vendor\laravel\framework\src\Illuminate\Database\Eloquent\Model.php:1436
at vendor\laravel\framework\src\Illuminate\Database\Eloquent\Model.php:1401
at vendor\laravel\framework\src\Illuminate\Database\Eloquent\Model.php:1240
at vendor\laravel\framework\src\Illuminate\Database\Eloquent\Relations\HasOneOrMany.php:386
at vendor\laravel\framework\src\Illuminate\Support\helpers.php:388
at vendor\laravel\framework\src\Illuminate\Database\Eloquent\Relations\HasOneOrMany.php:383
at tests\Unit\Models\ComponentTest.php:123
Caused by
PDOException: SQLSTATE[23502]: Not null violation: 7 ERROR:  null value in column "version_number" of relation "component_versions" violates not-null constraint
DETAIL:  Failing row contains (1, 3, null, null, null, ["Added new feature"], null, null, 2026-02-14 19:40:30, 2026-02-14 19:40:30).

at vendor\laravel\framework\src\Illuminate\Database\Connection.php:425
at vendor\laravel\framework\src\Illuminate\Database\Connection.php:827
at vendor\laravel\framework\src\Illuminate\Database\Connection.php:794
at vendor\laravel\framework\src\Illuminate\Database\Connection.php:411
at vendor\laravel\framework\src\Illuminate\Database\Connection.php:398
at vendor\laravel\framework\src\Illuminate\Database\Query\Processors\PostgresProcessor.php:24
at vendor\laravel\framework\src\Illuminate\Database\Query\Builder.php:4054
at vendor\laravel\framework\src\Illuminate\Database\Eloquent\Builder.php:2235
at vendor\laravel\framework\src\Illuminate\Database\Eloquent\Model.php:1436
at vendor\laravel\framework\src\Illuminate\Database\Eloquent\Model.php:1401
at vendor\laravel\framework\src\Illuminate\Database\Eloquent\Model.php:1240
at vendor\laravel\framework\src\Illuminate\Database\Eloquent\Relations\HasOneOrMany.php:386
at vendor\laravel\framework\src\Illuminate\Support\helpers.php:388
at vendor\laravel\framework\src\Illuminate\Database\Eloquent\Relations\HasOneOrMany.php:383
at tests\Unit\Models\ComponentTest.php:123</error>
      </testcase>
      <testcase name="For tenant scope" file="Component (Tests\Unit\Models\Component)::For tenant scope" class="Tests\Unit\Models\ComponentTest" classname="Tests.Unit.Models.ComponentTest" assertions="1" time="1.161287">
        <failure type="PHPUnit\Framework\ExpectationFailedException">For tenant scopeFailed asserting that actual size 3 matches expected size 2.&#13;
at tests\Unit\Models\ComponentTest.php:146</failure>
      </testcase>
      <testcase name="Active scope" file="Component (Tests\Unit\Models\Component)::Active scope" class="Tests\Unit\Models\ComponentTest" classname="Tests.Unit.Models.ComponentTest" assertions="2" time="1.048640"/>
      <testcase name="By category scope" file="Component (Tests\Unit\Models\Component)::By category scope" class="Tests\Unit\Models\ComponentTest" classname="Tests.Unit.Models.ComponentTest" assertions="2" time="1.085509"/>
      <testcase name="By type scope" file="Component (Tests\Unit\Models\Component)::By type scope" class="Tests\Unit\Models\ComponentTest" classname="Tests.Unit.Models.ComponentTest" assertions="2" time="1.070161"/>
      <testcase name="Display name accessor" file="Component (Tests\Unit\Models\Component)::Display name accessor" class="Tests\Unit\Models\ComponentTest" classname="Tests.Unit.Models.ComponentTest" assertions="1" time="0.908709"/>
      <testcase name="Formatted config accessor" file="Component (Tests\Unit\Models\Component)::Formatted config accessor" class="Tests\Unit\Models\ComponentTest" classname="Tests.Unit.Models.ComponentTest" assertions="1" time="1.144152">
        <failure type="PHPUnit\Framework\ExpectationFailedException">Formatted config accessorFailed asserting that two arrays are equal.&#13;
at tests\Unit\Models\ComponentTest.php:212</failure>
      </testcase>
      <testcase name="Generate preview html method" file="Component (Tests\Unit\Models\Component)::Generate preview html method" class="Tests\Unit\Models\ComponentTest" classname="Tests.Unit.Models.ComponentTest" assertions="0" time="0.901734">
        <error type="BadMethodCallException">Generate preview html methodBadMethodCallException: Call to undefined method App\Models\Component::generatePreviewHtml()&#13;
at vendor\laravel\framework\src\Illuminate\Support\Traits\ForwardsCalls.php:67
at vendor\laravel\framework\src\Illuminate\Support\Traits\ForwardsCalls.php:36
at vendor\laravel\framework\src\Illuminate\Database\Eloquent\Model.php:2540
at tests\Unit\Models\ComponentTest.php:227</error>
      </testcase>
      <testcase name="Generate responsive variants method" file="Component (Tests\Unit\Models\Component)::Generate responsive variants method" class="Tests\Unit\Models\ComponentTest" classname="Tests.Unit.Models.ComponentTest" assertions="2" time="0.919721">
        <failure type="PHPUnit\Framework\ExpectationFailedException">Generate responsive variants methodFailed asserting that an array has the key 'mobile'.&#13;
at tests\Unit\Models\ComponentTest.php:244</failure>
      </testcase>
      <testcase name="Has responsive config method" file="Component (Tests\Unit\Models\Component)::Has responsive config method" class="Tests\Unit\Models\ComponentTest" classname="Tests.Unit.Models.ComponentTest" assertions="1" time="1.110550">
        <failure type="PHPUnit\Framework\ExpectationFailedException">Has responsive config methodFailed asserting that false is true.&#13;
at tests\Unit\Models\ComponentTest.php:260</failure>
      </testcase>
      <testcase name="Has accessibility features method" file="Component (Tests\Unit\Models\Component)::Has accessibility features method" class="Tests\Unit\Models\ComponentTest" classname="Tests.Unit.Models.ComponentTest" assertions="1" time="1.254349">
        <failure type="PHPUnit\Framework\ExpectationFailedException">Has accessibility features methodFailed asserting that false is true.&#13;
at tests\Unit\Models\ComponentTest.php:275</failure>
      </testcase>
      <testcase name="Is mobile optimized method" file="Component (Tests\Unit\Models\Component)::Is mobile optimized method" class="Tests\Unit\Models\ComponentTest" classname="Tests.Unit.Models.ComponentTest" assertions="2" time="1.094508"/>
      <testcase name="Get accessibility metadata method" file="Component (Tests\Unit\Models\Component)::Get accessibility metadata method" class="Tests\Unit\Models\ComponentTest" classname="Tests.Unit.Models.ComponentTest" assertions="2" time="0.931340">
        <failure type="PHPUnit\Framework\ExpectationFailedException">Get accessibility metadata methodFailed asserting that an array has the key 'wcag_compliant'.&#13;
at tests\Unit\Models\ComponentTest.php:305</failure>
      </testcase>
      <testcase name="Get usage stats method" file="Component (Tests\Unit\Models\Component)::Get usage stats method" class="Tests\Unit\Models\ComponentTest" classname="Tests.Unit.Models.ComponentTest" assertions="2" time="0.952172">
        <failure type="PHPUnit\Framework\ExpectationFailedException">Get usage stats methodFailed asserting that an array has the key 'total_usage'.&#13;
at tests\Unit\Models\ComponentTest.php:319</failure>
      </testcase>
      <testcase name="Validate config method" file="Component (Tests\Unit\Models\Component)::Validate config method" class="Tests\Unit\Models\ComponentTest" classname="Tests.Unit.Models.ComponentTest" assertions="2" time="1.194287">
        <failure type="PHPUnit\Framework\ExpectationFailedException">Validate config methodFailed asserting that true is false.&#13;
at tests\Unit\Models\ComponentTest.php:349</failure>
      </testcase>
      <testcase name="Get validation errors method" file="Component (Tests\Unit\Models\Component)::Get validation errors method" class="Tests\Unit\Models\ComponentTest" classname="Tests.Unit.Models.ComponentTest" assertions="0" time="1.032094">
        <error type="BadMethodCallException">Get validation errors methodBadMethodCallException: Call to undefined method App\Models\Component::getValidationErrors()&#13;
at vendor\laravel\framework\src\Illuminate\Support\Traits\ForwardsCalls.php:67
at vendor\laravel\framework\src\Illuminate\Support\Traits\ForwardsCalls.php:36
at vendor\laravel\framework\src\Illuminate\Database\Eloquent\Model.php:2540
at tests\Unit\Models\ComponentTest.php:363</error>
      </testcase>
      <testcase name="Get tailwind mappings method" file="Component (Tests\Unit\Models\Component)::Get tailwind mappings method" class="Tests\Unit\Models\ComponentTest" classname="Tests.Unit.Models.ComponentTest" assertions="2" time="1.086188">
        <failure type="PHPUnit\Framework\ExpectationFailedException">Get tailwind mappings methodFailed asserting that an array has the key 'classes'.&#13;
at tests\Unit\Models\ComponentTest.php:380</failure>
      </testcase>
      <testcase name="Get category display name method" file="Component (Tests\Unit\Models\Component)::Get category display name method" class="Tests\Unit\Models\ComponentTest" classname="Tests.Unit.Models.ComponentTest" assertions="0" time="1.113378">
        <error type="BadMethodCallException">Get category display name methodBadMethodCallException: Call to undefined method App\Models\Component::getCategoryDisplayName()&#13;
at vendor\laravel\framework\src\Illuminate\Support\Traits\ForwardsCalls.php:67
at vendor\laravel\framework\src\Illuminate\Support\Traits\ForwardsCalls.php:36
at vendor\laravel\framework\src\Illuminate\Database\Eloquent\Model.php:2540
at tests\Unit\Models\ComponentTest.php:390</error>
      </testcase>
      <testcase name="Get supported features method" file="Component (Tests\Unit\Models\Component)::Get supported features method" class="Tests\Unit\Models\ComponentTest" classname="Tests.Unit.Models.ComponentTest" assertions="0" time="1.035122">
        <error type="BadMethodCallException">Get supported features methodBadMethodCallException: Call to undefined method App\Models\Component::getSupportedFeatures()&#13;
at vendor\laravel\framework\src\Illuminate\Support\Traits\ForwardsCalls.php:67
at vendor\laravel\framework\src\Illuminate\Support\Traits\ForwardsCalls.php:36
at vendor\laravel\framework\src\Illuminate\Database\Eloquent\Model.php:2540
at tests\Unit\Models\ComponentTest.php:402</error>
      </testcase>
      <testcase name="Increment usage count method" file="Component (Tests\Unit\Models\Component)::Increment usage count method" class="Tests\Unit\Models\ComponentTest" classname="Tests.Unit.Models.ComponentTest" assertions="0" time="0.959309">
        <error type="BadMethodCallException">Increment usage count methodBadMethodCallException: Call to undefined method App\Models\Component::incrementUsageCount()&#13;
at vendor\laravel\framework\src\Illuminate\Support\Traits\ForwardsCalls.php:67
at vendor\laravel\framework\src\Illuminate\Support\Traits\ForwardsCalls.php:36
at vendor\laravel\framework\src\Illuminate\Database\Eloquent\Model.php:2540
at tests\Unit\Models\ComponentTest.php:417</error>
      </testcase>
      <testcase name="Update last used at method" file="Component (Tests\Unit\Models\Component)::Update last used at method" class="Tests\Unit\Models\ComponentTest" classname="Tests.Unit.Models.ComponentTest" assertions="0" time="1.088757">
        <error type="BadMethodCallException">Update last used at methodBadMethodCallException: Call to undefined method App\Models\Component::updateLastUsedAt()&#13;
at vendor\laravel\framework\src\Illuminate\Support\Traits\ForwardsCalls.php:67
at vendor\laravel\framework\src\Illuminate\Support\Traits\ForwardsCalls.php:36
at vendor\laravel\framework\src\Illuminate\Database\Eloquent\Model.php:2540
at tests\Unit\Models\ComponentTest.php:429</error>
      </testcase>
      <testcase name="Duplicate method" file="Component (Tests\Unit\Models\Component)::Duplicate method" class="Tests\Unit\Models\ComponentTest" classname="Tests.Unit.Models.ComponentTest" assertions="0" time="1.046012">
        <error type="BadMethodCallException">Duplicate methodBadMethodCallException: Call to undefined method App\Models\Component::duplicate()&#13;
at vendor\laravel\framework\src\Illuminate\Support\Traits\ForwardsCalls.php:67
at vendor\laravel\framework\src\Illuminate\Support\Traits\ForwardsCalls.php:36
at vendor\laravel\framework\src\Illuminate\Database\Eloquent\Model.php:2540
at tests\Unit\Models\ComponentTest.php:444</error>
      </testcase>
    </testsuite>
    <testsuite name="Tests\Unit\Models\CircleTest" file="Circle (Tests\Unit\Models\Circle)" tests="7" assertions="17" errors="0" failures="1" skipped="0" time="5.859547">
      <testcase name="Circle can be created" file="Circle (Tests\Unit\Models\Circle)::Circle can be created" class="Tests\Unit\Models\CircleTest" classname="Tests.Unit.Models.CircleTest" assertions="4" time="1.063415"/>
      <testcase name="Circle casts criteria as array" file="Circle (Tests\Unit\Models\Circle)::Circle casts criteria as array" class="Tests\Unit\Models\CircleTest" classname="Tests.Unit.Models.CircleTest" assertions="2" time="0.833546"/>
      <testcase name="Circle can add member" file="Circle (Tests\Unit\Models\Circle)::Circle can add member" class="Tests\Unit\Models\CircleTest" classname="Tests.Unit.Models.CircleTest" assertions="3" time="0.877449"/>
      <testcase name="Circle cannot add duplicate member" file="Circle (Tests\Unit\Models\Circle)::Circle cannot add duplicate member" class="Tests\Unit\Models\CircleTest" classname="Tests.Unit.Models.CircleTest" assertions="2" time="0.787011"/>
      <testcase name="Circle can remove member" file="Circle (Tests\Unit\Models\Circle)::Circle can remove member" class="Tests\Unit\Models\CircleTest" classname="Tests.Unit.Models.CircleTest" assertions="3" time="0.755193"/>
      <testcase name="Circle updates member count" file="Circle (Tests\Unit\Models\Circle)::Circle updates member count" class="Tests\Unit\Models\CircleTest" classname="Tests.Unit.Models.CircleTest" assertions="2" time="0.822972"/>
      <testcase name="Circle scopes work correctly" file="Circle (Tests\Unit\Models\Circle)::Circle scopes work correctly" class="Tests\Unit\Models\CircleTest" classname="Tests.Unit.Models.CircleTest" assertions="1" time="0.719960">
        <failure type="PHPUnit\Framework\ExpectationFailedException">Circle scopes work correctlyFailed asserting that 2 matches expected 1.&#13;
at tests\Unit\Models\CircleTest.php:104</failure>
      </testcase>
    </testsuite>
  </testsuite>
</testsuites>
