<?xml version="1.0" encoding="UTF-8"?>
<testsuites>
  <testsuite name="Tests\Feature\AdvancedStylingTest" file="tests\Feature\AdvancedStylingTest.php" tests="19" assertions="0" errors="19" failures="0" skipped="0" time="0.000000">
    <testcase name="`Style Presets API` → it can list style presets" file="tests\Feature\AdvancedStylingTest.php::`Style Presets API` → it can list style presets" class="Tests\Feature\AdvancedStylingTest" classname="Tests.Feature.AdvancedStylingTest" assertions="0" time="0.000000">
      <error type="Illuminate\Database\QueryException">`Style Presets API` → it can list style presetsIlluminate\Database\QueryException: SQLSTATE[42P01]: Undefined table: 7 ERROR:  relation "global_courses" does not exist (Connection: pgsql, SQL: CREATE INDEX global_courses_search_idx ON global_courses USING gin(to_tsvector('english', title || ' ' || description)))&#13;
at vendor\laravel\framework\src\Illuminate\Database\Connection.php:570
at vendor\laravel\framework\src\Illuminate\Database\Connection.php:811
at vendor\laravel\framework\src\Illuminate\Database\Connection.php:778
at vendor\laravel\framework\src\Illuminate\Database\Connection.php:559
at vendor\laravel\framework\src\Illuminate\Database\DatabaseManager.php:497
at vendor\laravel\framework\src\Illuminate\Support\Facades\Facade.php:363
at database\migrations\2024_01_15_000001_create_global_tenancy_tables.php:103
at vendor\laravel\framework\src\Illuminate\Database\Schema\Builder.php:475
at vendor\laravel\framework\src\Illuminate\Support\helpers.php:390
at vendor\laravel\framework\src\Illuminate\Database\Schema\Builder.php:472
at vendor\laravel\framework\src\Illuminate\Support\Facades\Facade.php:363
at database\migrations\2024_01_15_000001_create_global_tenancy_tables.php:72
at vendor\laravel\framework\src\Illuminate\Database\Migrations\Migrator.php:514
at vendor\laravel\framework\src\Illuminate\Database\Migrations\Migrator.php:439
at vendor\laravel\framework\src\Illuminate\Database\Concerns\ManagesTransactions.php:35
at vendor\laravel\framework\src\Illuminate\Database\Migrations\Migrator.php:447
at vendor\laravel\framework\src\Illuminate\Database\Migrations\Migrator.php:250
at vendor\laravel\framework\src\Illuminate\Console\View\Components\Task.php:41
at vendor\laravel\framework\src\Illuminate\Database\Migrations\Migrator.php:809
at vendor\laravel\framework\src\Illuminate\Database\Migrations\Migrator.php:250
at vendor\laravel\framework\src\Illuminate\Database\Migrations\Migrator.php:210
at vendor\laravel\framework\src\Illuminate\Database\Migrations\Migrator.php:137
at vendor\laravel\framework\src\Illuminate\Database\Console\Migrations\MigrateCommand.php:116
at vendor\laravel\framework\src\Illuminate\Database\Migrations\Migrator.php:666
at vendor\laravel\framework\src\Illuminate\Database\Console\Migrations\MigrateCommand.php:109
at vendor\laravel\framework\src\Illuminate\Database\Console\Migrations\MigrateCommand.php:88
at vendor\laravel\framework\src\Illuminate\Container\BoundMethod.php:36
at vendor\laravel\framework\src\Illuminate\Container\Util.php:43
at vendor\laravel\framework\src\Illuminate\Container\BoundMethod.php:96
at vendor\laravel\framework\src\Illuminate\Container\BoundMethod.php:35
at vendor\laravel\framework\src\Illuminate\Container\Container.php:836
at vendor\laravel\framework\src\Illuminate\Console\Command.php:211
at vendor\symfony\console\Command\Command.php:318
at vendor\laravel\framework\src\Illuminate\Console\Command.php:180
at vendor\laravel\framework\src\Illuminate\Console\Concerns\CallsCommands.php:68
at vendor\laravel\framework\src\Illuminate\Console\Concerns\CallsCommands.php:29
at vendor\laravel\framework\src\Illuminate\Database\Console\Migrations\FreshCommand.php:81
at vendor\laravel\framework\src\Illuminate\Container\BoundMethod.php:36
at vendor\laravel\framework\src\Illuminate\Container\Util.php:43
at vendor\laravel\framework\src\Illuminate\Container\BoundMethod.php:96
at vendor\laravel\framework\src\Illuminate\Container\BoundMethod.php:35
at vendor\laravel\framework\src\Illuminate\Container\Container.php:836
at vendor\laravel\framework\src\Illuminate\Console\Command.php:211
at vendor\symfony\console\Command\Command.php:318
at vendor\laravel\framework\src\Illuminate\Console\Command.php:180
at vendor\symfony\console\Application.php:1092
at vendor\symfony\console\Application.php:359
at vendor\symfony\console\Application.php:194
at vendor\laravel\framework\src\Illuminate\Console\Application.php:165
at vendor\laravel\framework\src\Illuminate\Foundation\Console\Kernel.php:426
at vendor\laravel\framework\src\Illuminate\Testing\PendingCommand.php:450
at vendor\laravel\framework\src\Illuminate\Testing\PendingCommand.php:653
at vendor\laravel\framework\src\Illuminate\Foundation\Testing\Concerns\InteractsWithConsole.php:87
at vendor\laravel\framework\src\Illuminate\Foundation\Testing\RefreshDatabase.php:101
at vendor\laravel\framework\src\Illuminate\Foundation\Testing\RefreshDatabase.php:84
at vendor\laravel\framework\src\Illuminate\Foundation\Testing\RefreshDatabase.php:25
at vendor\laravel\framework\src\Illuminate\Foundation\Testing\Concerns\InteractsWithTestCaseLifecycle.php:207
at vendor\laravel\framework\src\Illuminate\Foundation\Testing\Concerns\InteractsWithTestCaseLifecycle.php:96
at vendor\laravel\framework\src\Illuminate\Foundation\Testing\TestCase.php:44
at tests\TestCase.php:22
Caused by
PDOException: SQLSTATE[42P01]: Undefined table: 7 ERROR:  relation "global_courses" does not exist

at vendor\laravel\framework\src\Illuminate\Database\Connection.php:570
at vendor\laravel\framework\src\Illuminate\Database\Connection.php:811
at vendor\laravel\framework\src\Illuminate\Database\Connection.php:778
at vendor\laravel\framework\src\Illuminate\Database\Connection.php:559
at vendor\laravel\framework\src\Illuminate\Database\DatabaseManager.php:497
at vendor\laravel\framework\src\Illuminate\Support\Facades\Facade.php:363
at database\migrations\2024_01_15_000001_create_global_tenancy_tables.php:103
at vendor\laravel\framework\src\Illuminate\Database\Schema\Builder.php:475
at vendor\laravel\framework\src\Illuminate\Support\helpers.php:390
at vendor\laravel\framework\src\Illuminate\Database\Schema\Builder.php:472
at vendor\laravel\framework\src\Illuminate\Support\Facades\Facade.php:363
at database\migrations\2024_01_15_000001_create_global_tenancy_tables.php:72
at vendor\laravel\framework\src\Illuminate\Database\Migrations\Migrator.php:514
at vendor\laravel\framework\src\Illuminate\Database\Migrations\Migrator.php:439
at vendor\laravel\framework\src\Illuminate\Database\Concerns\ManagesTransactions.php:35
at vendor\laravel\framework\src\Illuminate\Database\Migrations\Migrator.php:447
at vendor\laravel\framework\src\Illuminate\Database\Migrations\Migrator.php:250
at vendor\laravel\framework\src\Illuminate\Console\View\Components\Task.php:41
at vendor\laravel\framework\src\Illuminate\Database\Migrations\Migrator.php:809
at vendor\laravel\framework\src\Illuminate\Database\Migrations\Migrator.php:250
at vendor\laravel\framework\src\Illuminate\Database\Migrations\Migrator.php:210
at vendor\laravel\framework\src\Illuminate\Database\Migrations\Migrator.php:137
at vendor\laravel\framework\src\Illuminate\Database\Console\Migrations\MigrateCommand.php:116
at vendor\laravel\framework\src\Illuminate\Database\Migrations\Migrator.php:666
at vendor\laravel\framework\src\Illuminate\Database\Console\Migrations\MigrateCommand.php:109
at vendor\laravel\framework\src\Illuminate\Database\Console\Migrations\MigrateCommand.php:88
at vendor\laravel\framework\src\Illuminate\Container\BoundMethod.php:36
at vendor\laravel\framework\src\Illuminate\Container\Util.php:43
at vendor\laravel\framework\src\Illuminate\Container\BoundMethod.php:96
at vendor\laravel\framework\src\Illuminate\Container\BoundMethod.php:35
at vendor\laravel\framework\src\Illuminate\Container\Container.php:836
at vendor\laravel\framework\src\Illuminate\Console\Command.php:211
at vendor\symfony\console\Command\Command.php:318
at vendor\laravel\framework\src\Illuminate\Console\Command.php:180
at vendor\laravel\framework\src\Illuminate\Console\Concerns\CallsCommands.php:68
at vendor\laravel\framework\src\Illuminate\Console\Concerns\CallsCommands.php:29
at vendor\laravel\framework\src\Illuminate\Database\Console\Migrations\FreshCommand.php:81
at vendor\laravel\framework\src\Illuminate\Container\BoundMethod.php:36
at vendor\laravel\framework\src\Illuminate\Container\Util.php:43
at vendor\laravel\framework\src\Illuminate\Container\BoundMethod.php:96
at vendor\laravel\framework\src\Illuminate\Container\BoundMethod.php:35
at vendor\laravel\framework\src\Illuminate\Container\Container.php:836
at vendor\laravel\framework\src\Illuminate\Console\Command.php:211
at vendor\symfony\console\Command\Command.php:318
at vendor\laravel\framework\src\Illuminate\Console\Command.php:180
at vendor\symfony\console\Application.php:1092
at vendor\symfony\console\Application.php:359
at vendor\symfony\console\Application.php:194
at vendor\laravel\framework\src\Illuminate\Console\Application.php:165
at vendor\laravel\framework\src\Illuminate\Foundation\Console\Kernel.php:426
at vendor\laravel\framework\src\Illuminate\Testing\PendingCommand.php:450
at vendor\laravel\framework\src\Illuminate\Testing\PendingCommand.php:653
at vendor\laravel\framework\src\Illuminate\Foundation\Testing\Concerns\InteractsWithConsole.php:87
at vendor\laravel\framework\src\Illuminate\Foundation\Testing\RefreshDatabase.php:101
at vendor\laravel\framework\src\Illuminate\Foundation\Testing\RefreshDatabase.php:84
at vendor\laravel\framework\src\Illuminate\Foundation\Testing\RefreshDatabase.php:25
at vendor\laravel\framework\src\Illuminate\Foundation\Testing\Concerns\InteractsWithTestCaseLifecycle.php:207
at vendor\laravel\framework\src\Illuminate\Foundation\Testing\Concerns\InteractsWithTestCaseLifecycle.php:96
at vendor\laravel\framework\src\Illuminate\Foundation\Testing\TestCase.php:44
at tests\TestCase.php:22</error>
    </testcase>
    <testcase name="`Style Presets API` → it can create a style preset" file="tests\Feature\AdvancedStylingTest.php::`Style Presets API` → it can create a style preset" class="Tests\Feature\AdvancedStylingTest" classname="Tests.Feature.AdvancedStylingTest" assertions="0" time="0.000000">
      <error type="Illuminate\Database\QueryException">`Style Presets API` → it can create a style presetIlluminate\Database\QueryException: SQLSTATE[42P01]: Undefined table: 7 ERROR:  relation "global_courses" does not exist (Connection: pgsql, SQL: CREATE INDEX global_courses_search_idx ON global_courses USING gin(to_tsvector('english', title || ' ' || description)))&#13;
at vendor\laravel\framework\src\Illuminate\Database\Connection.php:570
at vendor\laravel\framework\src\Illuminate\Database\Connection.php:811
at vendor\laravel\framework\src\Illuminate\Database\Connection.php:778
at vendor\laravel\framework\src\Illuminate\Database\Connection.php:559
at vendor\laravel\framework\src\Illuminate\Database\DatabaseManager.php:497
at vendor\laravel\framework\src\Illuminate\Support\Facades\Facade.php:363
at database\migrations\2024_01_15_000001_create_global_tenancy_tables.php:103
at vendor\laravel\framework\src\Illuminate\Database\Schema\Builder.php:475
at vendor\laravel\framework\src\Illuminate\Support\helpers.php:390
at vendor\laravel\framework\src\Illuminate\Database\Schema\Builder.php:472
at vendor\laravel\framework\src\Illuminate\Support\Facades\Facade.php:363
at database\migrations\2024_01_15_000001_create_global_tenancy_tables.php:72
at vendor\laravel\framework\src\Illuminate\Database\Migrations\Migrator.php:514
at vendor\laravel\framework\src\Illuminate\Database\Migrations\Migrator.php:439
at vendor\laravel\framework\src\Illuminate\Database\Concerns\ManagesTransactions.php:35
at vendor\laravel\framework\src\Illuminate\Database\Migrations\Migrator.php:447
at vendor\laravel\framework\src\Illuminate\Database\Migrations\Migrator.php:250
at vendor\laravel\framework\src\Illuminate\Console\View\Components\Task.php:41
at vendor\laravel\framework\src\Illuminate\Database\Migrations\Migrator.php:809
at vendor\laravel\framework\src\Illuminate\Database\Migrations\Migrator.php:250
at vendor\laravel\framework\src\Illuminate\Database\Migrations\Migrator.php:210
at vendor\laravel\framework\src\Illuminate\Database\Migrations\Migrator.php:137
at vendor\laravel\framework\src\Illuminate\Database\Console\Migrations\MigrateCommand.php:116
at vendor\laravel\framework\src\Illuminate\Database\Migrations\Migrator.php:666
at vendor\laravel\framework\src\Illuminate\Database\Console\Migrations\MigrateCommand.php:109
at vendor\laravel\framework\src\Illuminate\Database\Console\Migrations\MigrateCommand.php:88
at vendor\laravel\framework\src\Illuminate\Container\BoundMethod.php:36
at vendor\laravel\framework\src\Illuminate\Container\Util.php:43
at vendor\laravel\framework\src\Illuminate\Container\BoundMethod.php:96
at vendor\laravel\framework\src\Illuminate\Container\BoundMethod.php:35
at vendor\laravel\framework\src\Illuminate\Container\Container.php:836
at vendor\laravel\framework\src\Illuminate\Console\Command.php:211
at vendor\symfony\console\Command\Command.php:318
at vendor\laravel\framework\src\Illuminate\Console\Command.php:180
at vendor\laravel\framework\src\Illuminate\Console\Concerns\CallsCommands.php:68
at vendor\laravel\framework\src\Illuminate\Console\Concerns\CallsCommands.php:29
at vendor\laravel\framework\src\Illuminate\Database\Console\Migrations\FreshCommand.php:81
at vendor\laravel\framework\src\Illuminate\Container\BoundMethod.php:36
at vendor\laravel\framework\src\Illuminate\Container\Util.php:43
at vendor\laravel\framework\src\Illuminate\Container\BoundMethod.php:96
at vendor\laravel\framework\src\Illuminate\Container\BoundMethod.php:35
at vendor\laravel\framework\src\Illuminate\Container\Container.php:836
at vendor\laravel\framework\src\Illuminate\Console\Command.php:211
at vendor\symfony\console\Command\Command.php:318
at vendor\laravel\framework\src\Illuminate\Console\Command.php:180
at vendor\symfony\console\Application.php:1092
at vendor\symfony\console\Application.php:359
at vendor\symfony\console\Application.php:194
at vendor\laravel\framework\src\Illuminate\Console\Application.php:165
at vendor\laravel\framework\src\Illuminate\Foundation\Console\Kernel.php:426
at vendor\laravel\framework\src\Illuminate\Testing\PendingCommand.php:450
at vendor\laravel\framework\src\Illuminate\Testing\PendingCommand.php:653
at vendor\laravel\framework\src\Illuminate\Foundation\Testing\Concerns\InteractsWithConsole.php:87
at vendor\laravel\framework\src\Illuminate\Foundation\Testing\RefreshDatabase.php:101
at vendor\laravel\framework\src\Illuminate\Foundation\Testing\RefreshDatabase.php:84
at vendor\laravel\framework\src\Illuminate\Foundation\Testing\RefreshDatabase.php:25
at vendor\laravel\framework\src\Illuminate\Foundation\Testing\Concerns\InteractsWithTestCaseLifecycle.php:207
at vendor\laravel\framework\src\Illuminate\Foundation\Testing\Concerns\InteractsWithTestCaseLifecycle.php:96
at vendor\laravel\framework\src\Illuminate\Foundation\Testing\TestCase.php:44
at tests\TestCase.php:22
Caused by
PDOException: SQLSTATE[42P01]: Undefined table: 7 ERROR:  relation "global_courses" does not exist

at vendor\laravel\framework\src\Illuminate\Database\Connection.php:570
at vendor\laravel\framework\src\Illuminate\Database\Connection.php:811
at vendor\laravel\framework\src\Illuminate\Database\Connection.php:778
at vendor\laravel\framework\src\Illuminate\Database\Connection.php:559
at vendor\laravel\framework\src\Illuminate\Database\DatabaseManager.php:497
at vendor\laravel\framework\src\Illuminate\Support\Facades\Facade.php:363
at database\migrations\2024_01_15_000001_create_global_tenancy_tables.php:103
at vendor\laravel\framework\src\Illuminate\Database\Schema\Builder.php:475
at vendor\laravel\framework\src\Illuminate\Support\helpers.php:390
at vendor\laravel\framework\src\Illuminate\Database\Schema\Builder.php:472
at vendor\laravel\framework\src\Illuminate\Support\Facades\Facade.php:363
at database\migrations\2024_01_15_000001_create_global_tenancy_tables.php:72
at vendor\laravel\framework\src\Illuminate\Database\Migrations\Migrator.php:514
at vendor\laravel\framework\src\Illuminate\Database\Migrations\Migrator.php:439
at vendor\laravel\framework\src\Illuminate\Database\Concerns\ManagesTransactions.php:35
at vendor\laravel\framework\src\Illuminate\Database\Migrations\Migrator.php:447
at vendor\laravel\framework\src\Illuminate\Database\Migrations\Migrator.php:250
at vendor\laravel\framework\src\Illuminate\Console\View\Components\Task.php:41
at vendor\laravel\framework\src\Illuminate\Database\Migrations\Migrator.php:809
at vendor\laravel\framework\src\Illuminate\Database\Migrations\Migrator.php:250
at vendor\laravel\framework\src\Illuminate\Database\Migrations\Migrator.php:210
at vendor\laravel\framework\src\Illuminate\Database\Migrations\Migrator.php:137
at vendor\laravel\framework\src\Illuminate\Database\Console\Migrations\MigrateCommand.php:116
at vendor\laravel\framework\src\Illuminate\Database\Migrations\Migrator.php:666
at vendor\laravel\framework\src\Illuminate\Database\Console\Migrations\MigrateCommand.php:109
at vendor\laravel\framework\src\Illuminate\Database\Console\Migrations\MigrateCommand.php:88
at vendor\laravel\framework\src\Illuminate\Container\BoundMethod.php:36
at vendor\laravel\framework\src\Illuminate\Container\Util.php:43
at vendor\laravel\framework\src\Illuminate\Container\BoundMethod.php:96
at vendor\laravel\framework\src\Illuminate\Container\BoundMethod.php:35
at vendor\laravel\framework\src\Illuminate\Container\Container.php:836
at vendor\laravel\framework\src\Illuminate\Console\Command.php:211
at vendor\symfony\console\Command\Command.php:318
at vendor\laravel\framework\src\Illuminate\Console\Command.php:180
at vendor\laravel\framework\src\Illuminate\Console\Concerns\CallsCommands.php:68
at vendor\laravel\framework\src\Illuminate\Console\Concerns\CallsCommands.php:29
at vendor\laravel\framework\src\Illuminate\Database\Console\Migrations\FreshCommand.php:81
at vendor\laravel\framework\src\Illuminate\Container\BoundMethod.php:36
at vendor\laravel\framework\src\Illuminate\Container\Util.php:43
at vendor\laravel\framework\src\Illuminate\Container\BoundMethod.php:96
at vendor\laravel\framework\src\Illuminate\Container\BoundMethod.php:35
at vendor\laravel\framework\src\Illuminate\Container\Container.php:836
at vendor\laravel\framework\src\Illuminate\Console\Command.php:211
at vendor\symfony\console\Command\Command.php:318
at vendor\laravel\framework\src\Illuminate\Console\Command.php:180
at vendor\symfony\console\Application.php:1092
at vendor\symfony\console\Application.php:359
at vendor\symfony\console\Application.php:194
at vendor\laravel\framework\src\Illuminate\Console\Application.php:165
at vendor\laravel\framework\src\Illuminate\Foundation\Console\Kernel.php:426
at vendor\laravel\framework\src\Illuminate\Testing\PendingCommand.php:450
at vendor\laravel\framework\src\Illuminate\Testing\PendingCommand.php:653
at vendor\laravel\framework\src\Illuminate\Foundation\Testing\Concerns\InteractsWithConsole.php:87
at vendor\laravel\framework\src\Illuminate\Foundation\Testing\RefreshDatabase.php:101
at vendor\laravel\framework\src\Illuminate\Foundation\Testing\RefreshDatabase.php:84
at vendor\laravel\framework\src\Illuminate\Foundation\Testing\RefreshDatabase.php:25
at vendor\laravel\framework\src\Illuminate\Foundation\Testing\Concerns\InteractsWithTestCaseLifecycle.php:207
at vendor\laravel\framework\src\Illuminate\Foundation\Testing\Concerns\InteractsWithTestCaseLifecycle.php:96
at vendor\laravel\framework\src\Illuminate\Foundation\Testing\TestCase.php:44
at tests\TestCase.php:22</error>
    </testcase>
    <testcase name="`Style Presets API` → it validates required fields when creating preset" file="tests\Feature\AdvancedStylingTest.php::`Style Presets API` → it validates required fields when creating preset" class="Tests\Feature\AdvancedStylingTest" classname="Tests.Feature.AdvancedStylingTest" assertions="0" time="0.000000">
      <error type="Illuminate\Database\QueryException">`Style Presets API` → it validates required fields when creating presetIlluminate\Database\QueryException: SQLSTATE[42P01]: Undefined table: 7 ERROR:  relation "global_courses" does not exist (Connection: pgsql, SQL: CREATE INDEX global_courses_search_idx ON global_courses USING gin(to_tsvector('english', title || ' ' || description)))&#13;
at vendor\laravel\framework\src\Illuminate\Database\Connection.php:570
at vendor\laravel\framework\src\Illuminate\Database\Connection.php:811
at vendor\laravel\framework\src\Illuminate\Database\Connection.php:778
at vendor\laravel\framework\src\Illuminate\Database\Connection.php:559
at vendor\laravel\framework\src\Illuminate\Database\DatabaseManager.php:497
at vendor\laravel\framework\src\Illuminate\Support\Facades\Facade.php:363
at database\migrations\2024_01_15_000001_create_global_tenancy_tables.php:103
at vendor\laravel\framework\src\Illuminate\Database\Schema\Builder.php:475
at vendor\laravel\framework\src\Illuminate\Support\helpers.php:390
at vendor\laravel\framework\src\Illuminate\Database\Schema\Builder.php:472
at vendor\laravel\framework\src\Illuminate\Support\Facades\Facade.php:363
at database\migrations\2024_01_15_000001_create_global_tenancy_tables.php:72
at vendor\laravel\framework\src\Illuminate\Database\Migrations\Migrator.php:514
at vendor\laravel\framework\src\Illuminate\Database\Migrations\Migrator.php:439
at vendor\laravel\framework\src\Illuminate\Database\Concerns\ManagesTransactions.php:35
at vendor\laravel\framework\src\Illuminate\Database\Migrations\Migrator.php:447
at vendor\laravel\framework\src\Illuminate\Database\Migrations\Migrator.php:250
at vendor\laravel\framework\src\Illuminate\Console\View\Components\Task.php:41
at vendor\laravel\framework\src\Illuminate\Database\Migrations\Migrator.php:809
at vendor\laravel\framework\src\Illuminate\Database\Migrations\Migrator.php:250
at vendor\laravel\framework\src\Illuminate\Database\Migrations\Migrator.php:210
at vendor\laravel\framework\src\Illuminate\Database\Migrations\Migrator.php:137
at vendor\laravel\framework\src\Illuminate\Database\Console\Migrations\MigrateCommand.php:116
at vendor\laravel\framework\src\Illuminate\Database\Migrations\Migrator.php:666
at vendor\laravel\framework\src\Illuminate\Database\Console\Migrations\MigrateCommand.php:109
at vendor\laravel\framework\src\Illuminate\Database\Console\Migrations\MigrateCommand.php:88
at vendor\laravel\framework\src\Illuminate\Container\BoundMethod.php:36
at vendor\laravel\framework\src\Illuminate\Container\Util.php:43
at vendor\laravel\framework\src\Illuminate\Container\BoundMethod.php:96
at vendor\laravel\framework\src\Illuminate\Container\BoundMethod.php:35
at vendor\laravel\framework\src\Illuminate\Container\Container.php:836
at vendor\laravel\framework\src\Illuminate\Console\Command.php:211
at vendor\symfony\console\Command\Command.php:318
at vendor\laravel\framework\src\Illuminate\Console\Command.php:180
at vendor\laravel\framework\src\Illuminate\Console\Concerns\CallsCommands.php:68
at vendor\laravel\framework\src\Illuminate\Console\Concerns\CallsCommands.php:29
at vendor\laravel\framework\src\Illuminate\Database\Console\Migrations\FreshCommand.php:81
at vendor\laravel\framework\src\Illuminate\Container\BoundMethod.php:36
at vendor\laravel\framework\src\Illuminate\Container\Util.php:43
at vendor\laravel\framework\src\Illuminate\Container\BoundMethod.php:96
at vendor\laravel\framework\src\Illuminate\Container\BoundMethod.php:35
at vendor\laravel\framework\src\Illuminate\Container\Container.php:836
at vendor\laravel\framework\src\Illuminate\Console\Command.php:211
at vendor\symfony\console\Command\Command.php:318
at vendor\laravel\framework\src\Illuminate\Console\Command.php:180
at vendor\symfony\console\Application.php:1092
at vendor\symfony\console\Application.php:359
at vendor\symfony\console\Application.php:194
at vendor\laravel\framework\src\Illuminate\Console\Application.php:165
at vendor\laravel\framework\src\Illuminate\Foundation\Console\Kernel.php:426
at vendor\laravel\framework\src\Illuminate\Testing\PendingCommand.php:450
at vendor\laravel\framework\src\Illuminate\Testing\PendingCommand.php:653
at vendor\laravel\framework\src\Illuminate\Foundation\Testing\Concerns\InteractsWithConsole.php:87
at vendor\laravel\framework\src\Illuminate\Foundation\Testing\RefreshDatabase.php:101
at vendor\laravel\framework\src\Illuminate\Foundation\Testing\RefreshDatabase.php:84
at vendor\laravel\framework\src\Illuminate\Foundation\Testing\RefreshDatabase.php:25
at vendor\laravel\framework\src\Illuminate\Foundation\Testing\Concerns\InteractsWithTestCaseLifecycle.php:207
at vendor\laravel\framework\src\Illuminate\Foundation\Testing\Concerns\InteractsWithTestCaseLifecycle.php:96
at vendor\laravel\framework\src\Illuminate\Foundation\Testing\TestCase.php:44
at tests\TestCase.php:22
Caused by
PDOException: SQLSTATE[42P01]: Undefined table: 7 ERROR:  relation "global_courses" does not exist

at vendor\laravel\framework\src\Illuminate\Database\Connection.php:570
at vendor\laravel\framework\src\Illuminate\Database\Connection.php:811
at vendor\laravel\framework\src\Illuminate\Database\Connection.php:778
at vendor\laravel\framework\src\Illuminate\Database\Connection.php:559
at vendor\laravel\framework\src\Illuminate\Database\DatabaseManager.php:497
at vendor\laravel\framework\src\Illuminate\Support\Facades\Facade.php:363
at database\migrations\2024_01_15_000001_create_global_tenancy_tables.php:103
at vendor\laravel\framework\src\Illuminate\Database\Schema\Builder.php:475
at vendor\laravel\framework\src\Illuminate\Support\helpers.php:390
at vendor\laravel\framework\src\Illuminate\Database\Schema\Builder.php:472
at vendor\laravel\framework\src\Illuminate\Support\Facades\Facade.php:363
at database\migrations\2024_01_15_000001_create_global_tenancy_tables.php:72
at vendor\laravel\framework\src\Illuminate\Database\Migrations\Migrator.php:514
at vendor\laravel\framework\src\Illuminate\Database\Migrations\Migrator.php:439
at vendor\laravel\framework\src\Illuminate\Database\Concerns\ManagesTransactions.php:35
at vendor\laravel\framework\src\Illuminate\Database\Migrations\Migrator.php:447
at vendor\laravel\framework\src\Illuminate\Database\Migrations\Migrator.php:250
at vendor\laravel\framework\src\Illuminate\Console\View\Components\Task.php:41
at vendor\laravel\framework\src\Illuminate\Database\Migrations\Migrator.php:809
at vendor\laravel\framework\src\Illuminate\Database\Migrations\Migrator.php:250
at vendor\laravel\framework\src\Illuminate\Database\Migrations\Migrator.php:210
at vendor\laravel\framework\src\Illuminate\Database\Migrations\Migrator.php:137
at vendor\laravel\framework\src\Illuminate\Database\Console\Migrations\MigrateCommand.php:116
at vendor\laravel\framework\src\Illuminate\Database\Migrations\Migrator.php:666
at vendor\laravel\framework\src\Illuminate\Database\Console\Migrations\MigrateCommand.php:109
at vendor\laravel\framework\src\Illuminate\Database\Console\Migrations\MigrateCommand.php:88
at vendor\laravel\framework\src\Illuminate\Container\BoundMethod.php:36
at vendor\laravel\framework\src\Illuminate\Container\Util.php:43
at vendor\laravel\framework\src\Illuminate\Container\BoundMethod.php:96
at vendor\laravel\framework\src\Illuminate\Container\BoundMethod.php:35
at vendor\laravel\framework\src\Illuminate\Container\Container.php:836
at vendor\laravel\framework\src\Illuminate\Console\Command.php:211
at vendor\symfony\console\Command\Command.php:318
at vendor\laravel\framework\src\Illuminate\Console\Command.php:180
at vendor\laravel\framework\src\Illuminate\Console\Concerns\CallsCommands.php:68
at vendor\laravel\framework\src\Illuminate\Console\Concerns\CallsCommands.php:29
at vendor\laravel\framework\src\Illuminate\Database\Console\Migrations\FreshCommand.php:81
at vendor\laravel\framework\src\Illuminate\Container\BoundMethod.php:36
at vendor\laravel\framework\src\Illuminate\Container\Util.php:43
at vendor\laravel\framework\src\Illuminate\Container\BoundMethod.php:96
at vendor\laravel\framework\src\Illuminate\Container\BoundMethod.php:35
at vendor\laravel\framework\src\Illuminate\Container\Container.php:836
at vendor\laravel\framework\src\Illuminate\Console\Command.php:211
at vendor\symfony\console\Command\Command.php:318
at vendor\laravel\framework\src\Illuminate\Console\Command.php:180
at vendor\symfony\console\Application.php:1092
at vendor\symfony\console\Application.php:359
at vendor\symfony\console\Application.php:194
at vendor\laravel\framework\src\Illuminate\Console\Application.php:165
at vendor\laravel\framework\src\Illuminate\Foundation\Console\Kernel.php:426
at vendor\laravel\framework\src\Illuminate\Testing\PendingCommand.php:450
at vendor\laravel\framework\src\Illuminate\Testing\PendingCommand.php:653
at vendor\laravel\framework\src\Illuminate\Foundation\Testing\Concerns\InteractsWithConsole.php:87
at vendor\laravel\framework\src\Illuminate\Foundation\Testing\RefreshDatabase.php:101
at vendor\laravel\framework\src\Illuminate\Foundation\Testing\RefreshDatabase.php:84
at vendor\laravel\framework\src\Illuminate\Foundation\Testing\RefreshDatabase.php:25
at vendor\laravel\framework\src\Illuminate\Foundation\Testing\Concerns\InteractsWithTestCaseLifecycle.php:207
at vendor\laravel\framework\src\Illuminate\Foundation\Testing\Concerns\InteractsWithTestCaseLifecycle.php:96
at vendor\laravel\framework\src\Illuminate\Foundation\Testing\TestCase.php:44
at tests\TestCase.php:22</error>
    </testcase>
    <testcase name="`Style Presets API` → it can update a style preset" file="tests\Feature\AdvancedStylingTest.php::`Style Presets API` → it can update a style preset" class="Tests\Feature\AdvancedStylingTest" classname="Tests.Feature.AdvancedStylingTest" assertions="0" time="0.000000">
      <error type="Illuminate\Database\QueryException">`Style Presets API` → it can update a style presetIlluminate\Database\QueryException: SQLSTATE[42P01]: Undefined table: 7 ERROR:  relation "global_courses" does not exist (Connection: pgsql, SQL: CREATE INDEX global_courses_search_idx ON global_courses USING gin(to_tsvector('english', title || ' ' || description)))&#13;
at vendor\laravel\framework\src\Illuminate\Database\Connection.php:570
at vendor\laravel\framework\src\Illuminate\Database\Connection.php:811
at vendor\laravel\framework\src\Illuminate\Database\Connection.php:778
at vendor\laravel\framework\src\Illuminate\Database\Connection.php:559
at vendor\laravel\framework\src\Illuminate\Database\DatabaseManager.php:497
at vendor\laravel\framework\src\Illuminate\Support\Facades\Facade.php:363
at database\migrations\2024_01_15_000001_create_global_tenancy_tables.php:103
at vendor\laravel\framework\src\Illuminate\Database\Schema\Builder.php:475
at vendor\laravel\framework\src\Illuminate\Support\helpers.php:390
at vendor\laravel\framework\src\Illuminate\Database\Schema\Builder.php:472
at vendor\laravel\framework\src\Illuminate\Support\Facades\Facade.php:363
at database\migrations\2024_01_15_000001_create_global_tenancy_tables.php:72
at vendor\laravel\framework\src\Illuminate\Database\Migrations\Migrator.php:514
at vendor\laravel\framework\src\Illuminate\Database\Migrations\Migrator.php:439
at vendor\laravel\framework\src\Illuminate\Database\Concerns\ManagesTransactions.php:35
at vendor\laravel\framework\src\Illuminate\Database\Migrations\Migrator.php:447
at vendor\laravel\framework\src\Illuminate\Database\Migrations\Migrator.php:250
at vendor\laravel\framework\src\Illuminate\Console\View\Components\Task.php:41
at vendor\laravel\framework\src\Illuminate\Database\Migrations\Migrator.php:809
at vendor\laravel\framework\src\Illuminate\Database\Migrations\Migrator.php:250
at vendor\laravel\framework\src\Illuminate\Database\Migrations\Migrator.php:210
at vendor\laravel\framework\src\Illuminate\Database\Migrations\Migrator.php:137
at vendor\laravel\framework\src\Illuminate\Database\Console\Migrations\MigrateCommand.php:116
at vendor\laravel\framework\src\Illuminate\Database\Migrations\Migrator.php:666
at vendor\laravel\framework\src\Illuminate\Database\Console\Migrations\MigrateCommand.php:109
at vendor\laravel\framework\src\Illuminate\Database\Console\Migrations\MigrateCommand.php:88
at vendor\laravel\framework\src\Illuminate\Container\BoundMethod.php:36
at vendor\laravel\framework\src\Illuminate\Container\Util.php:43
at vendor\laravel\framework\src\Illuminate\Container\BoundMethod.php:96
at vendor\laravel\framework\src\Illuminate\Container\BoundMethod.php:35
at vendor\laravel\framework\src\Illuminate\Container\Container.php:836
at vendor\laravel\framework\src\Illuminate\Console\Command.php:211
at vendor\symfony\console\Command\Command.php:318
at vendor\laravel\framework\src\Illuminate\Console\Command.php:180
at vendor\laravel\framework\src\Illuminate\Console\Concerns\CallsCommands.php:68
at vendor\laravel\framework\src\Illuminate\Console\Concerns\CallsCommands.php:29
at vendor\laravel\framework\src\Illuminate\Database\Console\Migrations\FreshCommand.php:81
at vendor\laravel\framework\src\Illuminate\Container\BoundMethod.php:36
at vendor\laravel\framework\src\Illuminate\Container\Util.php:43
at vendor\laravel\framework\src\Illuminate\Container\BoundMethod.php:96
at vendor\laravel\framework\src\Illuminate\Container\BoundMethod.php:35
at vendor\laravel\framework\src\Illuminate\Container\Container.php:836
at vendor\laravel\framework\src\Illuminate\Console\Command.php:211
at vendor\symfony\console\Command\Command.php:318
at vendor\laravel\framework\src\Illuminate\Console\Command.php:180
at vendor\symfony\console\Application.php:1092
at vendor\symfony\console\Application.php:359
at vendor\symfony\console\Application.php:194
at vendor\laravel\framework\src\Illuminate\Console\Application.php:165
at vendor\laravel\framework\src\Illuminate\Foundation\Console\Kernel.php:426
at vendor\laravel\framework\src\Illuminate\Testing\PendingCommand.php:450
at vendor\laravel\framework\src\Illuminate\Testing\PendingCommand.php:653
at vendor\laravel\framework\src\Illuminate\Foundation\Testing\Concerns\InteractsWithConsole.php:87
at vendor\laravel\framework\src\Illuminate\Foundation\Testing\RefreshDatabase.php:101
at vendor\laravel\framework\src\Illuminate\Foundation\Testing\RefreshDatabase.php:84
at vendor\laravel\framework\src\Illuminate\Foundation\Testing\RefreshDatabase.php:25
at vendor\laravel\framework\src\Illuminate\Foundation\Testing\Concerns\InteractsWithTestCaseLifecycle.php:207
at vendor\laravel\framework\src\Illuminate\Foundation\Testing\Concerns\InteractsWithTestCaseLifecycle.php:96
at vendor\laravel\framework\src\Illuminate\Foundation\Testing\TestCase.php:44
at tests\TestCase.php:22
Caused by
PDOException: SQLSTATE[42P01]: Undefined table: 7 ERROR:  relation "global_courses" does not exist

at vendor\laravel\framework\src\Illuminate\Database\Connection.php:570
at vendor\laravel\framework\src\Illuminate\Database\Connection.php:811
at vendor\laravel\framework\src\Illuminate\Database\Connection.php:778
at vendor\laravel\framework\src\Illuminate\Database\Connection.php:559
at vendor\laravel\framework\src\Illuminate\Database\DatabaseManager.php:497
at vendor\laravel\framework\src\Illuminate\Support\Facades\Facade.php:363
at database\migrations\2024_01_15_000001_create_global_tenancy_tables.php:103
at vendor\laravel\framework\src\Illuminate\Database\Schema\Builder.php:475
at vendor\laravel\framework\src\Illuminate\Support\helpers.php:390
at vendor\laravel\framework\src\Illuminate\Database\Schema\Builder.php:472
at vendor\laravel\framework\src\Illuminate\Support\Facades\Facade.php:363
at database\migrations\2024_01_15_000001_create_global_tenancy_tables.php:72
at vendor\laravel\framework\src\Illuminate\Database\Migrations\Migrator.php:514
at vendor\laravel\framework\src\Illuminate\Database\Migrations\Migrator.php:439
at vendor\laravel\framework\src\Illuminate\Database\Concerns\ManagesTransactions.php:35
at vendor\laravel\framework\src\Illuminate\Database\Migrations\Migrator.php:447
at vendor\laravel\framework\src\Illuminate\Database\Migrations\Migrator.php:250
at vendor\laravel\framework\src\Illuminate\Console\View\Components\Task.php:41
at vendor\laravel\framework\src\Illuminate\Database\Migrations\Migrator.php:809
at vendor\laravel\framework\src\Illuminate\Database\Migrations\Migrator.php:250
at vendor\laravel\framework\src\Illuminate\Database\Migrations\Migrator.php:210
at vendor\laravel\framework\src\Illuminate\Database\Migrations\Migrator.php:137
at vendor\laravel\framework\src\Illuminate\Database\Console\Migrations\MigrateCommand.php:116
at vendor\laravel\framework\src\Illuminate\Database\Migrations\Migrator.php:666
at vendor\laravel\framework\src\Illuminate\Database\Console\Migrations\MigrateCommand.php:109
at vendor\laravel\framework\src\Illuminate\Database\Console\Migrations\MigrateCommand.php:88
at vendor\laravel\framework\src\Illuminate\Container\BoundMethod.php:36
at vendor\laravel\framework\src\Illuminate\Container\Util.php:43
at vendor\laravel\framework\src\Illuminate\Container\BoundMethod.php:96
at vendor\laravel\framework\src\Illuminate\Container\BoundMethod.php:35
at vendor\laravel\framework\src\Illuminate\Container\Container.php:836
at vendor\laravel\framework\src\Illuminate\Console\Command.php:211
at vendor\symfony\console\Command\Command.php:318
at vendor\laravel\framework\src\Illuminate\Console\Command.php:180
at vendor\laravel\framework\src\Illuminate\Console\Concerns\CallsCommands.php:68
at vendor\laravel\framework\src\Illuminate\Console\Concerns\CallsCommands.php:29
at vendor\laravel\framework\src\Illuminate\Database\Console\Migrations\FreshCommand.php:81
at vendor\laravel\framework\src\Illuminate\Container\BoundMethod.php:36
at vendor\laravel\framework\src\Illuminate\Container\Util.php:43
at vendor\laravel\framework\src\Illuminate\Container\BoundMethod.php:96
at vendor\laravel\framework\src\Illuminate\Container\BoundMethod.php:35
at vendor\laravel\framework\src\Illuminate\Container\Container.php:836
at vendor\laravel\framework\src\Illuminate\Console\Command.php:211
at vendor\symfony\console\Command\Command.php:318
at vendor\laravel\framework\src\Illuminate\Console\Command.php:180
at vendor\symfony\console\Application.php:1092
at vendor\symfony\console\Application.php:359
at vendor\symfony\console\Application.php:194
at vendor\laravel\framework\src\Illuminate\Console\Application.php:165
at vendor\laravel\framework\src\Illuminate\Foundation\Console\Kernel.php:426
at vendor\laravel\framework\src\Illuminate\Testing\PendingCommand.php:450
at vendor\laravel\framework\src\Illuminate\Testing\PendingCommand.php:653
at vendor\laravel\framework\src\Illuminate\Foundation\Testing\Concerns\InteractsWithConsole.php:87
at vendor\laravel\framework\src\Illuminate\Foundation\Testing\RefreshDatabase.php:101
at vendor\laravel\framework\src\Illuminate\Foundation\Testing\RefreshDatabase.php:84
at vendor\laravel\framework\src\Illuminate\Foundation\Testing\RefreshDatabase.php:25
at vendor\laravel\framework\src\Illuminate\Foundation\Testing\Concerns\InteractsWithTestCaseLifecycle.php:207
at vendor\laravel\framework\src\Illuminate\Foundation\Testing\Concerns\InteractsWithTestCaseLifecycle.php:96
at vendor\laravel\framework\src\Illuminate\Foundation\Testing\TestCase.php:44
at tests\TestCase.php:22</error>
    </testcase>
    <testcase name="`Style Presets API` → it can delete a style preset" file="tests\Feature\AdvancedStylingTest.php::`Style Presets API` → it can delete a style preset" class="Tests\Feature\AdvancedStylingTest" classname="Tests.Feature.AdvancedStylingTest" assertions="0" time="0.000000">
      <error type="Illuminate\Database\QueryException">`Style Presets API` → it can delete a style presetIlluminate\Database\QueryException: SQLSTATE[42P01]: Undefined table: 7 ERROR:  relation "global_courses" does not exist (Connection: pgsql, SQL: CREATE INDEX global_courses_search_idx ON global_courses USING gin(to_tsvector('english', title || ' ' || description)))&#13;
at vendor\laravel\framework\src\Illuminate\Database\Connection.php:570
at vendor\laravel\framework\src\Illuminate\Database\Connection.php:811
at vendor\laravel\framework\src\Illuminate\Database\Connection.php:778
at vendor\laravel\framework\src\Illuminate\Database\Connection.php:559
at vendor\laravel\framework\src\Illuminate\Database\DatabaseManager.php:497
at vendor\laravel\framework\src\Illuminate\Support\Facades\Facade.php:363
at database\migrations\2024_01_15_000001_create_global_tenancy_tables.php:103
at vendor\laravel\framework\src\Illuminate\Database\Schema\Builder.php:475
at vendor\laravel\framework\src\Illuminate\Support\helpers.php:390
at vendor\laravel\framework\src\Illuminate\Database\Schema\Builder.php:472
at vendor\laravel\framework\src\Illuminate\Support\Facades\Facade.php:363
at database\migrations\2024_01_15_000001_create_global_tenancy_tables.php:72
at vendor\laravel\framework\src\Illuminate\Database\Migrations\Migrator.php:514
at vendor\laravel\framework\src\Illuminate\Database\Migrations\Migrator.php:439
at vendor\laravel\framework\src\Illuminate\Database\Concerns\ManagesTransactions.php:35
at vendor\laravel\framework\src\Illuminate\Database\Migrations\Migrator.php:447
at vendor\laravel\framework\src\Illuminate\Database\Migrations\Migrator.php:250
at vendor\laravel\framework\src\Illuminate\Console\View\Components\Task.php:41
at vendor\laravel\framework\src\Illuminate\Database\Migrations\Migrator.php:809
at vendor\laravel\framework\src\Illuminate\Database\Migrations\Migrator.php:250
at vendor\laravel\framework\src\Illuminate\Database\Migrations\Migrator.php:210
at vendor\laravel\framework\src\Illuminate\Database\Migrations\Migrator.php:137
at vendor\laravel\framework\src\Illuminate\Database\Console\Migrations\MigrateCommand.php:116
at vendor\laravel\framework\src\Illuminate\Database\Migrations\Migrator.php:666
at vendor\laravel\framework\src\Illuminate\Database\Console\Migrations\MigrateCommand.php:109
at vendor\laravel\framework\src\Illuminate\Database\Console\Migrations\MigrateCommand.php:88
at vendor\laravel\framework\src\Illuminate\Container\BoundMethod.php:36
at vendor\laravel\framework\src\Illuminate\Container\Util.php:43
at vendor\laravel\framework\src\Illuminate\Container\BoundMethod.php:96
at vendor\laravel\framework\src\Illuminate\Container\BoundMethod.php:35
at vendor\laravel\framework\src\Illuminate\Container\Container.php:836
at vendor\laravel\framework\src\Illuminate\Console\Command.php:211
at vendor\symfony\console\Command\Command.php:318
at vendor\laravel\framework\src\Illuminate\Console\Command.php:180
at vendor\laravel\framework\src\Illuminate\Console\Concerns\CallsCommands.php:68
at vendor\laravel\framework\src\Illuminate\Console\Concerns\CallsCommands.php:29
at vendor\laravel\framework\src\Illuminate\Database\Console\Migrations\FreshCommand.php:81
at vendor\laravel\framework\src\Illuminate\Container\BoundMethod.php:36
at vendor\laravel\framework\src\Illuminate\Container\Util.php:43
at vendor\laravel\framework\src\Illuminate\Container\BoundMethod.php:96
at vendor\laravel\framework\src\Illuminate\Container\BoundMethod.php:35
at vendor\laravel\framework\src\Illuminate\Container\Container.php:836
at vendor\laravel\framework\src\Illuminate\Console\Command.php:211
at vendor\symfony\console\Command\Command.php:318
at vendor\laravel\framework\src\Illuminate\Console\Command.php:180
at vendor\symfony\console\Application.php:1092
at vendor\symfony\console\Application.php:359
at vendor\symfony\console\Application.php:194
at vendor\laravel\framework\src\Illuminate\Console\Application.php:165
at vendor\laravel\framework\src\Illuminate\Foundation\Console\Kernel.php:426
at vendor\laravel\framework\src\Illuminate\Testing\PendingCommand.php:450
at vendor\laravel\framework\src\Illuminate\Testing\PendingCommand.php:653
at vendor\laravel\framework\src\Illuminate\Foundation\Testing\Concerns\InteractsWithConsole.php:87
at vendor\laravel\framework\src\Illuminate\Foundation\Testing\RefreshDatabase.php:101
at vendor\laravel\framework\src\Illuminate\Foundation\Testing\RefreshDatabase.php:84
at vendor\laravel\framework\src\Illuminate\Foundation\Testing\RefreshDatabase.php:25
at vendor\laravel\framework\src\Illuminate\Foundation\Testing\Concerns\InteractsWithTestCaseLifecycle.php:207
at vendor\laravel\framework\src\Illuminate\Foundation\Testing\Concerns\InteractsWithTestCaseLifecycle.php:96
at vendor\laravel\framework\src\Illuminate\Foundation\Testing\TestCase.php:44
at tests\TestCase.php:22
Caused by
PDOException: SQLSTATE[42P01]: Undefined table: 7 ERROR:  relation "global_courses" does not exist

at vendor\laravel\framework\src\Illuminate\Database\Connection.php:570
at vendor\laravel\framework\src\Illuminate\Database\Connection.php:811
at vendor\laravel\framework\src\Illuminate\Database\Connection.php:778
at vendor\laravel\framework\src\Illuminate\Database\Connection.php:559
at vendor\laravel\framework\src\Illuminate\Database\DatabaseManager.php:497
at vendor\laravel\framework\src\Illuminate\Support\Facades\Facade.php:363
at database\migrations\2024_01_15_000001_create_global_tenancy_tables.php:103
at vendor\laravel\framework\src\Illuminate\Database\Schema\Builder.php:475
at vendor\laravel\framework\src\Illuminate\Support\helpers.php:390
at vendor\laravel\framework\src\Illuminate\Database\Schema\Builder.php:472
at vendor\laravel\framework\src\Illuminate\Support\Facades\Facade.php:363
at database\migrations\2024_01_15_000001_create_global_tenancy_tables.php:72
at vendor\laravel\framework\src\Illuminate\Database\Migrations\Migrator.php:514
at vendor\laravel\framework\src\Illuminate\Database\Migrations\Migrator.php:439
at vendor\laravel\framework\src\Illuminate\Database\Concerns\ManagesTransactions.php:35
at vendor\laravel\framework\src\Illuminate\Database\Migrations\Migrator.php:447
at vendor\laravel\framework\src\Illuminate\Database\Migrations\Migrator.php:250
at vendor\laravel\framework\src\Illuminate\Console\View\Components\Task.php:41
at vendor\laravel\framework\src\Illuminate\Database\Migrations\Migrator.php:809
at vendor\laravel\framework\src\Illuminate\Database\Migrations\Migrator.php:250
at vendor\laravel\framework\src\Illuminate\Database\Migrations\Migrator.php:210
at vendor\laravel\framework\src\Illuminate\Database\Migrations\Migrator.php:137
at vendor\laravel\framework\src\Illuminate\Database\Console\Migrations\MigrateCommand.php:116
at vendor\laravel\framework\src\Illuminate\Database\Migrations\Migrator.php:666
at vendor\laravel\framework\src\Illuminate\Database\Console\Migrations\MigrateCommand.php:109
at vendor\laravel\framework\src\Illuminate\Database\Console\Migrations\MigrateCommand.php:88
at vendor\laravel\framework\src\Illuminate\Container\BoundMethod.php:36
at vendor\laravel\framework\src\Illuminate\Container\Util.php:43
at vendor\laravel\framework\src\Illuminate\Container\BoundMethod.php:96
at vendor\laravel\framework\src\Illuminate\Container\BoundMethod.php:35
at vendor\laravel\framework\src\Illuminate\Container\Container.php:836
at vendor\laravel\framework\src\Illuminate\Console\Command.php:211
at vendor\symfony\console\Command\Command.php:318
at vendor\laravel\framework\src\Illuminate\Console\Command.php:180
at vendor\laravel\framework\src\Illuminate\Console\Concerns\CallsCommands.php:68
at vendor\laravel\framework\src\Illuminate\Console\Concerns\CallsCommands.php:29
at vendor\laravel\framework\src\Illuminate\Database\Console\Migrations\FreshCommand.php:81
at vendor\laravel\framework\src\Illuminate\Container\BoundMethod.php:36
at vendor\laravel\framework\src\Illuminate\Container\Util.php:43
at vendor\laravel\framework\src\Illuminate\Container\BoundMethod.php:96
at vendor\laravel\framework\src\Illuminate\Container\BoundMethod.php:35
at vendor\laravel\framework\src\Illuminate\Container\Container.php:836
at vendor\laravel\framework\src\Illuminate\Console\Command.php:211
at vendor\symfony\console\Command\Command.php:318
at vendor\laravel\framework\src\Illuminate\Console\Command.php:180
at vendor\symfony\console\Application.php:1092
at vendor\symfony\console\Application.php:359
at vendor\symfony\console\Application.php:194
at vendor\laravel\framework\src\Illuminate\Console\Application.php:165
at vendor\laravel\framework\src\Illuminate\Foundation\Console\Kernel.php:426
at vendor\laravel\framework\src\Illuminate\Testing\PendingCommand.php:450
at vendor\laravel\framework\src\Illuminate\Testing\PendingCommand.php:653
at vendor\laravel\framework\src\Illuminate\Foundation\Testing\Concerns\InteractsWithConsole.php:87
at vendor\laravel\framework\src\Illuminate\Foundation\Testing\RefreshDatabase.php:101
at vendor\laravel\framework\src\Illuminate\Foundation\Testing\RefreshDatabase.php:84
at vendor\laravel\framework\src\Illuminate\Foundation\Testing\RefreshDatabase.php:25
at vendor\laravel\framework\src\Illuminate\Foundation\Testing\Concerns\InteractsWithTestCaseLifecycle.php:207
at vendor\laravel\framework\src\Illuminate\Foundation\Testing\Concerns\InteractsWithTestCaseLifecycle.php:96
at vendor\laravel\framework\src\Illuminate\Foundation\Testing\TestCase.php:44
at tests\TestCase.php:22</error>
    </testcase>
    <testcase name="`Style Presets API` → it can get presets by category" file="tests\Feature\AdvancedStylingTest.php::`Style Presets API` → it can get presets by category" class="Tests\Feature\AdvancedStylingTest" classname="Tests.Feature.AdvancedStylingTest" assertions="0" time="0.000000">
      <error type="Illuminate\Database\QueryException">`Style Presets API` → it can get presets by categoryIlluminate\Database\QueryException: SQLSTATE[42P01]: Undefined table: 7 ERROR:  relation "global_courses" does not exist (Connection: pgsql, SQL: CREATE INDEX global_courses_search_idx ON global_courses USING gin(to_tsvector('english', title || ' ' || description)))&#13;
at vendor\laravel\framework\src\Illuminate\Database\Connection.php:570
at vendor\laravel\framework\src\Illuminate\Database\Connection.php:811
at vendor\laravel\framework\src\Illuminate\Database\Connection.php:778
at vendor\laravel\framework\src\Illuminate\Database\Connection.php:559
at vendor\laravel\framework\src\Illuminate\Database\DatabaseManager.php:497
at vendor\laravel\framework\src\Illuminate\Support\Facades\Facade.php:363
at database\migrations\2024_01_15_000001_create_global_tenancy_tables.php:103
at vendor\laravel\framework\src\Illuminate\Database\Schema\Builder.php:475
at vendor\laravel\framework\src\Illuminate\Support\helpers.php:390
at vendor\laravel\framework\src\Illuminate\Database\Schema\Builder.php:472
at vendor\laravel\framework\src\Illuminate\Support\Facades\Facade.php:363
at database\migrations\2024_01_15_000001_create_global_tenancy_tables.php:72
at vendor\laravel\framework\src\Illuminate\Database\Migrations\Migrator.php:514
at vendor\laravel\framework\src\Illuminate\Database\Migrations\Migrator.php:439
at vendor\laravel\framework\src\Illuminate\Database\Concerns\ManagesTransactions.php:35
at vendor\laravel\framework\src\Illuminate\Database\Migrations\Migrator.php:447
at vendor\laravel\framework\src\Illuminate\Database\Migrations\Migrator.php:250
at vendor\laravel\framework\src\Illuminate\Console\View\Components\Task.php:41
at vendor\laravel\framework\src\Illuminate\Database\Migrations\Migrator.php:809
at vendor\laravel\framework\src\Illuminate\Database\Migrations\Migrator.php:250
at vendor\laravel\framework\src\Illuminate\Database\Migrations\Migrator.php:210
at vendor\laravel\framework\src\Illuminate\Database\Migrations\Migrator.php:137
at vendor\laravel\framework\src\Illuminate\Database\Console\Migrations\MigrateCommand.php:116
at vendor\laravel\framework\src\Illuminate\Database\Migrations\Migrator.php:666
at vendor\laravel\framework\src\Illuminate\Database\Console\Migrations\MigrateCommand.php:109
at vendor\laravel\framework\src\Illuminate\Database\Console\Migrations\MigrateCommand.php:88
at vendor\laravel\framework\src\Illuminate\Container\BoundMethod.php:36
at vendor\laravel\framework\src\Illuminate\Container\Util.php:43
at vendor\laravel\framework\src\Illuminate\Container\BoundMethod.php:96
at vendor\laravel\framework\src\Illuminate\Container\BoundMethod.php:35
at vendor\laravel\framework\src\Illuminate\Container\Container.php:836
at vendor\laravel\framework\src\Illuminate\Console\Command.php:211
at vendor\symfony\console\Command\Command.php:318
at vendor\laravel\framework\src\Illuminate\Console\Command.php:180
at vendor\laravel\framework\src\Illuminate\Console\Concerns\CallsCommands.php:68
at vendor\laravel\framework\src\Illuminate\Console\Concerns\CallsCommands.php:29
at vendor\laravel\framework\src\Illuminate\Database\Console\Migrations\FreshCommand.php:81
at vendor\laravel\framework\src\Illuminate\Container\BoundMethod.php:36
at vendor\laravel\framework\src\Illuminate\Container\Util.php:43
at vendor\laravel\framework\src\Illuminate\Container\BoundMethod.php:96
at vendor\laravel\framework\src\Illuminate\Container\BoundMethod.php:35
at vendor\laravel\framework\src\Illuminate\Container\Container.php:836
at vendor\laravel\framework\src\Illuminate\Console\Command.php:211
at vendor\symfony\console\Command\Command.php:318
at vendor\laravel\framework\src\Illuminate\Console\Command.php:180
at vendor\symfony\console\Application.php:1092
at vendor\symfony\console\Application.php:359
at vendor\symfony\console\Application.php:194
at vendor\laravel\framework\src\Illuminate\Console\Application.php:165
at vendor\laravel\framework\src\Illuminate\Foundation\Console\Kernel.php:426
at vendor\laravel\framework\src\Illuminate\Testing\PendingCommand.php:450
at vendor\laravel\framework\src\Illuminate\Testing\PendingCommand.php:653
at vendor\laravel\framework\src\Illuminate\Foundation\Testing\Concerns\InteractsWithConsole.php:87
at vendor\laravel\framework\src\Illuminate\Foundation\Testing\RefreshDatabase.php:101
at vendor\laravel\framework\src\Illuminate\Foundation\Testing\RefreshDatabase.php:84
at vendor\laravel\framework\src\Illuminate\Foundation\Testing\RefreshDatabase.php:25
at vendor\laravel\framework\src\Illuminate\Foundation\Testing\Concerns\InteractsWithTestCaseLifecycle.php:207
at vendor\laravel\framework\src\Illuminate\Foundation\Testing\Concerns\InteractsWithTestCaseLifecycle.php:96
at vendor\laravel\framework\src\Illuminate\Foundation\Testing\TestCase.php:44
at tests\TestCase.php:22
Caused by
PDOException: SQLSTATE[42P01]: Undefined table: 7 ERROR:  relation "global_courses" does not exist

at vendor\laravel\framework\src\Illuminate\Database\Connection.php:570
at vendor\laravel\framework\src\Illuminate\Database\Connection.php:811
at vendor\laravel\framework\src\Illuminate\Database\Connection.php:778
at vendor\laravel\framework\src\Illuminate\Database\Connection.php:559
at vendor\laravel\framework\src\Illuminate\Database\DatabaseManager.php:497
at vendor\laravel\framework\src\Illuminate\Support\Facades\Facade.php:363
at database\migrations\2024_01_15_000001_create_global_tenancy_tables.php:103
at vendor\laravel\framework\src\Illuminate\Database\Schema\Builder.php:475
at vendor\laravel\framework\src\Illuminate\Support\helpers.php:390
at vendor\laravel\framework\src\Illuminate\Database\Schema\Builder.php:472
at vendor\laravel\framework\src\Illuminate\Support\Facades\Facade.php:363
at database\migrations\2024_01_15_000001_create_global_tenancy_tables.php:72
at vendor\laravel\framework\src\Illuminate\Database\Migrations\Migrator.php:514
at vendor\laravel\framework\src\Illuminate\Database\Migrations\Migrator.php:439
at vendor\laravel\framework\src\Illuminate\Database\Concerns\ManagesTransactions.php:35
at vendor\laravel\framework\src\Illuminate\Database\Migrations\Migrator.php:447
at vendor\laravel\framework\src\Illuminate\Database\Migrations\Migrator.php:250
at vendor\laravel\framework\src\Illuminate\Console\View\Components\Task.php:41
at vendor\laravel\framework\src\Illuminate\Database\Migrations\Migrator.php:809
at vendor\laravel\framework\src\Illuminate\Database\Migrations\Migrator.php:250
at vendor\laravel\framework\src\Illuminate\Database\Migrations\Migrator.php:210
at vendor\laravel\framework\src\Illuminate\Database\Migrations\Migrator.php:137
at vendor\laravel\framework\src\Illuminate\Database\Console\Migrations\MigrateCommand.php:116
at vendor\laravel\framework\src\Illuminate\Database\Migrations\Migrator.php:666
at vendor\laravel\framework\src\Illuminate\Database\Console\Migrations\MigrateCommand.php:109
at vendor\laravel\framework\src\Illuminate\Database\Console\Migrations\MigrateCommand.php:88
at vendor\laravel\framework\src\Illuminate\Container\BoundMethod.php:36
at vendor\laravel\framework\src\Illuminate\Container\Util.php:43
at vendor\laravel\framework\src\Illuminate\Container\BoundMethod.php:96
at vendor\laravel\framework\src\Illuminate\Container\BoundMethod.php:35
at vendor\laravel\framework\src\Illuminate\Container\Container.php:836
at vendor\laravel\framework\src\Illuminate\Console\Command.php:211
at vendor\symfony\console\Command\Command.php:318
at vendor\laravel\framework\src\Illuminate\Console\Command.php:180
at vendor\laravel\framework\src\Illuminate\Console\Concerns\CallsCommands.php:68
at vendor\laravel\framework\src\Illuminate\Console\Concerns\CallsCommands.php:29
at vendor\laravel\framework\src\Illuminate\Database\Console\Migrations\FreshCommand.php:81
at vendor\laravel\framework\src\Illuminate\Container\BoundMethod.php:36
at vendor\laravel\framework\src\Illuminate\Container\Util.php:43
at vendor\laravel\framework\src\Illuminate\Container\BoundMethod.php:96
at vendor\laravel\framework\src\Illuminate\Container\BoundMethod.php:35
at vendor\laravel\framework\src\Illuminate\Container\Container.php:836
at vendor\laravel\framework\src\Illuminate\Console\Command.php:211
at vendor\symfony\console\Command\Command.php:318
at vendor\laravel\framework\src\Illuminate\Console\Command.php:180
at vendor\symfony\console\Application.php:1092
at vendor\symfony\console\Application.php:359
at vendor\symfony\console\Application.php:194
at vendor\laravel\framework\src\Illuminate\Console\Application.php:165
at vendor\laravel\framework\src\Illuminate\Foundation\Console\Kernel.php:426
at vendor\laravel\framework\src\Illuminate\Testing\PendingCommand.php:450
at vendor\laravel\framework\src\Illuminate\Testing\PendingCommand.php:653
at vendor\laravel\framework\src\Illuminate\Foundation\Testing\Concerns\InteractsWithConsole.php:87
at vendor\laravel\framework\src\Illuminate\Foundation\Testing\RefreshDatabase.php:101
at vendor\laravel\framework\src\Illuminate\Foundation\Testing\RefreshDatabase.php:84
at vendor\laravel\framework\src\Illuminate\Foundation\Testing\RefreshDatabase.php:25
at vendor\laravel\framework\src\Illuminate\Foundation\Testing\Concerns\InteractsWithTestCaseLifecycle.php:207
at vendor\laravel\framework\src\Illuminate\Foundation\Testing\Concerns\InteractsWithTestCaseLifecycle.php:96
at vendor\laravel\framework\src\Illuminate\Foundation\Testing\TestCase.php:44
at tests\TestCase.php:22</error>
    </testcase>
    <testcase name="`Style Presets API` → it can duplicate a style preset" file="tests\Feature\AdvancedStylingTest.php::`Style Presets API` → it can duplicate a style preset" class="Tests\Feature\AdvancedStylingTest" classname="Tests.Feature.AdvancedStylingTest" assertions="0" time="0.000000">
      <error type="Illuminate\Database\QueryException">`Style Presets API` → it can duplicate a style presetIlluminate\Database\QueryException: SQLSTATE[42P01]: Undefined table: 7 ERROR:  relation "global_courses" does not exist (Connection: pgsql, SQL: CREATE INDEX global_courses_search_idx ON global_courses USING gin(to_tsvector('english', title || ' ' || description)))&#13;
at vendor\laravel\framework\src\Illuminate\Database\Connection.php:570
at vendor\laravel\framework\src\Illuminate\Database\Connection.php:811
at vendor\laravel\framework\src\Illuminate\Database\Connection.php:778
at vendor\laravel\framework\src\Illuminate\Database\Connection.php:559
at vendor\laravel\framework\src\Illuminate\Database\DatabaseManager.php:497
at vendor\laravel\framework\src\Illuminate\Support\Facades\Facade.php:363
at database\migrations\2024_01_15_000001_create_global_tenancy_tables.php:103
at vendor\laravel\framework\src\Illuminate\Database\Schema\Builder.php:475
at vendor\laravel\framework\src\Illuminate\Support\helpers.php:390
at vendor\laravel\framework\src\Illuminate\Database\Schema\Builder.php:472
at vendor\laravel\framework\src\Illuminate\Support\Facades\Facade.php:363
at database\migrations\2024_01_15_000001_create_global_tenancy_tables.php:72
at vendor\laravel\framework\src\Illuminate\Database\Migrations\Migrator.php:514
at vendor\laravel\framework\src\Illuminate\Database\Migrations\Migrator.php:439
at vendor\laravel\framework\src\Illuminate\Database\Concerns\ManagesTransactions.php:35
at vendor\laravel\framework\src\Illuminate\Database\Migrations\Migrator.php:447
at vendor\laravel\framework\src\Illuminate\Database\Migrations\Migrator.php:250
at vendor\laravel\framework\src\Illuminate\Console\View\Components\Task.php:41
at vendor\laravel\framework\src\Illuminate\Database\Migrations\Migrator.php:809
at vendor\laravel\framework\src\Illuminate\Database\Migrations\Migrator.php:250
at vendor\laravel\framework\src\Illuminate\Database\Migrations\Migrator.php:210
at vendor\laravel\framework\src\Illuminate\Database\Migrations\Migrator.php:137
at vendor\laravel\framework\src\Illuminate\Database\Console\Migrations\MigrateCommand.php:116
at vendor\laravel\framework\src\Illuminate\Database\Migrations\Migrator.php:666
at vendor\laravel\framework\src\Illuminate\Database\Console\Migrations\MigrateCommand.php:109
at vendor\laravel\framework\src\Illuminate\Database\Console\Migrations\MigrateCommand.php:88
at vendor\laravel\framework\src\Illuminate\Container\BoundMethod.php:36
at vendor\laravel\framework\src\Illuminate\Container\Util.php:43
at vendor\laravel\framework\src\Illuminate\Container\BoundMethod.php:96
at vendor\laravel\framework\src\Illuminate\Container\BoundMethod.php:35
at vendor\laravel\framework\src\Illuminate\Container\Container.php:836
at vendor\laravel\framework\src\Illuminate\Console\Command.php:211
at vendor\symfony\console\Command\Command.php:318
at vendor\laravel\framework\src\Illuminate\Console\Command.php:180
at vendor\laravel\framework\src\Illuminate\Console\Concerns\CallsCommands.php:68
at vendor\laravel\framework\src\Illuminate\Console\Concerns\CallsCommands.php:29
at vendor\laravel\framework\src\Illuminate\Database\Console\Migrations\FreshCommand.php:81
at vendor\laravel\framework\src\Illuminate\Container\BoundMethod.php:36
at vendor\laravel\framework\src\Illuminate\Container\Util.php:43
at vendor\laravel\framework\src\Illuminate\Container\BoundMethod.php:96
at vendor\laravel\framework\src\Illuminate\Container\BoundMethod.php:35
at vendor\laravel\framework\src\Illuminate\Container\Container.php:836
at vendor\laravel\framework\src\Illuminate\Console\Command.php:211
at vendor\symfony\console\Command\Command.php:318
at vendor\laravel\framework\src\Illuminate\Console\Command.php:180
at vendor\symfony\console\Application.php:1092
at vendor\symfony\console\Application.php:359
at vendor\symfony\console\Application.php:194
at vendor\laravel\framework\src\Illuminate\Console\Application.php:165
at vendor\laravel\framework\src\Illuminate\Foundation\Console\Kernel.php:426
at vendor\laravel\framework\src\Illuminate\Testing\PendingCommand.php:450
at vendor\laravel\framework\src\Illuminate\Testing\PendingCommand.php:653
at vendor\laravel\framework\src\Illuminate\Foundation\Testing\Concerns\InteractsWithConsole.php:87
at vendor\laravel\framework\src\Illuminate\Foundation\Testing\RefreshDatabase.php:101
at vendor\laravel\framework\src\Illuminate\Foundation\Testing\RefreshDatabase.php:84
at vendor\laravel\framework\src\Illuminate\Foundation\Testing\RefreshDatabase.php:25
at vendor\laravel\framework\src\Illuminate\Foundation\Testing\Concerns\InteractsWithTestCaseLifecycle.php:207
at vendor\laravel\framework\src\Illuminate\Foundation\Testing\Concerns\InteractsWithTestCaseLifecycle.php:96
at vendor\laravel\framework\src\Illuminate\Foundation\Testing\TestCase.php:44
at tests\TestCase.php:22
Caused by
PDOException: SQLSTATE[42P01]: Undefined table: 7 ERROR:  relation "global_courses" does not exist

at vendor\laravel\framework\src\Illuminate\Database\Connection.php:570
at vendor\laravel\framework\src\Illuminate\Database\Connection.php:811
at vendor\laravel\framework\src\Illuminate\Database\Connection.php:778
at vendor\laravel\framework\src\Illuminate\Database\Connection.php:559
at vendor\laravel\framework\src\Illuminate\Database\DatabaseManager.php:497
at vendor\laravel\framework\src\Illuminate\Support\Facades\Facade.php:363
at database\migrations\2024_01_15_000001_create_global_tenancy_tables.php:103
at vendor\laravel\framework\src\Illuminate\Database\Schema\Builder.php:475
at vendor\laravel\framework\src\Illuminate\Support\helpers.php:390
at vendor\laravel\framework\src\Illuminate\Database\Schema\Builder.php:472
at vendor\laravel\framework\src\Illuminate\Support\Facades\Facade.php:363
at database\migrations\2024_01_15_000001_create_global_tenancy_tables.php:72
at vendor\laravel\framework\src\Illuminate\Database\Migrations\Migrator.php:514
at vendor\laravel\framework\src\Illuminate\Database\Migrations\Migrator.php:439
at vendor\laravel\framework\src\Illuminate\Database\Concerns\ManagesTransactions.php:35
at vendor\laravel\framework\src\Illuminate\Database\Migrations\Migrator.php:447
at vendor\laravel\framework\src\Illuminate\Database\Migrations\Migrator.php:250
at vendor\laravel\framework\src\Illuminate\Console\View\Components\Task.php:41
at vendor\laravel\framework\src\Illuminate\Database\Migrations\Migrator.php:809
at vendor\laravel\framework\src\Illuminate\Database\Migrations\Migrator.php:250
at vendor\laravel\framework\src\Illuminate\Database\Migrations\Migrator.php:210
at vendor\laravel\framework\src\Illuminate\Database\Migrations\Migrator.php:137
at vendor\laravel\framework\src\Illuminate\Database\Console\Migrations\MigrateCommand.php:116
at vendor\laravel\framework\src\Illuminate\Database\Migrations\Migrator.php:666
at vendor\laravel\framework\src\Illuminate\Database\Console\Migrations\MigrateCommand.php:109
at vendor\laravel\framework\src\Illuminate\Database\Console\Migrations\MigrateCommand.php:88
at vendor\laravel\framework\src\Illuminate\Container\BoundMethod.php:36
at vendor\laravel\framework\src\Illuminate\Container\Util.php:43
at vendor\laravel\framework\src\Illuminate\Container\BoundMethod.php:96
at vendor\laravel\framework\src\Illuminate\Container\BoundMethod.php:35
at vendor\laravel\framework\src\Illuminate\Container\Container.php:836
at vendor\laravel\framework\src\Illuminate\Console\Command.php:211
at vendor\symfony\console\Command\Command.php:318
at vendor\laravel\framework\src\Illuminate\Console\Command.php:180
at vendor\laravel\framework\src\Illuminate\Console\Concerns\CallsCommands.php:68
at vendor\laravel\framework\src\Illuminate\Console\Concerns\CallsCommands.php:29
at vendor\laravel\framework\src\Illuminate\Database\Console\Migrations\FreshCommand.php:81
at vendor\laravel\framework\src\Illuminate\Container\BoundMethod.php:36
at vendor\laravel\framework\src\Illuminate\Container\Util.php:43
at vendor\laravel\framework\src\Illuminate\Container\BoundMethod.php:96
at vendor\laravel\framework\src\Illuminate\Container\BoundMethod.php:35
at vendor\laravel\framework\src\Illuminate\Container\Container.php:836
at vendor\laravel\framework\src\Illuminate\Console\Command.php:211
at vendor\symfony\console\Command\Command.php:318
at vendor\laravel\framework\src\Illuminate\Console\Command.php:180
at vendor\symfony\console\Application.php:1092
at vendor\symfony\console\Application.php:359
at vendor\symfony\console\Application.php:194
at vendor\laravel\framework\src\Illuminate\Console\Application.php:165
at vendor\laravel\framework\src\Illuminate\Foundation\Console\Kernel.php:426
at vendor\laravel\framework\src\Illuminate\Testing\PendingCommand.php:450
at vendor\laravel\framework\src\Illuminate\Testing\PendingCommand.php:653
at vendor\laravel\framework\src\Illuminate\Foundation\Testing\Concerns\InteractsWithConsole.php:87
at vendor\laravel\framework\src\Illuminate\Foundation\Testing\RefreshDatabase.php:101
at vendor\laravel\framework\src\Illuminate\Foundation\Testing\RefreshDatabase.php:84
at vendor\laravel\framework\src\Illuminate\Foundation\Testing\RefreshDatabase.php:25
at vendor\laravel\framework\src\Illuminate\Foundation\Testing\Concerns\InteractsWithTestCaseLifecycle.php:207
at vendor\laravel\framework\src\Illuminate\Foundation\Testing\Concerns\InteractsWithTestCaseLifecycle.php:96
at vendor\laravel\framework\src\Illuminate\Foundation\Testing\TestCase.php:44
at tests\TestCase.php:22</error>
    </testcase>
    <testcase name="`Style Presets API` → it can bulk store style presets" file="tests\Feature\AdvancedStylingTest.php::`Style Presets API` → it can bulk store style presets" class="Tests\Feature\AdvancedStylingTest" classname="Tests.Feature.AdvancedStylingTest" assertions="0" time="0.000000">
      <error type="Illuminate\Database\QueryException">`Style Presets API` → it can bulk store style presetsIlluminate\Database\QueryException: SQLSTATE[42P01]: Undefined table: 7 ERROR:  relation "global_courses" does not exist (Connection: pgsql, SQL: CREATE INDEX global_courses_search_idx ON global_courses USING gin(to_tsvector('english', title || ' ' || description)))&#13;
at vendor\laravel\framework\src\Illuminate\Database\Connection.php:570
at vendor\laravel\framework\src\Illuminate\Database\Connection.php:811
at vendor\laravel\framework\src\Illuminate\Database\Connection.php:778
at vendor\laravel\framework\src\Illuminate\Database\Connection.php:559
at vendor\laravel\framework\src\Illuminate\Database\DatabaseManager.php:497
at vendor\laravel\framework\src\Illuminate\Support\Facades\Facade.php:363
at database\migrations\2024_01_15_000001_create_global_tenancy_tables.php:103
at vendor\laravel\framework\src\Illuminate\Database\Schema\Builder.php:475
at vendor\laravel\framework\src\Illuminate\Support\helpers.php:390
at vendor\laravel\framework\src\Illuminate\Database\Schema\Builder.php:472
at vendor\laravel\framework\src\Illuminate\Support\Facades\Facade.php:363
at database\migrations\2024_01_15_000001_create_global_tenancy_tables.php:72
at vendor\laravel\framework\src\Illuminate\Database\Migrations\Migrator.php:514
at vendor\laravel\framework\src\Illuminate\Database\Migrations\Migrator.php:439
at vendor\laravel\framework\src\Illuminate\Database\Concerns\ManagesTransactions.php:35
at vendor\laravel\framework\src\Illuminate\Database\Migrations\Migrator.php:447
at vendor\laravel\framework\src\Illuminate\Database\Migrations\Migrator.php:250
at vendor\laravel\framework\src\Illuminate\Console\View\Components\Task.php:41
at vendor\laravel\framework\src\Illuminate\Database\Migrations\Migrator.php:809
at vendor\laravel\framework\src\Illuminate\Database\Migrations\Migrator.php:250
at vendor\laravel\framework\src\Illuminate\Database\Migrations\Migrator.php:210
at vendor\laravel\framework\src\Illuminate\Database\Migrations\Migrator.php:137
at vendor\laravel\framework\src\Illuminate\Database\Console\Migrations\MigrateCommand.php:116
at vendor\laravel\framework\src\Illuminate\Database\Migrations\Migrator.php:666
at vendor\laravel\framework\src\Illuminate\Database\Console\Migrations\MigrateCommand.php:109
at vendor\laravel\framework\src\Illuminate\Database\Console\Migrations\MigrateCommand.php:88
at vendor\laravel\framework\src\Illuminate\Container\BoundMethod.php:36
at vendor\laravel\framework\src\Illuminate\Container\Util.php:43
at vendor\laravel\framework\src\Illuminate\Container\BoundMethod.php:96
at vendor\laravel\framework\src\Illuminate\Container\BoundMethod.php:35
at vendor\laravel\framework\src\Illuminate\Container\Container.php:836
at vendor\laravel\framework\src\Illuminate\Console\Command.php:211
at vendor\symfony\console\Command\Command.php:318
at vendor\laravel\framework\src\Illuminate\Console\Command.php:180
at vendor\laravel\framework\src\Illuminate\Console\Concerns\CallsCommands.php:68
at vendor\laravel\framework\src\Illuminate\Console\Concerns\CallsCommands.php:29
at vendor\laravel\framework\src\Illuminate\Database\Console\Migrations\FreshCommand.php:81
at vendor\laravel\framework\src\Illuminate\Container\BoundMethod.php:36
at vendor\laravel\framework\src\Illuminate\Container\Util.php:43
at vendor\laravel\framework\src\Illuminate\Container\BoundMethod.php:96
at vendor\laravel\framework\src\Illuminate\Container\BoundMethod.php:35
at vendor\laravel\framework\src\Illuminate\Container\Container.php:836
at vendor\laravel\framework\src\Illuminate\Console\Command.php:211
at vendor\symfony\console\Command\Command.php:318
at vendor\laravel\framework\src\Illuminate\Console\Command.php:180
at vendor\symfony\console\Application.php:1092
at vendor\symfony\console\Application.php:359
at vendor\symfony\console\Application.php:194
at vendor\laravel\framework\src\Illuminate\Console\Application.php:165
at vendor\laravel\framework\src\Illuminate\Foundation\Console\Kernel.php:426
at vendor\laravel\framework\src\Illuminate\Testing\PendingCommand.php:450
at vendor\laravel\framework\src\Illuminate\Testing\PendingCommand.php:653
at vendor\laravel\framework\src\Illuminate\Foundation\Testing\Concerns\InteractsWithConsole.php:87
at vendor\laravel\framework\src\Illuminate\Foundation\Testing\RefreshDatabase.php:101
at vendor\laravel\framework\src\Illuminate\Foundation\Testing\RefreshDatabase.php:84
at vendor\laravel\framework\src\Illuminate\Foundation\Testing\RefreshDatabase.php:25
at vendor\laravel\framework\src\Illuminate\Foundation\Testing\Concerns\InteractsWithTestCaseLifecycle.php:207
at vendor\laravel\framework\src\Illuminate\Foundation\Testing\Concerns\InteractsWithTestCaseLifecycle.php:96
at vendor\laravel\framework\src\Illuminate\Foundation\Testing\TestCase.php:44
at tests\TestCase.php:22
Caused by
PDOException: SQLSTATE[42P01]: Undefined table: 7 ERROR:  relation "global_courses" does not exist

at vendor\laravel\framework\src\Illuminate\Database\Connection.php:570
at vendor\laravel\framework\src\Illuminate\Database\Connection.php:811
at vendor\laravel\framework\src\Illuminate\Database\Connection.php:778
at vendor\laravel\framework\src\Illuminate\Database\Connection.php:559
at vendor\laravel\framework\src\Illuminate\Database\DatabaseManager.php:497
at vendor\laravel\framework\src\Illuminate\Support\Facades\Facade.php:363
at database\migrations\2024_01_15_000001_create_global_tenancy_tables.php:103
at vendor\laravel\framework\src\Illuminate\Database\Schema\Builder.php:475
at vendor\laravel\framework\src\Illuminate\Support\helpers.php:390
at vendor\laravel\framework\src\Illuminate\Database\Schema\Builder.php:472
at vendor\laravel\framework\src\Illuminate\Support\Facades\Facade.php:363
at database\migrations\2024_01_15_000001_create_global_tenancy_tables.php:72
at vendor\laravel\framework\src\Illuminate\Database\Migrations\Migrator.php:514
at vendor\laravel\framework\src\Illuminate\Database\Migrations\Migrator.php:439
at vendor\laravel\framework\src\Illuminate\Database\Concerns\ManagesTransactions.php:35
at vendor\laravel\framework\src\Illuminate\Database\Migrations\Migrator.php:447
at vendor\laravel\framework\src\Illuminate\Database\Migrations\Migrator.php:250
at vendor\laravel\framework\src\Illuminate\Console\View\Components\Task.php:41
at vendor\laravel\framework\src\Illuminate\Database\Migrations\Migrator.php:809
at vendor\laravel\framework\src\Illuminate\Database\Migrations\Migrator.php:250
at vendor\laravel\framework\src\Illuminate\Database\Migrations\Migrator.php:210
at vendor\laravel\framework\src\Illuminate\Database\Migrations\Migrator.php:137
at vendor\laravel\framework\src\Illuminate\Database\Console\Migrations\MigrateCommand.php:116
at vendor\laravel\framework\src\Illuminate\Database\Migrations\Migrator.php:666
at vendor\laravel\framework\src\Illuminate\Database\Console\Migrations\MigrateCommand.php:109
at vendor\laravel\framework\src\Illuminate\Database\Console\Migrations\MigrateCommand.php:88
at vendor\laravel\framework\src\Illuminate\Container\BoundMethod.php:36
at vendor\laravel\framework\src\Illuminate\Container\Util.php:43
at vendor\laravel\framework\src\Illuminate\Container\BoundMethod.php:96
at vendor\laravel\framework\src\Illuminate\Container\BoundMethod.php:35
at vendor\laravel\framework\src\Illuminate\Container\Container.php:836
at vendor\laravel\framework\src\Illuminate\Console\Command.php:211
at vendor\symfony\console\Command\Command.php:318
at vendor\laravel\framework\src\Illuminate\Console\Command.php:180
at vendor\laravel\framework\src\Illuminate\Console\Concerns\CallsCommands.php:68
at vendor\laravel\framework\src\Illuminate\Console\Concerns\CallsCommands.php:29
at vendor\laravel\framework\src\Illuminate\Database\Console\Migrations\FreshCommand.php:81
at vendor\laravel\framework\src\Illuminate\Container\BoundMethod.php:36
at vendor\laravel\framework\src\Illuminate\Container\Util.php:43
at vendor\laravel\framework\src\Illuminate\Container\BoundMethod.php:96
at vendor\laravel\framework\src\Illuminate\Container\BoundMethod.php:35
at vendor\laravel\framework\src\Illuminate\Container\Container.php:836
at vendor\laravel\framework\src\Illuminate\Console\Command.php:211
at vendor\symfony\console\Command\Command.php:318
at vendor\laravel\framework\src\Illuminate\Console\Command.php:180
at vendor\symfony\console\Application.php:1092
at vendor\symfony\console\Application.php:359
at vendor\symfony\console\Application.php:194
at vendor\laravel\framework\src\Illuminate\Console\Application.php:165
at vendor\laravel\framework\src\Illuminate\Foundation\Console\Kernel.php:426
at vendor\laravel\framework\src\Illuminate\Testing\PendingCommand.php:450
at vendor\laravel\framework\src\Illuminate\Testing\PendingCommand.php:653
at vendor\laravel\framework\src\Illuminate\Foundation\Testing\Concerns\InteractsWithConsole.php:87
at vendor\laravel\framework\src\Illuminate\Foundation\Testing\RefreshDatabase.php:101
at vendor\laravel\framework\src\Illuminate\Foundation\Testing\RefreshDatabase.php:84
at vendor\laravel\framework\src\Illuminate\Foundation\Testing\RefreshDatabase.php:25
at vendor\laravel\framework\src\Illuminate\Foundation\Testing\Concerns\InteractsWithTestCaseLifecycle.php:207
at vendor\laravel\framework\src\Illuminate\Foundation\Testing\Concerns\InteractsWithTestCaseLifecycle.php:96
at vendor\laravel\framework\src\Illuminate\Foundation\Testing\TestCase.php:44
at tests\TestCase.php:22</error>
    </testcase>
    <testcase name="`Style Presets API` → it can export style presets" file="tests\Feature\AdvancedStylingTest.php::`Style Presets API` → it can export style presets" class="Tests\Feature\AdvancedStylingTest" classname="Tests.Feature.AdvancedStylingTest" assertions="0" time="0.000000">
      <error type="Illuminate\Database\QueryException">`Style Presets API` → it can export style presetsIlluminate\Database\QueryException: SQLSTATE[42P01]: Undefined table: 7 ERROR:  relation "global_courses" does not exist (Connection: pgsql, SQL: CREATE INDEX global_courses_search_idx ON global_courses USING gin(to_tsvector('english', title || ' ' || description)))&#13;
at vendor\laravel\framework\src\Illuminate\Database\Connection.php:570
at vendor\laravel\framework\src\Illuminate\Database\Connection.php:811
at vendor\laravel\framework\src\Illuminate\Database\Connection.php:778
at vendor\laravel\framework\src\Illuminate\Database\Connection.php:559
at vendor\laravel\framework\src\Illuminate\Database\DatabaseManager.php:497
at vendor\laravel\framework\src\Illuminate\Support\Facades\Facade.php:363
at database\migrations\2024_01_15_000001_create_global_tenancy_tables.php:103
at vendor\laravel\framework\src\Illuminate\Database\Schema\Builder.php:475
at vendor\laravel\framework\src\Illuminate\Support\helpers.php:390
at vendor\laravel\framework\src\Illuminate\Database\Schema\Builder.php:472
at vendor\laravel\framework\src\Illuminate\Support\Facades\Facade.php:363
[...]
at vendor\laravel\framework\src\Illuminate\Foundation\Testing\Concerns\InteractsWithTestCaseLifecycle.php:96
at vendor\laravel\framework\src\Illuminate\Foundation\Testing\TestCase.php:44
at tests\TestCase.php:22</error>
    </testcase>
    <testcase name="`Tailwind CSS Integration` → it handles empty Tailwind classes array" file="tests\Feature\AdvancedStylingTest.php::`Tailwind CSS Integration` → it handles empty Tailwind classes array" class="Tests\Feature\AdvancedStylingTest" classname="Tests.Feature.AdvancedStylingTest" assertions="0" time="0.000000">
      <error type="Illuminate\Database\QueryException">`Tailwind CSS Integration` → it handles empty Tailwind classes arrayIlluminate\Database\QueryException: SQLSTATE[42P01]: Undefined table: 7 ERROR:  relation "global_courses" does not exist (Connection: pgsql, SQL: CREATE INDEX global_courses_search_idx ON global_courses USING gin(to_tsvector('english', title || ' ' || description)))&#13;
at vendor\laravel\framework\src\Illuminate\Database\Connection.php:570
at vendor\laravel\framework\src\Illuminate\Database\Connection.php:811
at vendor\laravel\framework\src\Illuminate\Database\Connection.php:778
at vendor\laravel\framework\src\Illuminate\Database\Connection.php:559
at vendor\laravel\framework\src\Illuminate\Database\DatabaseManager.php:497
at vendor\laravel\framework\src\Illuminate\Support\Facades\Facade.php:363
at database\migrations\2024_01_15_000001_create_global_tenancy_tables.php:103
at vendor\laravel\framework\src\Illuminate\Database\Schema\Builder.php:475
at vendor\laravel\framework\src\Illuminate\Support\helpers.php:390
at vendor\laravel\framework\src\Illuminate\Database\Schema\Builder.php:472
at vendor\laravel\framework\src\Illuminate\Support\Facades\Facade.php:363
at database\migrations\2024_01_15_000001_create_global_tenancy_tables.php:72
at vendor\laravel\framework\src\Illuminate\Database\Migrations\Migrator.php:514
at vendor\laravel\framework\src\Illuminate\Database\Migrations\Migrator.php:439
at vendor\laravel\framework\src\Illuminate\Database\Concerns\ManagesTransactions.php:35
at vendor\laravel\framework\src\Illuminate\Database\Migrations\Migrator.php:447
at vendor\laravel\framework\src\Illuminate\Database\Migrations\Migrator.php:250
at vendor\laravel\framework\src\Illuminate\Console\View\Components\Task.php:41
at vendor\laravel\framework\src\Illuminate\Database\Migrations\Migrator.php:809
at vendor\laravel\framework\src\Illuminate\Database\Migrations\Migrator.php:250
at vendor\laravel\framework\src\Illuminate\Database\Migrations\Migrator.php:210
at vendor\laravel\framework\src\Illuminate\Database\Migrations\Migrator.php:137
at vendor\laravel\framework\src\Illuminate\Database\Console\Migrations\MigrateCommand.php:116
at vendor\laravel\framework\src\Illuminate\Database\Migrations\Migrator.php:666
at vendor\laravel\framework\src\Illuminate\Database\Console\Migrations\MigrateCommand.php:109
at vendor\laravel\framework\src\Illuminate\Database\Console\Migrations\MigrateCommand.php:88
at vendor\laravel\framework\src\Illuminate\Container\BoundMethod.php:36
at vendor\laravel\framework\src\Illuminate\Container\Util.php:43
at vendor\laravel\framework\src\Illuminate\Container\BoundMethod.php:96
at vendor\laravel\framework\src\Illuminate\Container\BoundMethod.php:35
at vendor\laravel\framework\src\Illuminate\Container\Container.php:836
at vendor\laravel\framework\src\Illuminate\Console\Command.php:211
at vendor\symfony\console\Command\Command.php:318
at vendor\laravel\framework\src\Illuminate\Console\Command.php:180
at vendor\laravel\framework\src\Illuminate\Console\Concerns\CallsCommands.php:68
at vendor\laravel\framework\src\Illuminate\Console\Concerns\CallsCommands.php:29
at vendor\laravel\framework\src\Illuminate\Database\Console\Migrations\FreshCommand.php:81
at vendor\laravel\framework\src\Illuminate\Container\BoundMethod.php:36
at vendor\laravel\framework\src\Illuminate\Container\Util.php:43
at vendor\laravel\framework\src\Illuminate\Container\BoundMethod.php:96
at vendor\laravel\framework\src\Illuminate\Container\BoundMethod.php:35
at vendor\laravel\framework\src\Illuminate\Container\Container.php:836
at vendor\laravel\framework\src\Illuminate\Console\Command.php:211
at vendor\symfony\console\Command\Command.php:318
at vendor\laravel\framework\src\Illuminate\Console\Command.php:180
at vendor\symfony\console\Application.php:1092
at vendor\symfony\console\Application.php:359
at vendor\symfony\console\Application.php:194
at vendor\laravel\framework\src\Illuminate\Console\Application.php:165
at vendor\laravel\framework\src\Illuminate\Foundation\Console\Kernel.php:426
at vendor\laravel\framework\src\Illuminate\Testing\PendingCommand.php:450
at vendor\laravel\framework\src\Illuminate\Testing\PendingCommand.php:653
at vendor\laravel\framework\src\Illuminate\Foundation\Testing\Concerns\InteractsWithConsole.php:87
at vendor\laravel\framework\src\Illuminate\Foundation\Testing\RefreshDatabase.php:101
at vendor\laravel\framework\src\Illuminate\Foundation\Testing\RefreshDatabase.php:84
at vendor\laravel\framework\src\Illuminate\Foundation\Testing\RefreshDatabase.php:25
at vendor\laravel\framework\src\Illuminate\Foundation\Testing\Concerns\InteractsWithTestCaseLifecycle.php:207
at vendor\laravel\framework\src\Illuminate\Foundation\Testing\Concerns\InteractsWithTestCaseLifecycle.php:96
at vendor\laravel\framework\src\Illuminate\Foundation\Testing\TestCase.php:44
at tests\TestCase.php:22
Caused by
PDOException: SQLSTATE[42P01]: Undefined table: 7 ERROR:  relation "global_courses" does not exist

at vendor\laravel\framework\src\Illuminate\Database\Connection.php:570
at vendor\laravel\framework\src\Illuminate\Database\Connection.php:811
at vendor\laravel\framework\src\Illuminate\Database\Connection.php:778
at vendor\laravel\framework\src\Illuminate\Database\Connection.php:559
at vendor\laravel\framework\src\Illuminate\Database\DatabaseManager.php:497
at vendor\laravel\framework\src\Illuminate\Support\Facades\Facade.php:363
at database\migrations\2024_01_15_000001_create_global_tenancy_tables.php:103
at vendor\laravel\framework\src\Illuminate\Database\Schema\Builder.php:475
at vendor\laravel\framework\src\Illuminate\Support\helpers.php:390
at vendor\laravel\framework\src\Illuminate\Database\Schema\Builder.php:472
at vendor\laravel\framework\src\Illuminate\Support\Facades\Facade.php:363
at database\migrations\2024_01_15_000001_create_global_tenancy_tables.php:72
at vendor\laravel\framework\src\Illuminate\Database\Migrations\Migrator.php:514
at vendor\laravel\framework\src\Illuminate\Database\Migrations\Migrator.php:439
at vendor\laravel\framework\src\Illuminate\Database\Concerns\ManagesTransactions.php:35
at vendor\laravel\framework\src\Illuminate\Database\Migrations\Migrator.php:447
at vendor\laravel\framework\src\Illuminate\Database\Migrations\Migrator.php:250
at vendor\laravel\framework\src\Illuminate\Console\View\Components\Task.php:41
at vendor\laravel\framework\src\Illuminate\Database\Migrations\Migrator.php:809
at vendor\laravel\framework\src\Illuminate\Database\Migrations\Migrator.php:250
at vendor\laravel\framework\src\Illuminate\Database\Migrations\Migrator.php:210
at vendor\laravel\framework\src\Illuminate\Database\Migrations\Migrator.php:137
at vendor\laravel\framework\src\Illuminate\Database\Console\Migrations\MigrateCommand.php:116
at vendor\laravel\framework\src\Illuminate\Database\Migrations\Migrator.php:666
at vendor\laravel\framework\src\Illuminate\Database\Console\Migrations\MigrateCommand.php:109
at vendor\laravel\framework\src\Illuminate\Database\Console\Migrations\MigrateCommand.php:88
at vendor\laravel\framework\src\Illuminate\Container\BoundMethod.php:36
at vendor\laravel\framework\src\Illuminate\Container\Util.php:43
at vendor\laravel\framework\src\Illuminate\Container\BoundMethod.php:96
at vendor\laravel\framework\src\Illuminate\Container\BoundMethod.php:35
at vendor\laravel\framework\src\Illuminate\Container\Container.php:836
at vendor\laravel\framework\src\Illuminate\Console\Command.php:211
at vendor\symfony\console\Command\Command.php:318
at vendor\laravel\framework\src\Illuminate\Console\Command.php:180
at vendor\laravel\framework\src\Illuminate\Console\Concerns\CallsCommands.php:68
at vendor\laravel\framework\src\Illuminate\Console\Concerns\CallsCommands.php:29
at vendor\laravel\framework\src\Illuminate\Database\Console\Migrations\FreshCommand.php:81
at vendor\laravel\framework\src\Illuminate\Container\BoundMethod.php:36
at vendor\laravel\framework\src\Illuminate\Container\Util.php:43
at vendor\laravel\framework\src\Illuminate\Container\BoundMethod.php:96
at vendor\laravel\framework\src\Illuminate\Container\BoundMethod.php:35
at vendor\laravel\framework\src\Illuminate\Container\Container.php:836
at vendor\laravel\framework\src\Illuminate\Console\Command.php:211
at vendor\symfony\console\Command\Command.php:318
at vendor\laravel\framework\src\Illuminate\Console\Command.php:180
at vendor\symfony\console\Application.php:1092
at vendor\symfony\console\Application.php:359
at vendor\symfony\console\Application.php:194
at vendor\laravel\framework\src\Illuminate\Console\Application.php:165
at vendor\laravel\framework\src\Illuminate\Foundation\Console\Kernel.php:426
at vendor\laravel\framework\src\Illuminate\Testing\PendingCommand.php:450
at vendor\laravel\framework\src\Illuminate\Testing\PendingCommand.php:653
at vendor\laravel\framework\src\Illuminate\Foundation\Testing\Concerns\InteractsWithConsole.php:87
at vendor\laravel\framework\src\Illuminate\Foundation\Testing\RefreshDatabase.php:101
at vendor\laravel\framework\src\Illuminate\Foundation\Testing\RefreshDatabase.php:84
at vendor\laravel\framework\src\Illuminate\Foundation\Testing\RefreshDatabase.php:25
at vendor\laravel\framework\src\Illuminate\Foundation\Testing\Concerns\InteractsWithTestCaseLifecycle.php:207
at vendor\laravel\framework\src\Illuminate\Foundation\Testing\Concerns\InteractsWithTestCaseLifecycle.php:96
at vendor\laravel\framework\src\Illuminate\Foundation\Testing\TestCase.php:44
at tests\TestCase.php:22</error>
    </testcase>
    <testcase name="`Tailwind CSS Integration` → it handles null Tailwind classes" file="tests\Feature\AdvancedStylingTest.php::`Tailwind CSS Integration` → it handles null Tailwind classes" class="Tests\Feature\AdvancedStylingTest" classname="Tests.Feature.AdvancedStylingTest" assertions="0" time="0.000000">
      <error type="Illuminate\Database\QueryException">`Tailwind CSS Integration` → it handles null Tailwind classesIlluminate\Database\QueryException: SQLSTATE[42P01]: Undefined table: 7 ERROR:  relation "global_courses" does not exist (Connection: pgsql, SQL: CREATE INDEX global_courses_search_idx ON global_courses USING gin(to_tsvector('english', title || ' ' || description)))&#13;
at vendor\laravel\framework\src\Illuminate\Database\Connection.php:570
at vendor\laravel\framework\src\Illuminate\Database\Connection.php:811
at vendor\laravel\framework\src\Illuminate\Database\Connection.php:778
at vendor\laravel\framework\src\Illuminate\Database\Connection.php:559
at vendor\laravel\framework\src\Illuminate\Database\DatabaseManager.php:497
at vendor\laravel\framework\src\Illuminate\Support\Facades\Facade.php:363
at database\migrations\2024_01_15_000001_create_global_tenancy_tables.php:103
at vendor\laravel\framework\src\Illuminate\Database\Schema\Builder.php:475
at vendor\laravel\framework\src\Illuminate\Support\helpers.php:390
at vendor\laravel\framework\src\Illuminate\Database\Schema\Builder.php:472
at vendor\laravel\framework\src\Illuminate\Support\Facades\Facade.php:363
at database\migrations\2024_01_15_000001_create_global_tenancy_tables.php:72
at vendor\laravel\framework\src\Illuminate\Database\Migrations\Migrator.php:514
at vendor\laravel\framework\src\Illuminate\Database\Migrations\Migrator.php:439
at vendor\laravel\framework\src\Illuminate\Database\Concerns\ManagesTransactions.php:35
at vendor\laravel\framework\src\Illuminate\Database\Migrations\Migrator.php:447
at vendor\laravel\framework\src\Illuminate\Database\Migrations\Migrator.php:250
at vendor\laravel\framework\src\Illuminate\Console\View\Components\Task.php:41
at vendor\laravel\framework\src\Illuminate\Database\Migrations\Migrator.php:809
at vendor\laravel\framework\src\Illuminate\Database\Migrations\Migrator.php:250
at vendor\laravel\framework\src\Illuminate\Database\Migrations\Migrator.php:210
at vendor\laravel\framework\src\Illuminate\Database\Migrations\Migrator.php:137
at vendor\laravel\framework\src\Illuminate\Database\Console\Migrations\MigrateCommand.php:116
at vendor\laravel\framework\src\Illuminate\Database\Migrations\Migrator.php:666
at vendor\laravel\framework\src\Illuminate\Database\Console\Migrations\MigrateCommand.php:109
at vendor\laravel\framework\src\Illuminate\Database\Console\Migrations\MigrateCommand.php:88
at vendor\laravel\framework\src\Illuminate\Container\BoundMethod.php:36
at vendor\laravel\framework\src\Illuminate\Container\Util.php:43
at vendor\laravel\framework\src\Illuminate\Container\BoundMethod.php:96
at vendor\laravel\framework\src\Illuminate\Container\BoundMethod.php:35
at vendor\laravel\framework\src\Illuminate\Container\Container.php:836
at vendor\laravel\framework\src\Illuminate\Console\Command.php:211
at vendor\symfony\console\Command\Command.php:318
at vendor\laravel\framework\src\Illuminate\Console\Command.php:180
at vendor\laravel\framework\src\Illuminate\Console\Concerns\CallsCommands.php:68
at vendor\laravel\framework\src\Illuminate\Console\Concerns\CallsCommands.php:29
at vendor\laravel\framework\src\Illuminate\Database\Console\Migrations\FreshCommand.php:81
at vendor\laravel\framework\src\Illuminate\Container\BoundMethod.php:36
at vendor\laravel\framework\src\Illuminate\Container\Util.php:43
at vendor\laravel\framework\src\Illuminate\Container\BoundMethod.php:96
at vendor\laravel\framework\src\Illuminate\Container\BoundMethod.php:35
at vendor\laravel\framework\src\Illuminate\Container\Container.php:836
at vendor\laravel\framework\src\Illuminate\Console\Command.php:211
at vendor\symfony\console\Command\Command.php:318
at vendor\laravel\framework\src\Illuminate\Console\Command.php:180
at vendor\symfony\console\Application.php:1092
at vendor\symfony\console\Application.php:359
at vendor\symfony\console\Application.php:194
at vendor\laravel\framework\src\Illuminate\Console\Application.php:165
at vendor\laravel\framework\src\Illuminate\Foundation\Console\Kernel.php:426
at vendor\laravel\framework\src\Illuminate\Testing\PendingCommand.php:450
at vendor\laravel\framework\src\Illuminate\Testing\PendingCommand.php:653
at vendor\laravel\framework\src\Illuminate\Foundation\Testing\Concerns\InteractsWithConsole.php:87
at vendor\laravel\framework\src\Illuminate\Foundation\Testing\RefreshDatabase.php:101
at vendor\laravel\framework\src\Illuminate\Foundation\Testing\RefreshDatabase.php:84
at vendor\laravel\framework\src\Illuminate\Foundation\Testing\RefreshDatabase.php:25
at vendor\laravel\framework\src\Illuminate\Foundation\Testing\Concerns\InteractsWithTestCaseLifecycle.php:207
at vendor\laravel\framework\src\Illuminate\Foundation\Testing\Concerns\InteractsWithTestCaseLifecycle.php:96
at vendor\laravel\framework\src\Illuminate\Foundation\Testing\TestCase.php:44
at tests\TestCase.php:22
Caused by
PDOException: SQLSTATE[42P01]: Undefined table: 7 ERROR:  relation "global_courses" does not exist

at vendor\laravel\framework\src\Illuminate\Database\Connection.php:570
at vendor\laravel\framework\src\Illuminate\Database\Connection.php:811
at vendor\laravel\framework\src\Illuminate\Database\Connection.php:778
at vendor\laravel\framework\src\Illuminate\Database\Connection.php:559
at vendor\laravel\framework\src\Illuminate\Database\DatabaseManager.php:497
at vendor\laravel\framework\src\Illuminate\Support\Facades\Facade.php:363
at database\migrations\2024_01_15_000001_create_global_tenancy_tables.php:103
at vendor\laravel\framework\src\Illuminate\Database\Schema\Builder.php:475
at vendor\laravel\framework\src\Illuminate\Support\helpers.php:390
at vendor\laravel\framework\src\Illuminate\Database\Schema\Builder.php:472
at vendor\laravel\framework\src\Illuminate\Support\Facades\Facade.php:363
at database\migrations\2024_01_15_000001_create_global_tenancy_tables.php:72
at vendor\laravel\framework\src\Illuminate\Database\Migrations\Migrator.php:514
at vendor\laravel\framework\src\Illuminate\Database\Migrations\Migrator.php:439
at vendor\laravel\framework\src\Illuminate\Database\Concerns\ManagesTransactions.php:35
at vendor\laravel\framework\src\Illuminate\Database\Migrations\Migrator.php:447
at vendor\laravel\framework\src\Illuminate\Database\Migrations\Migrator.php:250
at vendor\laravel\framework\src\Illuminate\Console\View\Components\Task.php:41
at vendor\laravel\framework\src\Illuminate\Database\Migrations\Migrator.php:809
at vendor\laravel\framework\src\Illuminate\Database\Migrations\Migrator.php:250
at vendor\laravel\framework\src\Illuminate\Database\Migrations\Migrator.php:210
at vendor\laravel\framework\src\Illuminate\Database\Migrations\Migrator.php:137
at vendor\laravel\framework\src\Illuminate\Database\Console\Migrations\MigrateCommand.php:116
at vendor\laravel\framework\src\Illuminate\Database\Migrations\Migrator.php:666
at vendor\laravel\framework\src\Illuminate\Database\Console\Migrations\MigrateCommand.php:109
at vendor\laravel\framework\src\Illuminate\Database\Console\Migrations\MigrateCommand.php:88
at vendor\laravel\framework\src\Illuminate\Container\BoundMethod.php:36
at vendor\laravel\framework\src\Illuminate\Container\Util.php:43
at vendor\laravel\framework\src\Illuminate\Container\BoundMethod.php:96
at vendor\laravel\framework\src\Illuminate\Container\BoundMethod.php:35
at vendor\laravel\framework\src\Illuminate\Container\Container.php:836
at vendor\laravel\framework\src\Illuminate\Console\Command.php:211
at vendor\symfony\console\Command\Command.php:318
at vendor\laravel\framework\src\Illuminate\Console\Command.php:180
at vendor\laravel\framework\src\Illuminate\Console\Concerns\CallsCommands.php:68
at vendor\laravel\framework\src\Illuminate\Console\Concerns\CallsCommands.php:29
at vendor\laravel\framework\src\Illuminate\Database\Console\Migrations\FreshCommand.php:81
at vendor\laravel\framework\src\Illuminate\Container\BoundMethod.php:36
at vendor\laravel\framework\src\Illuminate\Container\Util.php:43
at vendor\laravel\framework\src\Illuminate\Container\BoundMethod.php:96
at vendor\laravel\framework\src\Illuminate\Container\BoundMethod.php:35
at vendor\laravel\framework\src\Illuminate\Container\Container.php:836
at vendor\laravel\framework\src\Illuminate\Console\Command.php:211
at vendor\symfony\console\Command\Command.php:318
at vendor\laravel\framework\src\Illuminate\Console\Command.php:180
at vendor\symfony\console\Application.php:1092
at vendor\symfony\console\Application.php:359
at vendor\symfony\console\Application.php:194
at vendor\laravel\framework\src\Illuminate\Console\Application.php:165
at vendor\laravel\framework\src\Illuminate\Foundation\Console\Kernel.php:426
at vendor\laravel\framework\src\Illuminate\Testing\PendingCommand.php:450
at vendor\laravel\framework\src\Illuminate\Testing\PendingCommand.php:653
at vendor\laravel\framework\src\Illuminate\Foundation\Testing\Concerns\InteractsWithConsole.php:87
at vendor\laravel\framework\src\Illuminate\Foundation\Testing\RefreshDatabase.php:101
at vendor\laravel\framework\src\Illuminate\Foundation\Testing\RefreshDatabase.php:84
at vendor\laravel\framework\src\Illuminate\Foundation\Testing\RefreshDatabase.php:25
at vendor\laravel\framework\src\Illuminate\Foundation\Testing\Concerns\InteractsWithTestCaseLifecycle.php:207
at vendor\laravel\framework\src\Illuminate\Foundation\Testing\Concerns\InteractsWithTestCaseLifecycle.php:96
at vendor\laravel\framework\src\Illuminate\Foundation\Testing\TestCase.php:44
at tests\TestCase.php:22</error>
    </testcase>
  </testsuite>
</testsuites>
