<?xml version="1.0" encoding="UTF-8"?>
<testsuites>
  <testsuite name="/workspace/phpunit.xml" tests="10" assertions="0" errors="10" failures="0" skipped="0" time="0.000000">
    <testsuite name="Feature" tests="10" assertions="0" errors="10" failures="0" skipped="0" time="0.000000">
      <testsuite name="Tests\Feature\Api\ComponentControllerTest" file="tests/Feature/Api/ComponentControllerTest.php" tests="10" assertions="0" errors="10" failures="0" skipped="0" time="0.000000">
        <testcase name="index returns paginated component list" file="tests/Feature/Api/ComponentControllerTest.php::index returns paginated component list" class="Tests\Feature\Api\ComponentControllerTest" classname="Tests.Feature.Api.ComponentControllerTest" assertions="0" time="0.000000">
          <error type="Illuminate\Database\QueryException">index returns paginated component listIlluminate\Database\QueryException: could not find driver (Connection: pgsql, SQL: select exists (select 1 from pg_class c, pg_namespace n where n.nspname = current_schema() and c.relname = 'migrations' and c.relkind in ('r', 'p') and n.oid = c.relnamespace))
at vendor/laravel/framework/src/Illuminate/Database/Connectors/Connector.php:67
at vendor/laravel/framework/src/Illuminate/Database/Connectors/Connector.php:44
at vendor/laravel/framework/src/Illuminate/Database/Connectors/PostgresConnector.php:35
at vendor/laravel/framework/src/Illuminate/Database/Connectors/ConnectionFactory.php:184
at vendor/laravel/framework/src/Illuminate/Database/Connection.php:1230
at vendor/laravel/framework/src/Illuminate/Database/Connection.php:1266
at vendor/laravel/framework/src/Illuminate/Database/Connection.php:511
at vendor/laravel/framework/src/Illuminate/Database/Connection.php:406
at vendor/laravel/framework/src/Illuminate/Database/Connection.php:811
at vendor/laravel/framework/src/Illuminate/Database/Connection.php:778
at vendor/laravel/framework/src/Illuminate/Database/Connection.php:397
at vendor/laravel/framework/src/Illuminate/Database/Connection.php:343
at vendor/laravel/framework/src/Illuminate/Database/Connection.php:360
at vendor/laravel/framework/src/Illuminate/Database/Schema/Builder.php:174
at vendor/laravel/framework/src/Illuminate/Database/Migrations/DatabaseMigrationRepository.php:185
at vendor/laravel/framework/src/Illuminate/Database/Migrations/Migrator.php:753
at vendor/laravel/framework/src/Illuminate/Database/Console/Migrations/FreshCommand.php:67
at vendor/laravel/framework/src/Illuminate/Database/Migrations/Migrator.php:666
at vendor/laravel/framework/src/Illuminate/Database/Console/Migrations/FreshCommand.php:66
at vendor/laravel/framework/src/Illuminate/Container/BoundMethod.php:36
at vendor/laravel/framework/src/Illuminate/Container/Util.php:43
at vendor/laravel/framework/src/Illuminate/Container/BoundMethod.php:96
at vendor/laravel/framework/src/Illuminate/Container/BoundMethod.php:35
at vendor/laravel/framework/src/Illuminate/Container/Container.php:836
at vendor/laravel/framework/src/Illuminate/Console/Command.php:211
at vendor/symfony/console/Command/Command.php:318
at vendor/laravel/framework/src/Illuminate/Console/Command.php:180
at vendor/symfony/console/Application.php:1092
at vendor/symfony/console/Application.php:359
at vendor/symfony/console/Application.php:194
at vendor/laravel/framework/src/Illuminate/Console/Application.php:165
at vendor/laravel/framework/src/Illuminate/Foundation/Console/Kernel.php:426
at vendor/laravel/framework/src/Illuminate/Testing/PendingCommand.php:450
at vendor/laravel/framework/src/Illuminate/Testing/PendingCommand.php:653
at vendor/laravel/framework/src/Illuminate/Foundation/Testing/Concerns/InteractsWithConsole.php:87
at vendor/laravel/framework/src/Illuminate/Foundation/Testing/RefreshDatabase.php:101
at vendor/laravel/framework/src/Illuminate/Foundation/Testing/RefreshDatabase.php:84
at vendor/laravel/framework/src/Illuminate/Foundation/Testing/RefreshDatabase.php:25
at vendor/laravel/framework/src/Illuminate/Foundation/Testing/Concerns/InteractsWithTestCaseLifecycle.php:207
at vendor/laravel/framework/src/Illuminate/Foundation/Testing/Concerns/InteractsWithTestCaseLifecycle.php:96
at vendor/laravel/framework/src/Illuminate/Foundation/Testing/TestCase.php:44
at tests/TestCase.php:22
Caused by
PDOException: could not find driver

at vendor/laravel/framework/src/Illuminate/Database/Connectors/Connector.php:67
at vendor/laravel/framework/src/Illuminate/Database/Connectors/Connector.php:44
at vendor/laravel/framework/src/Illuminate/Database/Connectors/PostgresConnector.php:35
at vendor/laravel/framework/src/Illuminate/Database/Connectors/ConnectionFactory.php:184
at vendor/laravel/framework/src/Illuminate/Database/Connection.php:1230
at vendor/laravel/framework/src/Illuminate/Database/Connection.php:1266
at vendor/laravel/framework/src/Illuminate/Database/Connection.php:511
at vendor/laravel/framework/src/Illuminate/Database/Connection.php:406
at vendor/laravel/framework/src/Illuminate/Database/Connection.php:811
at vendor/laravel/framework/src/Illuminate/Database/Connection.php:778
at vendor/laravel/framework/src/Illuminate/Database/Connection.php:397
at vendor/laravel/framework/src/Illuminate/Database/Connection.php:343
at vendor/laravel/framework/src/Illuminate/Database/Connection.php:360
at vendor/laravel/framework/src/Illuminate/Database/Schema/Builder.php:174
at vendor/laravel/framework/src/Illuminate/Database/Migrations/DatabaseMigrationRepository.php:185
at vendor/laravel/framework/src/Illuminate/Database/Migrations/Migrator.php:753
at vendor/laravel/framework/src/Illuminate/Database/Console/Migrations/FreshCommand.php:67
at vendor/laravel/framework/src/Illuminate/Database/Migrations/Migrator.php:666
at vendor/laravel/framework/src/Illuminate/Database/Console/Migrations/FreshCommand.php:66
at vendor/laravel/framework/src/Illuminate/Container/BoundMethod.php:36
at vendor/laravel/framework/src/Illuminate/Container/Util.php:43
at vendor/laravel/framework/src/Illuminate/Container/BoundMethod.php:96
at vendor/laravel/framework/src/Illuminate/Container/BoundMethod.php:35
at vendor/laravel/framework/src/Illuminate/Container/Container.php:836
at vendor/laravel/framework/src/Illuminate/Console/Command.php:211
at vendor/symfony/console/Command/Command.php:318
at vendor/laravel/framework/src/Illuminate/Console/Command.php:180
at vendor/symfony/console/Application.php:1092
at vendor/symfony/console/Application.php:359
at vendor/symfony/console/Application.php:194
at vendor/laravel/framework/src/Illuminate/Console/Application.php:165
at vendor/laravel/framework/src/Illuminate/Foundation/Console/Kernel.php:426
at vendor/laravel/framework/src/Illuminate/Testing/PendingCommand.php:450
at vendor/laravel/framework/src/Illuminate/Testing/PendingCommand.php:653
at vendor/laravel/framework/src/Illuminate/Foundation/Testing/Concerns/InteractsWithConsole.php:87
at vendor/laravel/framework/src/Illuminate/Foundation/Testing/RefreshDatabase.php:101
at vendor/laravel/framework/src/Illuminate/Foundation/Testing/RefreshDatabase.php:84
at vendor/laravel/framework/src/Illuminate/Foundation/Testing/RefreshDatabase.php:25
at vendor/laravel/framework/src/Illuminate/Foundation/Testing/Concerns/InteractsWithTestCaseLifecycle.php:207
at vendor/laravel/framework/src/Illuminate/Foundation/Testing/Concerns/InteractsWithTestCaseLifecycle.php:96
at vendor/laravel/framework/src/Illuminate/Foundation/Testing/TestCase.php:44
at tests/TestCase.php:22</error>
        </testcase>
        <testcase name="index filters components by search term" file="tests/Feature/Api/ComponentControllerTest.php::index filters components by search term" class="Tests\Feature\Api\ComponentControllerTest" classname="Tests.Feature.Api.ComponentControllerTest" assertions="0" time="0.000000">
          <error type="Illuminate\Database\QueryException">index filters components by search termIlluminate\Database\QueryException: could not find driver (Connection: pgsql, SQL: select exists (select 1 from pg_class c, pg_namespace n where n.nspname = current_schema() and c.relname = 'migrations' and c.relkind in ('r', 'p') and n.oid = c.relnamespace))
at vendor/laravel/framework/src/Illuminate/Database/Connectors/Connector.php:67
at vendor/laravel/framework/src/Illuminate/Database/Connectors/Connector.php:44
at vendor/laravel/framework/src/Illuminate/Database/Connectors/PostgresConnector.php:35
at vendor/laravel/framework/src/Illuminate/Database/Connectors/ConnectionFactory.php:184
at vendor/laravel/framework/src/Illuminate/Database/Connection.php:1230
at vendor/laravel/framework/src/Illuminate/Database/Connection.php:1266
at vendor/laravel/framework/src/Illuminate/Database/Connection.php:511
at vendor/laravel/framework/src/Illuminate/Database/Connection.php:406
at vendor/laravel/framework/src/Illuminate/Database/Connection.php:811
at vendor/laravel/framework/src/Illuminate/Database/Connection.php:778
at vendor/laravel/framework/src/Illuminate/Database/Connection.php:397
at vendor/laravel/framework/src/Illuminate/Database/Connection.php:343
at vendor/laravel/framework/src/Illuminate/Database/Connection.php:360
at vendor/laravel/framework/src/Illuminate/Database/Schema/Builder.php:174
at vendor/laravel/framework/src/Illuminate/Database/Migrations/DatabaseMigrationRepository.php:185
at vendor/laravel/framework/src/Illuminate/Database/Migrations/Migrator.php:753
at vendor/laravel/framework/src/Illuminate/Database/Console/Migrations/FreshCommand.php:67
at vendor/laravel/framework/src/Illuminate/Database/Migrations/Migrator.php:666
at vendor/laravel/framework/src/Illuminate/Database/Console/Migrations/FreshCommand.php:66
at vendor/laravel/framework/src/Illuminate/Container/BoundMethod.php:36
at vendor/laravel/framework/src/Illuminate/Container/Util.php:43
at vendor/laravel/framework/src/Illuminate/Container/BoundMethod.php:96
at vendor/laravel/framework/src/Illuminate/Container/BoundMethod.php:35
at vendor/laravel/framework/src/Illuminate/Container/Container.php:836
at vendor/laravel/framework/src/Illuminate/Console/Command.php:211
at vendor/symfony/console/Command/Command.php:318
at vendor/laravel/framework/src/Illuminate/Console/Command.php:180
at vendor/symfony/console/Application.php:1092
at vendor/symfony/console/Application.php:359
at vendor/symfony/console/Application.php:194
at vendor/laravel/framework/src/Illuminate/Console/Application.php:165
at vendor/laravel/framework/src/Illuminate/Foundation/Console/Kernel.php:426
at vendor/laravel/framework/src/Illuminate/Testing/PendingCommand.php:450
at vendor/laravel/framework/src/Illuminate/Testing/PendingCommand.php:653
at vendor/laravel/framework/src/Illuminate/Foundation/Testing/Concerns/InteractsWithConsole.php:87
at vendor/laravel/framework/src/Illuminate/Foundation/Testing/RefreshDatabase.php:101
at vendor/laravel/framework/src/Illuminate/Foundation/Testing/RefreshDatabase.php:84
at vendor/laravel/framework/src/Illuminate/Foundation/Testing/RefreshDatabase.php:25
at vendor/laravel/framework/src/Illuminate/Foundation/Testing/Concerns/InteractsWithTestCaseLifecycle.php:207
at vendor/laravel/framework/src/Illuminate/Foundation/Testing/Concerns/InteractsWithTestCaseLifecycle.php:96
at vendor/laravel/framework/src/Illuminate/Foundation/Testing/TestCase.php:44
at tests/TestCase.php:22
Caused by
PDOException: could not find driver

at vendor/laravel/framework/src/Illuminate/Database/Connectors/Connector.php:67
at vendor/laravel/framework/src/Illuminate/Database/Connectors/Connector.php:44
at vendor/laravel/framework/src/Illuminate/Database/Connectors/PostgresConnector.php:35
at vendor/laravel/framework/src/Illuminate/Database/Connectors/ConnectionFactory.php:184
at vendor/laravel/framework/src/Illuminate/Database/Connection.php:1230
at vendor/laravel/framework/src/Illuminate/Database/Connection.php:1266
at vendor/laravel/framework/src/Illuminate/Database/Connection.php:511
at vendor/laravel/framework/src/Illuminate/Database/Connection.php:406
at vendor/laravel/framework/src/Illuminate/Database/Connection.php:811
at vendor/laravel/framework/src/Illuminate/Database/Connection.php:778
at vendor/laravel/framework/src/Illuminate/Database/Connection.php:397
at vendor/laravel/framework/src/Illuminate/Database/Connection.php:343
at vendor/laravel/framework/src/Illuminate/Database/Connection.php:360
at vendor/laravel/framework/src/Illuminate/Database/Schema/Builder.php:174
at vendor/laravel/framework/src/Illuminate/Database/Migrations/DatabaseMigrationRepository.php:185
at vendor/laravel/framework/src/Illuminate/Database/Migrations/Migrator.php:753
at vendor/laravel/framework/src/Illuminate/Database/Console/Migrations/FreshCommand.php:67
at vendor/laravel/framework/src/Illuminate/Database/Migrations/Migrator.php:666
at vendor/laravel/framework/src/Illuminate/Database/Console/Migrations/FreshCommand.php:66
at vendor/laravel/framework/src/Illuminate/Container/BoundMethod.php:36
at vendor/laravel/framework/src/Illuminate/Container/Util.php:43
at vendor/laravel/framework/src/Illuminate/Container/BoundMethod.php:96
at vendor/laravel/framework/src/Illuminate/Container/BoundMethod.php:35
at vendor/laravel/framework/src/Illuminate/Container/Container.php:836
at vendor/laravel/framework/src/Illuminate/Console/Command.php:211
at vendor/symfony/console/Command/Command.php:318
at vendor/laravel/framework/src/Illuminate/Console/Command.php:180
at vendor/symfony/console/Application.php:1092
at vendor/symfony/console/Application.php:359
at vendor/symfony/console/Application.php:194
at vendor/laravel/framework/src/Illuminate/Console/Application.php:165
at vendor/laravel/framework/src/Illuminate/Foundation/Console/Kernel.php:426
at vendor/laravel/framework/src/Illuminate/Testing/PendingCommand.php:450
at vendor/laravel/framework/src/Illuminate/Testing/PendingCommand.php:653
at vendor/laravel/framework/src/Illuminate/Foundation/Testing/Concerns/InteractsWithConsole.php:87
at vendor/laravel/framework/src/Illuminate/Foundation/Testing/RefreshDatabase.php:101
at vendor/laravel/framework/src/Illuminate/Foundation/Testing/RefreshDatabase.php:84
at vendor/laravel/framework/src/Illuminate/Foundation/Testing/RefreshDatabase.php:25
at vendor/laravel/framework/src/Illuminate/Foundation/Testing/Concerns/InteractsWithTestCaseLifecycle.php:207
at vendor/laravel/framework/src/Illuminate/Foundation/Testing/Concerns/InteractsWithTestCaseLifecycle.php:96
at vendor/laravel/framework/src/Illuminate/Foundation/Testing/TestCase.php:44
at tests/TestCase.php:22</error>
        </testcase>
        <testcase name="index paginates with custom per page" file="tests/Feature/Api/ComponentControllerTest.php::index paginates with custom per page" class="Tests\Feature\Api\ComponentControllerTest" classname="Tests.Feature.Api.ComponentControllerTest" assertions="0" time="0.000000">
          <error type="Illuminate\Database\QueryException">index paginates with custom per pageIlluminate\Database\QueryException: could not find driver (Connection: pgsql, SQL: select exists (select 1 from pg_class c, pg_namespace n where n.nspname = current_schema() and c.relname = 'migrations' and c.relkind in ('r', 'p') and n.oid = c.relnamespace))
at vendor/laravel/framework/src/Illuminate/Database/Connectors/Connector.php:67
at vendor/laravel/framework/src/Illuminate/Database/Connectors/Connector.php:44
at vendor/laravel/framework/src/Illuminate/Database/Connectors/PostgresConnector.php:35
at vendor/laravel/framework/src/Illuminate/Database/Connectors/ConnectionFactory.php:184
at vendor/laravel/framework/src/Illuminate/Database/Connection.php:1230
at vendor/laravel/framework/src/Illuminate/Database/Connection.php:1266
at vendor/laravel/framework/src/Illuminate/Database/Connection.php:511
at vendor/laravel/framework/src/Illuminate/Database/Connection.php:406
at vendor/laravel/framework/src/Illuminate/Database/Connection.php:811
at vendor/laravel/framework/src/Illuminate/Database/Connection.php:778
at vendor/laravel/framework/src/Illuminate/Database/Connection.php:397
at vendor/laravel/framework/src/Illuminate/Database/Connection.php:343
at vendor/laravel/framework/src/Illuminate/Database/Connection.php:360
at vendor/laravel/framework/src/Illuminate/Database/Schema/Builder.php:174
at vendor/laravel/framework/src/Illuminate/Database/Migrations/DatabaseMigrationRepository.php:185
at vendor/laravel/framework/src/Illuminate/Database/Migrations/Migrator.php:753
at vendor/laravel/framework/src/Illuminate/Database/Console/Migrations/FreshCommand.php:67
at vendor/laravel/framework/src/Illuminate/Database/Migrations/Migrator.php:666
at vendor/laravel/framework/src/Illuminate/Database/Console/Migrations/FreshCommand.php:66
at vendor/laravel/framework/src/Illuminate/Container/BoundMethod.php:36
at vendor/laravel/framework/src/Illuminate/Container/Util.php:43
at vendor/laravel/framework/src/Illuminate/Container/BoundMethod.php:96
at vendor/laravel/framework/src/Illuminate/Container/BoundMethod.php:35
at vendor/laravel/framework/src/Illuminate/Container/Container.php:836
at vendor/laravel/framework/src/Illuminate/Console/Command.php:211
at vendor/symfony/console/Command/Command.php:318
at vendor/laravel/framework/src/Illuminate/Console/Command.php:180
at vendor/symfony/console/Application.php:1092
at vendor/symfony/console/Application.php:359
at vendor/symfony/console/Application.php:194
at vendor/laravel/framework/src/Illuminate/Console/Application.php:165
at vendor/laravel/framework/src/Illuminate/Foundation/Console/Kernel.php:426
at vendor/laravel/framework/src/Illuminate/Testing/PendingCommand.php:450
at vendor/laravel/framework/src/Illuminate/Testing/PendingCommand.php:653
at vendor/laravel/framework/src/Illuminate/Foundation/Testing/Concerns/InteractsWithConsole.php:87
at vendor/laravel/framework/src/Illuminate/Foundation/Testing/RefreshDatabase.php:101
at vendor/laravel/framework/src/Illuminate/Foundation/Testing/RefreshDatabase.php:84
at vendor/laravel/framework/src/Illuminate/Foundation/Testing/RefreshDatabase.php:25
at vendor/laravel/framework/src/Illuminate/Foundation/Testing/Concerns/InteractsWithTestCaseLifecycle.php:207
at vendor/laravel/framework/src/Illuminate/Foundation/Testing/Concerns/InteractsWithTestCaseLifecycle.php:96
at vendor/laravel/framework/src/Illuminate/Foundation/Testing/TestCase.php:44
at tests/TestCase.php:22
Caused by
PDOException: could not find driver

at vendor/laravel/framework/src/Illuminate/Database/Connectors/Connector.php:67
at vendor/laravel/framework/src/Illuminate/Database/Connectors/Connector.php:44
at vendor/laravel/framework/src/Illuminate/Database/Connectors/PostgresConnector.php:35
at vendor/laravel/framework/src/Illuminate/Database/Connectors/ConnectionFactory.php:184
at vendor/laravel/framework/src/Illuminate/Database/Connection.php:1230
at vendor/laravel/framework/src/Illuminate/Database/Connection.php:1266
at vendor/laravel/framework/src/Illuminate/Database/Connection.php:511
at vendor/laravel/framework/src/Illuminate/Database/Connection.php:406
at vendor/laravel/framework/src/Illuminate/Database/Connection.php:811
at vendor/laravel/framework/src/Illuminate/Database/Connection.php:778
at vendor/laravel/framework/src/Illuminate/Database/Connection.php:397
at vendor/laravel/framework/src/Illuminate/Database/Connection.php:343
at vendor/laravel/framework/src/Illuminate/Database/Connection.php:360
at vendor/laravel/framework/src/Illuminate/Database/Schema/Builder.php:174
at vendor/laravel/framework/src/Illuminate/Database/Migrations/DatabaseMigrationRepository.php:185
at vendor/laravel/framework/src/Illuminate/Database/Migrations/Migrator.php:753
at vendor/laravel/framework/src/Illuminate/Database/Console/Migrations/FreshCommand.php:67
at vendor/laravel/framework/src/Illuminate/Database/Migrations/Migrator.php:666
at vendor/laravel/framework/src/Illuminate/Database/Console/Migrations/FreshCommand.php:66
at vendor/laravel/framework/src/Illuminate/Container/BoundMethod.php:36
at vendor/laravel/framework/src/Illuminate/Container/Util.php:43
at vendor/laravel/framework/src/Illuminate/Container/BoundMethod.php:96
at vendor/laravel/framework/src/Illuminate/Container/BoundMethod.php:35
at vendor/laravel/framework/src/Illuminate/Container/Container.php:836
at vendor/laravel/framework/src/Illuminate/Console/Command.php:211
at vendor/symfony/console/Command/Command.php:318
at vendor/laravel/framework/src/Illuminate/Console/Command.php:180
at vendor/symfony/console/Application.php:1092
at vendor/symfony/console/Application.php:359
at vendor/symfony/console/Application.php:194
at vendor/laravel/framework/src/Illuminate/Console/Application.php:165
at vendor/laravel/framework/src/Illuminate/Foundation/Console/Kernel.php:426
at vendor/laravel/framework/src/Illuminate/Testing/PendingCommand.php:450
at vendor/laravel/framework/src/Illuminate/Testing/PendingCommand.php:653
at vendor/laravel/framework/src/Illuminate/Foundation/Testing/Concerns/InteractsWithConsole.php:87
at vendor/laravel/framework/src/Illuminate/Foundation/Testing/RefreshDatabase.php:101
at vendor/laravel/framework/src/Illuminate/Foundation/Testing/RefreshDatabase.php:84
at vendor/laravel/framework/src/Illuminate/Foundation/Testing/RefreshDatabase.php:25
at vendor/laravel/framework/src/Illuminate/Foundation/Testing/Concerns/InteractsWithTestCaseLifecycle.php:207
at vendor/laravel/framework/src/Illuminate/Foundation/Testing/Concerns/InteractsWithTestCaseLifecycle.php:96
at vendor/laravel/framework/src/Illuminate/Foundation/Testing/TestCase.php:44
at tests/TestCase.php:22</error>
        </testcase>
        <testcase name="store creates component with valid data" file="tests/Feature/Api/ComponentControllerTest.php::store creates component with valid data" class="Tests\Feature\Api\ComponentControllerTest" classname="Tests.Feature.Api.ComponentControllerTest" assertions="0" time="0.000000">
          <error type="Illuminate\Database\QueryException">store creates component with valid dataIlluminate\Database\QueryException: could not find driver (Connection: pgsql, SQL: select exists (select 1 from pg_class c, pg_namespace n where n.nspname = current_schema() and c.relname = 'migrations' and c.relkind in ('r', 'p') and n.oid = c.relnamespace))
at vendor/laravel/framework/src/Illuminate/Database/Connectors/Connector.php:67
at vendor/laravel/framework/src/Illuminate/Database/Connectors/Connector.php:44
at vendor/laravel/framework/src/Illuminate/Database/Connectors/PostgresConnector.php:35
at vendor/laravel/framework/src/Illuminate/Database/Connectors/ConnectionFactory.php:184
at vendor/laravel/framework/src/Illuminate/Database/Connection.php:1230
at vendor/laravel/framework/src/Illuminate/Database/Connection.php:1266
at vendor/laravel/framework/src/Illuminate/Database/Connection.php:511
at vendor/laravel/framework/src/Illuminate/Database/Connection.php:406
at vendor/laravel/framework/src/Illuminate/Database/Connection.php:811
at vendor/laravel/framework/src/Illuminate/Database/Connection.php:778
at vendor/laravel/framework/src/Illuminate/Database/Connection.php:397
at vendor/laravel/framework/src/Illuminate/Database/Connection.php:343
at vendor/laravel/framework/src/Illuminate/Database/Connection.php:360
at vendor/laravel/framework/src/Illuminate/Database/Schema/Builder.php:174
at vendor/laravel/framework/src/Illuminate/Database/Migrations/DatabaseMigrationRepository.php:185
at vendor/laravel/framework/src/Illuminate/Database/Migrations/Migrator.php:753
at vendor/laravel/framework/src/Illuminate/Database/Console/Migrations/FreshCommand.php:67
at vendor/laravel/framework/src/Illuminate/Database/Migrations/Migrator.php:666
at vendor/laravel/framework/src/Illuminate/Database/Console/Migrations/FreshCommand.php:66
at vendor/laravel/framework/src/Illuminate/Container/BoundMethod.php:36
at vendor/laravel/framework/src/Illuminate/Container/Util.php:43
at vendor/laravel/framework/src/Illuminate/Container/BoundMethod.php:96
at vendor/laravel/framework/src/Illuminate/Container/BoundMethod.php:35
at vendor/laravel/framework/src/Illuminate/Container/Container.php:836
at vendor/laravel/framework/src/Illuminate/Console/Command.php:211
at vendor/symfony/console/Command/Command.php:318
at vendor/laravel/framework/src/Illuminate/Console/Command.php:180
at vendor/symfony/console/Application.php:1092
at vendor/symfony/console/Application.php:359
at vendor/symfony/console/Application.php:194
at vendor/laravel/framework/src/Illuminate/Console/Application.php:165
at vendor/laravel/framework/src/Illuminate/Foundation/Console/Kernel.php:426
at vendor/laravel/framework/src/Illuminate/Testing/PendingCommand.php:450
at vendor/laravel/framework/src/Illuminate/Testing/PendingCommand.php:653
at vendor/laravel/framework/src/Illuminate/Foundation/Testing/Concerns/InteractsWithConsole.php:87
at vendor/laravel/framework/src/Illuminate/Foundation/Testing/RefreshDatabase.php:101
at vendor/laravel/framework/src/Illuminate/Foundation/Testing/RefreshDatabase.php:84
at vendor/laravel/framework/src/Illuminate/Foundation/Testing/RefreshDatabase.php:25
at vendor/laravel/framework/src/Illuminate/Foundation/Testing/Concerns/InteractsWithTestCaseLifecycle.php:207
at vendor/laravel/framework/src/Illuminate/Foundation/Testing/Concerns/InteractsWithTestCaseLifecycle.php:96
at vendor/laravel/framework/src/Illuminate/Foundation/Testing/TestCase.php:44
at tests/TestCase.php:22
Caused by
PDOException: could not find driver

at vendor/laravel/framework/src/Illuminate/Database/Connectors/Connector.php:67
at vendor/laravel/framework/src/Illuminate/Database/Connectors/Connector.php:44
at vendor/laravel/framework/src/Illuminate/Database/Connectors/PostgresConnector.php:35
at vendor/laravel/framework/src/Illuminate/Database/Connectors/ConnectionFactory.php:184
at vendor/laravel/framework/src/Illuminate/Database/Connection.php:1230
at vendor/laravel/framework/src/Illuminate/Database/Connection.php:1266
at vendor/laravel/framework/src/Illuminate/Database/Connection.php:511
at vendor/laravel/framework/src/Illuminate/Database/Connection.php:406
at vendor/laravel/framework/src/Illuminate/Database/Connection.php:811
at vendor/laravel/framework/src/Illuminate/Database/Connection.php:778
at vendor/laravel/framework/src/Illuminate/Database/Connection.php:397
at vendor/laravel/framework/src/Illuminate/Database/Connection.php:343
at vendor/laravel/framework/src/Illuminate/Database/Connection.php:360
at vendor/laravel/framework/src/Illuminate/Database/Schema/Builder.php:174
at vendor/laravel/framework/src/Illuminate/Database/Migrations/DatabaseMigrationRepository.php:185
at vendor/laravel/framework/src/Illuminate/Database/Migrations/Migrator.php:753
at vendor/laravel/framework/src/Illuminate/Database/Console/Migrations/FreshCommand.php:67
at vendor/laravel/framework/src/Illuminate/Database/Migrations/Migrator.php:666
at vendor/laravel/framework/src/Illuminate/Database/Console/Migrations/FreshCommand.php:66
at vendor/laravel/framework/src/Illuminate/Container/BoundMethod.php:36
at vendor/laravel/framework/src/Illuminate/Container/Util.php:43
at vendor/laravel/framework/src/Illuminate/Container/BoundMethod.php:96
at vendor/laravel/framework/src/Illuminate/Container/BoundMethod.php:35
at vendor/laravel/framework/src/Illuminate/Container/Container.php:836
at vendor/laravel/framework/src/Illuminate/Console/Command.php:211
at vendor/symfony/console/Command/Command.php:318
at vendor/laravel/framework/src/Illuminate/Console/Command.php:180
at vendor/symfony/console/Application.php:1092
at vendor/symfony/console/Application.php:359
at vendor/symfony/console/Application.php:194
at vendor/laravel/framework/src/Illuminate/Console/Application.php:165
at vendor/laravel/framework/src/Illuminate/Foundation/Console/Kernel.php:426
at vendor/laravel/framework/src/Illuminate/Testing/PendingCommand.php:450
at vendor/laravel/framework/src/Illuminate/Testing/PendingCommand.php:653
at vendor/laravel/framework/src/Illuminate/Foundation/Testing/Concerns/InteractsWithConsole.php:87
at vendor/laravel/framework/src/Illuminate/Foundation/Testing/RefreshDatabase.php:101
at vendor/laravel/framework/src/Illuminate/Foundation/Testing/RefreshDatabase.php:84
at vendor/laravel/framework/src/Illuminate/Foundation/Testing/RefreshDatabase.php:25
at vendor/laravel/framework/src/Illuminate/Foundation/Testing/Concerns/InteractsWithTestCaseLifecycle.php:207
at vendor/laravel/framework/src/Illuminate/Foundation/Testing/Concerns/InteractsWithTestCaseLifecycle.php:96
at vendor/laravel/framework/src/Illuminate/Foundation/Testing/TestCase.php:44
at tests/TestCase.php:22</error>
        </testcase>
        <testcase name="store fails with invalid data" file="tests/Feature/Api/ComponentControllerTest.php::store fails with invalid data" class="Tests\Feature\Api\ComponentControllerTest" classname="Tests.Feature.Api.ComponentControllerTest" assertions="0" time="0.000000">
          <error type="Illuminate\Database\QueryException">store fails with invalid dataIlluminate\Database\QueryException: could not find driver (Connection: pgsql, SQL: select exists (select 1 from pg_class c, pg_namespace n where n.nspname = current_schema() and c.relname = 'migrations' and c.relkind in ('r', 'p') and n.oid = c.relnamespace))
at vendor/laravel/framework/src/Illuminate/Database/Connectors/Connector.php:67
at vendor/laravel/framework/src/Illuminate/Database/Connectors/Connector.php:44
at vendor/laravel/framework/src/Illuminate/Database/Connectors/PostgresConnector.php:35
at vendor/laravel/framework/src/Illuminate/Database/Connectors/ConnectionFactory.php:184
at vendor/laravel/framework/src/Illuminate/Database/Connection.php:1230
at vendor/laravel/framework/src/Illuminate/Database/Connection.php:1266
at vendor/laravel/framework/src/Illuminate/Database/Connection.php:511
at vendor/laravel/framework/src/Illuminate/Database/Connection.php:406
at vendor/laravel/framework/src/Illuminate/Database/Connection.php:811
at vendor/laravel/framework/src/Illuminate/Database/Connection.php:778
at vendor/laravel/framework/src/Illuminate/Database/Connection.php:397
at vendor/laravel/framework/src/Illuminate/Database/Connection.php:343
at vendor/laravel/framework/src/Illuminate/Database/Connection.php:360
at vendor/laravel/framework/src/Illuminate/Database/Schema/Builder.php:174
at vendor/laravel/framework/src/Illuminate/Database/Migrations/DatabaseMigrationRepository.php:185
at vendor/laravel/framework/src/Illuminate/Database/Migrations/Migrator.php:753
at vendor/laravel/framework/src/Illuminate/Database/Console/Migrations/FreshCommand.php:67
at vendor/laravel/framework/src/Illuminate/Database/Migrations/Migrator.php:666
at vendor/laravel/framework/src/Illuminate/Database/Console/Migrations/FreshCommand.php:66
at vendor/laravel/framework/src/Illuminate/Container/BoundMethod.php:36
at vendor/laravel/framework/src/Illuminate/Container/Util.php:43
at vendor/laravel/framework/src/Illuminate/Container/BoundMethod.php:96
at vendor/laravel/framework/src/Illuminate/Container/BoundMethod.php:35
at vendor/laravel/framework/src/Illuminate/Container/Container.php:836
at vendor/laravel/framework/src/Illuminate/Console/Command.php:211
at vendor/symfony/console/Command/Command.php:318
at vendor/laravel/framework/src/Illuminate/Console/Command.php:180
at vendor/symfony/console/Application.php:1092
at vendor/symfony/console/Application.php:359
at vendor/symfony/console/Application.php:194
at vendor/laravel/framework/src/Illuminate/Console/Application.php:165
at vendor/laravel/framework/src/Illuminate/Foundation/Console/Kernel.php:426
at vendor/laravel/framework/src/Illuminate/Testing/PendingCommand.php:450
at vendor/laravel/framework/src/Illuminate/Testing/PendingCommand.php:653
at vendor/laravel/framework/src/Illuminate/Foundation/Testing/Concerns/InteractsWithConsole.php:87
at vendor/laravel/framework/src/Illuminate/Foundation/Testing/RefreshDatabase.php:101
at vendor/laravel/framework/src/Illuminate/Foundation/Testing/RefreshDatabase.php:84
at vendor/laravel/framework/src/Illuminate/Foundation/Testing/RefreshDatabase.php:25
at vendor/laravel/framework/src/Illuminate/Foundation/Testing/Concerns/InteractsWithTestCaseLifecycle.php:207
at vendor/laravel/framework/src/Illuminate/Foundation/Testing/Concerns/InteractsWithTestCaseLifecycle.php:96
at vendor/laravel/framework/src/Illuminate/Foundation/Testing/TestCase.php:44
at tests/TestCase.php:22
Caused by
PDOException: could not find driver

at vendor/laravel/framework/src/Illuminate/Database/Connectors/Connector.php:67
at vendor/laravel/framework/src/Illuminate/Database/Connectors/Connector.php:44
at vendor/laravel/framework/src/Illuminate/Database/Connectors/PostgresConnector.php:35
at vendor/laravel/framework/src/Illuminate/Database/Connectors/ConnectionFactory.php:184
at vendor/laravel/framework/src/Illuminate/Database/Connection.php:1230
at vendor/laravel/framework/src/Illuminate/Database/Connection.php:1266
at vendor/laravel/framework/src/Illuminate/Database/Connection.php:511
at vendor/laravel/framework/src/Illuminate/Database/Connection.php:406
at vendor/laravel/framework/src/Illuminate/Database/Connection.php:811
at vendor/laravel/framework/src/Illuminate/Database/Connection.php:778
at vendor/laravel/framework/src/Illuminate/Database/Connection.php:397
at vendor/laravel/framework/src/Illuminate/Database/Connection.php:343
at vendor/laravel/framework/src/Illuminate/Database/Connection.php:360
at vendor/laravel/framework/src/Illuminate/Database/Schema/Builder.php:174
at vendor/laravel/framework/src/Illuminate/Database/Migrations/DatabaseMigrationRepository.php:185
at vendor/laravel/framework/src/Illuminate/Database/Migrations/Migrator.php:753
at vendor/laravel/framework/src/Illuminate/Database/Console/Migrations/FreshCommand.php:67
at vendor/laravel/framework/src/Illuminate/Database/Migrations/Migrator.php:666
at vendor/laravel/framework/src/Illuminate/Database/Console/Migrations/FreshCommand.php:66
at vendor/laravel/framework/src/Illuminate/Container/BoundMethod.php:36
at vendor/laravel/framework/src/Illuminate/Container/Util.php:43
at vendor/laravel/framework/src/Illuminate/Container/BoundMethod.php:96
at vendor/laravel/framework/src/Illuminate/Container/BoundMethod.php:35
at vendor/laravel/framework/src/Illuminate/Container/Container.php:836
at vendor/laravel/framework/src/Illuminate/Console/Command.php:211
at vendor/symfony/console/Command/Command.php:318
at vendor/laravel/framework/src/Illuminate/Console/Command.php:180
at vendor/symfony/console/Application.php:1092
at vendor/symfony/console/Application.php:359
at vendor/symfony/console/Application.php:194
at vendor/laravel/framework/src/Illuminate/Console/Application.php:165
at vendor/laravel/framework/src/Illuminate/Foundation/Console/Kernel.php:426
at vendor/laravel/framework/src/Illuminate/Testing/PendingCommand.php:450
at vendor/laravel/framework/src/Illuminate/Testing/PendingCommand.php:653
at vendor/laravel/framework/src/Illuminate/Foundation/Testing/Concerns/InteractsWithConsole.php:87
at vendor/laravel/framework/src/Illuminate/Foundation/Testing/RefreshDatabase.php:101
at vendor/laravel/framework/src/Illuminate/Foundation/Testing/RefreshDatabase.php:84
at vendor/laravel/framework/src/Illuminate/Foundation/Testing/RefreshDatabase.php:25
at vendor/laravel/framework/src/Illuminate/Foundation/Testing/Concerns/InteractsWithTestCaseLifecycle.php:207
at vendor/laravel/framework/src/Illuminate/Foundation/Testing/Concerns/InteractsWithTestCaseLifecycle.php:96
at vendor/laravel/framework/src/Illuminate/Foundation/Testing/TestCase.php:44
at tests/TestCase.php:22</error>
        </testcase>
        <testcase name="duplicate creates component copy" file="tests/Feature/Api/ComponentControllerTest.php::duplicate creates component copy" class="Tests\Feature\Api\ComponentControllerTest" classname="Tests.Feature.Api.ComponentControllerTest" assertions="0" time="0.000000">
          <error type="Illuminate\Database\QueryException">duplicate creates component copyIlluminate\Database\QueryException: could not find driver (Connection: pgsql, SQL: select exists (select 1 from pg_class c, pg_namespace n where n.nspname = current_schema() and c.relname = 'migrations' and c.relkind in ('r', 'p') and n.oid = c.relnamespace))
at vendor/laravel/framework/src/Illuminate/Database/Connectors/Connector.php:67
at vendor/laravel/framework/src/Illuminate/Database/Connectors/Connector.php:44
at vendor/laravel/framework/src/Illuminate/Database/Connectors/PostgresConnector.php:35
at vendor/laravel/framework/src/Illuminate/Database/Connectors/ConnectionFactory.php:184
at vendor/laravel/framework/src/Illuminate/Database/Connection.php:1230
at vendor/laravel/framework/src/Illuminate/Database/Connection.php:1266
at vendor/laravel/framework/src/Illuminate/Database/Connection.php:511
at vendor/laravel/framework/src/Illuminate/Database/Connection.php:406
at vendor/laravel/framework/src/Illuminate/Database/Connection.php:811
at vendor/laravel/framework/src/Illuminate/Database/Connection.php:778
at vendor/laravel/framework/src/Illuminate/Database/Connection.php:397
at vendor/laravel/framework/src/Illuminate/Database/Connection.php:343
at vendor/laravel/framework/src/Illuminate/Database/Connection.php:360
at vendor/laravel/framework/src/Illuminate/Database/Schema/Builder.php:174
at vendor/laravel/framework/src/Illuminate/Database/Migrations/DatabaseMigrationRepository.php:185
at vendor/laravel/framework/src/Illuminate/Database/Migrations/Migrator.php:753
at vendor/laravel/framework/src/Illuminate/Database/Console/Migrations/FreshCommand.php:67
at vendor/laravel/framework/src/Illuminate/Database/Migrations/Migrator.php:666
at vendor/laravel/framework/src/Illuminate/Database/Console/Migrations/FreshCommand.php:66
at vendor/laravel/framework/src/Illuminate/Container/BoundMethod.php:36
at vendor/laravel/framework/src/Illuminate/Container/Util.php:43
at vendor/laravel/framework/src/Illuminate/Container/BoundMethod.php:96
at vendor/laravel/framework/src/Illuminate/Container/BoundMethod.php:35
at vendor/laravel/framework/src/Illuminate/Container/Container.php:836
at vendor/laravel/framework/src/Illuminate/Console/Command.php:211
at vendor/symfony/console/Command/Command.php:318
at vendor/laravel/framework/src/Illuminate/Console/Command.php:180
at vendor/symfony/console/Application.php:1092
at vendor/symfony/console/Application.php:359
at vendor/symfony/console/Application.php:194
at vendor/laravel/framework/src/Illuminate/Console/Application.php:165
at vendor/laravel/framework/src/Illuminate/Foundation/Console/Kernel.php:426
at vendor/laravel/framework/src/Illuminate/Testing/PendingCommand.php:450
at vendor/laravel/framework/src/Illuminate/Testing/PendingCommand.php:653
at vendor/laravel/framework/src/Illuminate/Foundation/Testing/Concerns/InteractsWithConsole.php:87
at vendor/laravel/framework/src/Illuminate/Foundation/Testing/RefreshDatabase.php:101
at vendor/laravel/framework/src/Illuminate/Foundation/Testing/RefreshDatabase.php:84
at vendor/laravel/framework/src/Illuminate/Foundation/Testing/RefreshDatabase.php:25
at vendor/laravel/framework/src/Illuminate/Foundation/Testing/Concerns/InteractsWithTestCaseLifecycle.php:207
at vendor/laravel/framework/src/Illuminate/Foundation/Testing/Concerns/InteractsWithTestCaseLifecycle.php:96
at vendor/laravel/framework/src/Illuminate/Foundation/Testing/TestCase.php:44
at tests/TestCase.php:22
Caused by
PDOException: could not find driver

at vendor/laravel/framework/src/Illuminate/Database/Connectors/Connector.php:67
at vendor/laravel/framework/src/Illuminate/Database/Connectors/Connector.php:44
at vendor/laravel/framework/src/Illuminate/Database/Connectors/PostgresConnector.php:35
at vendor/laravel/framework/src/Illuminate/Database/Connectors/ConnectionFactory.php:184
at vendor/laravel/framework/src/Illuminate/Database/Connection.php:1230
at vendor/laravel/framework/src/Illuminate/Database/Connection.php:1266
at vendor/laravel/framework/src/Illuminate/Database/Connection.php:511
at vendor/laravel/framework/src/Illuminate/Database/Connection.php:406
at vendor/laravel/framework/src/Illuminate/Database/Connection.php:811
at vendor/laravel/framework/src/Illuminate/Database/Connection.php:778
at vendor/laravel/framework/src/Illuminate/Database/Connection.php:397
at vendor/laravel/framework/src/Illuminate/Database/Connection.php:343
at vendor/laravel/framework/src/Illuminate/Database/Connection.php:360
at vendor/laravel/framework/src/Illuminate/Database/Schema/Builder.php:174
at vendor/laravel/framework/src/Illuminate/Database/Migrations/DatabaseMigrationRepository.php:185
at vendor/laravel/framework/src/Illuminate/Database/Migrations/Migrator.php:753
at vendor/laravel/framework/src/Illuminate/Database/Console/Migrations/FreshCommand.php:67
at vendor/laravel/framework/src/Illuminate/Database/Migrations/Migrator.php:666
at vendor/laravel/framework/src/Illuminate/Database/Console/Migrations/FreshCommand.php:66
at vendor/laravel/framework/src/Illuminate/Container/BoundMethod.php:36
at vendor/laravel/framework/src/Illuminate/Container/Util.php:43
at vendor/laravel/framework/src/Illuminate/Container/BoundMethod.php:96
at vendor/laravel/framework/src/Illuminate/Container/BoundMethod.php:35
at vendor/laravel/framework/src/Illuminate/Container/Container.php:836
at vendor/laravel/framework/src/Illuminate/Console/Command.php:211
at vendor/symfony/console/Command/Command.php:318
at vendor/laravel/framework/src/Illuminate/Console/Command.php:180
at vendor/symfony/console/Application.php:1092
at vendor/symfony/console/Application.php:359
at vendor/symfony/console/Application.php:194
at vendor/laravel/framework/src/Illuminate/Console/Application.php:165
at vendor/laravel/framework/src/Illuminate/Foundation/Console/Kernel.php:426
at vendor/laravel/framework/src/Illuminate/Testing/PendingCommand.php:450
at vendor/laravel/framework/src/Illuminate/Testing/PendingCommand.php:653
at vendor/laravel/framework/src/Illuminate/Foundation/Testing/Concerns/InteractsWithConsole.php:87
at vendor/laravel/framework/src/Illuminate/Foundation/Testing/RefreshDatabase.php:101
at vendor/laravel/framework/src/Illuminate/Foundation/Testing/RefreshDatabase.php:84
at vendor/laravel/framework/src/Illuminate/Foundation/Testing/RefreshDatabase.php:25
at vendor/laravel/framework/src/Illuminate/Foundation/Testing/Concerns/InteractsWithTestCaseLifecycle.php:207
at vendor/laravel/framework/src/Illuminate/Foundation/Testing/Concerns/InteractsWithTestCaseLifecycle.php:96
at vendor/laravel/framework/src/Illuminate/Foundation/Testing/TestCase.php:44
at tests/TestCase.php:22</error>
        </testcase>
        <testcase name="activate component succeeds" file="tests/Feature/Api/ComponentControllerTest.php::activate component succeeds" class="Tests\Feature\Api\ComponentControllerTest" classname="Tests.Feature.Api.ComponentControllerTest" assertions="0" time="0.000000">
          <error type="Illuminate\Database\QueryException">activate component succeedsIlluminate\Database\QueryException: could not find driver (Connection: pgsql, SQL: select exists (select 1 from pg_class c, pg_namespace n where n.nspname = current_schema() and c.relname = 'migrations' and c.relkind in ('r', 'p') and n.oid = c.relnamespace))
at vendor/laravel/framework/src/Illuminate/Database/Connectors/Connector.php:67
at vendor/laravel/framework/src/Illuminate/Database/Connectors/Connector.php:44
at vendor/laravel/framework/src/Illuminate/Database/Connectors/PostgresConnector.php:35
at vendor/laravel/framework/src/Illuminate/Database/Connectors/ConnectionFactory.php:184
at vendor/laravel/framework/src/Illuminate/Database/Connection.php:1230
at vendor/laravel/framework/src/Illuminate/Database/Connection.php:1266
at vendor/laravel/framework/src/Illuminate/Database/Connection.php:511
at vendor/laravel/framework/src/Illuminate/Database/Connection.php:406
at vendor/laravel/framework/src/Illuminate/Database/Connection.php:811
at vendor/laravel/framework/src/Illuminate/Database/Connection.php:778
at vendor/laravel/framework/src/Illuminate/Database/Connection.php:397
at vendor/laravel/framework/src/Illuminate/Database/Connection.php:343
at vendor/laravel/framework/src/Illuminate/Database/Connection.php:360
at vendor/laravel/framework/src/Illuminate/Database/Schema/Builder.php:174
at vendor/laravel/framework/src/Illuminate/Database/Migrations/DatabaseMigrationRepository.php:185
at vendor/laravel/framework/src/Illuminate/Database/Migrations/Migrator.php:753
at vendor/laravel/framework/src/Illuminate/Database/Console/Migrations/FreshCommand.php:67
at vendor/laravel/framework/src/Illuminate/Database/Migrations/Migrator.php:666
at vendor/laravel/framework/src/Illuminate/Database/Console/Migrations/FreshCommand.php:66
at vendor/laravel/framework/src/Illuminate/Container/BoundMethod.php:36
at vendor/laravel/framework/src/Illuminate/Container/Util.php:43
at vendor/laravel/framework/src/Illuminate/Container/BoundMethod.php:96
at vendor/laravel/framework/src/Illuminate/Container/BoundMethod.php:35
at vendor/laravel/framework/src/Illuminate/Container/Container.php:836
at vendor/laravel/framework/src/Illuminate/Console/Command.php:211
at vendor/symfony/console/Command/Command.php:318
at vendor/laravel/framework/src/Illuminate/Console/Command.php:180
at vendor/symfony/console/Application.php:1092
at vendor/symfony/console/Application.php:359
at vendor/symfony/console/Application.php:194
at vendor/laravel/framework/src/Illuminate/Console/Application.php:165
at vendor/laravel/framework/src/Illuminate/Foundation/Console/Kernel.php:426
at vendor/laravel/framework/src/Illuminate/Testing/PendingCommand.php:450
at vendor/laravel/framework/src/Illuminate/Testing/PendingCommand.php:653
at vendor/laravel/framework/src/Illuminate/Foundation/Testing/Concerns/InteractsWithConsole.php:87
at vendor/laravel/framework/src/Illuminate/Foundation/Testing/RefreshDatabase.php:101
at vendor/laravel/framework/src/Illuminate/Foundation/Testing/RefreshDatabase.php:84
at vendor/laravel/framework/src/Illuminate/Foundation/Testing/RefreshDatabase.php:25
at vendor/laravel/framework/src/Illuminate/Foundation/Testing/Concerns/InteractsWithTestCaseLifecycle.php:207
at vendor/laravel/framework/src/Illuminate/Foundation/Testing/Concerns/InteractsWithTestCaseLifecycle.php:96
at vendor/laravel/framework/src/Illuminate/Foundation/Testing/TestCase.php:44
at tests/TestCase.php:22
Caused by
PDOException: could not find driver

at vendor/laravel/framework/src/Illuminate/Database/Connectors/Connector.php:67
at vendor/laravel/framework/src/Illuminate/Database/Connectors/Connector.php:44
at vendor/laravel/framework/src/Illuminate/Database/Connectors/PostgresConnector.php:35
at vendor/laravel/framework/src/Illuminate/Database/Connectors/ConnectionFactory.php:184
at vendor/laravel/framework/src/Illuminate/Database/Connection.php:1230
at vendor/laravel/framework/src/Illuminate/Database/Connection.php:1266
at vendor/laravel/framework/src/Illuminate/Database/Connection.php:511
at vendor/laravel/framework/src/Illuminate/Database/Connection.php:406
at vendor/laravel/framework/src/Illuminate/Database/Connection.php:811
at vendor/laravel/framework/src/Illuminate/Database/Connection.php:778
at vendor/laravel/framework/src/Illuminate/Database/Connection.php:397
at vendor/laravel/framework/src/Illuminate/Database/Connection.php:343
at vendor/laravel/framework/src/Illuminate/Database/Connection.php:360
at vendor/laravel/framework/src/Illuminate/Database/Schema/Builder.php:174
at vendor/laravel/framework/src/Illuminate/Database/Migrations/DatabaseMigrationRepository.php:185
at vendor/laravel/framework/src/Illuminate/Database/Migrations/Migrator.php:753
at vendor/laravel/framework/src/Illuminate/Database/Console/Migrations/FreshCommand.php:67
at vendor/laravel/framework/src/Illuminate/Database/Migrations/Migrator.php:666
at vendor/laravel/framework/src/Illuminate/Database/Console/Migrations/FreshCommand.php:66
at vendor/laravel/framework/src/Illuminate/Container/BoundMethod.php:36
at vendor/laravel/framework/src/Illuminate/Container/Util.php:43
at vendor/laravel/framework/src/Illuminate/Container/BoundMethod.php:96
at vendor/laravel/framework/src/Illuminate/Container/BoundMethod.php:35
at vendor/laravel/framework/src/Illuminate/Container/Container.php:836
at vendor/laravel/framework/src/Illuminate/Console/Command.php:211
at vendor/symfony/console/Command/Command.php:318
at vendor/laravel/framework/src/Illuminate/Console/Command.php:180
at vendor/symfony/console/Application.php:1092
at vendor/symfony/console/Application.php:359
at vendor/symfony/console/Application.php:194
at vendor/laravel/framework/src/Illuminate/Console/Application.php:165
at vendor/laravel/framework/src/Illuminate/Foundation/Console/Kernel.php:426
at vendor/laravel/framework/src/Illuminate/Testing/PendingCommand.php:450
at vendor/laravel/framework/src/Illuminate/Testing/PendingCommand.php:653
at vendor/laravel/framework/src/Illuminate/Foundation/Testing/Concerns/InteractsWithConsole.php:87
at vendor/laravel/framework/src/Illuminate/Foundation/Testing/RefreshDatabase.php:101
at vendor/laravel/framework/src/Illuminate/Foundation/Testing/RefreshDatabase.php:84
at vendor/laravel/framework/src/Illuminate/Foundation/Testing/RefreshDatabase.php:25
at vendor/laravel/framework/src/Illuminate/Foundation/Testing/Concerns/InteractsWithTestCaseLifecycle.php:207
at vendor/laravel/framework/src/Illuminate/Foundation/Testing/Concerns/InteractsWithTestCaseLifecycle.php:96
at vendor/laravel/framework/src/Illuminate/Foundation/Testing/TestCase.php:44
at tests/TestCase.php:22</error>
        </testcase>
        <testcase name="deactivate component succeeds" file="tests/Feature/Api/ComponentControllerTest.php::deactivate component succeeds" class="Tests\Feature\Api\ComponentControllerTest" classname="Tests.Feature.Api.ComponentControllerTest" assertions="0" time="0.000000">
          <error type="Illuminate\Database\QueryException">deactivate component succeedsIlluminate\Database\QueryException: could not find driver (Connection: pgsql, SQL: select exists (select 1 from pg_class c, pg_namespace n where n.nspname = current_schema() and c.relname = 'migrations' and c.relkind in ('r', 'p') and n.oid = c.relnamespace))
at vendor/laravel/framework/src/Illuminate/Database/Connectors/Connector.php:67
at vendor/laravel/framework/src/Illuminate/Database/Connectors/Connector.php:44
at vendor/laravel/framework/src/Illuminate/Database/Connectors/PostgresConnector.php:35
at vendor/laravel/framework/src/Illuminate/Database/Connectors/ConnectionFactory.php:184
at vendor/laravel/framework/src/Illuminate/Database/Connection.php:1230
at vendor/laravel/framework/src/Illuminate/Database/Connection.php:1266
at vendor/laravel/framework/src/Illuminate/Database/Connection.php:511
at vendor/laravel/framework/src/Illuminate/Database/Connection.php:406
at vendor/laravel/framework/src/Illuminate/Database/Connection.php:811
at vendor/laravel/framework/src/Illuminate/Database/Connection.php:778
at vendor/laravel/framework/src/Illuminate/Database/Connection.php:397
at vendor/laravel/framework/src/Illuminate/Database/Connection.php:343
at vendor/laravel/framework/src/Illuminate/Database/Connection.php:360
at vendor/laravel/framework/src/Illuminate/Database/Schema/Builder.php:174
at vendor/laravel/framework/src/Illuminate/Database/Migrations/DatabaseMigrationRepository.php:185
at vendor/laravel/framework/src/Illuminate/Database/Migrations/Migrator.php:753
at vendor/laravel/framework/src/Illuminate/Database/Console/Migrations/FreshCommand.php:67
at vendor/laravel/framework/src/Illuminate/Database/Migrations/Migrator.php:666
at vendor/laravel/framework/src/Illuminate/Database/Console/Migrations/FreshCommand.php:66
at vendor/laravel/framework/src/Illuminate/Container/BoundMethod.php:36
at vendor/laravel/framework/src/Illuminate/Container/Util.php:43
at vendor/laravel/framework/src/Illuminate/Container/BoundMethod.php:96
at vendor/laravel/framework/src/Illuminate/Container/BoundMethod.php:35
at vendor/laravel/framework/src/Illuminate/Container/Container.php:836
at vendor/laravel/framework/src/Illuminate/Console/Command.php:211
at vendor/symfony/console/Command/Command.php:318
at vendor/laravel/framework/src/Illuminate/Console/Command.php:180
at vendor/symfony/console/Application.php:1092
at vendor/symfony/console/Application.php:359
at vendor/symfony/console/Application.php:194
at vendor/laravel/framework/src/Illuminate/Console/Application.php:165
at vendor/laravel/framework/src/Illuminate/Foundation/Console/Kernel.php:426
at vendor/laravel/framework/src/Illuminate/Testing/PendingCommand.php:450
at vendor/laravel/framework/src/Illuminate/Testing/PendingCommand.php:653
at vendor/laravel/framework/src/Illuminate/Foundation/Testing/Concerns/InteractsWithConsole.php:87
at vendor/laravel/framework/src/Illuminate/Foundation/Testing/RefreshDatabase.php:101
at vendor/laravel/framework/src/Illuminate/Foundation/Testing/RefreshDatabase.php:84
at vendor/laravel/framework/src/Illuminate/Foundation/Testing/RefreshDatabase.php:25
at vendor/laravel/framework/src/Illuminate/Foundation/Testing/Concerns/InteractsWithTestCaseLifecycle.php:207
at vendor/laravel/framework/src/Illuminate/Foundation/Testing/Concerns/InteractsWithTestCaseLifecycle.php:96
at vendor/laravel/framework/src/Illuminate/Foundation/Testing/TestCase.php:44
at tests/TestCase.php:22
Caused by
PDOException: could not find driver

at vendor/laravel/framework/src/Illuminate/Database/Connectors/Connector.php:67
at vendor/laravel/framework/src/Illuminate/Database/Connectors/Connector.php:44
at vendor/laravel/framework/src/Illuminate/Database/Connectors/PostgresConnector.php:35
at vendor/laravel/framework/src/Illuminate/Database/Connectors/ConnectionFactory.php:184
at vendor/laravel/framework/src/Illuminate/Database/Connection.php:1230
at vendor/laravel/framework/src/Illuminate/Database/Connection.php:1266
at vendor/laravel/framework/src/Illuminate/Database/Connection.php:511
at vendor/laravel/framework/src/Illuminate/Database/Connection.php:406
at vendor/laravel/framework/src/Illuminate/Database/Connection.php:811
at vendor/laravel/framework/src/Illuminate/Database/Connection.php:778
at vendor/laravel/framework/src/Illuminate/Database/Connection.php:397
at vendor/laravel/framework/src/Illuminate/Database/Connection.php:343
at vendor/laravel/framework/src/Illuminate/Database/Connection.php:360
at vendor/laravel/framework/src/Illuminate/Database/Schema/Builder.php:174
at vendor/laravel/framework/src/Illuminate/Database/Migrations/DatabaseMigrationRepository.php:185
at vendor/laravel/framework/src/Illuminate/Database/Migrations/Migrator.php:753
at vendor/laravel/framework/src/Illuminate/Database/Console/Migrations/FreshCommand.php:67
at vendor/laravel/framework/src/Illuminate/Database/Migrations/Migrator.php:666
at vendor/laravel/framework/src/Illuminate/Database/Console/Migrations/FreshCommand.php:66
at vendor/laravel/framework/src/Illuminate/Container/BoundMethod.php:36
at vendor/laravel/framework/src/Illuminate/Container/Util.php:43
at vendor/laravel/framework/src/Illuminate/Container/BoundMethod.php:96
at vendor/laravel/framework/src/Illuminate/Container/BoundMethod.php:35
at vendor/laravel/framework/src/Illuminate/Container/Container.php:836
at vendor/laravel/framework/src/Illuminate/Console/Command.php:211
at vendor/symfony/console/Command/Command.php:318
at vendor/laravel/framework/src/Illuminate/Console/Command.php:180
at vendor/symfony/console/Application.php:1092
at vendor/symfony/console/Application.php:359
at vendor/symfony/console/Application.php:194
at vendor/laravel/framework/src/Illuminate/Console/Application.php:165
at vendor/laravel/framework/src/Illuminate/Foundation/Console/Kernel.php:426
at vendor/laravel/framework/src/Illuminate/Testing/PendingCommand.php:450
at vendor/laravel/framework/src/Illuminate/Testing/PendingCommand.php:653
at vendor/laravel/framework/src/Illuminate/Foundation/Testing/Concerns/InteractsWithConsole.php:87
at vendor/laravel/framework/src/Illuminate/Foundation/Testing/RefreshDatabase.php:101
at vendor/laravel/framework/src/Illuminate/Foundation/Testing/RefreshDatabase.php:84
at vendor/laravel/framework/src/Illuminate/Foundation/Testing/RefreshDatabase.php:25
at vendor/laravel/framework/src/Illuminate/Foundation/Testing/Concerns/InteractsWithTestCaseLifecycle.php:207
at vendor/laravel/framework/src/Illuminate/Foundation/Testing/Concerns/InteractsWithTestCaseLifecycle.php:96
at vendor/laravel/framework/src/Illuminate/Foundation/Testing/TestCase.php:44
at tests/TestCase.php:22</error>
        </testcase>
        <testcase name="preview returns component preview data" file="tests/Feature/Api/ComponentControllerTest.php::preview returns component preview data" class="Tests\Feature\Api\ComponentControllerTest" classname="Tests.Feature.Api.ComponentControllerTest" assertions="0" time="0.000000">
          <error type="Illuminate\Database\QueryException">preview returns component preview dataIlluminate\Database\QueryException: could not find driver (Connection: pgsql, SQL: select exists (select 1 from pg_class c, pg_namespace n where n.nspname = current_schema() and c.relname = 'migrations' and c.relkind in ('r', 'p') and n.oid = c.relnamespace))
at vendor/laravel/framework/src/Illuminate/Database/Connectors/Connector.php:67
at vendor/laravel/framework/src/Illuminate/Database/Connectors/Connector.php:44
at vendor/laravel/framework/src/Illuminate/Database/Connectors/PostgresConnector.php:35
at vendor/laravel/framework/src/Illuminate/Database/Connectors/ConnectionFactory.php:184
at vendor/laravel/framework/src/Illuminate/Database/Connection.php:1230
at vendor/laravel/framework/src/Illuminate/Database/Connection.php:1266
at vendor/laravel/framework/src/Illuminate/Database/Connection.php:511
at vendor/laravel/framework/src/Illuminate/Database/Connection.php:406
at vendor/laravel/framework/src/Illuminate/Database/Connection.php:811
at vendor/laravel/framework/src/Illuminate/Database/Connection.php:778
at vendor/laravel/framework/src/Illuminate/Database/Connection.php:397
at vendor/laravel/framework/src/Illuminate/Database/Connection.php:343
at vendor/laravel/framework/src/Illuminate/Database/Connection.php:360
at vendor/laravel/framework/src/Illuminate/Database/Schema/Builder.php:174
at vendor/laravel/framework/src/Illuminate/Database/Migrations/DatabaseMigrationRepository.php:185
at vendor/laravel/framework/src/Illuminate/Database/Migrations/Migrator.php:753
at vendor/laravel/framework/src/Illuminate/Database/Console/Migrations/FreshCommand.php:67
at vendor/laravel/framework/src/Illuminate/Database/Migrations/Migrator.php:666
at vendor/laravel/framework/src/Illuminate/Database/Console/Migrations/FreshCommand.php:66
at vendor/laravel/framework/src/Illuminate/Container/BoundMethod.php:36
at vendor/laravel/framework/src/Illuminate/Container/Util.php:43
at vendor/laravel/framework/src/Illuminate/Container/BoundMethod.php:96
at vendor/laravel/framework/src/Illuminate/Container/BoundMethod.php:35
at vendor/laravel/framework/src/Illuminate/Container/Container.php:836
at vendor/laravel/framework/src/Illuminate/Console/Command.php:211
at vendor/symfony/console/Command/Command.php:318
at vendor/laravel/framework/src/Illuminate/Console/Command.php:180
at vendor/symfony/console/Application.php:1092
at vendor/symfony/console/Application.php:359
at vendor/symfony/console/Application.php:194
at vendor/laravel/framework/src/Illuminate/Console/Application.php:165
at vendor/laravel/framework/src/Illuminate/Foundation/Console/Kernel.php:426
at vendor/laravel/framework/src/Illuminate/Testing/PendingCommand.php:450
at vendor/laravel/framework/src/Illuminate/Testing/PendingCommand.php:653
at vendor/laravel/framework/src/Illuminate/Foundation/Testing/Concerns/InteractsWithConsole.php:87
at vendor/laravel/framework/src/Illuminate/Foundation/Testing/RefreshDatabase.php:101
at vendor/laravel/framework/src/Illuminate/Foundation/Testing/RefreshDatabase.php:84
at vendor/laravel/framework/src/Illuminate/Foundation/Testing/RefreshDatabase.php:25
at vendor/laravel/framework/src/Illuminate/Foundation/Testing/Concerns/InteractsWithTestCaseLifecycle.php:207
at vendor/laravel/framework/src/Illuminate/Foundation/Testing/Concerns/InteractsWithTestCaseLifecycle.php:96
at vendor/laravel/framework/src/Illuminate/Foundation/Testing/TestCase.php:44
at tests/TestCase.php:22
Caused by
PDOException: could not find driver

at vendor/laravel/framework/src/Illuminate/Database/Connectors/Connector.php:67
at vendor/laravel/framework/src/Illuminate/Database/Connectors/Connector.php:44
at vendor/laravel/framework/src/Illuminate/Database/Connectors/PostgresConnector.php:35
at vendor/laravel/framework/src/Illuminate/Database/Connectors/ConnectionFactory.php:184
at vendor/laravel/framework/src/Illuminate/Database/Connection.php:1230
at vendor/laravel/framework/src/Illuminate/Database/Connection.php:1266
at vendor/laravel/framework/src/Illuminate/Database/Connection.php:511
at vendor/laravel/framework/src/Illuminate/Database/Connection.php:406
at vendor/laravel/framework/src/Illuminate/Database/Connection.php:811
at vendor/laravel/framework/src/Illuminate/Database/Connection.php:778
at vendor/laravel/framework/src/Illuminate/Database/Connection.php:397
at vendor/laravel/framework/src/Illuminate/Database/Connection.php:343
at vendor/laravel/framework/src/Illuminate/Database/Connection.php:360
at vendor/laravel/framework/src/Illuminate/Database/Schema/Builder.php:174
at vendor/laravel/framework/src/Illuminate/Database/Migrations/DatabaseMigrationRepository.php:185
at vendor/laravel/framework/src/Illuminate/Database/Migrations/Migrator.php:753
at vendor/laravel/framework/src/Illuminate/Database/Console/Migrations/FreshCommand.php:67
at vendor/laravel/framework/src/Illuminate/Database/Migrations/Migrator.php:666
at vendor/laravel/framework/src/Illuminate/Database/Console/Migrations/FreshCommand.php:66
at vendor/laravel/framework/src/Illuminate/Container/BoundMethod.php:36
at vendor/laravel/framework/src/Illuminate/Container/Util.php:43
at vendor/laravel/framework/src/Illuminate/Container/BoundMethod.php:96
at vendor/laravel/framework/src/Illuminate/Container/BoundMethod.php:35
at vendor/laravel/framework/src/Illuminate/Container/Container.php:836
at vendor/laravel/framework/src/Illuminate/Console/Command.php:211
at vendor/symfony/console/Command/Command.php:318
at vendor/laravel/framework/src/Illuminate/Console/Command.php:180
at vendor/symfony/console/Application.php:1092
at vendor/symfony/console/Application.php:359
at vendor/symfony/console/Application.php:194
at vendor/laravel/framework/src/Illuminate/Console/Application.php:165
at vendor/laravel/framework/src/Illuminate/Foundation/Console/Kernel.php:426
at vendor/laravel/framework/src/Illuminate/Testing/PendingCommand.php:450
at vendor/laravel/framework/src/Illuminate/Testing/PendingCommand.php:653
at vendor/laravel/framework/src/Illuminate/Foundation/Testing/Concerns/InteractsWithConsole.php:87
at vendor/laravel/framework/src/Illuminate/Foundation/Testing/RefreshDatabase.php:101
at vendor/laravel/framework/src/Illuminate/Foundation/Testing/RefreshDatabase.php:84
at vendor/laravel/framework/src/Illuminate/Foundation/Testing/RefreshDatabase.php:25
at vendor/laravel/framework/src/Illuminate/Foundation/Testing/Concerns/InteractsWithTestCaseLifecycle.php:207
at vendor/laravel/framework/src/Illuminate/Foundation/Testing/Concerns/InteractsWithTestCaseLifecycle.php:96
at vendor/laravel/framework/src/Illuminate/Foundation/Testing/TestCase.php:44
at tests/TestCase.php:22</error>
        </testcase>
        <testcase name="validate config returns success for valid config" file="tests/Feature/Api/ComponentControllerTest.php::validate config returns success for valid config" class="Tests\Feature\Api\ComponentControllerTest" classname="Tests.Feature.Api.ComponentControllerTest" assertions="0" time="0.000000">
          <error type="Illuminate\Database\QueryException">validate config returns success for valid configIlluminate\Database\QueryException: could not find driver (Connection: pgsql, SQL: select exists (select 1 from pg_class c, pg_namespace n where n.nspname = current_schema() and c.relname = 'migrations' and c.relkind in ('r', 'p') and n.oid = c.relnamespace))
at vendor/laravel/framework/src/Illuminate/Database/Connectors/Connector.php:67
at vendor/laravel/framework/src/Illuminate/Database/Connectors/Connector.php:44
at vendor/laravel/framework/src/Illuminate/Database/Connectors/PostgresConnector.php:35
at vendor/laravel/framework/src/Illuminate/Database/Connectors/ConnectionFactory.php:184
at vendor/laravel/framework/src/Illuminate/Database/Connection.php:1230
at vendor/laravel/framework/src/Illuminate/Database/Connection.php:1266
at vendor/laravel/framework/src/Illuminate/Database/Connection.php:511
at vendor/laravel/framework/src/Illuminate/Database/Connection.php:406
at vendor/laravel/framework/src/Illuminate/Database/Connection.php:811
at vendor/laravel/framework/src/Illuminate/Database/Connection.php:778
at vendor/laravel/framework/src/Illuminate/Database/Connection.php:397
at vendor/laravel/framework/src/Illuminate/Database/Connection.php:343
at vendor/laravel/framework/src/Illuminate/Database/Connection.php:360
at vendor/laravel/framework/src/Illuminate/Database/Schema/Builder.php:174
at vendor/laravel/framework/src/Illuminate/Database/Migrations/DatabaseMigrationRepository.php:185
at vendor/laravel/framework/src/Illuminate/Database/Migrations/Migrator.php:753
at vendor/laravel/framework/src/Illuminate/Database/Console/Migrations/FreshCommand.php:67
at vendor/laravel/framework/src/Illuminate/Database/Migrations/Migrator.php:666
at vendor/laravel/framework/src/Illuminate/Database/Console/Migrations/FreshCommand.php:66
at vendor/laravel/framework/src/Illuminate/Container/BoundMethod.php:36
at vendor/laravel/framework/src/Illuminate/Container/Util.php:43
at vendor/laravel/framework/src/Illuminate/Container/BoundMethod.php:96
at vendor/laravel/framework/src/Illuminate/Container/BoundMethod.php:35
at vendor/laravel/framework/src/Illuminate/Container/Container.php:836
at vendor/laravel/framework/src/Illuminate/Console/Command.php:211
at vendor/symfony/console/Command/Command.php:318
at vendor/laravel/framework/src/Illuminate/Console/Command.php:180
at vendor/symfony/console/Application.php:1092
at vendor/symfony/console/Application.php:359
at vendor/symfony/console/Application.php:194
at vendor/laravel/framework/src/Illuminate/Console/Application.php:165
at vendor/laravel/framework/src/Illuminate/Foundation/Console/Kernel.php:426
at vendor/laravel/framework/src/Illuminate/Testing/PendingCommand.php:450
at vendor/laravel/framework/src/Illuminate/Testing/PendingCommand.php:653
at vendor/laravel/framework/src/Illuminate/Foundation/Testing/Concerns/InteractsWithConsole.php:87
at vendor/laravel/framework/src/Illuminate/Foundation/Testing/RefreshDatabase.php:101
at vendor/laravel/framework/src/Illuminate/Foundation/Testing/RefreshDatabase.php:84
at vendor/laravel/framework/src/Illuminate/Foundation/Testing/RefreshDatabase.php:25
at vendor/laravel/framework/src/Illuminate/Foundation/Testing/Concerns/InteractsWithTestCaseLifecycle.php:207
at vendor/laravel/framework/src/Illuminate/Foundation/Testing/Concerns/InteractsWithTestCaseLifecycle.php:96
at vendor/laravel/framework/src/Illuminate/Foundation/Testing/TestCase.php:44
at tests/TestCase.php:22
Caused by
PDOException: could not find driver

at vendor/laravel/framework/src/Illuminate/Database/Connectors/Connector.php:67
at vendor/laravel/framework/src/Illuminate/Database/Connectors/Connector.php:44
at vendor/laravel/framework/src/Illuminate/Database/Connectors/PostgresConnector.php:35
at vendor/laravel/framework/src/Illuminate/Database/Connectors/ConnectionFactory.php:184
at vendor/laravel/framework/src/Illuminate/Database/Connection.php:1230
at vendor/laravel/framework/src/Illuminate/Database/Connection.php:1266
at vendor/laravel/framework/src/Illuminate/Database/Connection.php:511
at vendor/laravel/framework/src/Illuminate/Database/Connection.php:406
at vendor/laravel/framework/src/Illuminate/Database/Connection.php:811
at vendor/laravel/framework/src/Illuminate/Database/Connection.php:778
at vendor/laravel/framework/src/Illuminate/Database/Connection.php:397
at vendor/laravel/framework/src/Illuminate/Database/Connection.php:343
at vendor/laravel/framework/src/Illuminate/Database/Connection.php:360
at vendor/laravel/framework/src/Illuminate/Database/Schema/Builder.php:174
at vendor/laravel/framework/src/Illuminate/Database/Migrations/DatabaseMigrationRepository.php:185
at vendor/laravel/framework/src/Illuminate/Database/Migrations/Migrator.php:753
at vendor/laravel/framework/src/Illuminate/Database/Console/Migrations/FreshCommand.php:67
at vendor/laravel/framework/src/Illuminate/Database/Migrations/Migrator.php:666
at vendor/laravel/framework/src/Illuminate/Database/Console/Migrations/FreshCommand.php:66
at vendor/laravel/framework/src/Illuminate/Container/BoundMethod.php:36
at vendor/laravel/framework/src/Illuminate/Container/Util.php:43
at vendor/laravel/framework/src/Illuminate/Container/BoundMethod.php:96
at vendor/laravel/framework/src/Illuminate/Container/BoundMethod.php:35
at vendor/laravel/framework/src/Illuminate/Container/Container.php:836
at vendor/laravel/framework/src/Illuminate/Console/Command.php:211
at vendor/symfony/console/Command/Command.php:318
at vendor/laravel/framework/src/Illuminate/Console/Command.php:180
at vendor/symfony/console/Application.php:1092
at vendor/symfony/console/Application.php:359
at vendor/symfony/console/Application.php:194
at vendor/laravel/framework/src/Illuminate/Console/Application.php:165
at vendor/laravel/framework/src/Illuminate/Foundation/Console/Kernel.php:426
at vendor/laravel/framework/src/Illuminate/Testing/PendingCommand.php:450
at vendor/laravel/framework/src/Illuminate/Testing/PendingCommand.php:653
at vendor/laravel/framework/src/Illuminate/Foundation/Testing/Concerns/InteractsWithConsole.php:87
at vendor/laravel/framework/src/Illuminate/Foundation/Testing/RefreshDatabase.php:101
at vendor/laravel/framework/src/Illuminate/Foundation/Testing/RefreshDatabase.php:84
at vendor/laravel/framework/src/Illuminate/Foundation/Testing/RefreshDatabase.php:25
at vendor/laravel/framework/src/Illuminate/Foundation/Testing/Concerns/InteractsWithTestCaseLifecycle.php:207
at vendor/laravel/framework/src/Illuminate/Foundation/Testing/Concerns/InteractsWithTestCaseLifecycle.php:96
at vendor/laravel/framework/src/Illuminate/Foundation/Testing/TestCase.php:44
at tests/TestCase.php:22</error>
        </testcase>
      </testsuite>
    </testsuite>
  </testsuite>
</testsuites>
