<?xml version="1.0" encoding="UTF-8"?>
<testsuites>
  <testsuite name="Tests\Unit\AlumniDirectoryServiceTest" file="Alumni Directory Service (Tests\Unit\AlumniDirectoryService)" tests="11" assertions="0" errors="11" failures="0" skipped="0" time="0.000000">
    <testcase name="Can build basic filter query" file="Alumni Directory Service (Tests\Unit\AlumniDirectoryService)::Can build basic filter query" class="Tests\Unit\AlumniDirectoryServiceTest" classname="Tests.Unit.AlumniDirectoryServiceTest" assertions="0" time="0.000000">
      <error type="Illuminate\Database\QueryException">Can build basic filter queryIlluminate\Database\QueryException: SQLSTATE[08006] [7] connection to server at "localhost" (::1), port 5432 failed: FATAL:  password authentication failed for user "postgres" (Connection: pgsql, Host: localhost, Port: 5432, Database: test_db, SQL: select exists (select 1 from pg_class c, pg_namespace n where n.nspname = current_schema() and c.relname = 'migrations' and c.relkind in ('r', 'p') and n.oid = c.relnamespace))&#13;
at vendor\laravel\framework\src\Illuminate\Database\Connectors\Connector.php:66
at vendor\laravel\framework\src\Illuminate\Database\Connectors\Connector.php:44
at vendor\laravel\framework\src\Illuminate\Database\Connectors\PostgresConnector.php:35
at vendor\laravel\framework\src\Illuminate\Database\Connectors\ConnectionFactory.php:186
at vendor\laravel\framework\src\Illuminate\Database\Connection.php:1257
at vendor\laravel\framework\src\Illuminate\Database\Connection.php:1295
at vendor\laravel\framework\src\Illuminate\Database\Connection.php:525
at vendor\laravel\framework\src\Illuminate\Database\Connection.php:420
at vendor\laravel\framework\src\Illuminate\Database\Connection.php:827
at vendor\laravel\framework\src\Illuminate\Database\Connection.php:794
at vendor\laravel\framework\src\Illuminate\Database\Connection.php:411
at vendor\laravel\framework\src\Illuminate\Database\Connection.php:357
at vendor\laravel\framework\src\Illuminate\Database\Connection.php:374
at vendor\laravel\framework\src\Illuminate\Database\Schema\Builder.php:176
at vendor\laravel\framework\src\Illuminate\Database\Migrations\DatabaseMigrationRepository.php:185
at vendor\laravel\framework\src\Illuminate\Database\Migrations\Migrator.php:758
at vendor\laravel\framework\src\Illuminate\Database\Console\Migrations\FreshCommand.php:67
at vendor\laravel\framework\src\Illuminate\Database\Migrations\Migrator.php:671
at vendor\laravel\framework\src\Illuminate\Database\Console\Migrations\FreshCommand.php:66
at vendor\laravel\framework\src\Illuminate\Container\BoundMethod.php:36
at vendor\laravel\framework\src\Illuminate\Container\Util.php:43
at vendor\laravel\framework\src\Illuminate\Container\BoundMethod.php:96
at vendor\laravel\framework\src\Illuminate\Container\BoundMethod.php:35
at vendor\laravel\framework\src\Illuminate\Container\Container.php:799
at vendor\laravel\framework\src\Illuminate\Console\Command.php:211
at vendor\symfony\console\Command\Command.php:341
at vendor\laravel\framework\src\Illuminate\Console\Command.php:180
at vendor\symfony\console\Application.php:1079
at vendor\symfony\console\Application.php:356
at vendor\symfony\console\Application.php:195
at vendor\laravel\framework\src\Illuminate\Console\Application.php:165
at vendor\laravel\framework\src\Illuminate\Foundation\Console\Kernel.php:447
at vendor\laravel\framework\src\Illuminate\Testing\PendingCommand.php:451
at vendor\laravel\framework\src\Illuminate\Testing\PendingCommand.php:675
at vendor\laravel\framework\src\Illuminate\Foundation\Testing\Concerns\InteractsWithConsole.php:87
at vendor\laravel\framework\src\Illuminate\Foundation\Testing\RefreshDatabase.php:119
at vendor\laravel\framework\src\Illuminate\Foundation\Testing\RefreshDatabase.php:84
at vendor\laravel\framework\src\Illuminate\Foundation\Testing\RefreshDatabase.php:25
at vendor\laravel\framework\src\Illuminate\Foundation\Testing\Concerns\InteractsWithTestCaseLifecycle.php:217
at vendor\laravel\framework\src\Illuminate\Foundation\Testing\Concerns\InteractsWithTestCaseLifecycle.php:101
at vendor\laravel\framework\src\Illuminate\Foundation\Testing\TestCase.php:63
at tests\TestCase.php:22
at tests\Unit\AlumniDirectoryServiceTest.php:27
Caused by
PDOException: SQLSTATE[08006] [7] connection to server at "localhost" (::1), port 5432 failed: FATAL:  password authentication failed for user "postgres"

at vendor\laravel\framework\src\Illuminate\Database\Connectors\Connector.php:66
at vendor\laravel\framework\src\Illuminate\Database\Connectors\Connector.php:44
at vendor\laravel\framework\src\Illuminate\Database\Connectors\PostgresConnector.php:35
at vendor\laravel\framework\src\Illuminate\Database\Connectors\ConnectionFactory.php:186
at vendor\laravel\framework\src\Illuminate\Database\Connection.php:1257
at vendor\laravel\framework\src\Illuminate\Database\Connection.php:1295
at vendor\laravel\framework\src\Illuminate\Database\Connection.php:525
at vendor\laravel\framework\src\Illuminate\Database\Connection.php:420
at vendor\laravel\framework\src\Illuminate\Database\Connection.php:827
at vendor\laravel\framework\src\Illuminate\Database\Connection.php:794
at vendor\laravel\framework\src\Illuminate\Database\Connection.php:411
at vendor\laravel\framework\src\Illuminate\Database\Connection.php:357
at vendor\laravel\framework\src\Illuminate\Database\Connection.php:374
at vendor\laravel\framework\src\Illuminate\Database\Schema\Builder.php:176
at vendor\laravel\framework\src\Illuminate\Database\Migrations\DatabaseMigrationRepository.php:185
at vendor\laravel\framework\src\Illuminate\Database\Migrations\Migrator.php:758
at vendor\laravel\framework\src\Illuminate\Database\Console\Migrations\FreshCommand.php:67
at vendor\laravel\framework\src\Illuminate\Database\Migrations\Migrator.php:671
at vendor\laravel\framework\src\Illuminate\Database\Console\Migrations\FreshCommand.php:66
at vendor\laravel\framework\src\Illuminate\Container\BoundMethod.php:36
at vendor\laravel\framework\src\Illuminate\Container\Util.php:43
at vendor\laravel\framework\src\Illuminate\Container\BoundMethod.php:96
at vendor\laravel\framework\src\Illuminate\Container\BoundMethod.php:35
at vendor\laravel\framework\src\Illuminate\Container\Container.php:799
at vendor\laravel\framework\src\Illuminate\Console\Command.php:211
at vendor\symfony\console\Command\Command.php:341
at vendor\laravel\framework\src\Illuminate\Console\Command.php:180
at vendor\symfony\console\Application.php:1079
at vendor\symfony\console\Application.php:356
at vendor\symfony\console\Application.php:195
at vendor\laravel\framework\src\Illuminate\Console\Application.php:165
at vendor\laravel\framework\src\Illuminate\Foundation\Console\Kernel.php:447
at vendor\laravel\framework\src\Illuminate\Testing\PendingCommand.php:451
at vendor\laravel\framework\src\Illuminate\Testing\PendingCommand.php:675
at vendor\laravel\framework\src\Illuminate\Foundation\Testing\Concerns\InteractsWithConsole.php:87
at vendor\laravel\framework\src\Illuminate\Foundation\Testing\RefreshDatabase.php:119
at vendor\laravel\framework\src\Illuminate\Foundation\Testing\RefreshDatabase.php:84
at vendor\laravel\framework\src\Illuminate\Foundation\Testing\RefreshDatabase.php:25
at vendor\laravel\framework\src\Illuminate\Foundation\Testing\Concerns\InteractsWithTestCaseLifecycle.php:217
at vendor\laravel\framework\src\Illuminate\Foundation\Testing\Concerns\InteractsWithTestCaseLifecycle.php:101
at vendor\laravel\framework\src\Illuminate\Foundation\Testing\TestCase.php:63
at tests\TestCase.php:22
at tests\Unit\AlumniDirectoryServiceTest.php:27</error>
    </testcase>
    <testcase name="Can filter by graduation year range" file="Alumni Directory Service (Tests\Unit\AlumniDirectoryService)::Can filter by graduation year range" class="Tests\Unit\AlumniDirectoryServiceTest" classname="Tests.Unit.AlumniDirectoryServiceTest" assertions="0" time="0.000000">
      <error type="Illuminate\Database\QueryException">Can filter by graduation year rangeIlluminate\Database\QueryException: SQLSTATE[08006] [7] connection to server at "localhost" (::1), port 5432 failed: FATAL:  password authentication failed for user "postgres" (Connection: pgsql, Host: localhost, Port: 5432, Database: test_db, SQL: select exists (select 1 from pg_class c, pg_namespace n where n.nspname = current_schema() and c.relname = 'migrations' and c.relkind in ('r', 'p') and n.oid = c.relnamespace))&#13;
at vendor\laravel\framework\src\Illuminate\Database\Connectors\Connector.php:66
at vendor\laravel\framework\src\Illuminate\Database\Connectors\Connector.php:44
at vendor\laravel\framework\src\Illuminate\Database\Connectors\PostgresConnector.php:35
at vendor\laravel\framework\src\Illuminate\Database\Connectors\ConnectionFactory.php:186
at vendor\laravel\framework\src\Illuminate\Database\Connection.php:1257
at vendor\laravel\framework\src\Illuminate\Database\Connection.php:1295
at vendor\laravel\framework\src\Illuminate\Database\Connection.php:525
at vendor\laravel\framework\src\Illuminate\Database\Connection.php:420
at vendor\laravel\framework\src\Illuminate\Database\Connection.php:827
at vendor\laravel\framework\src\Illuminate\Database\Connection.php:794
at vendor\laravel\framework\src\Illuminate\Database\Connection.php:411
at vendor\laravel\framework\src\Illuminate\Database\Connection.php:357
at vendor\laravel\framework\src\Illuminate\Database\Connection.php:374
at vendor\laravel\framework\src\Illuminate\Database\Schema\Builder.php:176
at vendor\laravel\framework\src\Illuminate\Database\Migrations\DatabaseMigrationRepository.php:185
at vendor\laravel\framework\src\Illuminate\Database\Migrations\Migrator.php:758
at vendor\laravel\framework\src\Illuminate\Database\Console\Migrations\FreshCommand.php:67
at vendor\laravel\framework\src\Illuminate\Database\Migrations\Migrator.php:671
at vendor\laravel\framework\src\Illuminate\Database\Console\Migrations\FreshCommand.php:66
at vendor\laravel\framework\src\Illuminate\Container\BoundMethod.php:36
at vendor\laravel\framework\src\Illuminate\Container\Util.php:43
at vendor\laravel\framework\src\Illuminate\Container\BoundMethod.php:96
at vendor\laravel\framework\src\Illuminate\Container\BoundMethod.php:35
at vendor\laravel\framework\src\Illuminate\Container\Container.php:799
at vendor\laravel\framework\src\Illuminate\Console\Command.php:211
at vendor\symfony\console\Command\Command.php:341
at vendor\laravel\framework\src\Illuminate\Console\Command.php:180
at vendor\symfony\console\Application.php:1079
at vendor\symfony\console\Application.php:356
at vendor\symfony\console\Application.php:195
at vendor\laravel\framework\src\Illuminate\Console\Application.php:165
at vendor\laravel\framework\src\Illuminate\Foundation\Console\Kernel.php:447
at vendor\laravel\framework\src\Illuminate\Testing\PendingCommand.php:451
at vendor\laravel\framework\src\Illuminate\Testing\PendingCommand.php:675
at vendor\laravel\framework\src\Illuminate\Foundation\Testing\Concerns\InteractsWithConsole.php:87
at vendor\laravel\framework\src\Illuminate\Foundation\Testing\RefreshDatabase.php:119
at vendor\laravel\framework\src\Illuminate\Foundation\Testing\RefreshDatabase.php:84
at vendor\laravel\framework\src\Illuminate\Foundation\Testing\RefreshDatabase.php:25
at vendor\laravel\framework\src\Illuminate\Foundation\Testing\Concerns\InteractsWithTestCaseLifecycle.php:217
at vendor\laravel\framework\src\Illuminate\Foundation\Testing\Concerns\InteractsWithTestCaseLifecycle.php:101
at vendor\laravel\framework\src\Illuminate\Foundation\Testing\TestCase.php:63
at tests\TestCase.php:22
at tests\Unit\AlumniDirectoryServiceTest.php:27
Caused by
PDOException: SQLSTATE[08006] [7] connection to server at "localhost" (::1), port 5432 failed: FATAL:  password authentication failed for user "postgres"

at vendor\laravel\framework\src\Illuminate\Database\Connectors\Connector.php:66
at vendor\laravel\framework\src\Illuminate\Database\Connectors\Connector.php:44
at vendor\laravel\framework\src\Illuminate\Database\Connectors\PostgresConnector.php:35
at vendor\laravel\framework\src\Illuminate\Database\Connectors\ConnectionFactory.php:186
at vendor\laravel\framework\src\Illuminate\Database\Connection.php:1257
at vendor\laravel\framework\src\Illuminate\Database\Connection.php:1295
at vendor\laravel\framework\src\Illuminate\Database\Connection.php:525
at vendor\laravel\framework\src\Illuminate\Database\Connection.php:420
at vendor\laravel\framework\src\Illuminate\Database\Connection.php:827
at vendor\laravel\framework\src\Illuminate\Database\Connection.php:794
at vendor\laravel\framework\src\Illuminate\Database\Connection.php:411
at vendor\laravel\framework\src\Illuminate\Database\Connection.php:357
at vendor\laravel\framework\src\Illuminate\Database\Connection.php:374
at vendor\laravel\framework\src\Illuminate\Database\Schema\Builder.php:176
at vendor\laravel\framework\src\Illuminate\Database\Migrations\DatabaseMigrationRepository.php:185
at vendor\laravel\framework\src\Illuminate\Database\Migrations\Migrator.php:758
at vendor\laravel\framework\src\Illuminate\Database\Console\Migrations\FreshCommand.php:67
at vendor\laravel\framework\src\Illuminate\Database\Migrations\Migrator.php:671
at vendor\laravel\framework\src\Illuminate\Database\Console\Migrations\FreshCommand.php:66
at vendor\laravel\framework\src\Illuminate\Container\BoundMethod.php:36
at vendor\laravel\framework\src\Illuminate\Container\Util.php:43
at vendor\laravel\framework\src\Illuminate\Container\BoundMethod.php:96
at vendor\laravel\framework\src\Illuminate\Container\BoundMethod.php:35
at vendor\laravel\framework\src\Illuminate\Container\Container.php:799
at vendor\laravel\framework\src\Illuminate\Console\Command.php:211
at vendor\symfony\console\Command\Command.php:341
at vendor\laravel\framework\src\Illuminate\Console\Command.php:180
at vendor\symfony\console\Application.php:1079
at vendor\symfony\console\Application.php:356
at vendor\symfony\console\Application.php:195
at vendor\laravel\framework\src\Illuminate\Console\Application.php:165
at vendor\laravel\framework\src\Illuminate\Foundation\Console\Kernel.php:447
at vendor\laravel\framework\src\Illuminate\Testing\PendingCommand.php:451
at vendor\laravel\framework\src\Illuminate\Testing\PendingCommand.php:675
at vendor\laravel\framework\src\Illuminate\Foundation\Testing\Concerns\InteractsWithConsole.php:87
at vendor\laravel\framework\src\Illuminate\Foundation\Testing\RefreshDatabase.php:119
at vendor\laravel\framework\src\Illuminate\Foundation\Testing\RefreshDatabase.php:84
at vendor\laravel\framework\src\Illuminate\Foundation\Testing\RefreshDatabase.php:25
at vendor\laravel\framework\src\Illuminate\Foundation\Testing\Concerns\InteractsWithTestCaseLifecycle.php:217
at vendor\laravel\framework\src\Illuminate\Foundation\Testing\Concerns\InteractsWithTestCaseLifecycle.php:101
at vendor\laravel\framework\src\Illuminate\Foundation\Testing\TestCase.php:63
at tests\TestCase.php:22
at tests\Unit\AlumniDirectoryServiceTest.php:27</error>
    </testcase>
    <testcase name="Can filter by location" file="Alumni Directory Service (Tests\Unit\AlumniDirectoryService)::Can filter by location" class="Tests\Unit\AlumniDirectoryServiceTest" classname="Tests.Unit.AlumniDirectoryServiceTest" assertions="0" time="0.000000">
      <error type="Illuminate\Database\QueryException">Can filter by locationIlluminate\Database\QueryException: SQLSTATE[08006] [7] connection to server at "localhost" (::1), port 5432 failed: FATAL:  password authentication failed for user "postgres" (Connection: pgsql, Host: localhost, Port: 5432, Database: test_db, SQL: select exists (select 1 from pg_class c, pg_namespace n where n.nspname = current_schema() and c.relname = 'migrations' and c.relkind in ('r', 'p') and n.oid = c.relnamespace))&#13;
at vendor\laravel\framework\src\Illuminate\Database\Connectors\Connector.php:66
at vendor\laravel\framework\src\Illuminate\Database\Connectors\Connector.php:44
at vendor\laravel\framework\src\Illuminate\Database\Connectors\PostgresConnector.php:35
at vendor\laravel\framework\src\Illuminate\Database\Connectors\ConnectionFactory.php:186
at vendor\laravel\framework\src\Illuminate\Database\Connection.php:1257
at vendor\laravel\framework\src\Illuminate\Database\Connection.php:1295
at vendor\laravel\framework\src\Illuminate\Database\Connection.php:525
at vendor\laravel\framework\src\Illuminate\Database\Connection.php:420
at vendor\laravel\framework\src\Illuminate\Database\Connection.php:827
at vendor\laravel\framework\src\Illuminate\Database\Connection.php:794
at vendor\laravel\framework\src\Illuminate\Database\Connection.php:411
at vendor\laravel\framework\src\Illuminate\Database\Connection.php:357
at vendor\laravel\framework\src\Illuminate\Database\Connection.php:374
at vendor\laravel\framework\src\Illuminate\Database\Schema\Builder.php:176
at vendor\laravel\framework\src\Illuminate\Database\Migrations\DatabaseMigrationRepository.php:185
at vendor\laravel\framework\src\Illuminate\Database\Migrations\Migrator.php:758
at vendor\laravel\framework\src\Illuminate\Database\Console\Migrations\FreshCommand.php:67
at vendor\laravel\framework\src\Illuminate\Database\Migrations\Migrator.php:671
at vendor\laravel\framework\src\Illuminate\Database\Console\Migrations\FreshCommand.php:66
at vendor\laravel\framework\src\Illuminate\Container\BoundMethod.php:36
at vendor\laravel\framework\src\Illuminate\Container\Util.php:43
at vendor\laravel\framework\src\Illuminate\Container\BoundMethod.php:96
at vendor\laravel\framework\src\Illuminate\Container\BoundMethod.php:35
at vendor\laravel\framework\src\Illuminate\Container\Container.php:799
at vendor\laravel\framework\src\Illuminate\Console\Command.php:211
at vendor\symfony\console\Command\Command.php:341
at vendor\laravel\framework\src\Illuminate\Console\Command.php:180
at vendor\symfony\console\Application.php:1079
at vendor\symfony\console\Application.php:356
at vendor\symfony\console\Application.php:195
at vendor\laravel\framework\src\Illuminate\Console\Application.php:165
at vendor\laravel\framework\src\Illuminate\Foundation\Console\Kernel.php:447
at vendor\laravel\framework\src\Illuminate\Testing\PendingCommand.php:451
at vendor\laravel\framework\src\Illuminate\Testing\PendingCommand.php:675
at vendor\laravel\framework\src\Illuminate\Foundation\Testing\Concerns\InteractsWithConsole.php:87
at vendor\laravel\framework\src\Illuminate\Foundation\Testing\RefreshDatabase.php:119
at vendor\laravel\framework\src\Illuminate\Foundation\Testing\RefreshDatabase.php:84
at vendor\laravel\framework\src\Illuminate\Foundation\Testing\RefreshDatabase.php:25
at vendor\laravel\framework\src\Illuminate\Foundation\Testing\Concerns\InteractsWithTestCaseLifecycle.php:217
at vendor\laravel\framework\src\Illuminate\Foundation\Testing\Concerns\InteractsWithTestCaseLifecycle.php:101
at vendor\laravel\framework\src\Illuminate\Foundation\Testing\TestCase.php:63
at tests\TestCase.php:22
at tests\Unit\AlumniDirectoryServiceTest.php:27
Caused by
PDOException: SQLSTATE[08006] [7] connection to server at "localhost" (::1), port 5432 failed: FATAL:  password authentication failed for user "postgres"

at vendor\laravel\framework\src\Illuminate\Database\Connectors\Connector.php:66
at vendor\laravel\framework\src\Illuminate\Database\Connectors\Connector.php:44
at vendor\laravel\framework\src\Illuminate\Database\Connectors\PostgresConnector.php:35
at vendor\laravel\framework\src\Illuminate\Database\Connectors\ConnectionFactory.php:186
at vendor\laravel\framework\src\Illuminate\Database\Connection.php:1257
at vendor\laravel\framework\src\Illuminate\Database\Connection.php:1295
at vendor\laravel\framework\src\Illuminate\Database\Connection.php:525
at vendor\laravel\framework\src\Illuminate\Database\Connection.php:420
at vendor\laravel\framework\src\Illuminate\Database\Connection.php:827
at vendor\laravel\framework\src\Illuminate\Database\Connection.php:794
at vendor\laravel\framework\src\Illuminate\Database\Connection.php:411
at vendor\laravel\framework\src\Illuminate\Database\Connection.php:357
at vendor\laravel\framework\src\Illuminate\Database\Connection.php:374
at vendor\laravel\framework\src\Illuminate\Database\Schema\Builder.php:176
at vendor\laravel\framework\src\Illuminate\Database\Migrations\DatabaseMigrationRepository.php:185
at vendor\laravel\framework\src\Illuminate\Database\Migrations\Migrator.php:758
at vendor\laravel\framework\src\Illuminate\Database\Console\Migrations\FreshCommand.php:67
at vendor\laravel\framework\src\Illuminate\Database\Migrations\Migrator.php:671
at vendor\laravel\framework\src\Illuminate\Database\Console\Migrations\FreshCommand.php:66
at vendor\laravel\framework\src\Illuminate\Container\BoundMethod.php:36
at vendor\laravel\framework\src\Illuminate\Container\Util.php:43
at vendor\laravel\framework\src\Illuminate\Container\BoundMethod.php:96
at vendor\laravel\framework\src\Illuminate\Container\BoundMethod.php:35
at vendor\laravel\framework\src\Illuminate\Container\Container.php:799
at vendor\laravel\framework\src\Illuminate\Console\Command.php:211
at vendor\symfony\console\Command\Command.php:341
at vendor\laravel\framework\src\Illuminate\Console\Command.php:180
at vendor\symfony\console\Application.php:1079
at vendor\symfony\console\Application.php:356
at vendor\symfony\console\Application.php:195
at vendor\laravel\framework\src\Illuminate\Console\Application.php:165
at vendor\laravel\framework\src\Illuminate\Foundation\Console\Kernel.php:447
at vendor\laravel\framework\src\Illuminate\Testing\PendingCommand.php:451
at vendor\laravel\framework\src\Illuminate\Testing\PendingCommand.php:675
at vendor\laravel\framework\src\Illuminate\Foundation\Testing\Concerns\InteractsWithConsole.php:87
at vendor\laravel\framework\src\Illuminate\Foundation\Testing\RefreshDatabase.php:119
at vendor\laravel\framework\src\Illuminate\Foundation\Testing\RefreshDatabase.php:84
at vendor\laravel\framework\src\Illuminate\Foundation\Testing\RefreshDatabase.php:25
at vendor\laravel\framework\src\Illuminate\Foundation\Testing\Concerns\InteractsWithTestCaseLifecycle.php:217
at vendor\laravel\framework\src\Illuminate\Foundation\Testing\Concerns\InteractsWithTestCaseLifecycle.php:101
at vendor\laravel\framework\src\Illuminate\Foundation\Testing\TestCase.php:63
at tests\TestCase.php:22
at tests\Unit\AlumniDirectoryServiceTest.php:27</error>
    </testcase>
    <testcase name="Can filter by company" file="Alumni Directory Service (Tests\Unit\AlumniDirectoryService)::Can filter by company" class="Tests\Unit\AlumniDirectoryServiceTest" classname="Tests.Unit.AlumniDirectoryServiceTest" assertions="0" time="0.000000">
      <error type="Illuminate\Database\QueryException">Can filter by companyIlluminate\Database\QueryException: SQLSTATE[08006] [7] connection to server at "localhost" (::1), port 5432 failed: FATAL:  password authentication failed for user "postgres" (Connection: pgsql, Host: localhost, Port: 5432, Database: test_db, SQL: select exists (select 1 from pg_class c, pg_namespace n where n.nspname = current_schema() and c.relname = 'migrations' and c.relkind in ('r', 'p') and n.oid = c.relnamespace))&#13;
at vendor\laravel\framework\src\Illuminate\Database\Connectors\Connector.php:66
at vendor\laravel\framework\src\Illuminate\Database\Connectors\Connector.php:44
at vendor\laravel\framework\src\Illuminate\Database\Connectors\PostgresConnector.php:35
at vendor\laravel\framework\src\Illuminate\Database\Connectors\ConnectionFactory.php:186
at vendor\laravel\framework\src\Illuminate\Database\Connection.php:1257
at vendor\laravel\framework\src\Illuminate\Database\Connection.php:1295
at vendor\laravel\framework\src\Illuminate\Database\Connection.php:525
at vendor\laravel\framework\src\Illuminate\Database\Connection.php:420
at vendor\laravel\framework\src\Illuminate\Database\Connection.php:827
at vendor\laravel\framework\src\Illuminate\Database\Connection.php:794
at vendor\laravel\framework\src\Illuminate\Database\Connection.php:411
at vendor\laravel\framework\src\Illuminate\Database\Connection.php:357
at vendor\laravel\framework\src\Illuminate\Database\Connection.php:374
at vendor\laravel\framework\src\Illuminate\Database\Schema\Builder.php:176
at vendor\laravel\framework\src\Illuminate\Database\Migrations\DatabaseMigrationRepository.php:185
at vendor\laravel\framework\src\Illuminate\Database\Migrations\Migrator.php:758
at vendor\laravel\framework\src\Illuminate\Database\Console\Migrations\FreshCommand.php:67
at vendor\laravel\framework\src\Illuminate\Database\Migrations\Migrator.php:671
at vendor\laravel\framework\src\Illuminate\Database\Console\Migrations\FreshCommand.php:66
at vendor\laravel\framework\src\Illuminate\Container\BoundMethod.php:36
at vendor\laravel\framework\src\Illuminate\Container\Util.php:43
at vendor\laravel\framework\src\Illuminate\Container\BoundMethod.php:96
at vendor\laravel\framework\src\Illuminate\Container\BoundMethod.php:35
at vendor\laravel\framework\src\Illuminate\Container\Container.php:799
at vendor\laravel\framework\src\Illuminate\Console\Command.php:211
at vendor\symfony\console\Command\Command.php:341
at vendor\laravel\framework\src\Illuminate\Console\Command.php:180
at vendor\symfony\console\Application.php:1079
at vendor\symfony\console\Application.php:356
at vendor\symfony\console\Application.php:195
at vendor\laravel\framework\src\Illuminate\Console\Application.php:165
at vendor\laravel\framework\src\Illuminate\Foundation\Console\Kernel.php:447
at vendor\laravel\framework\src\Illuminate\Testing\PendingCommand.php:451
at vendor\laravel\framework\src\Illuminate\Testing\PendingCommand.php:675
at vendor\laravel\framework\src\Illuminate\Foundation\Testing\Concerns\InteractsWithConsole.php:87
at vendor\laravel\framework\src\Illuminate\Foundation\Testing\RefreshDatabase.php:119
at vendor\laravel\framework\src\Illuminate\Foundation\Testing\RefreshDatabase.php:84
at vendor\laravel\framework\src\Illuminate\Foundation\Testing\RefreshDatabase.php:25
at vendor\laravel\framework\src\Illuminate\Foundation\Testing\Concerns\InteractsWithTestCaseLifecycle.php:217
at vendor\laravel\framework\src\Illuminate\Foundation\Testing\Concerns\InteractsWithTestCaseLifecycle.php:101
at vendor\laravel\framework\src\Illuminate\Foundation\Testing\TestCase.php:63
at tests\TestCase.php:22
at tests\Unit\AlumniDirectoryServiceTest.php:27
Caused by
PDOException: SQLSTATE[08006] [7] connection to server at "localhost" (::1), port 5432 failed: FATAL:  password authentication failed for user "postgres"

at vendor\laravel\framework\src\Illuminate\Database\Connectors\Connector.php:66
at vendor\laravel\framework\src\Illuminate\Database\Connectors\Connector.php:44
at vendor\laravel\framework\src\Illuminate\Database\Connectors\PostgresConnector.php:35
at vendor\laravel\framework\src\Illuminate\Database\Connectors\ConnectionFactory.php:186
at vendor\laravel\framework\src\Illuminate\Database\Connection.php:1257
at vendor\laravel\framework\src\Illuminate\Database\Connection.php:1295
at vendor\laravel\framework\src\Illuminate\Database\Connection.php:525
at vendor\laravel\framework\src\Illuminate\Database\Connection.php:420
at vendor\laravel\framework\src\Illuminate\Database\Connection.php:827
at vendor\laravel\framework\src\Illuminate\Database\Connection.php:794
at vendor\laravel\framework\src\Illuminate\Database\Connection.php:411
at vendor\laravel\framework\src\Illuminate\Database\Connection.php:357
at vendor\laravel\framework\src\Illuminate\Database\Connection.php:374
at vendor\laravel\framework\src\Illuminate\Database\Schema\Builder.php:176
at vendor\laravel\framework\src\Illuminate\Database\Migrations\DatabaseMigrationRepository.php:185
at vendor\laravel\framework\src\Illuminate\Database\Migrations\Migrator.php:758
at vendor\laravel\framework\src\Illuminate\Database\Console\Migrations\FreshCommand.php:67
at vendor\laravel\framework\src\Illuminate\Database\Migrations\Migrator.php:671
at vendor\laravel\framework\src\Illuminate\Database\Console\Migrations\FreshCommand.php:66
at vendor\laravel\framework\src\Illuminate\Container\BoundMethod.php:36
at vendor\laravel\framework\src\Illuminate\Container\Util.php:43
at vendor\laravel\framework\src\Illuminate\Container\BoundMethod.php:96
at vendor\laravel\framework\src\Illuminate\Container\BoundMethod.php:35
at vendor\laravel\framework\src\Illuminate\Container\Container.php:799
at vendor\laravel\framework\src\Illuminate\Console\Command.php:211
at vendor\symfony\console\Command\Command.php:341
at vendor\laravel\framework\src\Illuminate\Console\Command.php:180
at vendor\symfony\console\Application.php:1079
at vendor\symfony\console\Application.php:356
at vendor\symfony\console\Application.php:195
at vendor\laravel\framework\src\Illuminate\Console\Application.php:165
at vendor\laravel\framework\src\Illuminate\Foundation\Console\Kernel.php:447
at vendor\laravel\framework\src\Illuminate\Testing\PendingCommand.php:451
at vendor\laravel\framework\src\Illuminate\Testing\PendingCommand.php:675
at vendor\laravel\framework\src\Illuminate\Foundation\Testing\Concerns\InteractsWithConsole.php:87
at vendor\laravel\framework\src\Illuminate\Foundation\Testing\RefreshDatabase.php:119
at vendor\laravel\framework\src\Illuminate\Foundation\Testing\RefreshDatabase.php:84
at vendor\laravel\framework\src\Illuminate\Foundation\Testing\RefreshDatabase.php:25
at vendor\laravel\framework\src\Illuminate\Foundation\Testing\Concerns\InteractsWithTestCaseLifecycle.php:217
at vendor\laravel\framework\src\Illuminate\Foundation\Testing\Concerns\InteractsWithTestCaseLifecycle.php:101
at vendor\laravel\framework\src\Illuminate\Foundation\Testing\TestCase.php:63
at tests\TestCase.php:22
at tests\Unit\AlumniDirectoryServiceTest.php:27</error>
    </testcase>
    <testcase name="Can filter by skills" file="Alumni Directory Service (Tests\Unit\AlumniDirectoryService)::Can filter by skills" class="Tests\Unit\AlumniDirectoryServiceTest" classname="Tests.Unit.AlumniDirectoryServiceTest" assertions="0" time="0.000000">
      <error type="Illuminate\Database\QueryException">Can filter by skillsIlluminate\Database\QueryException: SQLSTATE[08006] [7] connection to server at "localhost" (::1), port 5432 failed: FATAL:  password authentication failed for user "postgres" (Connection: pgsql, Host: localhost, Port: 5432, Database: test_db, SQL: select exists (select 1 from pg_class c, pg_namespace n where n.nspname = current_schema() and c.relname = 'migrations' and c.relkind in ('r', 'p') and n.oid = c.relnamespace))&#13;
at vendor\laravel\framework\src\Illuminate\Database\Connectors\Connector.php:66
at vendor\laravel\framework\src\Illuminate\Database\Connectors\Connector.php:44
at vendor\laravel\framework\src\Illuminate\Database\Connectors\PostgresConnector.php:35
at vendor\laravel\framework\src\Illuminate\Database\Connectors\ConnectionFactory.php:186
at vendor\laravel\framework\src\Illuminate\Database\Connection.php:1257
at vendor\laravel\framework\src\Illuminate\Database\Connection.php:1295
at vendor\laravel\framework\src\Illuminate\Database\Connection.php:525
at vendor\laravel\framework\src\Illuminate\Database\Connection.php:420
at vendor\laravel\framework\src\Illuminate\Database\Connection.php:827
at vendor\laravel\framework\src\Illuminate\Database\Connection.php:794
at vendor\laravel\framework\src\Illuminate\Database\Connection.php:411
at vendor\laravel\framework\src\Illuminate\Database\Connection.php:357
at vendor\laravel\framework\src\Illuminate\Database\Connection.php:374
at vendor\laravel\framework\src\Illuminate\Database\Schema\Builder.php:176
at vendor\laravel\framework\src\Illuminate\Database\Migrations\DatabaseMigrationRepository.php:185
at vendor\laravel\framework\src\Illuminate\Database\Migrations\Migrator.php:758
at vendor\laravel\framework\src\Illuminate\Database\Console\Migrations\FreshCommand.php:67
at vendor\laravel\framework\src\Illuminate\Database\Migrations\Migrator.php:671
at vendor\laravel\framework\src\Illuminate\Database\Console\Migrations\FreshCommand.php:66
at vendor\laravel\framework\src\Illuminate\Container\BoundMethod.php:36
at vendor\laravel\framework\src\Illuminate\Container\Util.php:43
at vendor\laravel\framework\src\Illuminate\Container\BoundMethod.php:96
at vendor\laravel\framework\src\Illuminate\Container\BoundMethod.php:35
at vendor\laravel\framework\src\Illuminate\Container\Container.php:799
at vendor\laravel\framework\src\Illuminate\Console\Command.php:211
at vendor\symfony\console\Command\Command.php:341
at vendor\laravel\framework\src\Illuminate\Console\Command.php:180
at vendor\symfony\console\Application.php:1079
at vendor\symfony\console\Application.php:356
at vendor\symfony\console\Application.php:195
at vendor\laravel\framework\src\Illuminate\Console\Application.php:165
at vendor\laravel\framework\src\Illuminate\Foundation\Console\Kernel.php:447
at vendor\laravel\framework\src\Illuminate\Testing\PendingCommand.php:451
at vendor\laravel\framework\src\Illuminate\Testing\PendingCommand.php:675
at vendor\laravel\framework\src\Illuminate\Foundation\Testing\Concerns\InteractsWithConsole.php:87
at vendor\laravel\framework\src\Illuminate\Foundation\Testing\RefreshDatabase.php:119
at vendor\laravel\framework\src\Illuminate\Foundation\Testing\RefreshDatabase.php:84
at vendor\laravel\framework\src\Illuminate\Foundation\Testing\RefreshDatabase.php:25
at vendor\laravel\framework\src\Illuminate\Foundation\Testing\Concerns\InteractsWithTestCaseLifecycle.php:217
at vendor\laravel\framework\src\Illuminate\Foundation\Testing\Concerns\InteractsWithTestCaseLifecycle.php:101
at vendor\laravel\framework\src\Illuminate\Foundation\Testing\TestCase.php:63
at tests\TestCase.php:22
at tests\Unit\AlumniDirectoryServiceTest.php:27
Caused by
PDOException: SQLSTATE[08006] [7] connection to server at "localhost" (::1), port 5432 failed: FATAL:  password authentication failed for user "postgres"

at vendor\laravel\framework\src\Illuminate\Database\Connectors\Connector.php:66
at vendor\laravel\framework\src\Illuminate\Database\Connectors\Connector.php:44
at vendor\laravel\framework\src\Illuminate\Database\Connectors\PostgresConnector.php:35
at vendor\laravel\framework\src\Illuminate\Database\Connectors\ConnectionFactory.php:186
at vendor\laravel\framework\src\Illuminate\Database\Connection.php:1257
at vendor\laravel\framework\src\Illuminate\Database\Connection.php:1295
at vendor\laravel\framework\src\Illuminate\Database\Connection.php:525
at vendor\laravel\framework\src\Illuminate\Database\Connection.php:420
at vendor\laravel\framework\src\Illuminate\Database\Connection.php:827
at vendor\laravel\framework\src\Illuminate\Database\Connection.php:794
at vendor\laravel\framework\src\Illuminate\Database\Connection.php:411
at vendor\laravel\framework\src\Illuminate\Database\Connection.php:357
at vendor\laravel\framework\src\Illuminate\Database\Connection.php:374
at vendor\laravel\framework\src\Illuminate\Database\Schema\Builder.php:176
at vendor\laravel\framework\src\Illuminate\Database\Migrations\DatabaseMigrationRepository.php:185
at vendor\laravel\framework\src\Illuminate\Database\Migrations\Migrator.php:758
at vendor\laravel\framework\src\Illuminate\Database\Console\Migrations\FreshCommand.php:67
at vendor\laravel\framework\src\Illuminate\Database\Migrations\Migrator.php:671
at vendor\laravel\framework\src\Illuminate\Database\Console\Migrations\FreshCommand.php:66
at vendor\laravel\framework\src\Illuminate\Container\BoundMethod.php:36
at vendor\laravel\framework\src\Illuminate\Container\Util.php:43
at vendor\laravel\framework\src\Illuminate\Container\BoundMethod.php:96
at vendor\laravel\framework\src\Illuminate\Container\BoundMethod.php:35
at vendor\laravel\framework\src\Illuminate\Container\Container.php:799
at vendor\laravel\framework\src\Illuminate\Console\Command.php:211
at vendor\symfony\console\Command\Command.php:341
at vendor\laravel\framework\src\Illuminate\Console\Command.php:180
at vendor\symfony\console\Application.php:1079
at vendor\symfony\console\Application.php:356
at vendor\symfony\console\Application.php:195
at vendor\laravel\framework\src\Illuminate\Console\Application.php:165
at vendor\laravel\framework\src\Illuminate\Foundation\Console\Kernel.php:447
at vendor\laravel\framework\src\Illuminate\Testing\PendingCommand.php:451
at vendor\laravel\framework\src\Illuminate\Testing\PendingCommand.php:675
at vendor\laravel\framework\src\Illuminate\Foundation\Testing\Concerns\InteractsWithConsole.php:87
at vendor\laravel\framework\src\Illuminate\Foundation\Testing\RefreshDatabase.php:119
at vendor\laravel\framework\src\Illuminate\Foundation\Testing\RefreshDatabase.php:84
at vendor\laravel\framework\src\Illuminate\Foundation\Testing\RefreshDatabase.php:25
at vendor\laravel\framework\src\Illuminate\Foundation\Testing\Concerns\InteractsWithTestCaseLifecycle.php:217
at vendor\laravel\framework\src\Illuminate\Foundation\Testing\Concerns\InteractsWithTestCaseLifecycle.php:101
at vendor\laravel\framework\src\Illuminate\Foundation\Testing\TestCase.php:63
at tests\TestCase.php:22
at tests\Unit\AlumniDirectoryServiceTest.php:27</error>
    </testcase>
    <testcase name="Can get alumni profile with privacy controls" file="Alumni Directory Service (Tests\Unit\AlumniDirectoryService)::Can get alumni profile with privacy controls" class="Tests\Unit\AlumniDirectoryServiceTest" classname="Tests.Unit.AlumniDirectoryServiceTest" assertions="0" time="0.000000">
      <error type="Illuminate\Database\QueryException">Can get alumni profile with privacy controlsIlluminate\Database\QueryException: SQLSTATE[08006] [7] connection to server at "localhost" (::1), port 5432 failed: FATAL:  password authentication failed for user "postgres" (Connection: pgsql, Host: localhost, Port: 5432, Database: test_db, SQL: select exists (select 1 from pg_class c, pg_namespace n where n.nspname = current_schema() and c.relname = 'migrations' and c.relkind in ('r', 'p') and n.oid = c.relnamespace))&#13;
at vendor\laravel\framework\src\Illuminate\Database\Connectors\Connector.php:66
at vendor\laravel\framework\src\Illuminate\Database\Connectors\Connector.php:44
at vendor\laravel\framework\src\Illuminate\Database\Connectors\PostgresConnector.php:35
at vendor\laravel\framework\src\Illuminate\Database\Connectors\ConnectionFactory.php:186
at vendor\laravel\framework\src\Illuminate\Database\Connection.php:1257
at vendor\laravel\framework\src\Illuminate\Database\Connection.php:1295
at vendor\laravel\framework\src\Illuminate\Database\Connection.php:525
at vendor\laravel\framework\src\Illuminate\Database\Connection.php:420
at vendor\laravel\framework\src\Illuminate\Database\Connection.php:827
at vendor\laravel\framework\src\Illuminate\Database\Connection.php:794
at vendor\laravel\framework\src\Illuminate\Database\Connection.php:411
at vendor\laravel\framework\src\Illuminate\Database\Connection.php:357
at vendor\laravel\framework\src\Illuminate\Database\Connection.php:374
at vendor\laravel\framework\src\Illuminate\Database\Schema\Builder.php:176
at vendor\laravel\framework\src\Illuminate\Database\Migrations\DatabaseMigrationRepository.php:185
at vendor\laravel\framework\src\Illuminate\Database\Migrations\Migrator.php:758
at vendor\laravel\framework\src\Illuminate\Database\Console\Migrations\FreshCommand.php:67
at vendor\laravel\framework\src\Illuminate\Database\Migrations\Migrator.php:671
at vendor\laravel\framework\src\Illuminate\Database\Console\Migrations\FreshCommand.php:66
at vendor\laravel\framework\src\Illuminate\Container\BoundMethod.php:36
at vendor\laravel\framework\src\Illuminate\Container\Util.php:43
at vendor\laravel\framework\src\Illuminate\Container\BoundMethod.php:96
at vendor\laravel\framework\src\Illuminate\Container\BoundMethod.php:35
at vendor\laravel\framework\src\Illuminate\Container\Container.php:799
at vendor\laravel\framework\src\Illuminate\Console\Command.php:211
at vendor\symfony\console\Command\Command.php:341
at vendor\laravel\framework\src\Illuminate\Console\Command.php:180
at vendor\symfony\console\Application.php:1079
at vendor\symfony\console\Application.php:356
at vendor\symfony\console\Application.php:195
at vendor\laravel\framework\src\Illuminate\Console\Application.php:165
at vendor\laravel\framework\src\Illuminate\Foundation\Console\Kernel.php:447
at vendor\laravel\framework\src\Illuminate\Testing\PendingCommand.php:451
at vendor\laravel\framework\src\Illuminate\Testing\PendingCommand.php:675
at vendor\laravel\framework\src\Illuminate\Foundation\Testing\Concerns\InteractsWithConsole.php:87
at vendor\laravel\framework\src\Illuminate\Foundation\Testing\RefreshDatabase.php:119
at vendor\laravel\framework\src\Illuminate\Foundation\Testing\RefreshDatabase.php:84
at vendor\laravel\framework\src\Illuminate\Foundation\Testing\RefreshDatabase.php:25
at vendor\laravel\framework\src\Illuminate\Foundation\Testing\Concerns\InteractsWithTestCaseLifecycle.php:217
at vendor\laravel\framework\src\Illuminate\Foundation\Testing\Concerns\InteractsWithTestCaseLifecycle.php:101
at vendor\laravel\framework\src\Illuminate\Foundation\Testing\TestCase.php:63
at tests\TestCase.php:22
at tests\Unit\AlumniDirectoryServiceTest.php:27
Caused by
PDOException: SQLSTATE[08006] [7] connection to server at "localhost" (::1), port 5432 failed: FATAL:  password authentication failed for user "postgres"

at vendor\laravel\framework\src\Illuminate\Database\Connectors\Connector.php:66
at vendor\laravel\framework\src\Illuminate\Database\Connectors\Connector.php:44
at vendor\laravel\framework\src\Illuminate\Database\Connectors\PostgresConnector.php:35
at vendor\laravel\framework\src\Illuminate\Database\Connectors\ConnectionFactory.php:186
at vendor\laravel\framework\src\Illuminate\Database\Connection.php:1257
at vendor\laravel\framework\src\Illuminate\Database\Connection.php:1295
at vendor\laravel\framework\src\Illuminate\Database\Connection.php:525
at vendor\laravel\framework\src\Illuminate\Database\Connection.php:420
at vendor\laravel\framework\src\Illuminate\Database\Connection.php:827
at vendor\laravel\framework\src\Illuminate\Database\Connection.php:794
at vendor\laravel\framework\src\Illuminate\Database\Connection.php:411
at vendor\laravel\framework\src\Illuminate\Database\Connection.php:357
at vendor\laravel\framework\src\Illuminate\Database\Connection.php:374
at vendor\laravel\framework\src\Illuminate\Database\Schema\Builder.php:176
at vendor\laravel\framework\src\Illuminate\Database\Migrations\DatabaseMigrationRepository.php:185
at vendor\laravel\framework\src\Illuminate\Database\Migrations\Migrator.php:758
at vendor\laravel\framework\src\Illuminate\Database\Console\Migrations\FreshCommand.php:67
at vendor\laravel\framework\src\Illuminate\Database\Migrations\Migrator.php:671
at vendor\laravel\framework\src\Illuminate\Database\Console\Migrations\FreshCommand.php:66
at vendor\laravel\framework\src\Illuminate\Container\BoundMethod.php:36
at vendor\laravel\framework\src\Illuminate\Container\Util.php:43
at vendor\laravel\framework\src\Illuminate\Container\BoundMethod.php:96
at vendor\laravel\framework\src\Illuminate\Container\BoundMethod.php:35
at vendor\laravel\framework\src\Illuminate\Container\Container.php:799
at vendor\laravel\framework\src\Illuminate\Console\Command.php:211
at vendor\symfony\console\Command\Command.php:341
at vendor\laravel\framework\src\Illuminate\Console\Command.php:180
at vendor\symfony\console\Application.php:1079
at vendor\symfony\console\Application.php:356
at vendor\symfony\console\Application.php:195
at vendor\laravel\framework\src\Illuminate\Console\Application.php:165
at vendor\laravel\framework\src\Illuminate\Foundation\Console\Kernel.php:447
at vendor\laravel\framework\src\Illuminate\Testing\PendingCommand.php:451
at vendor\laravel\framework\src\Illuminate\Testing\PendingCommand.php:675
at vendor\laravel\framework\src\Illuminate\Foundation\Testing\Concerns\InteractsWithConsole.php:87
at vendor\laravel\framework\src\Illuminate\Foundation\Testing\RefreshDatabase.php:119
at vendor\laravel\framework\src\Illuminate\Foundation\Testing\RefreshDatabase.php:84
at vendor\laravel\framework\src\Illuminate\Foundation\Testing\RefreshDatabase.php:25
at vendor\laravel\framework\src\Illuminate\Foundation\Testing\Concerns\InteractsWithTestCaseLifecycle.php:217
at vendor\laravel\framework\src\Illuminate\Foundation\Testing\Concerns\InteractsWithTestCaseLifecycle.php:101
at vendor\laravel\framework\src\Illuminate\Foundation\Testing\TestCase.php:63
at tests\TestCase.php:22
at tests\Unit\AlumniDirectoryServiceTest.php:27</error>
    </testcase>
    <testcase name="Can get mutual connections" file="Alumni Directory Service (Tests\Unit\AlumniDirectoryService)::Can get mutual connections" class="Tests\Unit\AlumniDirectoryServiceTest" classname="Tests.Unit.AlumniDirectoryServiceTest" assertions="0" time="0.000000">
      <error type="Illuminate\Database\QueryException">Can get mutual connectionsIlluminate\Database\QueryException: SQLSTATE[08006] [7] connection to server at "localhost" (::1), port 5432 failed: FATAL:  password authentication failed for user "postgres" (Connection: pgsql, Host: localhost, Port: 5432, Database: test_db, SQL: select exists (select 1 from pg_class c, pg_namespace n where n.nspname = current_schema() and c.relname = 'migrations' and c.relkind in ('r', 'p') and n.oid = c.relnamespace))&#13;
at vendor\laravel\framework\src\Illuminate\Database\Connectors\Connector.php:66
at vendor\laravel\framework\src\Illuminate\Database\Connectors\Connector.php:44
at vendor\laravel\framework\src\Illuminate\Database\Connectors\PostgresConnector.php:35
at vendor\laravel\framework\src\Illuminate\Database\Connectors\ConnectionFactory.php:186
at vendor\laravel\framework\src\Illuminate\Database\Connection.php:1257
at vendor\laravel\framework\src\Illuminate\Database\Connection.php:1295
at vendor\laravel\framework\src\Illuminate\Database\Connection.php:525
at vendor\laravel\framework\src\Illuminate\Database\Connection.php:420
at vendor\laravel\framework\src\Illuminate\Database\Connection.php:827
at vendor\laravel\framework\src\Illuminate\Database\Connection.php:794
at vendor\laravel\framework\src\Illuminate\Database\Connection.php:411
at vendor\laravel\framework\src\Illuminate\Database\Connection.php:357
at vendor\laravel\framework\src\Illuminate\Database\Connection.php:374
at vendor\laravel\framework\src\Illuminate\Database\Schema\Builder.php:176
at vendor\laravel\framework\src\Illuminate\Database\Migrations\DatabaseMigrationRepository.php:185
at vendor\laravel\framework\src\Illuminate\Database\Migrations\Migrator.php:758
at vendor\laravel\framework\src\Illuminate\Database\Console\Migrations\FreshCommand.php:67
at vendor\laravel\framework\src\Illuminate\Database\Migrations\Migrator.php:671
at vendor\laravel\framework\src\Illuminate\Database\Console\Migrations\FreshCommand.php:66
at vendor\laravel\framework\src\Illuminate\Container\BoundMethod.php:36
at vendor\laravel\framework\src\Illuminate\Container\Util.php:43
at vendor\laravel\framework\src\Illuminate\Container\BoundMethod.php:96
at vendor\laravel\framework\src\Illuminate\Container\BoundMethod.php:35
at vendor\laravel\framework\src\Illuminate\Container\Container.php:799
at vendor\laravel\framework\src\Illuminate\Console\Command.php:211
at vendor\symfony\console\Command\Command.php:341
at vendor\laravel\framework\src\Illuminate\Console\Command.php:180
at vendor\symfony\console\Application.php:1079
at vendor\symfony\console\Application.php:356
at vendor\symfony\console\Application.php:195
at vendor\laravel\framework\src\Illuminate\Console\Application.php:165
at vendor\laravel\framework\src\Illuminate\Foundation\Console\Kernel.php:447
at vendor\laravel\framework\src\Illuminate\Testing\PendingCommand.php:451
at vendor\laravel\framework\src\Illuminate\Testing\PendingCommand.php:675
at vendor\laravel\framework\src\Illuminate\Foundation\Testing\Concerns\InteractsWithConsole.php:87
at vendor\laravel\framework\src\Illuminate\Foundation\Testing\RefreshDatabase.php:119
at vendor\laravel\framework\src\Illuminate\Foundation\Testing\RefreshDatabase.php:84
at vendor\laravel\framework\src\Illuminate\Foundation\Testing\RefreshDatabase.php:25
at vendor\laravel\framework\src\Illuminate\Foundation\Testing\Concerns\InteractsWithTestCaseLifecycle.php:217
at vendor\laravel\framework\src\Illuminate\Foundation\Testing\Concerns\InteractsWithTestCaseLifecycle.php:101
at vendor\laravel\framework\src\Illuminate\Foundation\Testing\TestCase.php:63
at tests\TestCase.php:22
at tests\Unit\AlumniDirectoryServiceTest.php:27
Caused by
PDOException: SQLSTATE[08006] [7] connection to server at "localhost" (::1), port 5432 failed: FATAL:  password authentication failed for user "postgres"

at vendor\laravel\framework\src\Illuminate\Database\Connectors\Connector.php:66
at vendor\laravel\framework\src\Illuminate\Database\Connectors\Connector.php:44
at vendor\laravel\framework\src\Illuminate\Database\Connectors\PostgresConnector.php:35
at vendor\laravel\framework\src\Illuminate\Database\Connectors\ConnectionFactory.php:186
at vendor\laravel\framework\src\Illuminate\Database\Connection.php:1257
at vendor\laravel\framework\src\Illuminate\Database\Connection.php:1295
at vendor\laravel\framework\src\Illuminate\Database\Connection.php:525
at vendor\laravel\framework\src\Illuminate\Database\Connection.php:420
at vendor\laravel\framework\src\Illuminate\Database\Connection.php:827
at vendor\laravel\framework\src\Illuminate\Database\Connection.php:794
at vendor\laravel\framework\src\Illuminate\Database\Connection.php:411
at vendor\laravel\framework\src\Illuminate\Database\Connection.php:357
at vendor\laravel\framework\src\Illuminate\Database\Connection.php:374
at vendor\laravel\framework\src\Illuminate\Database\Schema\Builder.php:176
at vendor\laravel\framework\src\Illuminate\Database\Migrations\DatabaseMigrationRepository.php:185
at vendor\laravel\framework\src\Illuminate\Database\Migrations\Migrator.php:758
at vendor\laravel\framework\src\Illuminate\Database\Console\Migrations\FreshCommand.php:67
at vendor\laravel\framework\src\Illuminate\Database\Migrations\Migrator.php:671
at vendor\laravel\framework\src\Illuminate\Database\Console\Migrations\FreshCommand.php:66
at vendor\laravel\framework\src\Illuminate\Container\BoundMethod.php:36
at vendor\laravel\framework\src\Illuminate\Container\Util.php:43
at vendor\laravel\framework\src\Illuminate\Container\BoundMethod.php:96
at vendor\laravel\framework\src\Illuminate\Container\BoundMethod.php:35
at vendor\laravel\framework\src\Illuminate\Container\Container.php:799
at vendor\laravel\framework\src\Illuminate\Console\Command.php:211
at vendor\symfony\console\Command\Command.php:341
at vendor\laravel\framework\src\Illuminate\Console\Command.php:180
at vendor\symfony\console\Application.php:1079
at vendor\symfony\console\Application.php:356
at vendor\symfony\console\Application.php:195
at vendor\laravel\framework\src\Illuminate\Console\Application.php:165
at vendor\laravel\framework\src\Illuminate\Foundation\Console\Kernel.php:447
at vendor\laravel\framework\src\Illuminate\Testing\PendingCommand.php:451
at vendor\laravel\framework\src\Illuminate\Testing\PendingCommand.php:675
at vendor\laravel\framework\src\Illuminate\Foundation\Testing\Concerns\InteractsWithConsole.php:87
at vendor\laravel\framework\src\Illuminate\Foundation\Testing\RefreshDatabase.php:119
at vendor\laravel\framework\src\Illuminate\Foundation\Testing\RefreshDatabase.php:84
at vendor\laravel\framework\src\Illuminate\Foundation\Testing\RefreshDatabase.php:25
at vendor\laravel\framework\src\Illuminate\Foundation\Testing\Concerns\InteractsWithTestCaseLifecycle.php:217
at vendor\laravel\framework\src\Illuminate\Foundation\Testing\Concerns\InteractsWithTestCaseLifecycle.php:101
at vendor\laravel\framework\src\Illuminate\Foundation\Testing\TestCase.php:63
at tests\TestCase.php:22
at tests\Unit\AlumniDirectoryServiceTest.php:27</error>
    </testcase>
    <testcase name="Can get connection status" file="Alumni Directory Service (Tests\Unit\AlumniDirectoryService)::Can get connection status" class="Tests\Unit\AlumniDirectoryServiceTest" classname="Tests.Unit.AlumniDirectoryServiceTest" assertions="0" time="0.000000">
      <error type="Illuminate\Database\QueryException">Can get connection statusIlluminate\Database\QueryException: SQLSTATE[08006] [7] connection to server at "localhost" (::1), port 5432 failed: FATAL:  password authentication failed for user "postgres" (Connection: pgsql, Host: localhost, Port: 5432, Database: test_db, SQL: select exists (select 1 from pg_class c, pg_namespace n where n.nspname = current_schema() and c.relname = 'migrations' and c.relkind in ('r', 'p') and n.oid = c.relnamespace))&#13;
at vendor\laravel\framework\src\Illuminate\Database\Connectors\Connector.php:66
at vendor\laravel\framework\src\Illuminate\Database\Connectors\Connector.php:44
at vendor\laravel\framework\src\Illuminate\Database\Connectors\PostgresConnector.php:35
at vendor\laravel\framework\src\Illuminate\Database\Connectors\ConnectionFactory.php:186
at vendor\laravel\framework\src\Illuminate\Database\Connection.php:1257
at vendor\laravel\framework\src\Illuminate\Database\Connection.php:1295
at vendor\laravel\framework\src\Illuminate\Database\Connection.php:525
at vendor\laravel\framework\src\Illuminate\Database\Connection.php:420
at vendor\laravel\framework\src\Illuminate\Database\Connection.php:827
at vendor\laravel\framework\src\Illuminate\Database\Connection.php:794
at vendor\laravel\framework\src\Illuminate\Database\Connection.php:411
at vendor\laravel\framework\src\Illuminate\Database\Connection.php:357
at vendor\laravel\framework\src\Illuminate\Database\Connection.php:374
at vendor\laravel\framework\src\Illuminate\Database\Schema\Builder.php:176
at vendor\laravel\framework\src\Illuminate\Database\Migrations\DatabaseMigrationRepository.php:185
at vendor\laravel\framework\src\Illuminate\Database\Migrations\Migrator.php:758
at vendor\laravel\framework\src\Illuminate\Database\Console\Migrations\FreshCommand.php:67
at vendor\laravel\framework\src\Illuminate\Database\Migrations\Migrator.php:671
at vendor\laravel\framework\src\Illuminate\Database\Console\Migrations\FreshCommand.php:66
at vendor\laravel\framework\src\Illuminate\Container\BoundMethod.php:36
at vendor\laravel\framework\src\Illuminate\Container\Util.php:43
at vendor\laravel\framework\src\Illuminate\Container\BoundMethod.php:96
at vendor\laravel\framework\src\Illuminate\Container\BoundMethod.php:35
at vendor\laravel\framework\src\Illuminate\Container\Container.php:799
at vendor\laravel\framework\src\Illuminate\Console\Command.php:211
at vendor\symfony\console\Command\Command.php:341
at vendor\laravel\framework\src\Illuminate\Console\Command.php:180
at vendor\symfony\console\Application.php:1079
at vendor\symfony\console\Application.php:356
at vendor\symfony\console\Application.php:195
at vendor\laravel\framework\src\Illuminate\Console\Application.php:165
at vendor\laravel\framework\src\Illuminate\Foundation\Console\Kernel.php:447
at vendor\laravel\framework\src\Illuminate\Testing\PendingCommand.php:451
at vendor\laravel\framework\src\Illuminate\Testing\PendingCommand.php:675
at vendor\laravel\framework\src\Illuminate\Foundation\Testing\Concerns\InteractsWithConsole.php:87
at vendor\laravel\framework\src\Illuminate\Foundation\Testing\RefreshDatabase.php:119
at vendor\laravel\framework\src\Illuminate\Foundation\Testing\RefreshDatabase.php:84
at vendor\laravel\framework\src\Illuminate\Foundation\Testing\RefreshDatabase.php:25
at vendor\laravel\framework\src\Illuminate\Foundation\Testing\Concerns\InteractsWithTestCaseLifecycle.php:217
at vendor\laravel\framework\src\Illuminate\Foundation\Testing\Concerns\InteractsWithTestCaseLifecycle.php:101
at vendor\laravel\framework\src\Illuminate\Foundation\Testing\TestCase.php:63
at tests\TestCase.php:22
at tests\Unit\AlumniDirectoryServiceTest.php:27
Caused by
PDOException: SQLSTATE[08006] [7] connection to server at "localhost" (::1), port 5432 failed: FATAL:  password authentication failed for user "postgres"

at vendor\laravel\framework\src\Illuminate\Database\Connectors\Connector.php:66
at vendor\laravel\framework\src\Illuminate\Database\Connectors\Connector.php:44
at vendor\laravel\framework\src\Illuminate\Database\Connectors\PostgresConnector.php:35
at vendor\laravel\framework\src\Illuminate\Database\Connectors\ConnectionFactory.php:186
at vendor\laravel\framework\src\Illuminate\Database\Connection.php:1257
at vendor\laravel\framework\src\Illuminate\Database\Connection.php:1295
at vendor\laravel\framework\src\Illuminate\Database\Connection.php:525
at vendor\laravel\framework\src\Illuminate\Database\Connection.php:420
at vendor\laravel\framework\src\Illuminate\Database\Connection.php:827
at vendor\laravel\framework\src\Illuminate\Database\Connection.php:794
at vendor\laravel\framework\src\Illuminate\Database\Connection.php:411
at vendor\laravel\framework\src\Illuminate\Database\Connection.php:357
at vendor\laravel\framework\src\Illuminate\Database\Connection.php:374
at vendor\laravel\framework\src\Illuminate\Database\Schema\Builder.php:176
at vendor\laravel\framework\src\Illuminate\Database\Migrations\DatabaseMigrationRepository.php:185
at vendor\laravel\framework\src\Illuminate\Database\Migrations\Migrator.php:758
at vendor\laravel\framework\src\Illuminate\Database\Console\Migrations\FreshCommand.php:67
at vendor\laravel\framework\src\Illuminate\Database\Migrations\Migrator.php:671
at vendor\laravel\framework\src\Illuminate\Database\Console\Migrations\FreshCommand.php:66
at vendor\laravel\framework\src\Illuminate\Container\BoundMethod.php:36
at vendor\laravel\framework\src\Illuminate\Container\Util.php:43
at vendor\laravel\framework\src\Illuminate\Container\BoundMethod.php:96
at vendor\laravel\framework\src\Illuminate\Container\BoundMethod.php:35
at vendor\laravel\framework\src\Illuminate\Container\Container.php:799
at vendor\laravel\framework\src\Illuminate\Console\Command.php:211
at vendor\symfony\console\Command\Command.php:341
at vendor\laravel\framework\src\Illuminate\Console\Command.php:180
at vendor\symfony\console\Application.php:1079
at vendor\symfony\console\Application.php:356
at vendor\symfony\console\Application.php:195
at vendor\laravel\framework\src\Illuminate\Console\Application.php:165
at vendor\laravel\framework\src\Illuminate\Foundation\Console\Kernel.php:447
at vendor\laravel\framework\src\Illuminate\Testing\PendingCommand.php:451
at vendor\laravel\framework\src\Illuminate\Testing\PendingCommand.php:675
at vendor\laravel\framework\src\Illuminate\Foundation\Testing\Concerns\InteractsWithConsole.php:87
at vendor\laravel\framework\src\Illuminate\Foundation\Testing\RefreshDatabase.php:119
at vendor\laravel\framework\src\Illuminate\Foundation\Testing\RefreshDatabase.php:84
at vendor\laravel\framework\src\Illuminate\Foundation\Testing\RefreshDatabase.php:25
at vendor\laravel\framework\src\Illuminate\Foundation\Testing\Concerns\InteractsWithTestCaseLifecycle.php:217
at vendor\laravel\framework\src\Illuminate\Foundation\Testing\Concerns\InteractsWithTestCaseLifecycle.php:101
at vendor\laravel\framework\src\Illuminate\Foundation\Testing\TestCase.php:63
at tests\TestCase.php:22
at tests\Unit\AlumniDirectoryServiceTest.php:27</error>
    </testcase>
    <testcase name="Can get available filters" file="Alumni Directory Service (Tests\Unit\AlumniDirectoryService)::Can get available filters" class="Tests\Unit\AlumniDirectoryServiceTest" classname="Tests.Unit.AlumniDirectoryServiceTest" assertions="0" time="0.000000">
      <error type="Illuminate\Database\QueryException">Can get available filtersIlluminate\Database\QueryException: SQLSTATE[08006] [7] connection to server at "localhost" (::1), port 5432 failed: FATAL:  password authentication failed for user "postgres" (Connection: pgsql, Host: localhost, Port: 5432, Database: test_db, SQL: select exists (select 1 from pg_class c, pg_namespace n where n.nspname = current_schema() and c.relname = 'migrations' and c.relkind in ('r', 'p') and n.oid = c.relnamespace))&#13;
at vendor\laravel\framework\src\Illuminate\Database\Connectors\Connector.php:66
at vendor\laravel\framework\src\Illuminate\Database\Connectors\Connector.php:44
at vendor\laravel\framework\src\Illuminate\Database\Connectors\PostgresConnector.php:35
at vendor\laravel\framework\src\Illuminate\Database\Connectors\ConnectionFactory.php:186
at vendor\laravel\framework\src\Illuminate\Database\Connection.php:1257
at vendor\laravel\framework\src\Illuminate\Database\Connection.php:1295
at vendor\laravel\framework\src\Illuminate\Database\Connection.php:525
at vendor\laravel\framework\src\Illuminate\Database\Connection.php:420
at vendor\laravel\framework\src\Illuminate\Database\Connection.php:827
at vendor\laravel\framework\src\Illuminate\Database\Connection.php:794
at vendor\laravel\framework\src\Illuminate\Database\Connection.php:411
at vendor\laravel\framework\src\Illuminate\Database\Connection.php:357
at vendor\laravel\framework\src\Illuminate\Database\Connection.php:374
at vendor\laravel\framework\src\Illuminate\Database\Schema\Builder.php:176
at vendor\laravel\framework\src\Illuminate\Database\Migrations\DatabaseMigrationRepository.php:185
at vendor\laravel\framework\src\Illuminate\Database\Migrations\Migrator.php:758
at vendor\laravel\framework\src\Illuminate\Database\Console\Migrations\FreshCommand.php:67
at vendor\laravel\framework\src\Illuminate\Database\Migrations\Migrator.php:671
at vendor\laravel\framework\src\Illuminate\Database\Console\Migrations\FreshCommand.php:66
at vendor\laravel\framework\src\Illuminate\Container\BoundMethod.php:36
at vendor\laravel\framework\src\Illuminate\Container\Util.php:43
at vendor\laravel\framework\src\Illuminate\Container\BoundMethod.php:96
at vendor\laravel\framework\src\Illuminate\Container\BoundMethod.php:35
at vendor\laravel\framework\src\Illuminate\Container\Container.php:799
at vendor\laravel\framework\src\Illuminate\Console\Command.php:211
at vendor\symfony\console\Command\Command.php:341
at vendor\laravel\framework\src\Illuminate\Console\Command.php:180
at vendor\symfony\console\Application.php:1079
at vendor\symfony\console\Application.php:356
at vendor\symfony\console\Application.php:195
at vendor\laravel\framework\src\Illuminate\Console\Application.php:165
at vendor\laravel\framework\src\Illuminate\Foundation\Console\Kernel.php:447
at vendor\laravel\framework\src\Illuminate\Testing\PendingCommand.php:451
at vendor\laravel\framework\src\Illuminate\Testing\PendingCommand.php:675
at vendor\laravel\framework\src\Illuminate\Foundation\Testing\Concerns\InteractsWithConsole.php:87
at vendor\laravel\framework\src\Illuminate\Foundation\Testing\RefreshDatabase.php:119
at vendor\laravel\framework\src\Illuminate\Foundation\Testing\RefreshDatabase.php:84
at vendor\laravel\framework\src\Illuminate\Foundation\Testing\RefreshDatabase.php:25
at vendor\laravel\framework\src\Illuminate\Foundation\Testing\Concerns\InteractsWithTestCaseLifecycle.php:217
at vendor\laravel\framework\src\Illuminate\Foundation\Testing\Concerns\InteractsWithTestCaseLifecycle.php:101
at vendor\laravel\framework\src\Illuminate\Foundation\Testing\TestCase.php:63
at tests\TestCase.php:22
at tests\Unit\AlumniDirectoryServiceTest.php:27
Caused by
PDOException: SQLSTATE[08006] [7] connection to server at "localhost" (::1), port 5432 failed: FATAL:  password authentication failed for user "postgres"

at vendor\laravel\framework\src\Illuminate\Database\Connectors\Connector.php:66
at vendor\laravel\framework\src\Illuminate\Database\Connectors\Connector.php:44
at vendor\laravel\framework\src\Illuminate\Database\Connectors\PostgresConnector.php:35
at vendor\laravel\framework\src\Illuminate\Database\Connectors\ConnectionFactory.php:186
at vendor\laravel\framework\src\Illuminate\Database\Connection.php:1257
at vendor\laravel\framework\src\Illuminate\Database\Connection.php:1295
at vendor\laravel\framework\src\Illuminate\Database\Connection.php:525
at vendor\laravel\framework\src\Illuminate\Database\Connection.php:420
at vendor\laravel\framework\src\Illuminate\Database\Connection.php:827
at vendor\laravel\framework\src\Illuminate\Database\Connection.php:794
at vendor\laravel\framework\src\Illuminate\Database\Connection.php:411
at vendor\laravel\framework\src\Illuminate\Database\Connection.php:357
at vendor\laravel\framework\src\Illuminate\Database\Connection.php:374
at vendor\laravel\framework\src\Illuminate\Database\Schema\Builder.php:176
at vendor\laravel\framework\src\Illuminate\Database\Migrations\DatabaseMigrationRepository.php:185
at vendor\laravel\framework\src\Illuminate\Database\Migrations\Migrator.php:758
at vendor\laravel\framework\src\Illuminate\Database\Console\Migrations\FreshCommand.php:67
at vendor\laravel\framework\src\Illuminate\Database\Migrations\Migrator.php:671
at vendor\laravel\framework\src\Illuminate\Database\Console\Migrations\FreshCommand.php:66
at vendor\laravel\framework\src\Illuminate\Container\BoundMethod.php:36
at vendor\laravel\framework\src\Illuminate\Container\Util.php:43
at vendor\laravel\framework\src\Illuminate\Container\BoundMethod.php:96
at vendor\laravel\framework\src\Illuminate\Container\BoundMethod.php:35
at vendor\laravel\framework\src\Illuminate\Container\Container.php:799
at vendor\laravel\framework\src\Illuminate\Console\Command.php:211
at vendor\symfony\console\Command\Command.php:341
at vendor\laravel\framework\src\Illuminate\Console\Command.php:180
at vendor\symfony\console\Application.php:1079
at vendor\symfony\console\Application.php:356
at vendor\symfony\console\Application.php:195
at vendor\laravel\framework\src\Illuminate\Console\Application.php:165
at vendor\laravel\framework\src\Illuminate\Foundation\Console\Kernel.php:447
at vendor\laravel\framework\src\Illuminate\Testing\PendingCommand.php:451
at vendor\laravel\framework\src\Illuminate\Testing\PendingCommand.php:675
at vendor\laravel\framework\src\Illuminate\Foundation\Testing\Concerns\InteractsWithConsole.php:87
at vendor\laravel\framework\src\Illuminate\Foundation\Testing\RefreshDatabase.php:119
at vendor\laravel\framework\src\Illuminate\Foundation\Testing\RefreshDatabase.php:84
at vendor\laravel\framework\src\Illuminate\Foundation\Testing\RefreshDatabase.php:25
at vendor\laravel\framework\src\Illuminate\Foundation\Testing\Concerns\InteractsWithTestCaseLifecycle.php:217
at vendor\laravel\framework\src\Illuminate\Foundation\Testing\Concerns\InteractsWithTestCaseLifecycle.php:101
at vendor\laravel\framework\src\Illuminate\Foundation\Testing\TestCase.php:63
at tests\TestCase.php:22
at tests\Unit\AlumniDirectoryServiceTest.php:27</error>
    </testcase>
    <testcase name="Pagination works correctly" file="Alumni Directory Service (Tests\Unit\AlumniDirectoryService)::Pagination works correctly" class="Tests\Unit\AlumniDirectoryServiceTest" classname="Tests.Unit.AlumniDirectoryServiceTest" assertions="0" time="0.000000">
      <error type="Illuminate\Database\QueryException">Pagination works correctlyIlluminate\Database\QueryException: SQLSTATE[08006] [7] connection to server at "localhost" (::1), port 5432 failed: FATAL:  password authentication failed for user "postgres" (Connection: pgsql, Host: localhost, Port: 5432, Database: test_db, SQL: select exists (select 1 from pg_class c, pg_namespace n where n.nspname = current_schema() and c.relname = 'migrations' and c.relkind in ('r', 'p') and n.oid = c.relnamespace))&#13;
at vendor\laravel\framework\src\Illuminate\Database\Connectors\Connector.php:66
at vendor\laravel\framework\src\Illuminate\Database\Connectors\Connector.php:44
at vendor\laravel\framework\src\Illuminate\Database\Connectors\PostgresConnector.php:35
at vendor\laravel\framework\src\Illuminate\Database\Connectors\ConnectionFactory.php:186
at vendor\laravel\framework\src\Illuminate\Database\Connection.php:1257
at vendor\laravel\framework\src\Illuminate\Database\Connection.php:1295
at vendor\laravel\framework\src\Illuminate\Database\Connection.php:525
at vendor\laravel\framework\src\Illuminate\Database\Connection.php:420
at vendor\laravel\framework\src\Illuminate\Database\Connection.php:827
at vendor\laravel\framework\src\Illuminate\Database\Connection.php:794
at vendor\laravel\framework\src\Illuminate\Database\Connection.php:411
at vendor\laravel\framework\src\Illuminate\Database\Connection.php:357
at vendor\laravel\framework\src\Illuminate\Database\Connection.php:374
at vendor\laravel\framework\src\Illuminate\Database\Schema\Builder.php:176
at vendor\laravel\framework\src\Illuminate\Database\Migrations\DatabaseMigrationRepository.php:185
at vendor\laravel\framework\src\Illuminate\Database\Migrations\Migrator.php:758
at vendor\laravel\framework\src\Illuminate\Database\Console\Migrations\FreshCommand.php:67
at vendor\laravel\framework\src\Illuminate\Database\Migrations\Migrator.php:671
at vendor\laravel\framework\src\Illuminate\Database\Console\Migrations\FreshCommand.php:66
at vendor\laravel\framework\src\Illuminate\Container\BoundMethod.php:36
at vendor\laravel\framework\src\Illuminate\Container\Util.php:43
at vendor\laravel\framework\src\Illuminate\Container\BoundMethod.php:96
at vendor\laravel\framework\src\Illuminate\Container\BoundMethod.php:35
at vendor\laravel\framework\src\Illuminate\Container\Container.php:799
at vendor\laravel\framework\src\Illuminate\Console\Command.php:211
at vendor\symfony\console\Command\Command.php:341
at vendor\laravel\framework\src\Illuminate\Console\Command.php:180
at vendor\symfony\console\Application.php:1079
at vendor\symfony\console\Application.php:356
at vendor\symfony\console\Application.php:195
at vendor\laravel\framework\src\Illuminate\Console\Application.php:165
at vendor\laravel\framework\src\Illuminate\Foundation\Console\Kernel.php:447
at vendor\laravel\framework\src\Illuminate\Testing\PendingCommand.php:451
at vendor\laravel\framework\src\Illuminate\Testing\PendingCommand.php:675
at vendor\laravel\framework\src\Illuminate\Foundation\Testing\Concerns\InteractsWithConsole.php:87
at vendor\laravel\framework\src\Illuminate\Foundation\Testing\RefreshDatabase.php:119
at vendor\laravel\framework\src\Illuminate\Foundation\Testing\RefreshDatabase.php:84
at vendor\laravel\framework\src\Illuminate\Foundation\Testing\RefreshDatabase.php:25
at vendor\laravel\framework\src\Illuminate\Foundation\Testing\Concerns\InteractsWithTestCaseLifecycle.php:217
at vendor\laravel\framework\src\Illuminate\Foundation\Testing\Concerns\InteractsWithTestCaseLifecycle.php:101
at vendor\laravel\framework\src\Illuminate\Foundation\Testing\TestCase.php:63
at tests\TestCase.php:22
at tests\Unit\AlumniDirectoryServiceTest.php:27
Caused by
PDOException: SQLSTATE[08006] [7] connection to server at "localhost" (::1), port 5432 failed: FATAL:  password authentication failed for user "postgres"

at vendor\laravel\framework\src\Illuminate\Database\Connectors\Connector.php:66
at vendor\laravel\framework\src\Illuminate\Database\Connectors\Connector.php:44
at vendor\laravel\framework\src\Illuminate\Database\Connectors\PostgresConnector.php:35
at vendor\laravel\framework\src\Illuminate\Database\Connectors\ConnectionFactory.php:186
at vendor\laravel\framework\src\Illuminate\Database\Connection.php:1257
at vendor\laravel\framework\src\Illuminate\Database\Connection.php:1295
at vendor\laravel\framework\src\Illuminate\Database\Connection.php:525
at vendor\laravel\framework\src\Illuminate\Database\Connection.php:420
at vendor\laravel\framework\src\Illuminate\Database\Connection.php:827
at vendor\laravel\framework\src\Illuminate\Database\Connection.php:794
at vendor\laravel\framework\src\Illuminate\Database\Connection.php:411
at vendor\laravel\framework\src\Illuminate\Database\Connection.php:357
at vendor\laravel\framework\src\Illuminate\Database\Connection.php:374
at vendor\laravel\framework\src\Illuminate\Database\Schema\Builder.php:176
at vendor\laravel\framework\src\Illuminate\Database\Migrations\DatabaseMigrationRepository.php:185
at vendor\laravel\framework\src\Illuminate\Database\Migrations\Migrator.php:758
at vendor\laravel\framework\src\Illuminate\Database\Console\Migrations\FreshCommand.php:67
at vendor\laravel\framework\src\Illuminate\Database\Migrations\Migrator.php:671
at vendor\laravel\framework\src\Illuminate\Database\Console\Migrations\FreshCommand.php:66
at vendor\laravel\framework\src\Illuminate\Container\BoundMethod.php:36
at vendor\laravel\framework\src\Illuminate\Container\Util.php:43
at vendor\laravel\framework\src\Illuminate\Container\BoundMethod.php:96
at vendor\laravel\framework\src\Illuminate\Container\BoundMethod.php:35
at vendor\laravel\framework\src\Illuminate\Container\Container.php:799
at vendor\laravel\framework\src\Illuminate\Console\Command.php:211
at vendor\symfony\console\Command\Command.php:341
at vendor\laravel\framework\src\Illuminate\Console\Command.php:180
at vendor\symfony\console\Application.php:1079
at vendor\symfony\console\Application.php:356
at vendor\symfony\console\Application.php:195
at vendor\laravel\framework\src\Illuminate\Console\Application.php:165
at vendor\laravel\framework\src\Illuminate\Foundation\Console\Kernel.php:447
at vendor\laravel\framework\src\Illuminate\Testing\PendingCommand.php:451
at vendor\laravel\framework\src\Illuminate\Testing\PendingCommand.php:675
at vendor\laravel\framework\src\Illuminate\Foundation\Testing\Concerns\InteractsWithConsole.php:87
at vendor\laravel\framework\src\Illuminate\Foundation\Testing\RefreshDatabase.php:119
at vendor\laravel\framework\src\Illuminate\Foundation\Testing\RefreshDatabase.php:84
at vendor\laravel\framework\src\Illuminate\Foundation\Testing\RefreshDatabase.php:25
at vendor\laravel\framework\src\Illuminate\Foundation\Testing\Concerns\InteractsWithTestCaseLifecycle.php:217
at vendor\laravel\framework\src\Illuminate\Foundation\Testing\Concerns\InteractsWithTestCaseLifecycle.php:101
at vendor\laravel\framework\src\Illuminate\Foundation\Testing\TestCase.php:63
at tests\TestCase.php:22
at tests\Unit\AlumniDirectoryServiceTest.php:27</error>
    </testcase>
    <testcase name="Sorting works correctly" file="Alumni Directory Service (Tests\Unit\AlumniDirectoryService)::Sorting works correctly" class="Tests\Unit\AlumniDirectoryServiceTest" classname="Tests.Unit.AlumniDirectoryServiceTest" assertions="0" time="0.000000">
      <error type="Illuminate\Database\QueryException">Sorting works correctlyIlluminate\Database\QueryException: SQLSTATE[08006] [7] connection to server at "localhost" (::1), port 5432 failed: FATAL:  password authentication failed for user "postgres" (Connection: pgsql, Host: localhost, Port: 5432, Database: test_db, SQL: select exists (select 1 from pg_class c, pg_namespace n where n.nspname = current_schema() and c.relname = 'migrations' and c.relkind in ('r', 'p') and n.oid = c.relnamespace))&#13;
at vendor\laravel\framework\src\Illuminate\Database\Connectors\Connector.php:66
at vendor\laravel\framework\src\Illuminate\Database\Connectors\Connector.php:44
at vendor\laravel\framework\src\Illuminate\Database\Connectors\PostgresConnector.php:35
at vendor\laravel\framework\src\Illuminate\Database\Connectors\ConnectionFactory.php:186
at vendor\laravel\framework\src\Illuminate\Database\Connection.php:1257
at vendor\laravel\framework\src\Illuminate\Database\Connection.php:1295
at vendor\laravel\framework\src\Illuminate\Database\Connection.php:525
at vendor\laravel\framework\src\Illuminate\Database\Connection.php:420
at vendor\laravel\framework\src\Illuminate\Database\Connection.php:827
at vendor\laravel\framework\src\Illuminate\Database\Connection.php:794
at vendor\laravel\framework\src\Illuminate\Database\Connection.php:411
at vendor\laravel\framework\src\Illuminate\Database\Connection.php:357
at vendor\laravel\framework\src\Illuminate\Database\Connection.php:374
at vendor\laravel\framework\src\Illuminate\Database\Schema\Builder.php:176
at vendor\laravel\framework\src\Illuminate\Database\Migrations\DatabaseMigrationRepository.php:185
at vendor\laravel\framework\src\Illuminate\Database\Migrations\Migrator.php:758
at vendor\laravel\framework\src\Illuminate\Database\Console\Migrations\FreshCommand.php:67
at vendor\laravel\framework\src\Illuminate\Database\Migrations\Migrator.php:671
at vendor\laravel\framework\src\Illuminate\Database\Console\Migrations\FreshCommand.php:66
at vendor\laravel\framework\src\Illuminate\Container\BoundMethod.php:36
at vendor\laravel\framework\src\Illuminate\Container\Util.php:43
at vendor\laravel\framework\src\Illuminate\Container\BoundMethod.php:96
at vendor\laravel\framework\src\Illuminate\Container\BoundMethod.php:35
at vendor\laravel\framework\src\Illuminate\Container\Container.php:799
at vendor\laravel\framework\src\Illuminate\Console\Command.php:211
at vendor\symfony\console\Command\Command.php:341
at vendor\laravel\framework\src\Illuminate\Console\Command.php:180
at vendor\symfony\console\Application.php:1079
at vendor\symfony\console\Application.php:356
at vendor\symfony\console\Application.php:195
at vendor\laravel\framework\src\Illuminate\Console\Application.php:165
at vendor\laravel\framework\src\Illuminate\Foundation\Console\Kernel.php:447
at vendor\laravel\framework\src\Illuminate\Testing\PendingCommand.php:451
at vendor\laravel\framework\src\Illuminate\Testing\PendingCommand.php:675
at vendor\laravel\framework\src\Illuminate\Foundation\Testing\Concerns\InteractsWithConsole.php:87
at vendor\laravel\framework\src\Illuminate\Foundation\Testing\RefreshDatabase.php:119
at vendor\laravel\framework\src\Illuminate\Foundation\Testing\RefreshDatabase.php:84
at vendor\laravel\framework\src\Illuminate\Foundation\Testing\RefreshDatabase.php:25
at vendor\laravel\framework\src\Illuminate\Foundation\Testing\Concerns\InteractsWithTestCaseLifecycle.php:217
at vendor\laravel\framework\src\Illuminate\Foundation\Testing\Concerns\InteractsWithTestCaseLifecycle.php:101
at vendor\laravel\framework\src\Illuminate\Foundation\Testing\TestCase.php:63
at tests\TestCase.php:22
at tests\Unit\AlumniDirectoryServiceTest.php:27
Caused by
PDOException: SQLSTATE[08006] [7] connection to server at "localhost" (::1), port 5432 failed: FATAL:  password authentication failed for user "postgres"

at vendor\laravel\framework\src\Illuminate\Database\Connectors\Connector.php:66
at vendor\laravel\framework\src\Illuminate\Database\Connectors\Connector.php:44
at vendor\laravel\framework\src\Illuminate\Database\Connectors\PostgresConnector.php:35
at vendor\laravel\framework\src\Illuminate\Database\Connectors\ConnectionFactory.php:186
at vendor\laravel\framework\src\Illuminate\Database\Connection.php:1257
at vendor\laravel\framework\src\Illuminate\Database\Connection.php:1295
at vendor\laravel\framework\src\Illuminate\Database\Connection.php:525
at vendor\laravel\framework\src\Illuminate\Database\Connection.php:420
at vendor\laravel\framework\src\Illuminate\Database\Connection.php:827
at vendor\laravel\framework\src\Illuminate\Database\Connection.php:794
at vendor\laravel\framework\src\Illuminate\Database\Connection.php:411
at vendor\laravel\framework\src\Illuminate\Database\Connection.php:357
at vendor\laravel\framework\src\Illuminate\Database\Connection.php:374
at vendor\laravel\framework\src\Illuminate\Database\Schema\Builder.php:176
at vendor\laravel\framework\src\Illuminate\Database\Migrations\DatabaseMigrationRepository.php:185
at vendor\laravel\framework\src\Illuminate\Database\Migrations\Migrator.php:758
at vendor\laravel\framework\src\Illuminate\Database\Console\Migrations\FreshCommand.php:67
at vendor\laravel\framework\src\Illuminate\Database\Migrations\Migrator.php:671
at vendor\laravel\framework\src\Illuminate\Database\Console\Migrations\FreshCommand.php:66
at vendor\laravel\framework\src\Illuminate\Container\BoundMethod.php:36
at vendor\laravel\framework\src\Illuminate\Container\Util.php:43
at vendor\laravel\framework\src\Illuminate\Container\BoundMethod.php:96
at vendor\laravel\framework\src\Illuminate\Container\BoundMethod.php:35
at vendor\laravel\framework\src\Illuminate\Container\Container.php:799
at vendor\laravel\framework\src\Illuminate\Console\Command.php:211
at vendor\symfony\console\Command\Command.php:341
at vendor\laravel\framework\src\Illuminate\Console\Command.php:180
at vendor\symfony\console\Application.php:1079
at vendor\symfony\console\Application.php:356
at vendor\symfony\console\Application.php:195
at vendor\laravel\framework\src\Illuminate\Console\Application.php:165
at vendor\laravel\framework\src\Illuminate\Foundation\Console\Kernel.php:447
at vendor\laravel\framework\src\Illuminate\Testing\PendingCommand.php:451
at vendor\laravel\framework\src\Illuminate\Testing\PendingCommand.php:675
at vendor\laravel\framework\src\Illuminate\Foundation\Testing\Concerns\InteractsWithConsole.php:87
at vendor\laravel\framework\src\Illuminate\Foundation\Testing\RefreshDatabase.php:119
at vendor\laravel\framework\src\Illuminate\Foundation\Testing\RefreshDatabase.php:84
at vendor\laravel\framework\src\Illuminate\Foundation\Testing\RefreshDatabase.php:25
at vendor\laravel\framework\src\Illuminate\Foundation\Testing\Concerns\InteractsWithTestCaseLifecycle.php:217
at vendor\laravel\framework\src\Illuminate\Foundation\Testing\Concerns\InteractsWithTestCaseLifecycle.php:101
at vendor\laravel\framework\src\Illuminate\Foundation\Testing\TestCase.php:63
at tests\TestCase.php:22
at tests\Unit\AlumniDirectoryServiceTest.php:27</error>
    </testcase>
  </testsuite>
</testsuites>
