<?xml version="1.0" encoding="UTF-8"?>
<testsuites>
  <testsuite name="Tests\Unit\CTAComponentTest" file="tests\Unit\CTAComponentTest.php" tests="10" assertions="29" errors="0" failures="0" skipped="0" time="53.624650">
    <testcase name="`CTA Component Creation` → it can create a CTA button component" file="tests\Unit\CTAComponentTest.php::`CTA Component Creation` → it can create a CTA button component" class="Tests\Unit\CTAComponentTest" classname="Tests.Unit.CTAComponentTest" assertions="6" time="42.954307"/>
    <testcase name="`CTA Component Creation` → it can create a CTA banner component" file="tests\Unit\CTAComponentTest.php::`CTA Component Creation` → it can create a CTA banner component" class="Tests\Unit\CTAComponentTest" classname="Tests.Unit.CTAComponentTest" assertions="4" time="1.241273"/>
    <testcase name="`CTA Component Creation` → it can create a CTA inline link component" file="tests\Unit\CTAComponentTest.php::`CTA Component Creation` → it can create a CTA inline link component" class="Tests\Unit\CTAComponentTest" classname="Tests.Unit.CTAComponentTest" assertions="3" time="1.059442"/>
    <testcase name="`CTA Component Validation` → it validates required fields for button CTA" file="tests\Unit\CTAComponentTest.php::`CTA Component Validation` → it validates required fields for button CTA" class="Tests\Unit\CTAComponentTest" classname="Tests.Unit.CTAComponentTest" assertions="1" time="1.074766"/>
    <testcase name="`CTA Component Validation` → it validates CTA button styles" file="tests\Unit\CTAComponentTest.php::`CTA Component Validation` → it validates CTA button styles" class="Tests\Unit\CTAComponentTest" classname="Tests.Unit.CTAComponentTest" assertions="1" time="1.098809"/>
    <testcase name="`CTA Component Validation` → it validates CTA button sizes" file="tests\Unit\CTAComponentTest.php::`CTA Component Validation` → it validates CTA button sizes" class="Tests\Unit\CTAComponentTest" classname="Tests.Unit.CTAComponentTest" assertions="1" time="1.020741"/>
    <testcase name="`CTA Component A/B Testing` → it can create CTA with A/B test configuration" file="tests\Unit\CTAComponentTest.php::`CTA Component A/B Testing` → it can create CTA with A/B test configuration" class="Tests\Unit\CTAComponentTest" classname="Tests.Unit.CTAComponentTest" assertions="3" time="1.264763"/>
    <testcase name="`CTA Component Tracking` → it includes tracking parameters in configuration" file="tests\Unit\CTAComponentTest.php::`CTA Component Tracking` → it includes tracking parameters in configuration" class="Tests\Unit\CTAComponentTest" classname="Tests.Unit.CTAComponentTest" assertions="4" time="1.084672"/>
    <testcase name="`CTA Component Accessibility` → it includes accessibility configuration" file="tests\Unit\CTAComponentTest.php::`CTA Component Accessibility` → it includes accessibility configuration" class="Tests\Unit\CTAComponentTest" classname="Tests.Unit.CTAComponentTest" assertions="3" time="1.114288"/>
    <testcase name="`CTA Component Tenant Isolation` → it scopes CTA components to tenant" file="tests\Unit\CTAComponentTest.php::`CTA Component Tenant Isolation` → it scopes CTA components to tenant" class="Tests\Unit\CTAComponentTest" classname="Tests.Unit.CTAComponentTest" assertions="3" time="1.711588"/>
  </testsuite>
</testsuites>
