<?xml version="1.0" encoding="UTF-8"?>
<testsuites>
  <testsuite name="D:\DevCenter\abuilds\alumate\phpunit.xml" tests="44" assertions="0" errors="189" failures="1" skipped="0" time="0.000000">
    <testsuite name="Unit" tests="44" assertions="0" errors="189" failures="1" skipped="0" time="0.000000">
      <testsuite name="Tests\Unit\AlumniDirectoryServiceTest" file="Alumni Directory Service (Tests\Unit\AlumniDirectoryService)" tests="11" assertions="0" errors="11" failures="0" skipped="0" time="0.000000">
        <testcase name="Can build basic filter query" file="Alumni Directory Service (Tests\Unit\AlumniDirectoryService)::Can build basic filter query" class="Tests\Unit\AlumniDirectoryServiceTest" classname="Tests.Unit.AlumniDirectoryServiceTest" assertions="0" time="0.000000">
          <error type="Illuminate\Database\QueryException">Can build basic filter queryIlluminate\Database\QueryException: could not find driver (Connection: pgsql, SQL: select exists (select 1 from pg_class c, pg_namespace n where n.nspname = current_schema() and c.relname = 'migrations' and c.relkind in ('r', 'p') and n.oid = c.relnamespace))&#13;
at vendor\laravel\framework\src\Illuminate\Database\Connectors\Connector.php:66
at vendor\laravel\framework\src\Illuminate\Database\Connectors\Connector.php:44
at vendor\laravel\framework\src\Illuminate\Database\Connectors\PostgresConnector.php:35
at vendor\laravel\framework\src\Illuminate\Database\Connectors\ConnectionFactory.php:184
at vendor\laravel\framework\src\Illuminate\Database\Connection.php:1230
at vendor\laravel\framework\src\Illuminate\Database\Connection.php:1266
at vendor\laravel\framework\src\Illuminate\Database\Connection.php:511
at vendor\laravel\framework\src\Illuminate\Database\Connection.php:406
at vendor\laravel\framework\src\Illuminate\Database\Connection.php:811
at vendor\laravel\framework\src\Illuminate\Database\Connection.php:778
at vendor\laravel\framework\src\Illuminate\Database\Connection.php:397
at vendor\laravel\framework\src\Illuminate\Database\Connection.php:343
at vendor\laravel\framework\src\Illuminate\Database\Connection.php:360
at vendor\laravel\framework\src\Illuminate\Database\Schema\Builder.php:174
at vendor\laravel\framework\src\Illuminate\Database\Migrations\DatabaseMigrationRepository.php:185
at vendor\laravel\framework\src\Illuminate\Database\Migrations\Migrator.php:753
at vendor\laravel\framework\src\Illuminate\Database\Console\Migrations\FreshCommand.php:67
at vendor\laravel\framework\src\Illuminate\Database\Migrations\Migrator.php:666
at vendor\laravel\framework\src\Illuminate\Database\Console\Migrations\FreshCommand.php:66
at vendor\laravel\framework\src\Illuminate\Container\BoundMethod.php:36
at vendor\laravel\framework\src\Illuminate\Container\Util.php:43
at vendor\laravel\framework\src\Illuminate\Container\BoundMethod.php:96
at vendor\laravel\framework\src\Illuminate\Container\BoundMethod.php:35
at vendor\laravel\framework\src\Illuminate\Container\Container.php:836
at vendor\laravel\framework\src\Illuminate\Console\Command.php:211
at vendor\symfony\console\Command\Command.php:318
at vendor\laravel\framework\src\Illuminate\Console\Command.php:180
at vendor\symfony\console\Application.php:1092
at vendor\symfony\console\Application.php:359
at vendor\symfony\console\Application.php:194
at vendor\laravel\framework\src\Illuminate\Console\Application.php:165
at vendor\laravel\framework\src\Illuminate\Foundation\Console\Kernel.php:426
at vendor\laravel\framework\src\Illuminate\Testing\PendingCommand.php:450
at vendor\laravel\framework\src\Illuminate\Testing\PendingCommand.php:653
at vendor\laravel\framework\src\Illuminate\Foundation\Testing\Concerns\InteractsWithConsole.php:87
at vendor\laravel\framework\src\Illuminate\Foundation\Testing\RefreshDatabase.php:101
at vendor\laravel\framework\src\Illuminate\Foundation\Testing\RefreshDatabase.php:84
at vendor\laravel\framework\src\Illuminate\Foundation\Testing\RefreshDatabase.php:25
at vendor\laravel\framework\src\Illuminate\Foundation\Testing\Concerns\InteractsWithTestCaseLifecycle.php:207
at vendor\laravel\framework\src\Illuminate\Foundation\Testing\Concerns\InteractsWithTestCaseLifecycle.php:96
at vendor\laravel\framework\src\Illuminate\Foundation\Testing\TestCase.php:44
at tests\TestCase.php:22
at tests\Unit\AlumniDirectoryServiceTest.php:27
Caused by
PDOException: could not find driver

at vendor\laravel\framework\src\Illuminate\Database\Connectors\Connector.php:66
at vendor\laravel\framework\src\Illuminate\Database\Connectors\Connector.php:44
at vendor\laravel\framework\src\Illuminate\Database\Connectors\PostgresConnector.php:35
at vendor\laravel\framework\src\Illuminate\Database\Connectors\ConnectionFactory.php:184
at vendor\laravel\framework\src\Illuminate\Database\Connection.php:1230
at vendor\laravel\framework\src\Illuminate\Database\Connection.php:1266
at vendor\laravel\framework\src\Illuminate\Database\Connection.php:511
at vendor\laravel\framework\src\Illuminate\Database\Connection.php:406
at vendor\laravel\framework\src\Illuminate\Database\Connection.php:811
at vendor\laravel\framework\src\Illuminate\Database\Connection.php:778
at vendor\laravel\framework\src\Illuminate\Database\Connection.php:397
at vendor\laravel\framework\src\Illuminate\Database\Connection.php:343
at vendor\laravel\framework\src\Illuminate\Database\Connection.php:360
at vendor\laravel\framework\src\Illuminate\Database\Schema\Builder.php:174
at vendor\laravel\framework\src\Illuminate\Database\Migrations\DatabaseMigrationRepository.php:185
at vendor\laravel\framework\src\Illuminate\Database\Migrations\Migrator.php:753
at vendor\laravel\framework\src\Illuminate\Database\Console\Migrations\FreshCommand.php:67
at vendor\laravel\framework\src\Illuminate\Database\Migrations\Migrator.php:666
at vendor\laravel\framework\src\Illuminate\Database\Console\Migrations\FreshCommand.php:66
at vendor\laravel\framework\src\Illuminate\Container\BoundMethod.php:36
at vendor\laravel\framework\src\Illuminate\Container\Util.php:43
at vendor\laravel\framework\src\Illuminate\Container\BoundMethod.php:96
at vendor\laravel\framework\src\Illuminate\Container\BoundMethod.php:35
at vendor\laravel\framework\src\Illuminate\Container\Container.php:836
at vendor\laravel\framework\src\Illuminate\Console\Command.php:211
at vendor\symfony\console\Command\Command.php:318
at vendor\laravel\framework\src\Illuminate\Console\Command.php:180
at vendor\symfony\console\Application.php:1092
at vendor\symfony\console\Application.php:359
at vendor\symfony\console\Application.php:194
at vendor\laravel\framework\src\Illuminate\Console\Application.php:165
at vendor\laravel\framework\src\Illuminate\Foundation\Console\Kernel.php:426
at vendor\laravel\framework\src\Illuminate\Testing\PendingCommand.php:450
at vendor\laravel\framework\src\Illuminate\Testing\PendingCommand.php:653
at vendor\laravel\framework\src\Illuminate\Foundation\Testing\Concerns\InteractsWithConsole.php:87
at vendor\laravel\framework\src\Illuminate\Foundation\Testing\RefreshDatabase.php:101
at vendor\laravel\framework\src\Illuminate\Foundation\Testing\RefreshDatabase.php:84
at vendor\laravel\framework\src\Illuminate\Foundation\Testing\RefreshDatabase.php:25
at vendor\laravel\framework\src\Illuminate\Foundation\Testing\Concerns\InteractsWithTestCaseLifecycle.php:207
at vendor\laravel\framework\src\Illuminate\Foundation\Testing\Concerns\InteractsWithTestCaseLifecycle.php:96
at vendor\laravel\framework\src\Illuminate\Foundation\Testing\TestCase.php:44
at tests\TestCase.php:22
at tests\Unit\AlumniDirectoryServiceTest.php:27</error>
        </testcase>
        <testcase name="Can filter by graduation year range" file="Alumni Directory Service (Tests\Unit\AlumniDirectoryService)::Can filter by graduation year range" class="Tests\Unit\AlumniDirectoryServiceTest" classname="Tests.Unit.AlumniDirectoryServiceTest" assertions="0" time="0.000000">
          <error type="Illuminate\Database\QueryException">Can filter by graduation year rangeIlluminate\Database\QueryException: could not find driver (Connection: pgsql, SQL: select exists (select 1 from pg_class c, pg_namespace n where n.nspname = current_schema() and c.relname = 'migrations' and c.relkind in ('r', 'p') and n.oid = c.relnamespace))&#13;
at vendor\laravel\framework\src\Illuminate\Database\Connectors\Connector.php:66
at vendor\laravel\framework\src\Illuminate\Database\Connectors\Connector.php:44
at vendor\laravel\framework\src\Illuminate\Database\Connectors\PostgresConnector.php:35
at vendor\laravel\framework\src\Illuminate\Database\Connectors\ConnectionFactory.php:184
at vendor\laravel\framework\src\Illuminate\Database\Connection.php:1230
at vendor\laravel\framework\src\Illuminate\Database\Connection.php:1266
at vendor\laravel\framework\src\Illuminate\Database\Connection.php:511
at vendor\laravel\framework\src\Illuminate\Database\Connection.php:406
at vendor\laravel\framework\src\Illuminate\Database\Connection.php:811
at vendor\laravel\framework\src\Illuminate\Database\Connection.php:778
at vendor\laravel\framework\src\Illuminate\Database\Connection.php:397
at vendor\laravel\framework\src\Illuminate\Database\Connection.php:343
at vendor\laravel\framework\src\Illuminate\Database\Connection.php:360
at vendor\laravel\framework\src\Illuminate\Database\Schema\Builder.php:174
at vendor\laravel\framework\src\Illuminate\Database\Migrations\DatabaseMigrationRepository.php:185
at vendor\laravel\framework\src\Illuminate\Database\Migrations\Migrator.php:753
at vendor\laravel\framework\src\Illuminate\Database\Console\Migrations\FreshCommand.php:67
at vendor\laravel\framework\src\Illuminate\Database\Migrations\Migrator.php:666
at vendor\laravel\framework\src\Illuminate\Database\Console\Migrations\FreshCommand.php:66
at vendor\laravel\framework\src\Illuminate\Container\BoundMethod.php:36
at vendor\laravel\framework\src\Illuminate\Container\Util.php:43
at vendor\laravel\framework\src\Illuminate\Container\BoundMethod.php:96
at vendor\laravel\framework\src\Illuminate\Container\BoundMethod.php:35
at vendor\laravel\framework\src\Illuminate\Container\Container.php:836
at vendor\laravel\framework\src\Illuminate\Console\Command.php:211
at vendor\symfony\console\Command\Command.php:318
at vendor\laravel\framework\src\Illuminate\Console\Command.php:180
at vendor\symfony\console\Application.php:1092
at vendor\symfony\console\Application.php:359
at vendor\symfony\console\Application.php:194
at vendor\laravel\framework\src\Illuminate\Console\Application.php:165
at vendor\laravel\framework\src\Illuminate\Foundation\Console\Kernel.php:426
at vendor\laravel\framework\src\Illuminate\Testing\PendingCommand.php:450
at vendor\laravel\framework\src\Illuminate\Testing\PendingCommand.php:653
at vendor\laravel\framework\src\Illuminate\Foundation\Testing\Concerns\InteractsWithConsole.php:87
at vendor\laravel\framework\src\Illuminate\Foundation\Testing\RefreshDatabase.php:101
at vendor\laravel\framework\src\Illuminate\Foundation\Testing\RefreshDatabase.php:84
at vendor\laravel\framework\src\Illuminate\Foundation\Testing\RefreshDatabase.php:25
at vendor\laravel\framework\src\Illuminate\Foundation\Testing\Concerns\InteractsWithTestCaseLifecycle.php:207
at vendor\laravel\framework\src\Illuminate\Foundation\Testing\Concerns\InteractsWithTestCaseLifecycle.php:96
at vendor\laravel\framework\src\Illuminate\Foundation\Testing\TestCase.php:44
at tests\TestCase.php:22
at tests\Unit\AlumniDirectoryServiceTest.php:27
Caused by
PDOException: could not find driver

at vendor\laravel\framework\src\Illuminate\Database\Connectors\Connector.php:66
at vendor\laravel\framework\src\Illuminate\Database\Connectors\Connector.php:44
at vendor\laravel\framework\src\Illuminate\Database\Connectors\PostgresConnector.php:35
at vendor\laravel\framework\src\Illuminate\Database\Connectors\ConnectionFactory.php:184
at vendor\laravel\framework\src\Illuminate\Database\Connection.php:1230
at vendor\laravel\framework\src\Illuminate\Database\Connection.php:1266
at vendor\laravel\framework\src\Illuminate\Database\Connection.php:511
at vendor\laravel\framework\src\Illuminate\Database\Connection.php:406
at vendor\laravel\framework\src\Illuminate\Database\Connection.php:811
at vendor\laravel\framework\src\Illuminate\Database\Connection.php:778
at vendor\laravel\framework\src\Illuminate\Database\Connection.php:397
at vendor\laravel\framework\src\Illuminate\Database\Connection.php:343
at vendor\laravel\framework\src\Illuminate\Database\Connection.php:360
at vendor\laravel\framework\src\Illuminate\Database\Schema\Builder.php:174
at vendor\laravel\framework\src\Illuminate\Database\Migrations\DatabaseMigrationRepository.php:185
at vendor\laravel\framework\src\Illuminate\Database\Migrations\Migrator.php:753
at vendor\laravel\framework\src\Illuminate\Database\Console\Migrations\FreshCommand.php:67
at vendor\laravel\framework\src\Illuminate\Database\Migrations\Migrator.php:666
at vendor\laravel\framework\src\Illuminate\Database\Console\Migrations\FreshCommand.php:66
at vendor\laravel\framework\src\Illuminate\Container\BoundMethod.php:36
at vendor\laravel\framework\src\Illuminate\Container\Util.php:43
at vendor\laravel\framework\src\Illuminate\Container\BoundMethod.php:96
at vendor\laravel\framework\src\Illuminate\Container\BoundMethod.php:35
at vendor\laravel\framework\src\Illuminate\Container\Container.php:836
at vendor\laravel\framework\src\Illuminate\Console\Command.php:211
at vendor\symfony\console\Command\Command.php:318
at vendor\laravel\framework\src\Illuminate\Console\Command.php:180
at vendor\symfony\console\Application.php:1092
at vendor\symfony\console\Application.php:359
at vendor\symfony\console\Application.php:194
at vendor\laravel\framework\src\Illuminate\Console\Application.php:165
at vendor\laravel\framework\src\Illuminate\Foundation\Console\Kernel.php:426
at vendor\laravel\framework\src\Illuminate\Testing\PendingCommand.php:450
at vendor\laravel\framework\src\Illuminate\Testing\PendingCommand.php:653
at vendor\laravel\framework\src\Illuminate\Foundation\Testing\Concerns\InteractsWithConsole.php:87
at vendor\laravel\framework\src\Illuminate\Foundation\Testing\RefreshDatabase.php:101
at vendor\laravel\framework\src\Illuminate\Foundation\Testing\RefreshDatabase.php:84
at vendor\laravel\framework\src\Illuminate\Foundation\Testing\RefreshDatabase.php:25
at vendor\laravel\framework\src\Illuminate\Foundation\Testing\Concerns\InteractsWithTestCaseLifecycle.php:207
at vendor\laravel\framework\src\Illuminate\Foundation\Testing\Concerns\InteractsWithTestCaseLifecycle.php:96
at vendor\laravel\framework\src\Illuminate\Foundation\Testing\TestCase.php:44
at tests\TestCase.php:22
at tests\Unit\AlumniDirectoryServiceTest.php:27</error>
        </testcase>
        <testcase name="Can filter by location" file="Alumni Directory Service (Tests\Unit\AlumniDirectoryService)::Can filter by location" class="Tests\Unit\AlumniDirectoryServiceTest" classname="Tests.Unit.AlumniDirectoryServiceTest" assertions="0" time="0.000000">
          <error type="Illuminate\Database\QueryException">Can filter by locationIlluminate\Database\QueryException: could not find driver (Connection: pgsql, SQL: select exists (select 1 from pg_class c, pg_namespace n where n.nspname = current_schema() and c.relname = 'migrations' and c.relkind in ('r', 'p') and n.oid = c.relnamespace))&#13;
at vendor\laravel\framework\src\Illuminate\Database\Connectors\Connector.php:66
at vendor\laravel\framework\src\Illuminate\Database\Connectors\Connector.php:44
at vendor\laravel\framework\src\Illuminate\Database\Connectors\PostgresConnector.php:35
at vendor\laravel\framework\src\Illuminate\Database\Connectors\ConnectionFactory.php:184
at vendor\laravel\framework\src\Illuminate\Database\Connection.php:1230
at vendor\laravel\framework\src\Illuminate\Database\Connection.php:1266
at vendor\laravel\framework\src\Illuminate\Database\Connection.php:511
at vendor\laravel\framework\src\Illuminate\Database\Connection.php:406
at vendor\laravel\framework\src\Illuminate\Database\Connection.php:811
at vendor\laravel\framework\src\Illuminate\Database\Connection.php:778
at vendor\laravel\framework\src\Illuminate\Database\Connection.php:397
at vendor\laravel\framework\src\Illuminate\Database\Connection.php:343
at vendor\laravel\framework\src\Illuminate\Database\Connection.php:360
at vendor\laravel\framework\src\Illuminate\Database\Schema\Builder.php:174
at vendor\laravel\framework\src\Illuminate\Database\Migrations\DatabaseMigrationRepository.php:185
at vendor\laravel\framework\src\Illuminate\Database\Migrations\Migrator.php:753
at vendor\laravel\framework\src\Illuminate\Database\Console\Migrations\FreshCommand.php:67
at vendor\laravel\framework\src\Illuminate\Database\Migrations\Migrator.php:666
at vendor\laravel\framework\src\Illuminate\Database\Console\Migrations\FreshCommand.php:66
at vendor\laravel\framework\src\Illuminate\Container\BoundMethod.php:36
at vendor\laravel\framework\src\Illuminate\Container\Util.php:43
at vendor\laravel\framework\src\Illuminate\Container\BoundMethod.php:96
at vendor\laravel\framework\src\Illuminate\Container\BoundMethod.php:35
at vendor\laravel\framework\src\Illuminate\Container\Container.php:836
at vendor\laravel\framework\src\Illuminate\Console\Command.php:211
at vendor\symfony\console\Command\Command.php:318
at vendor\laravel\framework\src\Illuminate\Console\Command.php:180
at vendor\symfony\console\Application.php:1092
at vendor\symfony\console\Application.php:359
at vendor\symfony\console\Application.php:194
at vendor\laravel\framework\src\Illuminate\Console\Application.php:165
at vendor\laravel\framework\src\Illuminate\Foundation\Console\Kernel.php:426
at vendor\laravel\framework\src\Illuminate\Testing\PendingCommand.php:450
at vendor\laravel\framework\src\Illuminate\Testing\PendingCommand.php:653
at vendor\laravel\framework\src\Illuminate\Foundation\Testing\Concerns\InteractsWithConsole.php:87
at vendor\laravel\framework\src\Illuminate\Foundation\Testing\RefreshDatabase.php:101
at vendor\laravel\framework\src\Illuminate\Foundation\Testing\RefreshDatabase.php:84
at vendor\laravel\framework\src\Illuminate\Foundation\Testing\RefreshDatabase.php:25
at vendor\laravel\framework\src\Illuminate\Foundation\Testing\Concerns\InteractsWithTestCaseLifecycle.php:207
at vendor\laravel\framework\src\Illuminate\Foundation\Testing\Concerns\InteractsWithTestCaseLifecycle.php:96
at vendor\laravel\framework\src\Illuminate\Foundation\Testing\TestCase.php:44
at tests\TestCase.php:22
at tests\Unit\AlumniDirectoryServiceTest.php:27
Caused by
PDOException: could not find driver

at vendor\laravel\framework\src\Illuminate\Database\Connectors\Connector.php:66
at vendor\laravel\framework\src\Illuminate\Database\Connectors\Connector.php:44
at vendor\laravel\framework\src\Illuminate\Database\Connectors\PostgresConnector.php:35
at vendor\laravel\framework\src\Illuminate\Database\Connectors\ConnectionFactory.php:184
at vendor\laravel\framework\src\Illuminate\Database\Connection.php:1230
at vendor\laravel\framework\src\Illuminate\Database\Connection.php:1266
at vendor\laravel\framework\src\Illuminate\Database\Connection.php:511
at vendor\laravel\framework\src\Illuminate\Database\Connection.php:406
at vendor\laravel\framework\src\Illuminate\Database\Connection.php:811
at vendor\laravel\framework\src\Illuminate\Database\Connection.php:778
at vendor\laravel\framework\src\Illuminate\Database\Connection.php:397
at vendor\laravel\framework\src\Illuminate\Database\Connection.php:343
at vendor\laravel\framework\src\Illuminate\Database\Connection.php:360
at vendor\laravel\framework\src\Illuminate\Database\Schema\Builder.php:174
at vendor\laravel\framework\src\Illuminate\Database\Migrations\DatabaseMigrationRepository.php:185
at vendor\laravel\framework\src\Illuminate\Database\Migrations\Migrator.php:753
at vendor\laravel\framework\src\Illuminate\Database\Console\Migrations\FreshCommand.php:67
at vendor\laravel\framework\src\Illuminate\Database\Migrations\Migrator.php:666
at vendor\laravel\framework\src\Illuminate\Database\Console\Migrations\FreshCommand.php:66
at vendor\laravel\framework\src\Illuminate\Container\BoundMethod.php:36
at vendor\laravel\framework\src\Illuminate\Container\Util.php:43
at vendor\laravel\framework\src\Illuminate\Container\BoundMethod.php:96
at vendor\laravel\framework\src\Illuminate\Container\BoundMethod.php:35
at vendor\laravel\framework\src\Illuminate\Container\Container.php:836
at vendor\laravel\framework\src\Illuminate\Console\Command.php:211
at vendor\symfony\console\Command\Command.php:318
at vendor\laravel\framework\src\Illuminate\Console\Command.php:180
at vendor\symfony\console\Application.php:1092
at vendor\symfony\console\Application.php:359
at vendor\symfony\console\Application.php:194
at vendor\laravel\framework\src\Illuminate\Console\Application.php:165
at vendor\laravel\framework\src\Illuminate\Foundation\Console\Kernel.php:426
at vendor\laravel\framework\src\Illuminate\Testing\PendingCommand.php:450
at vendor\laravel\framework\src\Illuminate\Testing\PendingCommand.php:653
at vendor\laravel\framework\src\Illuminate\Foundation\Testing\Concerns\InteractsWithConsole.php:87
at vendor\laravel\framework\src\Illuminate\Foundation\Testing\RefreshDatabase.php:101
at vendor\laravel\framework\src\Illuminate\Foundation\Testing\RefreshDatabase.php:84
at vendor\laravel\framework\src\Illuminate\Foundation\Testing\RefreshDatabase.php:25
at vendor\laravel\framework\src\Illuminate\Foundation\Testing\Concerns\InteractsWithTestCaseLifecycle.php:207
at vendor\laravel\framework\src\Illuminate\Foundation\Testing\Concerns\InteractsWithTestCaseLifecycle.php:96
at vendor\laravel\framework\src\Illuminate\Foundation\Testing\TestCase.php:44
at tests\TestCase.php:22
at tests\Unit\AlumniDirectoryServiceTest.php:27</error>
        </testcase>
        <testcase name="Can filter by company" file="Alumni Directory Service (Tests\Unit\AlumniDirectoryService)::Can filter by company" class="Tests\Unit\AlumniDirectoryServiceTest" classname="Tests.Unit.AlumniDirectoryServiceTest" assertions="0" time="0.000000">
          <error type="Illuminate\Database\QueryException">Can filter by companyIlluminate\Database\QueryException: could not find driver (Connection: pgsql, SQL: select exists (select 1 from pg_class c, pg_namespace n where n.nspname = current_schema() and c.relname = 'migrations' and c.relkind in ('r', 'p') and n.oid = c.relnamespace))&#13;
at vendor\laravel\framework\src\Illuminate\Database\Connectors\Connector.php:66
at vendor\laravel\framework\src\Illuminate\Database\Connectors\Connector.php:44
at vendor\laravel\framework\src\Illuminate\Database\Connectors\PostgresConnector.php:35
at vendor\laravel\framework\src\Illuminate\Database\Connectors\ConnectionFactory.php:184
at vendor\laravel\framework\src\Illuminate\Database\Connection.php:1230
at vendor\laravel\framework\src\Illuminate\Database\Connection.php:1266
at vendor\laravel\framework\src\Illuminate\Database\Connection.php:511
at vendor\laravel\framework\src\Illuminate\Database\Connection.php:406
at vendor\laravel\framework\src\Illuminate\Database\Connection.php:811
at vendor\laravel\framework\src\Illuminate\Database\Connection.php:778
at vendor\laravel\framework\src\Illuminate\Database\Connection.php:397
at vendor\laravel\framework\src\Illuminate\Database\Connection.php:343
at vendor\laravel\framework\src\Illuminate\Database\Connection.php:360
at vendor\laravel\framework\src\Illuminate\Database\Schema\Builder.php:174
at vendor\laravel\framework\src\Illuminate\Database\Migrations\DatabaseMigrationRepository.php:185
at vendor\laravel\framework\src\Illuminate\Database\Migrations\Migrator.php:753
at vendor\laravel\framework\src\Illuminate\Database\Console\Migrations\FreshCommand.php:67
at vendor\laravel\framework\src\Illuminate\Database\Migrations\Migrator.php:666
at vendor\laravel\framework\src\Illuminate\Database\Console\Migrations\FreshCommand.php:66
at vendor\laravel\framework\src\Illuminate\Container\BoundMethod.php:36
at vendor\laravel\framework\src\Illuminate\Container\Util.php:43
at vendor\laravel\framework\src\Illuminate\Container\BoundMethod.php:96
at vendor\laravel\framework\src\Illuminate\Container\BoundMethod.php:35
at vendor\laravel\framework\src\Illuminate\Container\Container.php:836
at vendor\laravel\framework\src\Illuminate\Console\Command.php:211
at vendor\symfony\console\Command\Command.php:318
at vendor\laravel\framework\src\Illuminate\Console\Command.php:180
at vendor\symfony\console\Application.php:1092
at vendor\symfony\console\Application.php:359
at vendor\symfony\console\Application.php:194
at vendor\laravel\framework\src\Illuminate\Console\Application.php:165
at vendor\laravel\framework\src\Illuminate\Foundation\Console\Kernel.php:426
at vendor\laravel\framework\src\Illuminate\Testing\PendingCommand.php:450
at vendor\laravel\framework\src\Illuminate\Testing\PendingCommand.php:653
at vendor\laravel\framework\src\Illuminate\Foundation\Testing\Concerns\InteractsWithConsole.php:87
at vendor\laravel\framework\src\Illuminate\Foundation\Testing\RefreshDatabase.php:101
at vendor\laravel\framework\src\Illuminate\Foundation\Testing\RefreshDatabase.php:84
at vendor\laravel\framework\src\Illuminate\Foundation\Testing\RefreshDatabase.php:25
at vendor\laravel\framework\src\Illuminate\Foundation\Testing\Concerns\InteractsWithTestCaseLifecycle.php:207
at vendor\laravel\framework\src\Illuminate\Foundation\Testing\Concerns\InteractsWithTestCaseLifecycle.php:96
at vendor\laravel\framework\src\Illuminate\Foundation\Testing\TestCase.php:44
at tests\TestCase.php:22
at tests\Unit\AlumniDirectoryServiceTest.php:27
Caused by
PDOException: could not find driver

at vendor\laravel\framework\src\Illuminate\Database\Connectors\Connector.php:66
at vendor\laravel\framework\src\Illuminate\Database\Connectors\Connector.php:44
at vendor\laravel\framework\src\Illuminate\Database\Connectors\PostgresConnector.php:35
at vendor\laravel\framework\src\Illuminate\Database\Connectors\ConnectionFactory.php:184
at vendor\laravel\framework\src\Illuminate\Database\Connection.php:1230
at vendor\laravel\framework\src\Illuminate\Database\Connection.php:1266
at vendor\laravel\framework\src\Illuminate\Database\Connection.php:511
at vendor\laravel\framework\src\Illuminate\Database\Connection.php:406
at vendor\laravel\framework\src\Illuminate\Database\Connection.php:811
at vendor\laravel\framework\src\Illuminate\Database\Connection.php:778
at vendor\laravel\framework\src\Illuminate\Database\Connection.php:397
at vendor\laravel\framework\src\Illuminate\Database\Connection.php:343
at vendor\laravel\framework\src\Illuminate\Database\Connection.php:360
at vendor\laravel\framework\src\Illuminate\Database\Schema\Builder.php:174
at vendor\laravel\framework\src\Illuminate\Database\Migrations\DatabaseMigrationRepository.php:185
at vendor\laravel\framework\src\Illuminate\Database\Migrations\Migrator.php:753
at vendor\laravel\framework\src\Illuminate\Database\Console\Migrations\FreshCommand.php:67
at vendor\laravel\framework\src\Illuminate\Database\Migrations\Migrator.php:666
at vendor\laravel\framework\src\Illuminate\Database\Console\Migrations\FreshCommand.php:66
at vendor\laravel\framework\src\Illuminate\Container\BoundMethod.php:36
at vendor\laravel\framework\src\Illuminate\Container\Util.php:43
at vendor\laravel\framework\src\Illuminate\Container\BoundMethod.php:96
at vendor\laravel\framework\src\Illuminate\Container\BoundMethod.php:35
at vendor\laravel\framework\src\Illuminate\Container\Container.php:836
at vendor\laravel\framework\src\Illuminate\Console\Command.php:211
at vendor\symfony\console\Command\Command.php:318
at vendor\laravel\framework\src\Illuminate\Console\Command.php:180
at vendor\symfony\console\Application.php:1092
at vendor\symfony\console\Application.php:359
at vendor\symfony\console\Application.php:194
at vendor\laravel\framework\src\Illuminate\Console\Application.php:165
at vendor\laravel\framework\src\Illuminate\Foundation\Console\Kernel.php:426
at vendor\laravel\framework\src\Illuminate\Testing\PendingCommand.php:450
at vendor\laravel\framework\src\Illuminate\Testing\PendingCommand.php:653
at vendor\laravel\framework\src\Illuminate\Foundation\Testing\Concerns\InteractsWithConsole.php:87
at vendor\laravel\framework\src\Illuminate\Foundation\Testing\RefreshDatabase.php:101
at vendor\laravel\framework\src\Illuminate\Foundation\Testing\RefreshDatabase.php:84
at vendor\laravel\framework\src\Illuminate\Foundation\Testing\RefreshDatabase.php:25
at vendor\laravel\framework\src\Illuminate\Foundation\Testing\Concerns\InteractsWithTestCaseLifecycle.php:207
at vendor\laravel\framework\src\Illuminate\Foundation\Testing\Concerns\InteractsWithTestCaseLifecycle.php:96
at vendor\laravel\framework\src\Illuminate\Foundation\Testing\TestCase.php:44
at tests\TestCase.php:22
at tests\Unit\AlumniDirectoryServiceTest.php:27</error>
        </testcase>
        <testcase name="Can filter by skills" file="Alumni Directory Service (Tests\Unit\AlumniDirectoryService)::Can filter by skills" class="Tests\Unit\AlumniDirectoryServiceTest" classname="Tests.Unit.AlumniDirectoryServiceTest" assertions="0" time="0.000000">
          <error type="Illuminate\Database\QueryException">Can filter by skillsIlluminate\Database\QueryException: could not find driver (Connection: pgsql, SQL: select exists (select 1 from pg_class c, pg_namespace n where n.nspname = current_schema() and c.relname = 'migrations' and c.relkind in ('r', 'p') and n.oid = c.relnamespace))&#13;
at vendor\laravel\framework\src\Illuminate\Database\Connectors\Connector.php:66
at vendor\laravel\framework\src\Illuminate\Database\Connectors\Connector.php:44
at vendor\laravel\framework\src\Illuminate\Database\Connectors\PostgresConnector.php:35
at vendor\laravel\framework\src\Illuminate\Database\Connectors\ConnectionFactory.php:184
at vendor\laravel\framework\src\Illuminate\Database\Connection.php:1230
at vendor\laravel\framework\src\Illuminate\Database\Connection.php:1266
at vendor\laravel\framework\src\Illuminate\Database\Connection.php:511
at vendor\laravel\framework\src\Illuminate\Database\Connection.php:406
at vendor\laravel\framework\src\Illuminate\Database\Connection.php:811
at vendor\laravel\framework\src\Illuminate\Database\Connection.php:778
at vendor\laravel\framework\src\Illuminate\Database\Connection.php:397
at vendor\laravel\framework\src\Illuminate\Database\Connection.php:343
at vendor\laravel\framework\src\Illuminate\Database\Connection.php:360
at vendor\laravel\framework\src\Illuminate\Database\Schema\Builder.php:174
at vendor\laravel\framework\src\Illuminate\Database\Migrations\DatabaseMigrationRepository.php:185
at vendor\laravel\framework\src\Illuminate\Database\Migrations\Migrator.php:753
at vendor\laravel\framework\src\Illuminate\Database\Console\Migrations\FreshCommand.php:67
at vendor\laravel\framework\src\Illuminate\Database\Migrations\Migrator.php:666
at vendor\laravel\framework\src\Illuminate\Database\Console\Migrations\FreshCommand.php:66
at vendor\laravel\framework\src\Illuminate\Container\BoundMethod.php:36
at vendor\laravel\framework\src\Illuminate\Container\Util.php:43
at vendor\laravel\framework\src\Illuminate\Container\BoundMethod.php:96
at vendor\laravel\framework\src\Illuminate\Container\BoundMethod.php:35
at vendor\laravel\framework\src\Illuminate\Container\Container.php:836
at vendor\laravel\framework\src\Illuminate\Console\Command.php:211
at vendor\symfony\console\Command\Command.php:318
at vendor\laravel\framework\src\Illuminate\Console\Command.php:180
at vendor\symfony\console\Application.php:1092
at vendor\symfony\console\Application.php:359
at vendor\symfony\console\Application.php:194
at vendor\laravel\framework\src\Illuminate\Console\Application.php:165
at vendor\laravel\framework\src\Illuminate\Foundation\Console\Kernel.php:426
at vendor\laravel\framework\src\Illuminate\Testing\PendingCommand.php:450
at vendor\laravel\framework\src\Illuminate\Testing\PendingCommand.php:653
at vendor\laravel\framework\src\Illuminate\Foundation\Testing\Concerns\InteractsWithConsole.php:87
at vendor\laravel\framework\src\Illuminate\Foundation\Testing\RefreshDatabase.php:101
at vendor\laravel\framework\src\Illuminate\Foundation\Testing\RefreshDatabase.php:84
at vendor\laravel\framework\src\Illuminate\Foundation\Testing\RefreshDatabase.php:25
at vendor\laravel\framework\src\Illuminate\Foundation\Testing\Concerns\InteractsWithTestCaseLifecycle.php:207
at vendor\laravel\framework\src\Illuminate\Foundation\Testing\Concerns\InteractsWithTestCaseLifecycle.php:96
at vendor\laravel\framework\src\Illuminate\Foundation\Testing\TestCase.php:44
at tests\TestCase.php:22
at tests\Unit\AlumniDirectoryServiceTest.php:27
Caused by
PDOException: could not find driver

at vendor\laravel\framework\src\Illuminate\Database\Connectors\Connector.php:66
at vendor\laravel\framework\src\Illuminate\Database\Connectors\Connector.php:44
at vendor\laravel\framework\src\Illuminate\Database\Connectors\PostgresConnector.php:35
at vendor\laravel\framework\src\Illuminate\Database\Connectors\ConnectionFactory.php:184
at vendor\laravel\framework\src\Illuminate\Database\Connection.php:1230
at vendor\laravel\framework\src\Illuminate\Database\Connection.php:1266
at vendor\laravel\framework\src\Illuminate\Database\Connection.php:511
at vendor\laravel\framework\src\Illuminate\Database\Connection.php:406
at vendor\laravel\framework\src\Illuminate\Database\Connection.php:811
at vendor\laravel\framework\src\Illuminate\Database\Connection.php:778
at vendor\laravel\framework\src\Illuminate\Database\Connection.php:397
at vendor\laravel\framework\src\Illuminate\Database\Connection.php:343
at vendor\laravel\framework\src\Illuminate\Database\Connection.php:360
at vendor\laravel\framework\src\Illuminate\Database\Schema\Builder.php:174
at vendor\laravel\framework\src\Illuminate\Database\Migrations\DatabaseMigrationRepository.php:185
at vendor\laravel\framework\src\Illuminate\Database\Migrations\Migrator.php:753
at vendor\laravel\framework\src\Illuminate\Database\Console\Migrations\FreshCommand.php:67
at vendor\laravel\framework\src\Illuminate\Database\Migrations\Migrator.php:666
at vendor\laravel\framework\src\Illuminate\Database\Console\Migrations\FreshCommand.php:66
at vendor\laravel\framework\src\Illuminate\Container\BoundMethod.php:36
at vendor\laravel\framework\src\Illuminate\Container\Util.php:43
at vendor\laravel\framework\src\Illuminate\Container\BoundMethod.php:96
at vendor\laravel\framework\src\Illuminate\Container\BoundMethod.php:35
at vendor\laravel\framework\src\Illuminate\Container\Container.php:836
at vendor\laravel\framework\src\Illuminate\Console\Command.php:211
at vendor\symfony\console\Command\Command.php:318
at vendor\laravel\framework\src\Illuminate\Console\Command.php:180
at vendor\symfony\console\Application.php:1092
at vendor\symfony\console\Application.php:359
at vendor\symfony\console\Application.php:194
at vendor\laravel\framework\src\Illuminate\Console\Application.php:165
at vendor\laravel\framework\src\Illuminate\Foundation\Console\Kernel.php:426
at vendor\laravel\framework\src\Illuminate\Testing\PendingCommand.php:450
at vendor\laravel\framework\src\Illuminate\Testing\PendingCommand.php:653
at vendor\laravel\framework\src\Illuminate\Foundation\Testing\Concerns\InteractsWithConsole.php:87
at vendor\laravel\framework\src\Illuminate\Foundation\Testing\RefreshDatabase.php:101
at vendor\laravel\framework\src\Illuminate\Foundation\Testing\RefreshDatabase.php:84
at vendor\laravel\framework\src\Illuminate\Foundation\Testing\RefreshDatabase.php:25
at vendor\laravel\framework\src\Illuminate\Foundation\Testing\Concerns\InteractsWithTestCaseLifecycle.php:207
at vendor\laravel\framework\src\Illuminate\Foundation\Testing\Concerns\InteractsWithTestCaseLifecycle.php:96
at vendor\laravel\framework\src\Illuminate\Foundation\Testing\TestCase.php:44
at tests\TestCase.php:22
at tests\Unit\AlumniDirectoryServiceTest.php:27</error>
        </testcase>
        <testcase name="Can get alumni profile with privacy controls" file="Alumni Directory Service (Tests\Unit\AlumniDirectoryService)::Can get alumni profile with privacy controls" class="Tests\Unit\AlumniDirectoryServiceTest" classname="Tests.Unit.AlumniDirectoryServiceTest" assertions="0" time="0.000000">
          <error type="Illuminate\Database\QueryException">Can get alumni profile with privacy controlsIlluminate\Database\QueryException: could not find driver (Connection: pgsql, SQL: select exists (select 1 from pg_class c, pg_namespace n where n.nspname = current_schema() and c.relname = 'migrations' and c.relkind in ('r', 'p') and n.oid = c.relnamespace))&#13;
at vendor\laravel\framework\src\Illuminate\Database\Connectors\Connector.php:66
at vendor\laravel\framework\src\Illuminate\Database\Connectors\Connector.php:44
at vendor\laravel\framework\src\Illuminate\Database\Connectors\PostgresConnector.php:35
at vendor\laravel\framework\src\Illuminate\Database\Connectors\ConnectionFactory.php:184
at vendor\laravel\framework\src\Illuminate\Database\Connection.php:1230
at vendor\laravel\framework\src\Illuminate\Database\Connection.php:1266
at vendor\laravel\framework\src\Illuminate\Database\Connection.php:511
at vendor\laravel\framework\src\Illuminate\Database\Connection.php:406
at vendor\laravel\framework\src\Illuminate\Database\Connection.php:811
at vendor\laravel\framework\src\Illuminate\Database\Connection.php:778
at vendor\laravel\framework\src\Illuminate\Database\Connection.php:397
at vendor\laravel\framework\src\Illuminate\Database\Connection.php:343
at vendor\laravel\framework\src\Illuminate\Database\Connection.php:360
at vendor\laravel\framework\src\Illuminate\Database\Schema\Builder.php:174
at vendor\laravel\framework\src\Illuminate\Database\Migrations\DatabaseMigrationRepository.php:185
at vendor\laravel\framework\src\Illuminate\Database\Migrations\Migrator.php:753
at vendor\laravel\framework\src\Illuminate\Database\Console\Migrations\FreshCommand.php:67
at vendor\laravel\framework\src\Illuminate\Database\Migrations\Migrator.php:666
at vendor\laravel\framework\src\Illuminate\Database\Console\Migrations\FreshCommand.php:66
at vendor\laravel\framework\src\Illuminate\Container\BoundMethod.php:36
at vendor\laravel\framework\src\Illuminate\Container\Util.php:43
at vendor\laravel\framework\src\Illuminate\Container\BoundMethod.php:96
at vendor\laravel\framework\src\Illuminate\Container\BoundMethod.php:35
at vendor\laravel\framework\src\Illuminate\Container\Container.php:836
at vendor\laravel\framework\src\Illuminate\Console\Command.php:211
at vendor\symfony\console\Command\Command.php:318
at vendor\laravel\framework\src\Illuminate\Console\Command.php:180
at vendor\symfony\console\Application.php:1092
at vendor\symfony\console\Application.php:359
at vendor\symfony\console\Application.php:194
at vendor\laravel\framework\src\Illuminate\Console\Application.php:165
at vendor\laravel\framework\src\Illuminate\Foundation\Console\Kernel.php:426
at vendor\laravel\framework\src\Illuminate\Testing\PendingCommand.php:450
at vendor\laravel\framework\src\Illuminate\Testing\PendingCommand.php:653
at vendor\laravel\framework\src\Illuminate\Foundation\Testing\Concerns\InteractsWithConsole.php:87
at vendor\laravel\framework\src\Illuminate\Foundation\Testing\RefreshDatabase.php:101
at vendor\laravel\framework\src\Illuminate\Foundation\Testing\RefreshDatabase.php:84
at vendor\laravel\framework\src\Illuminate\Foundation\Testing\RefreshDatabase.php:25
at vendor\laravel\framework\src\Illuminate\Foundation\Testing\Concerns\InteractsWithTestCaseLifecycle.php:207
at vendor\laravel\framework\src\Illuminate\Foundation\Testing\Concerns\InteractsWithTestCaseLifecycle.php:96
at vendor\laravel\framework\src\Illuminate\Foundation\Testing\TestCase.php:44
at tests\TestCase.php:22
at tests\Unit\AlumniDirectoryServiceTest.php:27
Caused by
PDOException: could not find driver

at vendor\laravel\framework\src\Illuminate\Database\Connectors\Connector.php:66
at vendor\laravel\framework\src\Illuminate\Database\Connectors\Connector.php:44
at vendor\laravel\framework\src\Illuminate\Database\Connectors\PostgresConnector.php:35
at vendor\laravel\framework\src\Illuminate\Database\Connectors\ConnectionFactory.php:184
at vendor\laravel\framework\src\Illuminate\Database\Connection.php:1230
at vendor\laravel\framework\src\Illuminate\Database\Connection.php:1266
at vendor\laravel\framework\src\Illuminate\Database\Connection.php:511
at vendor\laravel\framework\src\Illuminate\Database\Connection.php:406
at vendor\laravel\framework\src\Illuminate\Database\Connection.php:811
at vendor\laravel\framework\src\Illuminate\Database\Connection.php:778
at vendor\laravel\framework\src\Illuminate\Database\Connection.php:397
at vendor\laravel\framework\src\Illuminate\Database\Connection.php:343
at vendor\laravel\framework\src\Illuminate\Database\Connection.php:360
at vendor\laravel\framework\src\Illuminate\Database\Schema\Builder.php:174
at vendor\laravel\framework\src\Illuminate\Database\Migrations\DatabaseMigrationRepository.php:185
at vendor\laravel\framework\src\Illuminate\Database\Migrations\Migrator.php:753
at vendor\laravel\framework\src\Illuminate\Database\Console\Migrations\FreshCommand.php:67
at vendor\laravel\framework\src\Illuminate\Database\Migrations\Migrator.php:666
at vendor\laravel\framework\src\Illuminate\Database\Console\Migrations\FreshCommand.php:66
at vendor\laravel\framework\src\Illuminate\Container\BoundMethod.php:36
at vendor\laravel\framework\src\Illuminate\Container\Util.php:43
at vendor\laravel\framework\src\Illuminate\Container\BoundMethod.php:96
at vendor\laravel\framework\src\Illuminate\Container\BoundMethod.php:35
at vendor\laravel\framework\src\Illuminate\Container\Container.php:836
at vendor\laravel\framework\src\Illuminate\Console\Command.php:211
at vendor\symfony\console\Command\Command.php:318
at vendor\laravel\framework\src\Illuminate\Console\Command.php:180
at vendor\symfony\console\Application.php:1092
at vendor\symfony\console\Application.php:359
at vendor\symfony\console\Application.php:194
at vendor\laravel\framework\src\Illuminate\Console\Application.php:165
at vendor\laravel\framework\src\Illuminate\Foundation\Console\Kernel.php:426
at vendor\laravel\framework\src\Illuminate\Testing\PendingCommand.php:450
at vendor\laravel\framework\src\Illuminate\Testing\PendingCommand.php:653
at vendor\laravel\framework\src\Illuminate\Foundation\Testing\Concerns\InteractsWithConsole.php:87
at vendor\laravel\framework\src\Illuminate\Foundation\Testing\RefreshDatabase.php:101
at vendor\laravel\framework\src\Illuminate\Foundation\Testing\RefreshDatabase.php:84
at vendor\laravel\framework\src\Illuminate\Foundation\Testing\RefreshDatabase.php:25
at vendor\laravel\framework\src\Illuminate\Foundation\Testing\Concerns\InteractsWithTestCaseLifecycle.php:207
at vendor\laravel\framework\src\Illuminate\Foundation\Testing\Concerns\InteractsWithTestCaseLifecycle.php:96
at vendor\laravel\framework\src\Illuminate\Foundation\Testing\TestCase.php:44
at tests\TestCase.php:22
at tests\Unit\AlumniDirectoryServiceTest.php:27</error>
        </testcase>
        <testcase name="Can get mutual connections" file="Alumni Directory Service (Tests\Unit\AlumniDirectoryService)::Can get mutual connections" class="Tests\Unit\AlumniDirectoryServiceTest" classname="Tests.Unit.AlumniDirectoryServiceTest" assertions="0" time="0.000000">
          <error type="Illuminate\Database\QueryException">Can get mutual connectionsIlluminate\Database\QueryException: could not find driver (Connection: pgsql, SQL: select exists (select 1 from pg_class c, pg_namespace n where n.nspname = current_schema() and c.relname = 'migrations' and c.relkind in ('r', 'p') and n.oid = c.relnamespace))&#13;
at vendor\laravel\framework\src\Illuminate\Database\Connectors\Connector.php:66
at vendor\laravel\framework\src\Illuminate\Database\Connectors\Connector.php:44
at vendor\laravel\framework\src\Illuminate\Database\Connectors\PostgresConnector.php:35
at vendor\laravel\framework\src\Illuminate\Database\Connectors\ConnectionFactory.php:184
at vendor\laravel\framework\src\Illuminate\Database\Connection.php:1230
at vendor\laravel\framework\src\Illuminate\Database\Connection.php:1266
at vendor\laravel\framework\src\Illuminate\Database\Connection.php:511
at vendor\laravel\framework\src\Illuminate\Database\Connection.php:406
at vendor\laravel\framework\src\Illuminate\Database\Connection.php:811
at vendor\laravel\framework\src\Illuminate\Database\Connection.php:778
at vendor\laravel\framework\src\Illuminate\Database\Connection.php:397
at vendor\laravel\framework\src\Illuminate\Database\Connection.php:343
at vendor\laravel\framework\src\Illuminate\Database\Connection.php:360
at vendor\laravel\framework\src\Illuminate\Database\Schema\Builder.php:174
at vendor\laravel\framework\src\Illuminate\Database\Migrations\DatabaseMigrationRepository.php:185
at vendor\laravel\framework\src\Illuminate\Database\Migrations\Migrator.php:753
at vendor\laravel\framework\src\Illuminate\Database\Console\Migrations\FreshCommand.php:67
at vendor\laravel\framework\src\Illuminate\Database\Migrations\Migrator.php:666
at vendor\laravel\framework\src\Illuminate\Database\Console\Migrations\FreshCommand.php:66
at vendor\laravel\framework\src\Illuminate\Container\BoundMethod.php:36
at vendor\laravel\framework\src\Illuminate\Container\Util.php:43
at vendor\laravel\framework\src\Illuminate\Container\BoundMethod.php:96
at vendor\laravel\framework\src\Illuminate\Container\BoundMethod.php:35
at vendor\laravel\framework\src\Illuminate\Container\Container.php:836
at vendor\laravel\framework\src\Illuminate\Console\Command.php:211
at vendor\symfony\console\Command\Command.php:318
at vendor\laravel\framework\src\Illuminate\Console\Command.php:180
at vendor\symfony\console\Application.php:1092
at vendor\symfony\console\Application.php:359
at vendor\symfony\console\Application.php:194
at vendor\laravel\framework\src\Illuminate\Console\Application.php:165
at vendor\laravel\framework\src\Illuminate\Foundation\Console\Kernel.php:426
at vendor\laravel\framework\src\Illuminate\Testing\PendingCommand.php:450
at vendor\laravel\framework\src\Illuminate\Testing\PendingCommand.php:653
at vendor\laravel\framework\src\Illuminate\Foundation\Testing\Concerns\InteractsWithConsole.php:87
at vendor\laravel\framework\src\Illuminate\Foundation\Testing\RefreshDatabase.php:101
at vendor\laravel\framework\src\Illuminate\Foundation\Testing\RefreshDatabase.php:84
at vendor\laravel\framework\src\Illuminate\Foundation\Testing\RefreshDatabase.php:25
at vendor\laravel\framework\src\Illuminate\Foundation\Testing\Concerns\InteractsWithTestCaseLifecycle.php:207
at vendor\laravel\framework\src\Illuminate\Foundation\Testing\Concerns\InteractsWithTestCaseLifecycle.php:96
at vendor\laravel\framework\src\Illuminate\Foundation\Testing\TestCase.php:44
at tests\TestCase.php:22
at tests\Unit\AlumniDirectoryServiceTest.php:27
Caused by
PDOException: could not find driver

at vendor\laravel\framework\src\Illuminate\Database\Connectors\Connector.php:66
at vendor\laravel\framework\src\Illuminate\Database\Connectors\Connector.php:44
at vendor\laravel\framework\src\Illuminate\Database\Connectors\PostgresConnector.php:35
at vendor\laravel\framework\src\Illuminate\Database\Connectors\ConnectionFactory.php:184
at vendor\laravel\framework\src\Illuminate\Database\Connection.php:1230
at vendor\laravel\framework\src\Illuminate\Database\Connection.php:1266
at vendor\laravel\framework\src\Illuminate\Database\Connection.php:511
at vendor\laravel\framework\src\Illuminate\Database\Connection.php:406
at vendor\laravel\framework\src\Illuminate\Database\Connection.php:811
at vendor\laravel\framework\src\Illuminate\Database\Connection.php:778
at vendor\laravel\framework\src\Illuminate\Database\Connection.php:397
at vendor\laravel\framework\src\Illuminate\Database\Connection.php:343
at vendor\laravel\framework\src\Illuminate\Database\Connection.php:360
at vendor\laravel\framework\src\Illuminate\Database\Schema\Builder.php:174
at vendor\laravel\framework\src\Illuminate\Database\Migrations\DatabaseMigrationRepository.php:185
at vendor\laravel\framework\src\Illuminate\Database\Migrations\Migrator.php:753
at vendor\laravel\framework\src\Illuminate\Database\Console\Migrations\FreshCommand.php:67
at vendor\laravel\framework\src\Illuminate\Database\Migrations\Migrator.php:666
at vendor\laravel\framework\src\Illuminate\Database\Console\Migrations\FreshCommand.php:66
at vendor\laravel\framework\src\Illuminate\Container\BoundMethod.php:36
at vendor\laravel\framework\src\Illuminate\Container\Util.php:43
at vendor\laravel\framework\src\Illuminate\Container\BoundMethod.php:96
at vendor\laravel\framework\src\Illuminate\Container\BoundMethod.php:35
at vendor\laravel\framework\src\Illuminate\Container\Container.php:836
at vendor\laravel\framework\src\Illuminate\Console\Command.php:211
at vendor\symfony\console\Command\Command.php:318
at vendor\laravel\framework\src\Illuminate\Console\Command.php:180
at vendor\symfony\console\Application.php:1092
at vendor\symfony\console\Application.php:359
at vendor\symfony\console\Application.php:194
at vendor\laravel\framework\src\Illuminate\Console\Application.php:165
at vendor\laravel\framework\src\Illuminate\Foundation\Console\Kernel.php:426
at vendor\laravel\framework\src\Illuminate\Testing\PendingCommand.php:450
at vendor\laravel\framework\src\Illuminate\Testing\PendingCommand.php:653
at vendor\laravel\framework\src\Illuminate\Foundation\Testing\Concerns\InteractsWithConsole.php:87
at vendor\laravel\framework\src\Illuminate\Foundation\Testing\RefreshDatabase.php:101
at vendor\laravel\framework\src\Illuminate\Foundation\Testing\RefreshDatabase.php:84
at vendor\laravel\framework\src\Illuminate\Foundation\Testing\RefreshDatabase.php:25
at vendor\laravel\framework\src\Illuminate\Foundation\Testing\Concerns\InteractsWithTestCaseLifecycle.php:207
at vendor\laravel\framework\src\Illuminate\Foundation\Testing\Concerns\InteractsWithTestCaseLifecycle.php:96
at vendor\laravel\framework\src\Illuminate\Foundation\Testing\TestCase.php:44
at tests\TestCase.php:22
at tests\Unit\AlumniDirectoryServiceTest.php:27</error>
        </testcase>
        <testcase name="Can get connection status" file="Alumni Directory Service (Tests\Unit\AlumniDirectoryService)::Can get connection status" class="Tests\Unit\AlumniDirectoryServiceTest" classname="Tests.Unit.AlumniDirectoryServiceTest" assertions="0" time="0.000000">
          <error type="Illuminate\Database\QueryException">Can get connection statusIlluminate\Database\QueryException: could not find driver (Connection: pgsql, SQL: select exists (select 1 from pg_class c, pg_namespace n where n.nspname = current_schema() and c.relname = 'migrations' and c.relkind in ('r', 'p') and n.oid = c.relnamespace))&#13;
at vendor\laravel\framework\src\Illuminate\Database\Connectors\Connector.php:66
at vendor\laravel\framework\src\Illuminate\Database\Connectors\Connector.php:44
at vendor\laravel\framework\src\Illuminate\Database\Connectors\PostgresConnector.php:35
at vendor\laravel\framework\src\Illuminate\Database\Connectors\ConnectionFactory.php:184
at vendor\laravel\framework\src\Illuminate\Database\Connection.php:1230
at vendor\laravel\framework\src\Illuminate\Database\Connection.php:1266
at vendor\laravel\framework\src\Illuminate\Database\Connection.php:511
at vendor\laravel\framework\src\Illuminate\Database\Connection.php:406
at vendor\laravel\framework\src\Illuminate\Database\Connection.php:811
at vendor\laravel\framework\src\Illuminate\Database\Connection.php:778
at vendor\laravel\framework\src\Illuminate\Database\Connection.php:397
at vendor\laravel\framework\src\Illuminate\Database\Connection.php:343
at vendor\laravel\framework\src\Illuminate\Database\Connection.php:360
at vendor\laravel\framework\src\Illuminate\Database\Schema\Builder.php:174
at vendor\laravel\framework\src\Illuminate\Database\Migrations\DatabaseMigrationRepository.php:185
at vendor\laravel\framework\src\Illuminate\Database\Migrations\Migrator.php:753
at vendor\laravel\framework\src\Illuminate\Database\Console\Migrations\FreshCommand.php:67
at vendor\laravel\framework\src\Illuminate\Database\Migrations\Migrator.php:666
at vendor\laravel\framework\src\Illuminate\Database\Console\Migrations\FreshCommand.php:66
at vendor\laravel\framework\src\Illuminate\Container\BoundMethod.php:36
at vendor\laravel\framework\src\Illuminate\Container\Util.php:43
at vendor\laravel\framework\src\Illuminate\Container\BoundMethod.php:96
at vendor\laravel\framework\src\Illuminate\Container\BoundMethod.php:35
at vendor\laravel\framework\src\Illuminate\Container\Container.php:836
at vendor\laravel\framework\src\Illuminate\Console\Command.php:211
at vendor\symfony\console\Command\Command.php:318
at vendor\laravel\framework\src\Illuminate\Console\Command.php:180
at vendor\symfony\console\Application.php:1092
at vendor\symfony\console\Application.php:359
at vendor\symfony\console\Application.php:194
at vendor\laravel\framework\src\Illuminate\Console\Application.php:165
at vendor\laravel\framework\src\Illuminate\Foundation\Console\Kernel.php:426
at vendor\laravel\framework\src\Illuminate\Testing\PendingCommand.php:450
at vendor\laravel\framework\src\Illuminate\Testing\PendingCommand.php:653
at vendor\laravel\framework\src\Illuminate\Foundation\Testing\Concerns\InteractsWithConsole.php:87
at vendor\laravel\framework\src\Illuminate\Foundation\Testing\RefreshDatabase.php:101
at vendor\laravel\framework\src\Illuminate\Foundation\Testing\RefreshDatabase.php:84
at vendor\laravel\framework\src\Illuminate\Foundation\Testing\RefreshDatabase.php:25
at vendor\laravel\framework\src\Illuminate\Foundation\Testing\Concerns\InteractsWithTestCaseLifecycle.php:207
at vendor\laravel\framework\src\Illuminate\Foundation\Testing\Concerns\InteractsWithTestCaseLifecycle.php:96
at vendor\laravel\framework\src\Illuminate\Foundation\Testing\TestCase.php:44
at tests\TestCase.php:22
at tests\Unit\AlumniDirectoryServiceTest.php:27
Caused by
PDOException: could not find driver

at vendor\laravel\framework\src\Illuminate\Database\Connectors\Connector.php:66
at vendor\laravel\framework\src\Illuminate\Database\Connectors\Connector.php:44
at vendor\laravel\framework\src\Illuminate\Database\Connectors\PostgresConnector.php:35
at vendor\laravel\framework\src\Illuminate\Database\Connectors\ConnectionFactory.php:184
at vendor\laravel\framework\src\Illuminate\Database\Connection.php:1230
at vendor\laravel\framework\src\Illuminate\Database\Connection.php:1266
at vendor\laravel\framework\src\Illuminate\Database\Connection.php:511
at vendor\laravel\framework\src\Illuminate\Database\Connection.php:406
at vendor\laravel\framework\src\Illuminate\Database\Connection.php:811
at vendor\laravel\framework\src\Illuminate\Database\Connection.php:778
at vendor\laravel\framework\src\Illuminate\Database\Connection.php:397
at vendor\laravel\framework\src\Illuminate\Database\Connection.php:343
at vendor\laravel\framework\src\Illuminate\Database\Connection.php:360
at vendor\laravel\framework\src\Illuminate\Database\Schema\Builder.php:174
at vendor\laravel\framework\src\Illuminate\Database\Migrations\DatabaseMigrationRepository.php:185
at vendor\laravel\framework\src\Illuminate\Database\Migrations\Migrator.php:753
at vendor\laravel\framework\src\Illuminate\Database\Console\Migrations\FreshCommand.php:67
at vendor\laravel\framework\src\Illuminate\Database\Migrations\Migrator.php:666
at vendor\laravel\framework\src\Illuminate\Database\Console\Migrations\FreshCommand.php:66
at vendor\laravel\framework\src\Illuminate\Container\BoundMethod.php:36
at vendor\laravel\framework\src\Illuminate\Container\Util.php:43
at vendor\laravel\framework\src\Illuminate\Container\BoundMethod.php:96
at vendor\laravel\framework\src\Illuminate\Container\BoundMethod.php:35
at vendor\laravel\framework\src\Illuminate\Container\Container.php:836
at vendor\laravel\framework\src\Illuminate\Console\Command.php:211
at vendor\symfony\console\Command\Command.php:318
at vendor\laravel\framework\src\Illuminate\Console\Command.php:180
at vendor\symfony\console\Application.php:1092
at vendor\symfony\console\Application.php:359
at vendor\symfony\console\Application.php:194
at vendor\laravel\framework\src\Illuminate\Console\Application.php:165
at vendor\laravel\framework\src\Illuminate\Foundation\Console\Kernel.php:426
at vendor\laravel\framework\src\Illuminate\Testing\PendingCommand.php:450
at vendor\laravel\framework\src\Illuminate\Testing\PendingCommand.php:653
at vendor\laravel\framework\src\Illuminate\Foundation\Testing\Concerns\InteractsWithConsole.php:87
at vendor\laravel\framework\src\Illuminate\Foundation\Testing\RefreshDatabase.php:101
at vendor\laravel\framework\src\Illuminate\Foundation\Testing\RefreshDatabase.php:84
at vendor\laravel\framework\src\Illuminate\Foundation\Testing\RefreshDatabase.php:25
at vendor\laravel\framework\src\Illuminate\Foundation\Testing\Concerns\InteractsWithTestCaseLifecycle.php:207
at vendor\laravel\framework\src\Illuminate\Foundation\Testing\Concerns\InteractsWithTestCaseLifecycle.php:96
at vendor\laravel\framework\src\Illuminate\Foundation\Testing\TestCase.php:44
at tests\TestCase.php:22
at tests\Unit\AlumniDirectoryServiceTest.php:27</error>
        </testcase>
        <testcase name="Can get available filters" file="Alumni Directory Service (Tests\Unit\AlumniDirectoryService)::Can get available filters" class="Tests\Unit\AlumniDirectoryServiceTest" classname="Tests.Unit.AlumniDirectoryServiceTest" assertions="0" time="0.000000">
          <error type="Illuminate\Database\QueryException">Can get available filtersIlluminate\Database\QueryException: could not find driver (Connection: pgsql, SQL: select exists (select 1 from pg_class c, pg_namespace n where n.nspname = current_schema() and c.relname = 'migrations' and c.relkind in ('r', 'p') and n.oid = c.relnamespace))&#13;
at vendor\laravel\framework\src\Illuminate\Database\Connectors\Connector.php:66
at vendor\laravel\framework\src\Illuminate\Database\Connectors\Connector.php:44
at vendor\laravel\framework\src\Illuminate\Database\Connectors\PostgresConnector.php:35
at vendor\laravel\framework\src\Illuminate\Database\Connectors\ConnectionFactory.php:184
at vendor\laravel\framework\src\Illuminate\Database\Connection.php:1230
at vendor\laravel\framework\src\Illuminate\Database\Connection.php:1266
at vendor\laravel\framework\src\Illuminate\Database\Connection.php:511
at vendor\laravel\framework\src\Illuminate\Database\Connection.php:406
at vendor\laravel\framework\src\Illuminate\Database\Connection.php:811
at vendor\laravel\framework\src\Illuminate\Database\Connection.php:778
at vendor\laravel\framework\src\Illuminate\Database\Connection.php:397
at vendor\laravel\framework\src\Illuminate\Database\Connection.php:343
at vendor\laravel\framework\src\Illuminate\Database\Connection.php:360
at vendor\laravel\framework\src\Illuminate\Database\Schema\Builder.php:174
at vendor\laravel\framework\src\Illuminate\Database\Migrations\DatabaseMigrationRepository.php:185
at vendor\laravel\framework\src\Illuminate\Database\Migrations\Migrator.php:753
at vendor\laravel\framework\src\Illuminate\Database\Console\Migrations\FreshCommand.php:67
at vendor\laravel\framework\src\Illuminate\Database\Migrations\Migrator.php:666
at vendor\laravel\framework\src\Illuminate\Database\Console\Migrations\FreshCommand.php:66
at vendor\laravel\framework\src\Illuminate\Container\BoundMethod.php:36
at vendor\laravel\framework\src\Illuminate\Container\Util.php:43
at vendor\laravel\framework\src\Illuminate\Container\BoundMethod.php:96
at vendor\laravel\framework\src\Illuminate\Container\BoundMethod.php:35
at vendor\laravel\framework\src\Illuminate\Container\Container.php:836
at vendor\laravel\framework\src\Illuminate\Console\Command.php:211
at vendor\symfony\console\Command\Command.php:318
at vendor\laravel\framework\src\Illuminate\Console\Command.php:180
at vendor\symfony\console\Application.php:1092
at vendor\symfony\console\Application.php:359
at vendor\symfony\console\Application.php:194
at vendor\laravel\framework\src\Illuminate\Console\Application.php:165
at vendor\laravel\framework\src\Illuminate\Foundation\Console\Kernel.php:426
at vendor\laravel\framework\src\Illuminate\Testing\PendingCommand.php:450
at vendor\laravel\framework\src\Illuminate\Testing\PendingCommand.php:653
at vendor\laravel\framework\src\Illuminate\Foundation\Testing\Concerns\InteractsWithConsole.php:87
at vendor\laravel\framework\src\Illuminate\Foundation\Testing\RefreshDatabase.php:101
at vendor\laravel\framework\src\Illuminate\Foundation\Testing\RefreshDatabase.php:84
at vendor\laravel\framework\src\Illuminate\Foundation\Testing\RefreshDatabase.php:25
at vendor\laravel\framework\src\Illuminate\Foundation\Testing\Concerns\InteractsWithTestCaseLifecycle.php:207
at vendor\laravel\framework\src\Illuminate\Foundation\Testing\Concerns\InteractsWithTestCaseLifecycle.php:96
at vendor\laravel\framework\src\Illuminate\Foundation\Testing\TestCase.php:44
at tests\TestCase.php:22
at tests\Unit\AlumniDirectoryServiceTest.php:27
Caused by
PDOException: could not find driver

at vendor\laravel\framework\src\Illuminate\Database\Connectors\Connector.php:66
at vendor\laravel\framework\src\Illuminate\Database\Connectors\Connector.php:44
at vendor\laravel\framework\src\Illuminate\Database\Connectors\PostgresConnector.php:35
at vendor\laravel\framework\src\Illuminate\Database\Connectors\ConnectionFactory.php:184
at vendor\laravel\framework\src\Illuminate\Database\Connection.php:1230
at vendor\laravel\framework\src\Illuminate\Database\Connection.php:1266
at vendor\laravel\framework\src\Illuminate\Database\Connection.php:511
at vendor\laravel\framework\src\Illuminate\Database\Connection.php:406
at vendor\laravel\framework\src\Illuminate\Database\Connection.php:811
at vendor\laravel\framework\src\Illuminate\Database\Connection.php:778
at vendor\laravel\framework\src\Illuminate\Database\Connection.php:397
at vendor\laravel\framework\src\Illuminate\Database\Connection.php:343
at vendor\laravel\framework\src\Illuminate\Database\Connection.php:360
at vendor\laravel\framework\src\Illuminate\Database\Schema\Builder.php:174
at vendor\laravel\framework\src\Illuminate\Database\Migrations\DatabaseMigrationRepository.php:185
at vendor\laravel\framework\src\Illuminate\Database\Migrations\Migrator.php:753
at vendor\laravel\framework\src\Illuminate\Database\Console\Migrations\FreshCommand.php:67
at vendor\laravel\framework\src\Illuminate\Database\Migrations\Migrator.php:666
at vendor\laravel\framework\src\Illuminate\Database\Console\Migrations\FreshCommand.php:66
at vendor\laravel\framework\src\Illuminate\Container\BoundMethod.php:36
at vendor\laravel\framework\src\Illuminate\Container\Util.php:43
at vendor\laravel\framework\src\Illuminate\Container\BoundMethod.php:96
at vendor\laravel\framework\src\Illuminate\Container\BoundMethod.php:35
at vendor\laravel\framework\src\Illuminate\Container\Container.php:836
at vendor\laravel\framework\src\Illuminate\Console\Command.php:211
at vendor\symfony\console\Command\Command.php:318
at vendor\laravel\framework\src\Illuminate\Console\Command.php:180
at vendor\symfony\console\Application.php:1092
at vendor\symfony\console\Application.php:359
at vendor\symfony\console\Application.php:194
at vendor\laravel\framework\src\Illuminate\Console\Application.php:165
at vendor\laravel\framework\src\Illuminate\Foundation\Console\Kernel.php:426
at vendor\laravel\framework\src\Illuminate\Testing\PendingCommand.php:450
at vendor\laravel\framework\src\Illuminate\Testing\PendingCommand.php:653
at vendor\laravel\framework\src\Illuminate\Foundation\Testing\Concerns\InteractsWithConsole.php:87
at vendor\laravel\framework\src\Illuminate\Foundation\Testing\RefreshDatabase.php:101
at vendor\laravel\framework\src\Illuminate\Foundation\Testing\RefreshDatabase.php:84
at vendor\laravel\framework\src\Illuminate\Foundation\Testing\RefreshDatabase.php:25
at vendor\laravel\framework\src\Illuminate\Foundation\Testing\Concerns\InteractsWithTestCaseLifecycle.php:207
at vendor\laravel\framework\src\Illuminate\Foundation\Testing\Concerns\InteractsWithTestCaseLifecycle.php:96
at vendor\laravel\framework\src\Illuminate\Foundation\Testing\TestCase.php:44
at tests\TestCase.php:22
at tests\Unit\AlumniDirectoryServiceTest.php:27</error>
        </testcase>
        <testcase name="Pagination works correctly" file="Alumni Directory Service (Tests\Unit\AlumniDirectoryService)::Pagination works correctly" class="Tests\Unit\AlumniDirectoryServiceTest" classname="Tests.Unit.AlumniDirectoryServiceTest" assertions="0" time="0.000000">
          <error type="Illuminate\Database\QueryException">Pagination works correctlyIlluminate\Database\QueryException: could not find driver (Connection: pgsql, SQL: select exists (select 1 from pg_class c, pg_namespace n where n.nspname = current_schema() and c.relname = 'migrations' and c.relkind in ('r', 'p') and n.oid = c.relnamespace))&#13;
at vendor\laravel\framework\src\Illuminate\Database\Connectors\Connector.php:66
at vendor\laravel\framework\src\Illuminate\Database\Connectors\Connector.php:44
at vendor\laravel\framework\src\Illuminate\Database\Connectors\PostgresConnector.php:35
at vendor\laravel\framework\src\Illuminate\Database\Connectors\ConnectionFactory.php:184
at vendor\laravel\framework\src\Illuminate\Database\Connection.php:1230
at vendor\laravel\framework\src\Illuminate\Database\Connection.php:1266
at vendor\laravel\framework\src\Illuminate\Database\Connection.php:511
at vendor\laravel\framework\src\Illuminate\Database\Connection.php:406
at vendor\laravel\framework\src\Illuminate\Database\Connection.php:811
at vendor\laravel\framework\src\Illuminate\Database\Connection.php:778
at vendor\laravel\framework\src\Illuminate\Database\Connection.php:397
at vendor\laravel\framework\src\Illuminate\Database\Connection.php:343
at vendor\laravel\framework\src\Illuminate\Database\Connection.php:360
at vendor\laravel\framework\src\Illuminate\Database\Schema\Builder.php:174
at vendor\laravel\framework\src\Illuminate\Database\Migrations\DatabaseMigrationRepository.php:185
at vendor\laravel\framework\src\Illuminate\Database\Migrations\Migrator.php:753
at vendor\laravel\framework\src\Illuminate\Database\Console\Migrations\FreshCommand.php:67
at vendor\laravel\framework\src\Illuminate\Database\Migrations\Migrator.php:666
at vendor\laravel\framework\src\Illuminate\Database\Console\Migrations\FreshCommand.php:66
at vendor\laravel\framework\src\Illuminate\Container\BoundMethod.php:36
at vendor\laravel\framework\src\Illuminate\Container\Util.php:43
at vendor\laravel\framework\src\Illuminate\Container\BoundMethod.php:96
at vendor\laravel\framework\src\Illuminate\Container\BoundMethod.php:35
at vendor\laravel\framework\src\Illuminate\Container\Container.php:836
at vendor\laravel\framework\src\Illuminate\Console\Command.php:211
at vendor\symfony\console\Command\Command.php:318
at vendor\laravel\framework\src\Illuminate\Console\Command.php:180
at vendor\symfony\console\Application.php:1092
at vendor\symfony\console\Application.php:359
at vendor\symfony\console\Application.php:194
at vendor\laravel\framework\src\Illuminate\Console\Application.php:165
at vendor\laravel\framework\src\Illuminate\Foundation\Console\Kernel.php:426
at vendor\laravel\framework\src\Illuminate\Testing\PendingCommand.php:450
at vendor\laravel\framework\src\Illuminate\Testing\PendingCommand.php:653
at vendor\laravel\framework\src\Illuminate\Foundation\Testing\Concerns\InteractsWithConsole.php:87
at vendor\laravel\framework\src\Illuminate\Foundation\Testing\RefreshDatabase.php:101
at vendor\laravel\framework\src\Illuminate\Foundation\Testing\RefreshDatabase.php:84
at vendor\laravel\framework\src\Illuminate\Foundation\Testing\RefreshDatabase.php:25
at vendor\laravel\framework\src\Illuminate\Foundation\Testing\Concerns\InteractsWithTestCaseLifecycle.php:207
at vendor\laravel\framework\src\Illuminate\Foundation\Testing\Concerns\InteractsWithTestCaseLifecycle.php:96
at vendor\laravel\framework\src\Illuminate\Foundation\Testing\TestCase.php:44
at tests\TestCase.php:22
at tests\Unit\AlumniDirectoryServiceTest.php:27
Caused by
PDOException: could not find driver

at vendor\laravel\framework\src\Illuminate\Database\Connectors\Connector.php:66
at vendor\laravel\framework\src\Illuminate\Database\Connectors\Connector.php:44
at vendor\laravel\framework\src\Illuminate\Database\Connectors\PostgresConnector.php:35
at vendor\laravel\framework\src\Illuminate\Database\Connectors\ConnectionFactory.php:184
at vendor\laravel\framework\src\Illuminate\Database\Connection.php:1230
at vendor\laravel\framework\src\Illuminate\Database\Connection.php:1266
at vendor\laravel\framework\src\Illuminate\Database\Connection.php:511
at vendor\laravel\framework\src\Illuminate\Database\Connection.php:406
at vendor\laravel\framework\src\Illuminate\Database\Connection.php:811
at vendor\laravel\framework\src\Illuminate\Database\Connection.php:778
at vendor\laravel\framework\src\Illuminate\Database\Connection.php:397
at vendor\laravel\framework\src\Illuminate\Database\Connection.php:343
at vendor\laravel\framework\src\Illuminate\Database\Connection.php:360
at vendor\laravel\framework\src\Illuminate\Database\Schema\Builder.php:174
at vendor\laravel\framework\src\Illuminate\Database\Migrations\DatabaseMigrationRepository.php:185
at vendor\laravel\framework\src\Illuminate\Database\Migrations\Migrator.php:753
at vendor\laravel\framework\src\Illuminate\Database\Console\Migrations\FreshCommand.php:67
at vendor\laravel\framework\src\Illuminate\Database\Migrations\Migrator.php:666
at vendor\laravel\framework\src\Illuminate\Database\Console\Migrations\FreshCommand.php:66
at vendor\laravel\framework\src\Illuminate\Container\BoundMethod.php:36
at vendor\laravel\framework\src\Illuminate\Container\Util.php:43
at vendor\laravel\framework\src\Illuminate\Container\BoundMethod.php:96
at vendor\laravel\framework\src\Illuminate\Container\BoundMethod.php:35
at vendor\laravel\framework\src\Illuminate\Container\Container.php:836
at vendor\laravel\framework\src\Illuminate\Console\Command.php:211
at vendor\symfony\console\Command\Command.php:318
at vendor\laravel\framework\src\Illuminate\Console\Command.php:180
at vendor\symfony\console\Application.php:1092
at vendor\symfony\console\Application.php:359
at vendor\symfony\console\Application.php:194
at vendor\laravel\framework\src\Illuminate\Console\Application.php:165
at vendor\laravel\framework\src\Illuminate\Foundation\Console\Kernel.php:426
at vendor\laravel\framework\src\Illuminate\Testing\PendingCommand.php:450
at vendor\laravel\framework\src\Illuminate\Testing\PendingCommand.php:653
at vendor\laravel\framework\src\Illuminate\Foundation\Testing\Concerns\InteractsWithConsole.php:87
at vendor\laravel\framework\src\Illuminate\Foundation\Testing\RefreshDatabase.php:101
at vendor\laravel\framework\src\Illuminate\Foundation\Testing\RefreshDatabase.php:84
at vendor\laravel\framework\src\Illuminate\Foundation\Testing\RefreshDatabase.php:25
at vendor\laravel\framework\src\Illuminate\Foundation\Testing\Concerns\InteractsWithTestCaseLifecycle.php:207
at vendor\laravel\framework\src\Illuminate\Foundation\Testing\Concerns\InteractsWithTestCaseLifecycle.php:96
at vendor\laravel\framework\src\Illuminate\Foundation\Testing\TestCase.php:44
at tests\TestCase.php:22
at tests\Unit\AlumniDirectoryServiceTest.php:27</error>
        </testcase>
        <testcase name="Sorting works correctly" file="Alumni Directory Service (Tests\Unit\AlumniDirectoryService)::Sorting works correctly" class="Tests\Unit\AlumniDirectoryServiceTest" classname="Tests.Unit.AlumniDirectoryServiceTest" assertions="0" time="0.000000">
          <error type="Illuminate\Database\QueryException">Sorting works correctlyIlluminate\Database\QueryException: could not find driver (Connection: pgsql, SQL: select exists (select 1 from pg_class c, pg_namespace n where n.nspname = current_schema() and c.relname = 'migrations' and c.relkind in ('r', 'p') and n.oid = c.relnamespace))&#13;
at vendor\laravel\framework\src\Illuminate\Database\Connectors\Connector.php:66
at vendor\laravel\framework\src\Illuminate\Database\Connectors\Connector.php:44
at vendor\laravel\framework\src\Illuminate\Database\Connectors\PostgresConnector.php:35
at vendor\laravel\framework\src\Illuminate\Database\Connectors\ConnectionFactory.php:184
at vendor\laravel\framework\src\Illuminate\Database\Connection.php:1230
at vendor\laravel\framework\src\Illuminate\Database\Connection.php:1266
at vendor\laravel\framework\src\Illuminate\Database\Connection.php:511
at vendor\laravel\framework\src\Illuminate\Database\Connection.php:406
at vendor\laravel\framework\src\Illuminate\Database\Connection.php:811
at vendor\laravel\framework\src\Illuminate\Database\Connection.php:778
at vendor\laravel\framework\src\Illuminate\Database\Connection.php:397
at vendor\laravel\framework\src\Illuminate\Database\Connection.php:343
at vendor\laravel\framework\src\Illuminate\Database\Connection.php:360
at vendor\laravel\framework\src\Illuminate\Database\Schema\Builder.php:174
at vendor\laravel\framework\src\Illuminate\Database\Migrations\DatabaseMigrationRepository.php:185
at vendor\laravel\framework\src\Illuminate\Database\Migrations\Migrator.php:753
at vendor\laravel\framework\src\Illuminate\Database\Console\Migrations\FreshCommand.php:67
at vendor\laravel\framework\src\Illuminate\Database\Migrations\Migrator.php:666
at vendor\laravel\framework\src\Illuminate\Database\Console\Migrations\FreshCommand.php:66
at vendor\laravel\framework\src\Illuminate\Container\BoundMethod.php:36
at vendor\laravel\framework\src\Illuminate\Container\Util.php:43
at vendor\laravel\framework\src\Illuminate\Container\BoundMethod.php:96
at vendor\laravel\framework\src\Illuminate\Container\BoundMethod.php:35
at vendor\laravel\framework\src\Illuminate\Container\Container.php:836
at vendor\laravel\framework\src\Illuminate\Console\Command.php:211
at vendor\symfony\console\Command\Command.php:318
at vendor\laravel\framework\src\Illuminate\Console\Command.php:180
at vendor\symfony\console\Application.php:1092
at vendor\symfony\console\Application.php:359
at vendor\symfony\console\Application.php:194
at vendor\laravel\framework\src\Illuminate\Console\Application.php:165
at vendor\laravel\framework\src\Illuminate\Foundation\Console\Kernel.php:426
at vendor\laravel\framework\src\Illuminate\Testing\PendingCommand.php:450
at vendor\laravel\framework\src\Illuminate\Testing\PendingCommand.php:653
at vendor\laravel\framework\src\Illuminate\Foundation\Testing\Concerns\InteractsWithConsole.php:87
at vendor\laravel\framework\src\Illuminate\Foundation\Testing\RefreshDatabase.php:101
at vendor\laravel\framework\src\Illuminate\Foundation\Testing\RefreshDatabase.php:84
at vendor\laravel\framework\src\Illuminate\Foundation\Testing\RefreshDatabase.php:25
at vendor\laravel\framework\src\Illuminate\Foundation\Testing\Concerns\InteractsWithTestCaseLifecycle.php:207
at vendor\laravel\framework\src\Illuminate\Foundation\Testing\Concerns\InteractsWithTestCaseLifecycle.php:96
at vendor\laravel\framework\src\Illuminate\Foundation\Testing\TestCase.php:44
at tests\TestCase.php:22
at tests\Unit\AlumniDirectoryServiceTest.php:27
Caused by
PDOException: could not find driver

at vendor\laravel\framework\src\Illuminate\Database\Connectors\Connector.php:66
at vendor\laravel\framework\src\Illuminate\Database\Connectors\Connector.php:44
at vendor\laravel\framework\src\Illuminate\Database\Connectors\PostgresConnector.php:35
at vendor\laravel\framework\src\Illuminate\Database\Connectors\ConnectionFactory.php:184
at vendor\laravel\framework\src\Illuminate\Database\Connection.php:1230
at vendor\laravel\framework\src\Illuminate\Database\Connection.php:1266
at vendor\laravel\framework\src\Illuminate\Database\Connection.php:511
at vendor\laravel\framework\src\Illuminate\Database\Connection.php:406
at vendor\laravel\framework\src\Illuminate\Database\Connection.php:811
at vendor\laravel\framework\src\Illuminate\Database\Connection.php:778
at vendor\laravel\framework\src\Illuminate\Database\Connection.php:397
at vendor\laravel\framework\src\Illuminate\Database\Connection.php:343
at vendor\laravel\framework\src\Illuminate\Database\Connection.php:360
at vendor\laravel\framework\src\Illuminate\Database\Schema\Builder.php:174
at vendor\laravel\framework\src\Illuminate\Database\Migrations\DatabaseMigrationRepository.php:185
at vendor\laravel\framework\src\Illuminate\Database\Migrations\Migrator.php:753
at vendor\laravel\framework\src\Illuminate\Database\Console\Migrations\FreshCommand.php:67
at vendor\laravel\framework\src\Illuminate\Database\Migrations\Migrator.php:666
at vendor\laravel\framework\src\Illuminate\Database\Console\Migrations\FreshCommand.php:66
at vendor\laravel\framework\src\Illuminate\Container\BoundMethod.php:36
at vendor\laravel\framework\src\Illuminate\Container\Util.php:43
at vendor\laravel\framework\src\Illuminate\Container\BoundMethod.php:96
at vendor\laravel\framework\src\Illuminate\Container\BoundMethod.php:35
at vendor\laravel\framework\src\Illuminate\Container\Container.php:836
at vendor\laravel\framework\src\Illuminate\Console\Command.php:211
at vendor\symfony\console\Command\Command.php:318
at vendor\laravel\framework\src\Illuminate\Console\Command.php:180
at vendor\symfony\console\Application.php:1092
at vendor\symfony\console\Application.php:359
at vendor\symfony\console\Application.php:194
at vendor\laravel\framework\src\Illuminate\Console\Application.php:165
at vendor\laravel\framework\src\Illuminate\Foundation\Console\Kernel.php:426
at vendor\laravel\framework\src\Illuminate\Testing\PendingCommand.php:450
at vendor\laravel\framework\src\Illuminate\Testing\PendingCommand.php:653
at vendor\laravel\framework\src\Illuminate\Foundation\Testing\Concerns\InteractsWithConsole.php:87
at vendor\laravel\framework\src\Illuminate\Foundation\Testing\RefreshDatabase.php:101
at vendor\laravel\framework\src\Illuminate\Foundation\Testing\RefreshDatabase.php:84
at vendor\laravel\framework\src\Illuminate\Foundation\Testing\RefreshDatabase.php:25
at vendor\laravel\framework\src\Illuminate\Foundation\Testing\Concerns\InteractsWithTestCaseLifecycle.php:207
at vendor\laravel\framework\src\Illuminate\Foundation\Testing\Concerns\InteractsWithTestCaseLifecycle.php:96
at vendor\laravel\framework\src\Illuminate\Foundation\Testing\TestCase.php:44
at tests\TestCase.php:22
at tests\Unit\AlumniDirectoryServiceTest.php:27</error>
        </testcase>
      </testsuite>
      <testsuite name="Tests\Unit\AlumniRecommendationServiceTest" file="Alumni Recommendation Service (Tests\Unit\AlumniRecommendationService)" tests="13" assertions="0" errors="13" failures="0" skipped="0" time="0.000000">
        <testcase name="Get recommendations for user returns collection" file="Alumni Recommendation Service (Tests\Unit\AlumniRecommendationService)::Get recommendations for user returns collection" class="Tests\Unit\AlumniRecommendationServiceTest" classname="Tests.Unit.AlumniRecommendationServiceTest" assertions="0" time="0.000000">
          <error type="Illuminate\Database\QueryException">Get recommendations for user returns collectionIlluminate\Database\QueryException: could not find driver (Connection: pgsql, SQL: select exists (select 1 from pg_class c, pg_namespace n where n.nspname = current_schema() and c.relname = 'migrations' and c.relkind in ('r', 'p') and n.oid = c.relnamespace))&#13;
at vendor\laravel\framework\src\Illuminate\Database\Connectors\Connector.php:66
at vendor\laravel\framework\src\Illuminate\Database\Connectors\Connector.php:44
at vendor\laravel\framework\src\Illuminate\Database\Connectors\PostgresConnector.php:35
at vendor\laravel\framework\src\Illuminate\Database\Connectors\ConnectionFactory.php:184
at vendor\laravel\framework\src\Illuminate\Database\Connection.php:1230
at vendor\laravel\framework\src\Illuminate\Database\Connection.php:1266
at vendor\laravel\framework\src\Illuminate\Database\Connection.php:511
[...]
at vendor\laravel\framework\src\Illuminate\Foundation\Application.php:1057
at vendor\laravel\framework\src\Illuminate\Foundation\helpers.php:138
at vendor\laravel\framework\src\Illuminate\Foundation\helpers.php:321
at vendor\stancl\tenancy\src\Database\Concerns\CentralConnection.php:11
at vendor\laravel\framework\src\Illuminate\Database\Eloquent\Model.php:1943
at vendor\laravel\framework\src\Illuminate\Database\Eloquent\Model.php:1711
at vendor\laravel\framework\src\Illuminate\Database\Eloquent\Model.php:1609
at vendor\laravel\framework\src\Illuminate\Database\Eloquent\Model.php:1645
at vendor\laravel\framework\src\Illuminate\Database\Eloquent\Factories\Factory.php:364
at vendor\laravel\framework\src\Illuminate\Collections\Traits\EnumeratesValues.php:271
at vendor\laravel\framework\src\Illuminate\Database\Eloquent\Factories\Factory.php:362
at vendor\laravel\framework\src\Illuminate\Database\Eloquent\Factories\Factory.php:318
at tests\Unit\CTAVueComponentTest.php:7</error>
        </testcase>
        <testcase name="`CTA Vue Component Integration` → it supports accessibility configuration" file="tests\Unit\CTAVueComponentTest.php::`CTA Vue Component Integration` → it supports accessibility configuration" class="Tests\Unit\CTAVueComponentTest" classname="Tests.Unit.CTAVueComponentTest" assertions="0" time="0.000000">
          <error type="Illuminate\Contracts\Container\BindingResolutionException">`CTA Vue Component Integration` → it supports accessibility configurationIlluminate\Contracts\Container\BindingResolutionException: Target class [config] does not exist.&#13;
at vendor\laravel\framework\src\Illuminate\Container\Container.php:1161
at vendor\laravel\framework\src\Illuminate\Container\Container.php:972
at vendor\laravel\framework\src\Illuminate\Foundation\Application.php:1077
at vendor\laravel\framework\src\Illuminate\Container\Container.php:903
at vendor\laravel\framework\src\Illuminate\Foundation\Application.php:1057
at vendor\laravel\framework\src\Illuminate\Foundation\helpers.php:138
at vendor\laravel\framework\src\Illuminate\Foundation\helpers.php:321
at vendor\stancl\tenancy\src\Database\Concerns\CentralConnection.php:11
at vendor\laravel\framework\src\Illuminate\Database\Eloquent\Model.php:1943
at vendor\laravel\framework\src\Illuminate\Database\Eloquent\Model.php:1711
at vendor\laravel\framework\src\Illuminate\Database\Eloquent\Model.php:1609
at vendor\laravel\framework\src\Illuminate\Database\Eloquent\Model.php:1645
at vendor\laravel\framework\src\Illuminate\Database\Eloquent\Factories\Factory.php:364
at vendor\laravel\framework\src\Illuminate\Collections\Traits\EnumeratesValues.php:271
at vendor\laravel\framework\src\Illuminate\Database\Eloquent\Factories\Factory.php:362
at vendor\laravel\framework\src\Illuminate\Database\Eloquent\Factories\Factory.php:318
at tests\Unit\CTAVueComponentTest.php:7
Caused by
ReflectionException: Class "config" does not exist

at vendor\laravel\framework\src\Illuminate\Container\Container.php:1161
at vendor\laravel\framework\src\Illuminate\Container\Container.php:972
at vendor\laravel\framework\src\Illuminate\Foundation\Application.php:1077
at vendor\laravel\framework\src\Illuminate\Container\Container.php:903
at vendor\laravel\framework\src\Illuminate\Foundation\Application.php:1057
at vendor\laravel\framework\src\Illuminate\Foundation\helpers.php:138
at vendor\laravel\framework\src\Illuminate\Foundation\helpers.php:321
at vendor\stancl\tenancy\src\Database\Concerns\CentralConnection.php:11
at vendor\laravel\framework\src\Illuminate\Database\Eloquent\Model.php:1943
at vendor\laravel\framework\src\Illuminate\Database\Eloquent\Model.php:1711
at vendor\laravel\framework\src\Illuminate\Database\Eloquent\Model.php:1609
at vendor\laravel\framework\src\Illuminate\Database\Eloquent\Model.php:1645
at vendor\laravel\framework\src\Illuminate\Database\Eloquent\Factories\Factory.php:364
at vendor\laravel\framework\src\Illuminate\Collections\Traits\EnumeratesValues.php:271
at vendor\laravel\framework\src\Illuminate\Database\Eloquent\Factories\Factory.php:362
at vendor\laravel\framework\src\Illuminate\Database\Eloquent\Factories\Factory.php:318
at tests\Unit\CTAVueComponentTest.php:7</error>
        </testcase>
        <testcase name="`CTA Vue Component Integration` → it supports conversion tracking configuration" file="tests\Unit\CTAVueComponentTest.php::`CTA Vue Component Integration` → it supports conversion tracking configuration" class="Tests\Unit\CTAVueComponentTest" classname="Tests.Unit.CTAVueComponentTest" assertions="0" time="0.000000">
          <error type="Illuminate\Contracts\Container\BindingResolutionException">`CTA Vue Component Integration` → it supports conversion tracking configurationIlluminate\Contracts\Container\BindingResolutionException: Target class [config] does not exist.&#13;
at vendor\laravel\framework\src\Illuminate\Container\Container.php:1161
at vendor\laravel\framework\src\Illuminate\Container\Container.php:972
at vendor\laravel\framework\src\Illuminate\Foundation\Application.php:1077
at vendor\laravel\framework\src\Illuminate\Container\Container.php:903
at vendor\laravel\framework\src\Illuminate\Foundation\Application.php:1057
at vendor\laravel\framework\src\Illuminate\Foundation\helpers.php:138
at vendor\laravel\framework\src\Illuminate\Foundation\helpers.php:321
at vendor\stancl\tenancy\src\Database\Concerns\CentralConnection.php:11
at vendor\laravel\framework\src\Illuminate\Database\Eloquent\Model.php:1943
at vendor\laravel\framework\src\Illuminate\Database\Eloquent\Model.php:1711
at vendor\laravel\framework\src\Illuminate\Database\Eloquent\Model.php:1609
at vendor\laravel\framework\src\Illuminate\Database\Eloquent\Model.php:1645
at vendor\laravel\framework\src\Illuminate\Database\Eloquent\Factories\Factory.php:364
at vendor\laravel\framework\src\Illuminate\Collections\Traits\EnumeratesValues.php:271
at vendor\laravel\framework\src\Illuminate\Database\Eloquent\Factories\Factory.php:362
at vendor\laravel\framework\src\Illuminate\Database\Eloquent\Factories\Factory.php:318
at tests\Unit\CTAVueComponentTest.php:7
Caused by
ReflectionException: Class "config" does not exist

at vendor\laravel\framework\src\Illuminate\Container\Container.php:1161
at vendor\laravel\framework\src\Illuminate\Container\Container.php:972
at vendor\laravel\framework\src\Illuminate\Foundation\Application.php:1077
at vendor\laravel\framework\src\Illuminate\Container\Container.php:903
at vendor\laravel\framework\src\Illuminate\Foundation\Application.php:1057
at vendor\laravel\framework\src\Illuminate\Foundation\helpers.php:138
at vendor\laravel\framework\src\Illuminate\Foundation\helpers.php:321
at vendor\stancl\tenancy\src\Database\Concerns\CentralConnection.php:11
at vendor\laravel\framework\src\Illuminate\Database\Eloquent\Model.php:1943
at vendor\laravel\framework\src\Illuminate\Database\Eloquent\Model.php:1711
at vendor\laravel\framework\src\Illuminate\Database\Eloquent\Model.php:1609
at vendor\laravel\framework\src\Illuminate\Database\Eloquent\Model.php:1645
at vendor\laravel\framework\src\Illuminate\Database\Eloquent\Factories\Factory.php:364
at vendor\laravel\framework\src\Illuminate\Collections\Traits\EnumeratesValues.php:271
at vendor\laravel\framework\src\Illuminate\Database\Eloquent\Factories\Factory.php:362
at vendor\laravel\framework\src\Illuminate\Database\Eloquent\Factories\Factory.php:318
at tests\Unit\CTAVueComponentTest.php:7</error>
        </testcase>
        <testcase name="`CTA Vue Component Integration` → it supports different CTA styles and sizes" file="tests\Unit\CTAVueComponentTest.php::`CTA Vue Component Integration` → it supports different CTA styles and sizes" class="Tests\Unit\CTAVueComponentTest" classname="Tests.Unit.CTAVueComponentTest" assertions="0" time="0.000000">
          <error type="Illuminate\Contracts\Container\BindingResolutionException">`CTA Vue Component Integration` → it supports different CTA styles and sizesIlluminate\Contracts\Container\BindingResolutionException: Target class [config] does not exist.&#13;
at vendor\laravel\framework\src\Illuminate\Container\Container.php:1161
at vendor\laravel\framework\src\Illuminate\Container\Container.php:972
at vendor\laravel\framework\src\Illuminate\Foundation\Application.php:1077
at vendor\laravel\framework\src\Illuminate\Container\Container.php:903
at vendor\laravel\framework\src\Illuminate\Foundation\Application.php:1057
at vendor\laravel\framework\src\Illuminate\Foundation\helpers.php:138
at vendor\laravel\framework\src\Illuminate\Foundation\helpers.php:321
at vendor\stancl\tenancy\src\Database\Concerns\CentralConnection.php:11
at vendor\laravel\framework\src\Illuminate\Database\Eloquent\Model.php:1943
at vendor\laravel\framework\src\Illuminate\Database\Eloquent\Model.php:1711
at vendor\laravel\framework\src\Illuminate\Database\Eloquent\Model.php:1609
at vendor\laravel\framework\src\Illuminate\Database\Eloquent\Model.php:1645
at vendor\laravel\framework\src\Illuminate\Database\Eloquent\Factories\Factory.php:364
at vendor\laravel\framework\src\Illuminate\Collections\Traits\EnumeratesValues.php:271
at vendor\laravel\framework\src\Illuminate\Database\Eloquent\Factories\Factory.php:362
at vendor\laravel\framework\src\Illuminate\Database\Eloquent\Factories\Factory.php:318
at tests\Unit\CTAVueComponentTest.php:7
Caused by
ReflectionException: Class "config" does not exist

at vendor\laravel\framework\src\Illuminate\Container\Container.php:1161
at vendor\laravel\framework\src\Illuminate\Container\Container.php:972
at vendor\laravel\framework\src\Illuminate\Foundation\Application.php:1077
at vendor\laravel\framework\src\Illuminate\Container\Container.php:903
at vendor\laravel\framework\src\Illuminate\Foundation\Application.php:1057
at vendor\laravel\framework\src\Illuminate\Foundation\helpers.php:138
at vendor\laravel\framework\src\Illuminate\Foundation\helpers.php:321
at vendor\stancl\tenancy\src\Database\Concerns\CentralConnection.php:11
at vendor\laravel\framework\src\Illuminate\Database\Eloquent\Model.php:1943
at vendor\laravel\framework\src\Illuminate\Database\Eloquent\Model.php:1711
at vendor\laravel\framework\src\Illuminate\Database\Eloquent\Model.php:1609
at vendor\laravel\framework\src\Illuminate\Database\Eloquent\Model.php:1645
at vendor\laravel\framework\src\Illuminate\Database\Eloquent\Factories\Factory.php:364
at vendor\laravel\framework\src\Illuminate\Collections\Traits\EnumeratesValues.php:271
at vendor\laravel\framework\src\Illuminate\Database\Eloquent\Factories\Factory.php:362
at vendor\laravel\framework\src\Illuminate\Database\Eloquent\Factories\Factory.php:318
at tests\Unit\CTAVueComponentTest.php:7</error>
        </testcase>
        <testcase name="`CTA Vue Component Integration` → it supports banner layouts and configurations" file="tests\Unit\CTAVueComponentTest.php::`CTA Vue Component Integration` → it supports banner layouts and configurations" class="Tests\Unit\CTAVueComponentTest" classname="Tests.Unit.CTAVueComponentTest" assertions="0" time="0.000000">
          <error type="Illuminate\Contracts\Container\BindingResolutionException">`CTA Vue Component Integration` → it supports banner layouts and configurationsIlluminate\Contracts\Container\BindingResolutionException: Target class [config] does not exist.&#13;
at vendor\laravel\framework\src\Illuminate\Container\Container.php:1161
at vendor\laravel\framework\src\Illuminate\Container\Container.php:972
at vendor\laravel\framework\src\Illuminate\Foundation\Application.php:1077
at vendor\laravel\framework\src\Illuminate\Container\Container.php:903
at vendor\laravel\framework\src\Illuminate\Foundation\Application.php:1057
at vendor\laravel\framework\src\Illuminate\Foundation\helpers.php:138
at vendor\laravel\framework\src\Illuminate\Foundation\helpers.php:321
at vendor\stancl\tenancy\src\Database\Concerns\CentralConnection.php:11
at vendor\laravel\framework\src\Illuminate\Database\Eloquent\Model.php:1943
at vendor\laravel\framework\src\Illuminate\Database\Eloquent\Model.php:1711
at vendor\laravel\framework\src\Illuminate\Database\Eloquent\Model.php:1609
at vendor\laravel\framework\src\Illuminate\Database\Eloquent\Model.php:1645
at vendor\laravel\framework\src\Illuminate\Database\Eloquent\Factories\Factory.php:364
at vendor\laravel\framework\src\Illuminate\Collections\Traits\EnumeratesValues.php:271
at vendor\laravel\framework\src\Illuminate\Database\Eloquent\Factories\Factory.php:362
at vendor\laravel\framework\src\Illuminate\Database\Eloquent\Factories\Factory.php:318
at tests\Unit\CTAVueComponentTest.php:7
Caused by
ReflectionException: Class "config" does not exist

at vendor\laravel\framework\src\Illuminate\Container\Container.php:1161
at vendor\laravel\framework\src\Illuminate\Container\Container.php:972
at vendor\laravel\framework\src\Illuminate\Foundation\Application.php:1077
at vendor\laravel\framework\src\Illuminate\Container\Container.php:903
at vendor\laravel\framework\src\Illuminate\Foundation\Application.php:1057
at vendor\laravel\framework\src\Illuminate\Foundation\helpers.php:138
at vendor\laravel\framework\src\Illuminate\Foundation\helpers.php:321
at vendor\stancl\tenancy\src\Database\Concerns\CentralConnection.php:11
at vendor\laravel\framework\src\Illuminate\Database\Eloquent\Model.php:1943
at vendor\laravel\framework\src\Illuminate\Database\Eloquent\Model.php:1711
at vendor\laravel\framework\src\Illuminate\Database\Eloquent\Model.php:1609
at vendor\laravel\framework\src\Illuminate\Database\Eloquent\Model.php:1645
at vendor\laravel\framework\src\Illuminate\Database\Eloquent\Factories\Factory.php:364
at vendor\laravel\framework\src\Illuminate\Collections\Traits\EnumeratesValues.php:271
at vendor\laravel\framework\src\Illuminate\Database\Eloquent\Factories\Factory.php:362
at vendor\laravel\framework\src\Illuminate\Database\Eloquent\Factories\Factory.php:318
at tests\Unit\CTAVueComponentTest.php:7</error>
        </testcase>
        <testcase name="`CTA Vue Component Integration` → it supports inline link styles and configurations" file="tests\Unit\CTAVueComponentTest.php::`CTA Vue Component Integration` → it supports inline link styles and configurations" class="Tests\Unit\CTAVueComponentTest" classname="Tests.Unit.CTAVueComponentTest" assertions="0" time="0.000000">
          <error type="Illuminate\Contracts\Container\BindingResolutionException">`CTA Vue Component Integration` → it supports inline link styles and configurationsIlluminate\Contracts\Container\BindingResolutionException: Target class [config] does not exist.&#13;
at vendor\laravel\framework\src\Illuminate\Container\Container.php:1161
at vendor\laravel\framework\src\Illuminate\Container\Container.php:972
at vendor\laravel\framework\src\Illuminate\Foundation\Application.php:1077
at vendor\laravel\framework\src\Illuminate\Container\Container.php:903
at vendor\laravel\framework\src\Illuminate\Foundation\Application.php:1057
at vendor\laravel\framework\src\Illuminate\Foundation\helpers.php:138
at vendor\laravel\framework\src\Illuminate\Foundation\helpers.php:321
at vendor\stancl\tenancy\src\Database\Concerns\CentralConnection.php:11
at vendor\laravel\framework\src\Illuminate\Database\Eloquent\Model.php:1943
at vendor\laravel\framework\src\Illuminate\Database\Eloquent\Model.php:1711
at vendor\laravel\framework\src\Illuminate\Database\Eloquent\Model.php:1609
at vendor\laravel\framework\src\Illuminate\Database\Eloquent\Model.php:1645
at vendor\laravel\framework\src\Illuminate\Database\Eloquent\Factories\Factory.php:364
at vendor\laravel\framework\src\Illuminate\Collections\Traits\EnumeratesValues.php:271
at vendor\laravel\framework\src\Illuminate\Database\Eloquent\Factories\Factory.php:362
at vendor\laravel\framework\src\Illuminate\Database\Eloquent\Factories\Factory.php:318
at tests\Unit\CTAVueComponentTest.php:7
Caused by
ReflectionException: Class "config" does not exist

at vendor\laravel\framework\src\Illuminate\Container\Container.php:1161
at vendor\laravel\framework\src\Illuminate\Container\Container.php:972
at vendor\laravel\framework\src\Illuminate\Foundation\Application.php:1077
at vendor\laravel\framework\src\Illuminate\Container\Container.php:903
at vendor\laravel\framework\src\Illuminate\Foundation\Application.php:1057
at vendor\laravel\framework\src\Illuminate\Foundation\helpers.php:138
at vendor\laravel\framework\src\Illuminate\Foundation\helpers.php:321
at vendor\stancl\tenancy\src\Database\Concerns\CentralConnection.php:11
at vendor\laravel\framework\src\Illuminate\Database\Eloquent\Model.php:1943
at vendor\laravel\framework\src\Illuminate\Database\Eloquent\Model.php:1711
at vendor\laravel\framework\src\Illuminate\Database\Eloquent\Model.php:1609
at vendor\laravel\framework\src\Illuminate\Database\Eloquent\Model.php:1645
at vendor\laravel\framework\src\Illuminate\Database\Eloquent\Factories\Factory.php:364
at vendor\laravel\framework\src\Illuminate\Collections\Traits\EnumeratesValues.php:271
at vendor\laravel\framework\src\Illuminate\Database\Eloquent\Factories\Factory.php:362
at vendor\laravel\framework\src\Illuminate\Database\Eloquent\Factories\Factory.php:318
at tests\Unit\CTAVueComponentTest.php:7</error>
        </testcase>
      </testsuite>
      <testsuite name="Tests\Unit\CareerOutcomeModelsSimpleTest" file="Career Outcome Models Simple (Tests\Unit\CareerOutcomeModelsSimple)" tests="0" assertions="0" errors="0" failures="0" skipped="0" time="0.000000"/>
      <testsuite name="Tests\Unit\CareerOutcomeModelsTest" file="Career Outcome Models (Tests\Unit\CareerOutcomeModels)" tests="0" assertions="0" errors="9" failures="0" skipped="0" time="0.000000"/>
      <testsuite name="Tests\Unit\CareerTimelineServiceTest" file="Career Timeline Service (Tests\Unit\CareerTimelineService)" tests="0" assertions="0" errors="18" failures="0" skipped="0" time="0.000000"/>
      <testsuite name="Tests\Unit\ComponentAnalyticModelTest" file="tests\Unit\ComponentAnalyticModelTest.php" tests="0" assertions="0" errors="26" failures="0" skipped="0" time="0.000000"/>
      <testsuite name="Tests\Unit\ComponentAnalyticsServiceSimpleTest" file="tests\Unit\ComponentAnalyticsServiceSimpleTest.php" tests="0" assertions="0" errors="13" failures="0" skipped="0" time="0.000000"/>
      <testsuite name="Tests\Unit\ComponentAnalyticsServiceTest" file="tests\Unit\ComponentAnalyticsServiceTest.php" tests="0" assertions="0" errors="22" failures="0" skipped="0" time="0.000000"/>
      <testsuite name="Tests\Unit\ComponentCollectionTest" file="tests\Unit\ComponentCollectionTest.php" tests="0" assertions="0" errors="16" failures="0" skipped="0" time="0.000000"/>
      <testsuite name="Tests\Unit\ComponentConfiguratorTest" file="tests\Unit\ComponentConfiguratorTest.php" tests="0" assertions="0" errors="0" failures="0" skipped="0" time="0.000000"/>
      <testsuite name="Tests\Unit\ComponentInstanceModelTest" file="tests\Unit\ComponentInstanceModelTest.php" tests="0" assertions="0" errors="21" failures="0" skipped="0" time="0.000000"/>
      <testsuite name="Tests\Unit\ComponentLibraryBridgeTest" file="tests\Unit\ComponentLibraryBridgeTest.php" tests="0" assertions="0" errors="14" failures="0" skipped="0" time="0.000000"/>
      <testsuite name="Tests\Unit\ComponentLibraryTest" file="tests\Unit\ComponentLibraryTest.php" tests="0" assertions="0" errors="5" failures="0" skipped="0" time="0.000000"/>
      <testsuite name="Tests\Unit\ComponentLibrary\MediaOptimizationTest" file="tests\Unit\ComponentLibrary\MediaOptimizationTest.php" tests="0" assertions="0" errors="0" failures="0" skipped="0" time="0.000000"/>
      <testsuite name="Tests\Unit\ComponentModelBasicTest" file="tests\Unit\ComponentModelBasicTest.php" tests="0" assertions="0" errors="1" failures="0" skipped="0" time="0.000000"/>
      <testsuite name="Tests\Unit\ComponentModelTest" file="tests\Unit\ComponentModelTest.php" tests="0" assertions="0" errors="0" failures="1" skipped="0" time="0.000000"/>
    </testsuite>
  </testsuite>
</testsuites>
