<?xml version="1.0" encoding="UTF-8"?>
<testsuites>
  <testsuite name="CLI Arguments" tests="63" assertions="270" errors="0" failures="0" skipped="0" time="101.447897">
    <testsuite name="Tests\Unit\AlumniDirectoryServiceTest" file="Alumni Directory Service (Tests\Unit\AlumniDirectoryService)" tests="11" assertions="33" errors="0" failures="0" skipped="0" time="48.477179">
      <testcase name="Can build basic filter query" file="Alumni Directory Service (Tests\Unit\AlumniDirectoryService)::Can build basic filter query" class="Tests\Unit\AlumniDirectoryServiceTest" classname="Tests.Unit.AlumniDirectoryServiceTest" assertions="1" time="37.587829"/>
      <testcase name="Can filter by graduation year range" file="Alumni Directory Service (Tests\Unit\AlumniDirectoryService)::Can filter by graduation year range" class="Tests\Unit\AlumniDirectoryServiceTest" classname="Tests.Unit.AlumniDirectoryServiceTest" assertions="2" time="1.236887"/>
      <testcase name="Can filter by location" file="Alumni Directory Service (Tests\Unit\AlumniDirectoryService)::Can filter by location" class="Tests\Unit\AlumniDirectoryServiceTest" classname="Tests.Unit.AlumniDirectoryServiceTest" assertions="2" time="1.003968"/>
      <testcase name="Can filter by company" file="Alumni Directory Service (Tests\Unit\AlumniDirectoryService)::Can filter by company" class="Tests\Unit\AlumniDirectoryServiceTest" classname="Tests.Unit.AlumniDirectoryServiceTest" assertions="2" time="1.006494"/>
      <testcase name="Can filter by skills" file="Alumni Directory Service (Tests\Unit\AlumniDirectoryService)::Can filter by skills" class="Tests\Unit\AlumniDirectoryServiceTest" classname="Tests.Unit.AlumniDirectoryServiceTest" assertions="2" time="1.062204"/>
      <testcase name="Can get alumni profile with privacy controls" file="Alumni Directory Service (Tests\Unit\AlumniDirectoryService)::Can get alumni profile with privacy controls" class="Tests\Unit\AlumniDirectoryServiceTest" classname="Tests.Unit.AlumniDirectoryServiceTest" assertions="6" time="1.094915"/>
      <testcase name="Can get mutual connections" file="Alumni Directory Service (Tests\Unit\AlumniDirectoryService)::Can get mutual connections" class="Tests\Unit\AlumniDirectoryServiceTest" classname="Tests.Unit.AlumniDirectoryServiceTest" assertions="2" time="1.058771"/>
      <testcase name="Can get connection status" file="Alumni Directory Service (Tests\Unit\AlumniDirectoryService)::Can get connection status" class="Tests\Unit\AlumniDirectoryServiceTest" classname="Tests.Unit.AlumniDirectoryServiceTest" assertions="3" time="1.086365"/>
      <testcase name="Can get available filters" file="Alumni Directory Service (Tests\Unit\AlumniDirectoryService)::Can get available filters" class="Tests\Unit\AlumniDirectoryServiceTest" classname="Tests.Unit.AlumniDirectoryServiceTest" assertions="9" time="1.002503"/>
      <testcase name="Pagination works correctly" file="Alumni Directory Service (Tests\Unit\AlumniDirectoryService)::Pagination works correctly" class="Tests\Unit\AlumniDirectoryServiceTest" classname="Tests.Unit.AlumniDirectoryServiceTest" assertions="3" time="1.287056"/>
      <testcase name="Sorting works correctly" file="Alumni Directory Service (Tests\Unit\AlumniDirectoryService)::Sorting works correctly" class="Tests\Unit\AlumniDirectoryServiceTest" classname="Tests.Unit.AlumniDirectoryServiceTest" assertions="1" time="1.050188"/>
    </testsuite>
    <testsuite name="Tests\Unit\AlumniRecommendationServiceTest" file="Alumni Recommendation Service (Tests\Unit\AlumniRecommendationService)" tests="13" assertions="23" errors="0" failures="0" skipped="0" time="14.063314">
      <testcase name="Get recommendations for user returns collection" file="Alumni Recommendation Service (Tests\Unit\AlumniRecommendationService)::Get recommendations for user returns collection" class="Tests\Unit\AlumniRecommendationServiceTest" classname="Tests.Unit.AlumniRecommendationServiceTest" assertions="1" time="1.320124"/>
      <testcase name="Calculate connection score with shared circles" file="Alumni Recommendation Service (Tests\Unit\AlumniRecommendationService)::Calculate connection score with shared circles" class="Tests\Unit\AlumniRecommendationServiceTest" classname="Tests.Unit.AlumniRecommendationServiceTest" assertions="3" time="1.080627"/>
      <testcase name="Calculate connection score with mutual connections" file="Alumni Recommendation Service (Tests\Unit\AlumniRecommendationService)::Calculate connection score with mutual connections" class="Tests\Unit\AlumniRecommendationServiceTest" classname="Tests.Unit.AlumniRecommendationServiceTest" assertions="1" time="1.099517"/>
      <testcase name="Get shared circles returns common circles" file="Alumni Recommendation Service (Tests\Unit\AlumniRecommendationService)::Get shared circles returns common circles" class="Tests\Unit\AlumniRecommendationServiceTest" classname="Tests.Unit.AlumniRecommendationServiceTest" assertions="2" time="1.157294"/>
      <testcase name="Get mutual connections returns common connections" file="Alumni Recommendation Service (Tests\Unit\AlumniRecommendationService)::Get mutual connections returns common connections" class="Tests\Unit\AlumniRecommendationServiceTest" classname="Tests.Unit.AlumniRecommendationServiceTest" assertions="2" time="1.312318"/>
      <testcase name="Get interest similarity calculates overlap" file="Alumni Recommendation Service (Tests\Unit\AlumniRecommendationService)::Get interest similarity calculates overlap" class="Tests\Unit\AlumniRecommendationServiceTest" classname="Tests.Unit.AlumniRecommendationServiceTest" assertions="3" time="1.083908"/>
      <testcase name="Filter recommendations excludes connected users" file="Alumni Recommendation Service (Tests\Unit\AlumniRecommendationService)::Filter recommendations excludes connected users" class="Tests\Unit\AlumniRecommendationServiceTest" classname="Tests.Unit.AlumniRecommendationServiceTest" assertions="1" time="0.917887"/>
      <testcase name="Filter recommendations excludes pending requests" file="Alumni Recommendation Service (Tests\Unit\AlumniRecommendationService)::Filter recommendations excludes pending requests" class="Tests\Unit\AlumniRecommendationServiceTest" classname="Tests.Unit.AlumniRecommendationServiceTest" assertions="1" time="1.029949"/>
      <testcase name="Dismiss recommendation caches dismissal" file="Alumni Recommendation Service (Tests\Unit\AlumniRecommendationService)::Dismiss recommendation caches dismissal" class="Tests\Unit\AlumniRecommendationServiceTest" classname="Tests.Unit.AlumniRecommendationServiceTest" assertions="1" time="0.876148"/>
      <testcase name="Clear recommendation cache removes cache" file="Alumni Recommendation Service (Tests\Unit\AlumniRecommendationService)::Clear recommendation cache removes cache" class="Tests\Unit\AlumniRecommendationServiceTest" classname="Tests.Unit.AlumniRecommendationServiceTest" assertions="1" time="0.875028"/>
      <testcase name="Get second degree connections returns correct users" file="Alumni Recommendation Service (Tests\Unit\AlumniRecommendationService)::Get second degree connections returns correct users" class="Tests\Unit\AlumniRecommendationServiceTest" classname="Tests.Unit.AlumniRecommendationServiceTest" assertions="2" time="1.140785"/>
      <testcase name="Scoring weights are applied correctly" file="Alumni Recommendation Service (Tests\Unit\AlumniRecommendationService)::Scoring weights are applied correctly" class="Tests\Unit\AlumniRecommendationServiceTest" classname="Tests.Unit.AlumniRecommendationServiceTest" assertions="3" time="1.111061"/>
      <testcase name="Recommendations are cached" file="Alumni Recommendation Service (Tests\Unit\AlumniRecommendationService)::Recommendations are cached" class="Tests\Unit\AlumniRecommendationServiceTest" classname="Tests.Unit.AlumniRecommendationServiceTest" assertions="2" time="1.058668"/>
    </testsuite>
    <testsuite name="Tests\Unit\CTAComponentTest" file="tests\Unit\CTAComponentTest.php" tests="10" assertions="29" errors="0" failures="0" skipped="0" time="12.976160">
      <testcase name="`CTA Component Creation` → it can create a CTA button component" file="tests\Unit\CTAComponentTest.php::`CTA Component Creation` → it can create a CTA button component" class="Tests\Unit\CTAComponentTest" classname="Tests.Unit.CTAComponentTest" assertions="6" time="2.482334"/>
      <testcase name="`CTA Component Creation` → it can create a CTA banner component" file="tests\Unit\CTAComponentTest.php::`CTA Component Creation` → it can create a CTA banner component" class="Tests\Unit\CTAComponentTest" classname="Tests.Unit.CTAComponentTest" assertions="4" time="1.015007"/>
      <testcase name="`CTA Component Creation` → it can create a CTA inline link component" file="tests\Unit\CTAComponentTest.php::`CTA Component Creation` → it can create a CTA inline link component" class="Tests\Unit\CTAComponentTest" classname="Tests.Unit.CTAComponentTest" assertions="3" time="1.058511"/>
      <testcase name="`CTA Component Validation` → it validates required fields for button CTA" file="tests\Unit\CTAComponentTest.php::`CTA Component Validation` → it validates required fields for button CTA" class="Tests\Unit\CTAComponentTest" classname="Tests.Unit.CTAComponentTest" assertions="1" time="1.290414"/>
      <testcase name="`CTA Component Validation` → it validates CTA button styles" file="tests\Unit\CTAComponentTest.php::`CTA Component Validation` → it validates CTA button styles" class="Tests\Unit\CTAComponentTest" classname="Tests.Unit.CTAComponentTest" assertions="1" time="1.285569"/>
      <testcase name="`CTA Component Validation` → it validates CTA button sizes" file="tests\Unit\CTAComponentTest.php::`CTA Component Validation` → it validates CTA button sizes" class="Tests\Unit\CTAComponentTest" classname="Tests.Unit.CTAComponentTest" assertions="1" time="1.054278"/>
      <testcase name="`CTA Component A/B Testing` → it can create CTA with A/B test configuration" file="tests\Unit\CTAComponentTest.php::`CTA Component A/B Testing` → it can create CTA with A/B test configuration" class="Tests\Unit\CTAComponentTest" classname="Tests.Unit.CTAComponentTest" assertions="3" time="1.019429"/>
      <testcase name="`CTA Component Tracking` → it includes tracking parameters in configuration" file="tests\Unit\CTAComponentTest.php::`CTA Component Tracking` → it includes tracking parameters in configuration" class="Tests\Unit\CTAComponentTest" classname="Tests.Unit.CTAComponentTest" assertions="4" time="1.120388"/>
      <testcase name="`CTA Component Accessibility` → it includes accessibility configuration" file="tests\Unit\CTAComponentTest.php::`CTA Component Accessibility` → it includes accessibility configuration" class="Tests\Unit\CTAComponentTest" classname="Tests.Unit.CTAComponentTest" assertions="3" time="0.997119"/>
      <testcase name="`CTA Component Tenant Isolation` → it scopes CTA components to tenant" file="tests\Unit\CTAComponentTest.php::`CTA Component Tenant Isolation` → it scopes CTA components to tenant" class="Tests\Unit\CTAComponentTest" classname="Tests.Unit.CTAComponentTest" assertions="3" time="1.653113"/>
    </testsuite>
    <testsuite name="Tests\Unit\MediaServiceTest" file="tests\Unit\MediaServiceTest.php" tests="11" assertions="59" errors="0" failures="0" skipped="0" time="9.589407">
      <testcase name="`MediaService Logic` → it validates media service configuration" file="tests\Unit\MediaServiceTest.php::`MediaService Logic` → it validates media service configuration" class="Tests\Unit\MediaServiceTest" classname="Tests.Unit.MediaServiceTest" assertions="4" time="0.890970"/>
      <testcase name="`MediaService Logic` → it validates file type detection logic" file="tests\Unit\MediaServiceTest.php::`MediaService Logic` → it validates file type detection logic" class="Tests\Unit\MediaServiceTest" classname="Tests.Unit.MediaServiceTest" assertions="7" time="0.933436"/>
      <testcase name="`MediaService Logic` → it calculates responsive image variant sizes" file="tests\Unit\MediaServiceTest.php::`MediaService Logic` → it calculates responsive image variant sizes" class="Tests\Unit\MediaServiceTest" classname="Tests.Unit.MediaServiceTest" assertions="10" time="1.046915"/>
      <testcase name="`MediaService Logic` → it validates image optimization settings" file="tests\Unit\MediaServiceTest.php::`MediaService Logic` → it validates image optimization settings" class="Tests\Unit\MediaServiceTest" classname="Tests.Unit.MediaServiceTest" assertions="7" time="0.849124"/>
      <testcase name="`MediaService Logic` → it validates file size calculations" file="tests\Unit\MediaServiceTest.php::`MediaService Logic` → it validates file size calculations" class="Tests\Unit\MediaServiceTest" classname="Tests.Unit.MediaServiceTest" assertions="3" time="0.899902"/>
      <testcase name="`MediaService Logic` → it validates metadata structure" file="tests\Unit\MediaServiceTest.php::`MediaService Logic` → it validates metadata structure" class="Tests\Unit\MediaServiceTest" classname="Tests.Unit.MediaServiceTest" assertions="8" time="0.936932"/>
      <testcase name="`MediaService Logic` → it validates secure path generation logic" file="tests\Unit\MediaServiceTest.php::`MediaService Logic` → it validates secure path generation logic" class="Tests\Unit\MediaServiceTest" classname="Tests.Unit.MediaServiceTest" assertions="4" time="0.977834"/>
      <testcase name="`MediaService Logic` → it validates gallery structure" file="tests\Unit\MediaServiceTest.php::`MediaService Logic` → it validates gallery structure" class="Tests\Unit\MediaServiceTest" classname="Tests.Unit.MediaServiceTest" assertions="5" time="0.716421"/>
      <testcase name="`MediaService Logic` → it validates search filter logic" file="tests\Unit\MediaServiceTest.php::`MediaService Logic` → it validates search filter logic" class="Tests\Unit\MediaServiceTest" classname="Tests.Unit.MediaServiceTest" assertions="3" time="0.735240"/>
      <testcase name="`MediaService Logic` → it validates CDN URL generation" file="tests\Unit\MediaServiceTest.php::`MediaService Logic` → it validates CDN URL generation" class="Tests\Unit\MediaServiceTest" classname="Tests.Unit.MediaServiceTest" assertions="2" time="0.755973"/>
      <testcase name="`MediaService Logic` → it validates format conversion options" file="tests\Unit\MediaServiceTest.php::`MediaService Logic` → it validates format conversion options" class="Tests\Unit\MediaServiceTest" classname="Tests.Unit.MediaServiceTest" assertions="6" time="0.846661"/>
    </testsuite>
    <testsuite name="Tests\Unit\GrapeJSIntegrationTest" file="tests\Unit\GrapeJSIntegrationTest.php" tests="10" assertions="47" errors="0" failures="0" skipped="0" time="10.345190">
      <testcase name="it converts component to GrapeJS block format" file="tests\Unit\GrapeJSIntegrationTest.php::it converts component to GrapeJS block format" class="Tests\Unit\GrapeJSIntegrationTest" classname="Tests.Unit.GrapeJSIntegrationTest" assertions="5" time="1.349545"/>
      <testcase name="it maps component categories to GrapeJS categories correctly" file="tests\Unit\GrapeJSIntegrationTest.php::it maps component categories to GrapeJS categories correctly" class="Tests\Unit\GrapeJSIntegrationTest" classname="Tests.Unit.GrapeJSIntegrationTest" assertions="6" time="0.986964"/>
      <testcase name="it validates component configuration for GrapeJS compatibility" file="tests\Unit\GrapeJSIntegrationTest.php::it validates component configuration for GrapeJS compatibility" class="Tests\Unit\GrapeJSIntegrationTest" classname="Tests.Unit.GrapeJSIntegrationTest" assertions="4" time="1.107727"/>
      <testcase name="it generates component traits for GrapeJS property panel" file="tests\Unit\GrapeJSIntegrationTest.php::it generates component traits for GrapeJS property panel" class="Tests\Unit\GrapeJSIntegrationTest" classname="Tests.Unit.GrapeJSIntegrationTest" assertions="9" time="0.923216"/>
      <testcase name="it handles responsive configuration for GrapeJS device manager" file="tests\Unit\GrapeJSIntegrationTest.php::it handles responsive configuration for GrapeJS device manager" class="Tests\Unit\GrapeJSIntegrationTest" classname="Tests.Unit.GrapeJSIntegrationTest" assertions="4" time="0.941370"/>
      <testcase name="it includes accessibility metadata for GrapeJS components" file="tests\Unit\GrapeJSIntegrationTest.php::it includes accessibility metadata for GrapeJS components" class="Tests\Unit\GrapeJSIntegrationTest" classname="Tests.Unit.GrapeJSIntegrationTest" assertions="6" time="1.040504"/>
      <testcase name="it integrates component themes with GrapeJS styling" file="tests\Unit\GrapeJSIntegrationTest.php::it integrates component themes with GrapeJS styling" class="Tests\Unit\GrapeJSIntegrationTest" classname="Tests.Unit.GrapeJSIntegrationTest" assertions="3" time="1.040819"/>
      <testcase name="it handles component versioning for GrapeJS" file="tests\Unit\GrapeJSIntegrationTest.php::it handles component versioning for GrapeJS" class="Tests\Unit\GrapeJSIntegrationTest" classname="Tests.Unit.GrapeJSIntegrationTest" assertions="4" time="1.047708"/>
      <testcase name="it tracks component usage statistics for GrapeJS analytics" file="tests\Unit\GrapeJSIntegrationTest.php::it tracks component usage statistics for GrapeJS analytics" class="Tests\Unit\GrapeJSIntegrationTest" classname="Tests.Unit.GrapeJSIntegrationTest" assertions="3" time="0.918117"/>
      <testcase name="it handles errors gracefully in GrapeJS integration" file="tests\Unit\GrapeJSIntegrationTest.php::it handles errors gracefully in GrapeJS integration" class="Tests\Unit\GrapeJSIntegrationTest" classname="Tests.Unit.GrapeJSIntegrationTest" assertions="3" time="0.989219"/>
    </testsuite>
    <testsuite name="Tests\Unit\VideoTestimonialComponentTest" file="tests\Unit\VideoTestimonialComponentTest.php" tests="8" assertions="79" errors="0" failures="0" skipped="0" time="5.996648">
      <testcase name="it can create video testimonial configuration with enhanced features" file="tests\Unit\VideoTestimonialComponentTest.php::it can create video testimonial configuration with enhanced features" class="Tests\Unit\VideoTestimonialComponentTest" classname="Tests.Unit.VideoTestimonialComponentTest" assertions="11" time="0.778509"/>
      <testcase name="it validates video quality configurations" file="tests\Unit\VideoTestimonialComponentTest.php::it validates video quality configurations" class="Tests\Unit\VideoTestimonialComponentTest" classname="Tests.Unit.VideoTestimonialComponentTest" assertions="32" time="0.732753"/>
      <testcase name="it supports accessibility features configuration" file="tests\Unit\VideoTestimonialComponentTest.php::it supports accessibility features configuration" class="Tests\Unit\VideoTestimonialComponentTest" classname="Tests.Unit.VideoTestimonialComponentTest" assertions="7" time="0.678096"/>
      <testcase name="it supports bandwidth-aware video loading configuration" file="tests\Unit\VideoTestimonialComponentTest.php::it supports bandwidth-aware video loading configuration" class="Tests\Unit\VideoTestimonialComponentTest" classname="Tests.Unit.VideoTestimonialComponentTest" assertions="6" time="0.723172"/>
      <testcase name="it supports touch gesture configuration for carousel" file="tests\Unit\VideoTestimonialComponentTest.php::it supports touch gesture configuration for carousel" class="Tests\Unit\VideoTestimonialComponentTest" classname="Tests.Unit.VideoTestimonialComponentTest" assertions="6" time="0.724769"/>
      <testcase name="it supports analytics tracking configuration" file="tests\Unit\VideoTestimonialComponentTest.php::it supports analytics tracking configuration" class="Tests\Unit\VideoTestimonialComponentTest" classname="Tests.Unit.VideoTestimonialComponentTest" assertions="8" time="0.811822"/>
      <testcase name="it validates video format support" file="tests\Unit\VideoTestimonialComponentTest.php::it validates video format support" class="Tests\Unit\VideoTestimonialComponentTest" classname="Tests.Unit.VideoTestimonialComponentTest" assertions="3" time="0.788869"/>
      <testcase name="it supports video optimization features" file="tests\Unit\VideoTestimonialComponentTest.php::it supports video optimization features" class="Tests\Unit\VideoTestimonialComponentTest" classname="Tests.Unit.VideoTestimonialComponentTest" assertions="6" time="0.758657"/>
    </testsuite>
  </testsuite>
</testsuites>
