<?xml version="1.0" encoding="UTF-8"?>
<testsuites>
  <testsuite name="D:\DevCenter\abuilds\alumate\phpunit.xml" tests="15" assertions="0" errors="15" failures="0" skipped="0" time="0.000000">
    <testsuite name="Feature" tests="15" assertions="0" errors="15" failures="0" skipped="0" time="0.000000">
      <testsuite name="Tests\Feature\SuccessStoryTest" file="tests\Feature\SuccessStoryTest.php" tests="15" assertions="0" errors="15" failures="0" skipped="0" time="0.000000">
        <testcase name="can create a success story" file="tests\Feature\SuccessStoryTest.php::can create a success story" class="Tests\Feature\SuccessStoryTest" classname="Tests.Feature.SuccessStoryTest" assertions="0" time="0.000000">
          <error type="Illuminate\Database\QueryException">can create a success storyIlluminate\Database\QueryException: could not find driver (Connection: sqlite, SQL: select exists (select 1 from "main".sqlite_master where name = 'migrations' and type = 'table') as "exists")&#13;
at vendor\laravel\framework\src\Illuminate\Database\Connectors\Connector.php:66
at vendor\laravel\framework\src\Illuminate\Database\Connectors\Connector.php:44
at vendor\laravel\framework\src\Illuminate\Database\Connectors\SQLiteConnector.php:21
at vendor\laravel\framework\src\Illuminate\Database\Connectors\ConnectionFactory.php:223
at vendor\laravel\framework\src\Illuminate\Database\Connection.php:1228
at vendor\laravel\framework\src\Illuminate\Database\Connection.php:1264
at vendor\laravel\framework\src\Illuminate\Database\Connection.php:509
at vendor\laravel\framework\src\Illuminate\Database\Connection.php:404
at vendor\laravel\framework\src\Illuminate\Database\Connection.php:809
at vendor\laravel\framework\src\Illuminate\Database\Connection.php:776
at vendor\laravel\framework\src\Illuminate\Database\Connection.php:395
at vendor\laravel\framework\src\Illuminate\Database\Connection.php:341
at vendor\laravel\framework\src\Illuminate\Database\Connection.php:358
at vendor\laravel\framework\src\Illuminate\Database\Schema\Builder.php:174
at vendor\laravel\framework\src\Illuminate\Database\Migrations\DatabaseMigrationRepository.php:185
at vendor\laravel\framework\src\Illuminate\Database\Migrations\Migrator.php:749
at vendor\laravel\framework\src\Illuminate\Database\Console\Migrations\FreshCommand.php:67
at vendor\laravel\framework\src\Illuminate\Database\Migrations\Migrator.php:665
at vendor\laravel\framework\src\Illuminate\Database\Console\Migrations\FreshCommand.php:66
at vendor\laravel\framework\src\Illuminate\Container\BoundMethod.php:36
at vendor\laravel\framework\src\Illuminate\Container\Util.php:43
at vendor\laravel\framework\src\Illuminate\Container\BoundMethod.php:96
at vendor\laravel\framework\src\Illuminate\Container\BoundMethod.php:35
at vendor\laravel\framework\src\Illuminate\Container\Container.php:754
at vendor\laravel\framework\src\Illuminate\Console\Command.php:211
at vendor\symfony\console\Command\Command.php:318
at vendor\laravel\framework\src\Illuminate\Console\Command.php:180
at vendor\symfony\console\Application.php:1074
at vendor\symfony\console\Application.php:341
at vendor\symfony\console\Application.php:192
at vendor\laravel\framework\src\Illuminate\Console\Application.php:165
at vendor\laravel\framework\src\Illuminate\Foundation\Console\Kernel.php:426
at vendor\laravel\framework\src\Illuminate\Testing\PendingCommand.php:330
at vendor\laravel\framework\src\Illuminate\Testing\PendingCommand.php:533
at vendor\laravel\framework\src\Illuminate\Foundation\Testing\Concerns\InteractsWithConsole.php:87
at vendor\laravel\framework\src\Illuminate\Foundation\Testing\RefreshDatabase.php:101
at vendor\laravel\framework\src\Illuminate\Foundation\Testing\RefreshDatabase.php:84
at vendor\laravel\framework\src\Illuminate\Foundation\Testing\RefreshDatabase.php:25
at vendor\laravel\framework\src\Illuminate\Foundation\Testing\Concerns\InteractsWithTestCaseLifecycle.php:207
at vendor\laravel\framework\src\Illuminate\Foundation\Testing\Concerns\InteractsWithTestCaseLifecycle.php:96
at vendor\laravel\framework\src\Illuminate\Foundation\Testing\TestCase.php:44
at tests\TestCase.php:23
Caused by
PDOException: could not find driver

at vendor\laravel\framework\src\Illuminate\Database\Connectors\Connector.php:66
at vendor\laravel\framework\src\Illuminate\Database\Connectors\Connector.php:44
at vendor\laravel\framework\src\Illuminate\Database\Connectors\SQLiteConnector.php:21
at vendor\laravel\framework\src\Illuminate\Database\Connectors\ConnectionFactory.php:223
at vendor\laravel\framework\src\Illuminate\Database\Connection.php:1228
at vendor\laravel\framework\src\Illuminate\Database\Connection.php:1264
at vendor\laravel\framework\src\Illuminate\Database\Connection.php:509
at vendor\laravel\framework\src\Illuminate\Database\Connection.php:404
at vendor\laravel\framework\src\Illuminate\Database\Connection.php:809
at vendor\laravel\framework\src\Illuminate\Database\Connection.php:776
at vendor\laravel\framework\src\Illuminate\Database\Connection.php:395
at vendor\laravel\framework\src\Illuminate\Database\Connection.php:341
at vendor\laravel\framework\src\Illuminate\Database\Connection.php:358
at vendor\laravel\framework\src\Illuminate\Database\Schema\Builder.php:174
at vendor\laravel\framework\src\Illuminate\Database\Migrations\DatabaseMigrationRepository.php:185
at vendor\laravel\framework\src\Illuminate\Database\Migrations\Migrator.php:749
at vendor\laravel\framework\src\Illuminate\Database\Console\Migrations\FreshCommand.php:67
at vendor\laravel\framework\src\Illuminate\Database\Migrations\Migrator.php:665
at vendor\laravel\framework\src\Illuminate\Database\Console\Migrations\FreshCommand.php:66
at vendor\laravel\framework\src\Illuminate\Container\BoundMethod.php:36
at vendor\laravel\framework\src\Illuminate\Container\Util.php:43
at vendor\laravel\framework\src\Illuminate\Container\BoundMethod.php:96
at vendor\laravel\framework\src\Illuminate\Container\BoundMethod.php:35
at vendor\laravel\framework\src\Illuminate\Container\Container.php:754
at vendor\laravel\framework\src\Illuminate\Console\Command.php:211
at vendor\symfony\console\Command\Command.php:318
at vendor\laravel\framework\src\Illuminate\Console\Command.php:180
at vendor\symfony\console\Application.php:1074
at vendor\symfony\console\Application.php:341
at vendor\symfony\console\Application.php:192
at vendor\laravel\framework\src\Illuminate\Console\Application.php:165
at vendor\laravel\framework\src\Illuminate\Foundation\Console\Kernel.php:426
at vendor\laravel\framework\src\Illuminate\Testing\PendingCommand.php:330
at vendor\laravel\framework\src\Illuminate\Testing\PendingCommand.php:533
at vendor\laravel\framework\src\Illuminate\Foundation\Testing\Concerns\InteractsWithConsole.php:87
at vendor\laravel\framework\src\Illuminate\Foundation\Testing\RefreshDatabase.php:101
at vendor\laravel\framework\src\Illuminate\Foundation\Testing\RefreshDatabase.php:84
at vendor\laravel\framework\src\Illuminate\Foundation\Testing\RefreshDatabase.php:25
at vendor\laravel\framework\src\Illuminate\Foundation\Testing\Concerns\InteractsWithTestCaseLifecycle.php:207
at vendor\laravel\framework\src\Illuminate\Foundation\Testing\Concerns\InteractsWithTestCaseLifecycle.php:96
at vendor\laravel\framework\src\Illuminate\Foundation\Testing\TestCase.php:44
at tests\TestCase.php:23</error>
        </testcase>
        <testcase name="can upload featured image with success story" file="tests\Feature\SuccessStoryTest.php::can upload featured image with success story" class="Tests\Feature\SuccessStoryTest" classname="Tests.Feature.SuccessStoryTest" assertions="0" time="0.000000">
          <error type="Illuminate\Database\QueryException">can upload featured image with success storyIlluminate\Database\QueryException: could not find driver (Connection: sqlite, SQL: select exists (select 1 from "main".sqlite_master where name = 'migrations' and type = 'table') as "exists")&#13;
at vendor\laravel\framework\src\Illuminate\Database\Connectors\Connector.php:66
at vendor\laravel\framework\src\Illuminate\Database\Connectors\Connector.php:44
at vendor\laravel\framework\src\Illuminate\Database\Connectors\SQLiteConnector.php:21
at vendor\laravel\framework\src\Illuminate\Database\Connectors\ConnectionFactory.php:223
at vendor\laravel\framework\src\Illuminate\Database\Connection.php:1228
at vendor\laravel\framework\src\Illuminate\Database\Connection.php:1264
at vendor\laravel\framework\src\Illuminate\Database\Connection.php:509
at vendor\laravel\framework\src\Illuminate\Database\Connection.php:404
at vendor\laravel\framework\src\Illuminate\Database\Connection.php:809
at vendor\laravel\framework\src\Illuminate\Database\Connection.php:776
at vendor\laravel\framework\src\Illuminate\Database\Connection.php:395
at vendor\laravel\framework\src\Illuminate\Database\Connection.php:341
at vendor\laravel\framework\src\Illuminate\Database\Connection.php:358
at vendor\laravel\framework\src\Illuminate\Database\Schema\Builder.php:174
at vendor\laravel\framework\src\Illuminate\Database\Migrations\DatabaseMigrationRepository.php:185
at vendor\laravel\framework\src\Illuminate\Database\Migrations\Migrator.php:749
at vendor\laravel\framework\src\Illuminate\Database\Console\Migrations\FreshCommand.php:67
at vendor\laravel\framework\src\Illuminate\Database\Migrations\Migrator.php:665
at vendor\laravel\framework\src\Illuminate\Database\Console\Migrations\FreshCommand.php:66
at vendor\laravel\framework\src\Illuminate\Container\BoundMethod.php:36
at vendor\laravel\framework\src\Illuminate\Container\Util.php:43
at vendor\laravel\framework\src\Illuminate\Container\BoundMethod.php:96
at vendor\laravel\framework\src\Illuminate\Container\BoundMethod.php:35
at vendor\laravel\framework\src\Illuminate\Container\Container.php:754
at vendor\laravel\framework\src\Illuminate\Console\Command.php:211
at vendor\symfony\console\Command\Command.php:318
at vendor\laravel\framework\src\Illuminate\Console\Command.php:180
at vendor\symfony\console\Application.php:1074
at vendor\symfony\console\Application.php:341
at vendor\symfony\console\Application.php:192
at vendor\laravel\framework\src\Illuminate\Console\Application.php:165
at vendor\laravel\framework\src\Illuminate\Foundation\Console\Kernel.php:426
at vendor\laravel\framework\src\Illuminate\Testing\PendingCommand.php:330
at vendor\laravel\framework\src\Illuminate\Testing\PendingCommand.php:533
at vendor\laravel\framework\src\Illuminate\Foundation\Testing\Concerns\InteractsWithConsole.php:87
at vendor\laravel\framework\src\Illuminate\Foundation\Testing\RefreshDatabase.php:101
at vendor\laravel\framework\src\Illuminate\Foundation\Testing\RefreshDatabase.php:84
at vendor\laravel\framework\src\Illuminate\Foundation\Testing\RefreshDatabase.php:25
at vendor\laravel\framework\src\Illuminate\Foundation\Testing\Concerns\InteractsWithTestCaseLifecycle.php:207
at vendor\laravel\framework\src\Illuminate\Foundation\Testing\Concerns\InteractsWithTestCaseLifecycle.php:96
at vendor\laravel\framework\src\Illuminate\Foundation\Testing\TestCase.php:44
at tests\TestCase.php:23
Caused by
PDOException: could not find driver

at vendor\laravel\framework\src\Illuminate\Database\Connectors\Connector.php:66
at vendor\laravel\framework\src\Illuminate\Database\Connectors\Connector.php:44
at vendor\laravel\framework\src\Illuminate\Database\Connectors\SQLiteConnector.php:21
at vendor\laravel\framework\src\Illuminate\Database\Connectors\ConnectionFactory.php:223
at vendor\laravel\framework\src\Illuminate\Database\Connection.php:1228
at vendor\laravel\framework\src\Illuminate\Database\Connection.php:1264
at vendor\laravel\framework\src\Illuminate\Database\Connection.php:509
at vendor\laravel\framework\src\Illuminate\Database\Connection.php:404
at vendor\laravel\framework\src\Illuminate\Database\Connection.php:809
at vendor\laravel\framework\src\Illuminate\Database\Connection.php:776
at vendor\laravel\framework\src\Illuminate\Database\Connection.php:395
at vendor\laravel\framework\src\Illuminate\Database\Connection.php:341
at vendor\laravel\framework\src\Illuminate\Database\Connection.php:358
at vendor\laravel\framework\src\Illuminate\Database\Schema\Builder.php:174
at vendor\laravel\framework\src\Illuminate\Database\Migrations\DatabaseMigrationRepository.php:185
at vendor\laravel\framework\src\Illuminate\Database\Migrations\Migrator.php:749
at vendor\laravel\framework\src\Illuminate\Database\Console\Migrations\FreshCommand.php:67
at vendor\laravel\framework\src\Illuminate\Database\Migrations\Migrator.php:665
at vendor\laravel\framework\src\Illuminate\Database\Console\Migrations\FreshCommand.php:66
at vendor\laravel\framework\src\Illuminate\Container\BoundMethod.php:36
at vendor\laravel\framework\src\Illuminate\Container\Util.php:43
at vendor\laravel\framework\src\Illuminate\Container\BoundMethod.php:96
at vendor\laravel\framework\src\Illuminate\Container\BoundMethod.php:35
at vendor\laravel\framework\src\Illuminate\Container\Container.php:754
at vendor\laravel\framework\src\Illuminate\Console\Command.php:211
at vendor\symfony\console\Command\Command.php:318
at vendor\laravel\framework\src\Illuminate\Console\Command.php:180
at vendor\symfony\console\Application.php:1074
at vendor\symfony\console\Application.php:341
at vendor\symfony\console\Application.php:192
at vendor\laravel\framework\src\Illuminate\Console\Application.php:165
at vendor\laravel\framework\src\Illuminate\Foundation\Console\Kernel.php:426
at vendor\laravel\framework\src\Illuminate\Testing\PendingCommand.php:330
at vendor\laravel\framework\src\Illuminate\Testing\PendingCommand.php:533
at vendor\laravel\framework\src\Illuminate\Foundation\Testing\Concerns\InteractsWithConsole.php:87
at vendor\laravel\framework\src\Illuminate\Foundation\Testing\RefreshDatabase.php:101
at vendor\laravel\framework\src\Illuminate\Foundation\Testing\RefreshDatabase.php:84
at vendor\laravel\framework\src\Illuminate\Foundation\Testing\RefreshDatabase.php:25
at vendor\laravel\framework\src\Illuminate\Foundation\Testing\Concerns\InteractsWithTestCaseLifecycle.php:207
at vendor\laravel\framework\src\Illuminate\Foundation\Testing\Concerns\InteractsWithTestCaseLifecycle.php:96
at vendor\laravel\framework\src\Illuminate\Foundation\Testing\TestCase.php:44
at tests\TestCase.php:23</error>
        </testcase>
        <testcase name="can retrieve published success stories" file="tests\Feature\SuccessStoryTest.php::can retrieve published success stories" class="Tests\Feature\SuccessStoryTest" classname="Tests.Feature.SuccessStoryTest" assertions="0" time="0.000000">
          <error type="Illuminate\Database\QueryException">can retrieve published success storiesIlluminate\Database\QueryException: could not find driver (Connection: sqlite, SQL: select exists (select 1 from "main".sqlite_master where name = 'migrations' and type = 'table') as "exists")&#13;
at vendor\laravel\framework\src\Illuminate\Database\Connectors\Connector.php:66
at vendor\laravel\framework\src\Illuminate\Database\Connectors\Connector.php:44
at vendor\laravel\framework\src\Illuminate\Database\Connectors\SQLiteConnector.php:21
at vendor\laravel\framework\src\Illuminate\Database\Connectors\ConnectionFactory.php:223
at vendor\laravel\framework\src\Illuminate\Database\Connection.php:1228
at vendor\laravel\framework\src\Illuminate\Database\Connection.php:1264
at vendor\laravel\framework\src\Illuminate\Database\Connection.php:509
at vendor\laravel\framework\src\Illuminate\Database\Connection.php:404
at vendor\laravel\framework\src\Illuminate\Database\Connection.php:809
at vendor\laravel\framework\src\Illuminate\Database\Connection.php:776
at vendor\laravel\framework\src\Illuminate\Database\Connection.php:395
at vendor\laravel\framework\src\Illuminate\Database\Connection.php:341
at vendor\laravel\framework\src\Illuminate\Database\Connection.php:358
at vendor\laravel\framework\src\Illuminate\Database\Schema\Builder.php:174
at vendor\laravel\framework\src\Illuminate\Database\Migrations\DatabaseMigrationRepository.php:185
at vendor\laravel\framework\src\Illuminate\Database\Migrations\Migrator.php:749
at vendor\laravel\framework\src\Illuminate\Database\Console\Migrations\FreshCommand.php:67
at vendor\laravel\framework\src\Illuminate\Database\Migrations\Migrator.php:665
at vendor\laravel\framework\src\Illuminate\Database\Console\Migrations\FreshCommand.php:66
at vendor\laravel\framework\src\Illuminate\Container\BoundMethod.php:36
at vendor\laravel\framework\src\Illuminate\Container\Util.php:43
at vendor\laravel\framework\src\Illuminate\Container\BoundMethod.php:96
at vendor\laravel\framework\src\Illuminate\Container\BoundMethod.php:35
at vendor\laravel\framework\src\Illuminate\Container\Container.php:754
at vendor\laravel\framework\src\Illuminate\Console\Command.php:211
at vendor\symfony\console\Command\Command.php:318
at vendor\laravel\framework\src\Illuminate\Console\Command.php:180
at vendor\symfony\console\Application.php:1074
at vendor\symfony\console\Application.php:341
at vendor\symfony\console\Application.php:192
at vendor\laravel\framework\src\Illuminate\Console\Application.php:165
at vendor\laravel\framework\src\Illuminate\Foundation\Console\Kernel.php:426
at vendor\laravel\framework\src\Illuminate\Testing\PendingCommand.php:330
at vendor\laravel\framework\src\Illuminate\Testing\PendingCommand.php:533
at vendor\laravel\framework\src\Illuminate\Foundation\Testing\Concerns\InteractsWithConsole.php:87
at vendor\laravel\framework\src\Illuminate\Foundation\Testing\RefreshDatabase.php:101
at vendor\laravel\framework\src\Illuminate\Foundation\Testing\RefreshDatabase.php:84
at vendor\laravel\framework\src\Illuminate\Foundation\Testing\RefreshDatabase.php:25
at vendor\laravel\framework\src\Illuminate\Foundation\Testing\Concerns\InteractsWithTestCaseLifecycle.php:207
at vendor\laravel\framework\src\Illuminate\Foundation\Testing\Concerns\InteractsWithTestCaseLifecycle.php:96
at vendor\laravel\framework\src\Illuminate\Foundation\Testing\TestCase.php:44
at tests\TestCase.php:23
Caused by
PDOException: could not find driver

at vendor\laravel\framework\src\Illuminate\Database\Connectors\Connector.php:66
at vendor\laravel\framework\src\Illuminate\Database\Connectors\Connector.php:44
at vendor\laravel\framework\src\Illuminate\Database\Connectors\SQLiteConnector.php:21
at vendor\laravel\framework\src\Illuminate\Database\Connectors\ConnectionFactory.php:223
at vendor\laravel\framework\src\Illuminate\Database\Connection.php:1228
at vendor\laravel\framework\src\Illuminate\Database\Connection.php:1264
at vendor\laravel\framework\src\Illuminate\Database\Connection.php:509
at vendor\laravel\framework\src\Illuminate\Database\Connection.php:404
at vendor\laravel\framework\src\Illuminate\Database\Connection.php:809
at vendor\laravel\framework\src\Illuminate\Database\Connection.php:776
at vendor\laravel\framework\src\Illuminate\Database\Connection.php:395
at vendor\laravel\framework\src\Illuminate\Database\Connection.php:341
at vendor\laravel\framework\src\Illuminate\Database\Connection.php:358
at vendor\laravel\framework\src\Illuminate\Database\Schema\Builder.php:174
at vendor\laravel\framework\src\Illuminate\Database\Migrations\DatabaseMigrationRepository.php:185
at vendor\laravel\framework\src\Illuminate\Database\Migrations\Migrator.php:749
at vendor\laravel\framework\src\Illuminate\Database\Console\Migrations\FreshCommand.php:67
at vendor\laravel\framework\src\Illuminate\Database\Migrations\Migrator.php:665
at vendor\laravel\framework\src\Illuminate\Database\Console\Migrations\FreshCommand.php:66
at vendor\laravel\framework\src\Illuminate\Container\BoundMethod.php:36
at vendor\laravel\framework\src\Illuminate\Container\Util.php:43
at vendor\laravel\framework\src\Illuminate\Container\BoundMethod.php:96
at vendor\laravel\framework\src\Illuminate\Container\BoundMethod.php:35
at vendor\laravel\framework\src\Illuminate\Container\Container.php:754
at vendor\laravel\framework\src\Illuminate\Console\Command.php:211
at vendor\symfony\console\Command\Command.php:318
at vendor\laravel\framework\src\Illuminate\Console\Command.php:180
at vendor\symfony\console\Application.php:1074
at vendor\symfony\console\Application.php:341
at vendor\symfony\console\Application.php:192
at vendor\laravel\framework\src\Illuminate\Console\Application.php:165
at vendor\laravel\framework\src\Illuminate\Foundation\Console\Kernel.php:426
at vendor\laravel\framework\src\Illuminate\Testing\PendingCommand.php:330
at vendor\laravel\framework\src\Illuminate\Testing\PendingCommand.php:533
at vendor\laravel\framework\src\Illuminate\Foundation\Testing\Concerns\InteractsWithConsole.php:87
at vendor\laravel\framework\src\Illuminate\Foundation\Testing\RefreshDatabase.php:101
at vendor\laravel\framework\src\Illuminate\Foundation\Testing\RefreshDatabase.php:84
at vendor\laravel\framework\src\Illuminate\Foundation\Testing\RefreshDatabase.php:25
at vendor\laravel\framework\src\Illuminate\Foundation\Testing\Concerns\InteractsWithTestCaseLifecycle.php:207
at vendor\laravel\framework\src\Illuminate\Foundation\Testing\Concerns\InteractsWithTestCaseLifecycle.php:96
at vendor\laravel\framework\src\Illuminate\Foundation\Testing\TestCase.php:44
at tests\TestCase.php:23</error>
        </testcase>
        <testcase name="can retrieve featured success stories" file="tests\Feature\SuccessStoryTest.php::can retrieve featured success stories" class="Tests\Feature\SuccessStoryTest" classname="Tests.Feature.SuccessStoryTest" assertions="0" time="0.000000">
          <error type="Illuminate\Database\QueryException">can retrieve featured success storiesIlluminate\Database\QueryException: could not find driver (Connection: sqlite, SQL: select exists (select 1 from "main".sqlite_master where name = 'migrations' and type = 'table') as "exists")&#13;
at vendor\laravel\framework\src\Illuminate\Database\Connectors\Connector.php:66
at vendor\laravel\framework\src\Illuminate\Database\Connectors\Connector.php:44
at vendor\laravel\framework\src\Illuminate\Database\Connectors\SQLiteConnector.php:21
at vendor\laravel\framework\src\Illuminate\Database\Connectors\ConnectionFactory.php:223
at vendor\laravel\framework\src\Illuminate\Database\Connection.php:1228
at vendor\laravel\framework\src\Illuminate\Database\Connection.php:1264
at vendor\laravel\framework\src\Illuminate\Database\Connection.php:509
at vendor\laravel\framework\src\Illuminate\Database\Connection.php:404
at vendor\laravel\framework\src\Illuminate\Database\Connection.php:809
at vendor\laravel\framework\src\Illuminate\Database\Connection.php:776
at vendor\laravel\framework\src\Illuminate\Database\Connection.php:395
at vendor\laravel\framework\src\Illuminate\Database\Connection.php:341
at vendor\laravel\framework\src\Illuminate\Database\Connection.php:358
at vendor\laravel\framework\src\Illuminate\Database\Schema\Builder.php:174
at vendor\laravel\framework\src\Illuminate\Database\Migrations\DatabaseMigrationRepository.php:185
at vendor\laravel\framework\src\Illuminate\Database\Migrations\Migrator.php:749
at vendor\laravel\framework\src\Illuminate\Database\Console\Migrations\FreshCommand.php:67
at vendor\laravel\framework\src\Illuminate\Database\Migrations\Migrator.php:665
at vendor\laravel\framework\src\Illuminate\Database\Console\Migrations\FreshCommand.php:66
at vendor\laravel\framework\src\Illuminate\Container\BoundMethod.php:36
at vendor\laravel\framework\src\Illuminate\Container\Util.php:43
at vendor\laravel\framework\src\Illuminate\Container\BoundMethod.php:96
at vendor\laravel\framework\src\Illuminate\Container\BoundMethod.php:35
at vendor\laravel\framework\src\Illuminate\Container\Container.php:754
at vendor\laravel\framework\src\Illuminate\Console\Command.php:211
at vendor\symfony\console\Command\Command.php:318
at vendor\laravel\framework\src\Illuminate\Console\Command.php:180
at vendor\symfony\console\Application.php:1074
at vendor\symfony\console\Application.php:341
at vendor\symfony\console\Application.php:192
at vendor\laravel\framework\src\Illuminate\Console\Application.php:165
at vendor\laravel\framework\src\Illuminate\Foundation\Console\Kernel.php:426
at vendor\laravel\framework\src\Illuminate\Testing\PendingCommand.php:330
at vendor\laravel\framework\src\Illuminate\Testing\PendingCommand.php:533
at vendor\laravel\framework\src\Illuminate\Foundation\Testing\Concerns\InteractsWithConsole.php:87
at vendor\laravel\framework\src\Illuminate\Foundation\Testing\RefreshDatabase.php:101
at vendor\laravel\framework\src\Illuminate\Foundation\Testing\RefreshDatabase.php:84
at vendor\laravel\framework\src\Illuminate\Foundation\Testing\RefreshDatabase.php:25
at vendor\laravel\framework\src\Illuminate\Foundation\Testing\Concerns\InteractsWithTestCaseLifecycle.php:207
at vendor\laravel\framework\src\Illuminate\Foundation\Testing\Concerns\InteractsWithTestCaseLifecycle.php:96
at vendor\laravel\framework\src\Illuminate\Foundation\Testing\TestCase.php:44
at tests\TestCase.php:23
Caused by
PDOException: could not find driver

at vendor\laravel\framework\src\Illuminate\Database\Connectors\Connector.php:66
at vendor\laravel\framework\src\Illuminate\Database\Connectors\Connector.php:44
at vendor\laravel\framework\src\Illuminate\Database\Connectors\SQLiteConnector.php:21
at vendor\laravel\framework\src\Illuminate\Database\Connectors\ConnectionFactory.php:223
at vendor\laravel\framework\src\Illuminate\Database\Connection.php:1228
at vendor\laravel\framework\src\Illuminate\Database\Connection.php:1264
at vendor\laravel\framework\src\Illuminate\Database\Connection.php:509
at vendor\laravel\framework\src\Illuminate\Database\Connection.php:404
at vendor\laravel\framework\src\Illuminate\Database\Connection.php:809
at vendor\laravel\framework\src\Illuminate\Database\Connection.php:776
at vendor\laravel\framework\src\Illuminate\Database\Connection.php:395
at vendor\laravel\framework\src\Illuminate\Database\Connection.php:341
at vendor\laravel\framework\src\Illuminate\Database\Connection.php:358
at vendor\laravel\framework\src\Illuminate\Database\Schema\Builder.php:174
at vendor\laravel\framework\src\Illuminate\Database\Migrations\DatabaseMigrationRepository.php:185
at vendor\laravel\framework\src\Illuminate\Database\Migrations\Migrator.php:749
at vendor\laravel\framework\src\Illuminate\Database\Console\Migrations\FreshCommand.php:67
at vendor\laravel\framework\src\Illuminate\Database\Migrations\Migrator.php:665
at vendor\laravel\framework\src\Illuminate\Database\Console\Migrations\FreshCommand.php:66
at vendor\laravel\framework\src\Illuminate\Container\BoundMethod.php:36
at vendor\laravel\framework\src\Illuminate\Container\Util.php:43
at vendor\laravel\framework\src\Illuminate\Container\BoundMethod.php:96
at vendor\laravel\framework\src\Illuminate\Container\BoundMethod.php:35
at vendor\laravel\framework\src\Illuminate\Container\Container.php:754
at vendor\laravel\framework\src\Illuminate\Console\Command.php:211
at vendor\symfony\console\Command\Command.php:318
at vendor\laravel\framework\src\Illuminate\Console\Command.php:180
at vendor\symfony\console\Application.php:1074
at vendor\symfony\console\Application.php:341
at vendor\symfony\console\Application.php:192
at vendor\laravel\framework\src\Illuminate\Console\Application.php:165
at vendor\laravel\framework\src\Illuminate\Foundation\Console\Kernel.php:426
at vendor\laravel\framework\src\Illuminate\Testing\PendingCommand.php:330
at vendor\laravel\framework\src\Illuminate\Testing\PendingCommand.php:533
at vendor\laravel\framework\src\Illuminate\Foundation\Testing\Concerns\InteractsWithConsole.php:87
at vendor\laravel\framework\src\Illuminate\Foundation\Testing\RefreshDatabase.php:101
at vendor\laravel\framework\src\Illuminate\Foundation\Testing\RefreshDatabase.php:84
at vendor\laravel\framework\src\Illuminate\Foundation\Testing\RefreshDatabase.php:25
at vendor\laravel\framework\src\Illuminate\Foundation\Testing\Concerns\InteractsWithTestCaseLifecycle.php:207
at vendor\laravel\framework\src\Illuminate\Foundation\Testing\Concerns\InteractsWithTestCaseLifecycle.php:96
at vendor\laravel\framework\src\Illuminate\Foundation\Testing\TestCase.php:44
at tests\TestCase.php:23</error>
        </testcase>
        <testcase name="can filter stories by industry" file="tests\Feature\SuccessStoryTest.php::can filter stories by industry" class="Tests\Feature\SuccessStoryTest" classname="Tests.Feature.SuccessStoryTest" assertions="0" time="0.000000">
          <error type="Illuminate\Database\QueryException">can filter stories by industryIlluminate\Database\QueryException: could not find driver (Connection: sqlite, SQL: select exists (select 1 from "main".sqlite_master where name = 'migrations' and type = 'table') as "exists")&#13;
at vendor\laravel\framework\src\Illuminate\Database\Connectors\Connector.php:66
at vendor\laravel\framework\src\Illuminate\Database\Connectors\Connector.php:44
at vendor\laravel\framework\src\Illuminate\Database\Connectors\SQLiteConnector.php:21
at vendor\laravel\framework\src\Illuminate\Database\Connectors\ConnectionFactory.php:223
at vendor\laravel\framework\src\Illuminate\Database\Connection.php:1228
at vendor\laravel\framework\src\Illuminate\Database\Connection.php:1264
at vendor\laravel\framework\src\Illuminate\Database\Connection.php:509
at vendor\laravel\framework\src\Illuminate\Database\Connection.php:404
at vendor\laravel\framework\src\Illuminate\Database\Connection.php:809
at vendor\laravel\framework\src\Illuminate\Database\Connection.php:776
at vendor\laravel\framework\src\Illuminate\Database\Connection.php:395
at vendor\laravel\framework\src\Illuminate\Database\Connection.php:341
at vendor\laravel\framework\src\Illuminate\Database\Connection.php:358
at vendor\laravel\framework\src\Illuminate\Database\Schema\Builder.php:174
at vendor\laravel\framework\src\Illuminate\Database\Migrations\DatabaseMigrationRepository.php:185
at vendor\laravel\framework\src\Illuminate\Database\Migrations\Migrator.php:749
at vendor\laravel\framework\src\Illuminate\Database\Console\Migrations\FreshCommand.php:67
at vendor\laravel\framework\src\Illuminate\Database\Migrations\Migrator.php:665
at vendor\laravel\framework\src\Illuminate\Database\Console\Migrations\FreshCommand.php:66
at vendor\laravel\framework\src\Illuminate\Container\BoundMethod.php:36
at vendor\laravel\framework\src\Illuminate\Container\Util.php:43
at vendor\laravel\framework\src\Illuminate\Container\BoundMethod.php:96
at vendor\laravel\framework\src\Illuminate\Container\BoundMethod.php:35
at vendor\laravel\framework\src\Illuminate\Container\Container.php:754
at vendor\laravel\framework\src\Illuminate\Console\Command.php:211
at vendor\symfony\console\Command\Command.php:318
at vendor\laravel\framework\src\Illuminate\Console\Command.php:180
at vendor\symfony\console\Application.php:1074
at vendor\symfony\console\Application.php:341
at vendor\symfony\console\Application.php:192
at vendor\laravel\framework\src\Illuminate\Console\Application.php:165
at vendor\laravel\framework\src\Illuminate\Foundation\Console\Kernel.php:426
at vendor\laravel\framework\src\Illuminate\Testing\PendingCommand.php:330
at vendor\laravel\framework\src\Illuminate\Testing\PendingCommand.php:533
at vendor\laravel\framework\src\Illuminate\Foundation\Testing\Concerns\InteractsWithConsole.php:87
at vendor\laravel\framework\src\Illuminate\Foundation\Testing\RefreshDatabase.php:101
at vendor\laravel\framework\src\Illuminate\Foundation\Testing\RefreshDatabase.php:84
at vendor\laravel\framework\src\Illuminate\Foundation\Testing\RefreshDatabase.php:25
at vendor\laravel\framework\src\Illuminate\Foundation\Testing\Concerns\InteractsWithTestCaseLifecycle.php:207
at vendor\laravel\framework\src\Illuminate\Foundation\Testing\Concerns\InteractsWithTestCaseLifecycle.php:96
at vendor\laravel\framework\src\Illuminate\Foundation\Testing\TestCase.php:44
at tests\TestCase.php:23
Caused by
PDOException: could not find driver

at vendor\laravel\framework\src\Illuminate\Database\Connectors\Connector.php:66
at vendor\laravel\framework\src\Illuminate\Database\Connectors\Connector.php:44
at vendor\laravel\framework\src\Illuminate\Database\Connectors\SQLiteConnector.php:21
at vendor\laravel\framework\src\Illuminate\Database\Connectors\ConnectionFactory.php:223
at vendor\laravel\framework\src\Illuminate\Database\Connection.php:1228
at vendor\laravel\framework\src\Illuminate\Database\Connection.php:1264
at vendor\laravel\framework\src\Illuminate\Database\Connection.php:509
at vendor\laravel\framework\src\Illuminate\Database\Connection.php:404
at vendor\laravel\framework\src\Illuminate\Database\Connection.php:809
at vendor\laravel\framework\src\Illuminate\Database\Connection.php:776
at vendor\laravel\framework\src\Illuminate\Database\Connection.php:395
at vendor\laravel\framework\src\Illuminate\Database\Connection.php:341
at vendor\laravel\framework\src\Illuminate\Database\Connection.php:358
at vendor\laravel\framework\src\Illuminate\Database\Schema\Builder.php:174
at vendor\laravel\framework\src\Illuminate\Database\Migrations\DatabaseMigrationRepository.php:185
at vendor\laravel\framework\src\Illuminate\Database\Migrations\Migrator.php:749
at vendor\laravel\framework\src\Illuminate\Database\Console\Migrations\FreshCommand.php:67
at vendor\laravel\framework\src\Illuminate\Database\Migrations\Migrator.php:665
at vendor\laravel\framework\src\Illuminate\Database\Console\Migrations\FreshCommand.php:66
at vendor\laravel\framework\src\Illuminate\Container\BoundMethod.php:36
at vendor\laravel\framework\src\Illuminate\Container\Util.php:43
at vendor\laravel\framework\src\Illuminate\Container\BoundMethod.php:96
at vendor\laravel\framework\src\Illuminate\Container\BoundMethod.php:35
at vendor\laravel\framework\src\Illuminate\Container\Container.php:754
at vendor\laravel\framework\src\Illuminate\Console\Command.php:211
at vendor\symfony\console\Command\Command.php:318
at vendor\laravel\framework\src\Illuminate\Console\Command.php:180
at vendor\symfony\console\Application.php:1074
at vendor\symfony\console\Application.php:341
at vendor\symfony\console\Application.php:192
at vendor\laravel\framework\src\Illuminate\Console\Application.php:165
at vendor\laravel\framework\src\Illuminate\Foundation\Console\Kernel.php:426
at vendor\laravel\framework\src\Illuminate\Testing\PendingCommand.php:330
at vendor\laravel\framework\src\Illuminate\Testing\PendingCommand.php:533
at vendor\laravel\framework\src\Illuminate\Foundation\Testing\Concerns\InteractsWithConsole.php:87
at vendor\laravel\framework\src\Illuminate\Foundation\Testing\RefreshDatabase.php:101
at vendor\laravel\framework\src\Illuminate\Foundation\Testing\RefreshDatabase.php:84
at vendor\laravel\framework\src\Illuminate\Foundation\Testing\RefreshDatabase.php:25
at vendor\laravel\framework\src\Illuminate\Foundation\Testing\Concerns\InteractsWithTestCaseLifecycle.php:207
at vendor\laravel\framework\src\Illuminate\Foundation\Testing\Concerns\InteractsWithTestCaseLifecycle.php:96
at vendor\laravel\framework\src\Illuminate\Foundation\Testing\TestCase.php:44
at tests\TestCase.php:23</error>
        </testcase>
        <testcase name="can filter stories by achievement type" file="tests\Feature\SuccessStoryTest.php::can filter stories by achievement type" class="Tests\Feature\SuccessStoryTest" classname="Tests.Feature.SuccessStoryTest" assertions="0" time="0.000000">
          <error type="Illuminate\Database\QueryException">can filter stories by achievement typeIlluminate\Database\QueryException: could not find driver (Connection: sqlite, SQL: select exists (select 1 from "main".sqlite_master where name = 'migrations' and type = 'table') as "exists")&#13;
at vendor\laravel\framework\src\Illuminate\Database\Connectors\Connector.php:66
at vendor\laravel\framework\src\Illuminate\Database\Connectors\Connector.php:44
at vendor\laravel\framework\src\Illuminate\Database\Connectors\SQLiteConnector.php:21
at vendor\laravel\framework\src\Illuminate\Database\Connectors\ConnectionFactory.php:223
at vendor\laravel\framework\src\Illuminate\Database\Connection.php:1228
at vendor\laravel\framework\src\Illuminate\Database\Connection.php:1264
at vendor\laravel\framework\src\Illuminate\Database\Connection.php:509
at vendor\laravel\framework\src\Illuminate\Database\Connection.php:404
at vendor\laravel\framework\src\Illuminate\Database\Connection.php:809
at vendor\laravel\framework\src\Illuminate\Database\Connection.php:776
at vendor\laravel\framework\src\Illuminate\Database\Connection.php:395
at vendor\laravel\framework\src\Illuminate\Database\Connection.php:341
at vendor\laravel\framework\src\Illuminate\Database\Connection.php:358
at vendor\laravel\framework\src\Illuminate\Database\Schema\Builder.php:174
at vendor\laravel\framework\src\Illuminate\Database\Migrations\DatabaseMigrationRepository.php:185
at vendor\laravel\framework\src\Illuminate\Database\Migrations\Migrator.php:749
at vendor\laravel\framework\src\Illuminate\Database\Console\Migrations\FreshCommand.php:67
at vendor\laravel\framework\src\Illuminate\Database\Migrations\Migrator.php:665
at vendor\laravel\framework\src\Illuminate\Database\Console\Migrations\FreshCommand.php:66
at vendor\laravel\framework\src\Illuminate\Container\BoundMethod.php:36
at vendor\laravel\framework\src\Illuminate\Container\Util.php:43
at vendor\laravel\framework\src\Illuminate\Container\BoundMethod.php:96
at vendor\laravel\framework\src\Illuminate\Container\BoundMethod.php:35
at vendor\laravel\framework\src\Illuminate\Container\Container.php:754
at vendor\laravel\framework\src\Illuminate\Console\Command.php:211
at vendor\symfony\console\Command\Command.php:318
at vendor\laravel\framework\src\Illuminate\Console\Command.php:180
at vendor\symfony\console\Application.php:1074
at vendor\symfony\console\Application.php:341
at vendor\symfony\console\Application.php:192
at vendor\laravel\framework\src\Illuminate\Console\Application.php:165
at vendor\laravel\framework\src\Illuminate\Foundation\Console\Kernel.php:426
at vendor\laravel\framework\src\Illuminate\Testing\PendingCommand.php:330
at vendor\laravel\framework\src\Illuminate\Testing\PendingCommand.php:533
at vendor\laravel\framework\src\Illuminate\Foundation\Testing\Concerns\InteractsWithConsole.php:87
at vendor\laravel\framework\src\Illuminate\Foundation\Testing\RefreshDatabase.php:101
at vendor\laravel\framework\src\Illuminate\Foundation\Testing\RefreshDatabase.php:84
at vendor\laravel\framework\src\Illuminate\Foundation\Testing\RefreshDatabase.php:25
at vendor\laravel\framework\src\Illuminate\Foundation\Testing\Concerns\InteractsWithTestCaseLifecycle.php:207
at vendor\laravel\framework\src\Illuminate\Foundation\Testing\Concerns\InteractsWithTestCaseLifecycle.php:96
at vendor\laravel\framework\src\Illuminate\Foundation\Testing\TestCase.php:44
at tests\TestCase.php:23
Caused by
PDOException: could not find driver

at vendor\laravel\framework\src\Illuminate\Database\Connectors\Connector.php:66
at vendor\laravel\framework\src\Illuminate\Database\Connectors\Connector.php:44
at vendor\laravel\framework\src\Illuminate\Database\Connectors\SQLiteConnector.php:21
at vendor\laravel\framework\src\Illuminate\Database\Connectors\ConnectionFactory.php:223
at vendor\laravel\framework\src\Illuminate\Database\Connection.php:1228
at vendor\laravel\framework\src\Illuminate\Database\Connection.php:1264
at vendor\laravel\framework\src\Illuminate\Database\Connection.php:509
at vendor\laravel\framework\src\Illuminate\Database\Connection.php:404
at vendor\laravel\framework\src\Illuminate\Database\Connection.php:809
at vendor\laravel\framework\src\Illuminate\Database\Connection.php:776
at vendor\laravel\framework\src\Illuminate\Database\Connection.php:395
at vendor\laravel\framework\src\Illuminate\Database\Connection.php:341
at vendor\laravel\framework\src\Illuminate\Database\Connection.php:358
at vendor\laravel\framework\src\Illuminate\Database\Schema\Builder.php:174
at vendor\laravel\framework\src\Illuminate\Database\Migrations\DatabaseMigrationRepository.php:185
at vendor\laravel\framework\src\Illuminate\Database\Migrations\Migrator.php:749
at vendor\laravel\framework\src\Illuminate\Database\Console\Migrations\FreshCommand.php:67
at vendor\laravel\framework\src\Illuminate\Database\Migrations\Migrator.php:665
at vendor\laravel\framework\src\Illuminate\Database\Console\Migrations\FreshCommand.php:66
at vendor\laravel\framework\src\Illuminate\Container\BoundMethod.php:36
at vendor\laravel\framework\src\Illuminate\Container\Util.php:43
at vendor\laravel\framework\src\Illuminate\Container\BoundMethod.php:96
at vendor\laravel\framework\src\Illuminate\Container\BoundMethod.php:35
at vendor\laravel\framework\src\Illuminate\Container\Container.php:754
at vendor\laravel\framework\src\Illuminate\Console\Command.php:211
at vendor\symfony\console\Command\Command.php:318
at vendor\laravel\framework\src\Illuminate\Console\Command.php:180
at vendor\symfony\console\Application.php:1074
at vendor\symfony\console\Application.php:341
at vendor\symfony\console\Application.php:192
at vendor\laravel\framework\src\Illuminate\Console\Application.php:165
at vendor\laravel\framework\src\Illuminate\Foundation\Console\Kernel.php:426
at vendor\laravel\framework\src\Illuminate\Testing\PendingCommand.php:330
at vendor\laravel\framework\src\Illuminate\Testing\PendingCommand.php:533
at vendor\laravel\framework\src\Illuminate\Foundation\Testing\Concerns\InteractsWithConsole.php:87
at vendor\laravel\framework\src\Illuminate\Foundation\Testing\RefreshDatabase.php:101
at vendor\laravel\framework\src\Illuminate\Foundation\Testing\RefreshDatabase.php:84
at vendor\laravel\framework\src\Illuminate\Foundation\Testing\RefreshDatabase.php:25
at vendor\laravel\framework\src\Illuminate\Foundation\Testing\Concerns\InteractsWithTestCaseLifecycle.php:207
at vendor\laravel\framework\src\Illuminate\Foundation\Testing\Concerns\InteractsWithTestCaseLifecycle.php:96
at vendor\laravel\framework\src\Illuminate\Foundation\Testing\TestCase.php:44
at tests\TestCase.php:23</error>
        </testcase>
        <testcase name="can search stories by title and content" file="tests\Feature\SuccessStoryTest.php::can search stories by title and content" class="Tests\Feature\SuccessStoryTest" classname="Tests.Feature.SuccessStoryTest" assertions="0" time="0.000000">
          <error type="Illuminate\Database\QueryException">can search stories by title and contentIlluminate\Database\QueryException: could not find driver (Connection: sqlite, SQL: select exists (select 1 from "main".sqlite_master where name = 'migrations' and type = 'table') as "exists")&#13;
at vendor\laravel\framework\src\Illuminate\Database\Connectors\Connector.php:66
at vendor\laravel\framework\src\Illuminate\Database\Connectors\Connector.php:44
at vendor\laravel\framework\src\Illuminate\Database\Connectors\SQLiteConnector.php:21
at vendor\laravel\framework\src\Illuminate\Database\Connectors\ConnectionFactory.php:223
at vendor\laravel\framework\src\Illuminate\Database\Connection.php:1228
at vendor\laravel\framework\src\Illuminate\Database\Connection.php:1264
at vendor\laravel\framework\src\Illuminate\Database\Connection.php:509
at vendor\laravel\framework\src\Illuminate\Database\Connection.php:404
at vendor\laravel\framework\src\Illuminate\Database\Connection.php:809
at vendor\laravel\framework\src\Illuminate\Database\Connection.php:776
at vendor\laravel\framework\src\Illuminate\Database\Connection.php:395
at vendor\laravel\framework\src\Illuminate\Database\Connection.php:341
at vendor\laravel\framework\src\Illuminate\Database\Connection.php:358
at vendor\laravel\framework\src\Illuminate\Database\Schema\Builder.php:174
at vendor\laravel\framework\src\Illuminate\Database\Migrations\DatabaseMigrationRepository.php:185
at vendor\laravel\framework\src\Illuminate\Database\Migrations\Migrator.php:749
at vendor\laravel\framework\src\Illuminate\Database\Console\Migrations\FreshCommand.php:67
at vendor\laravel\framework\src\Illuminate\Database\Migrations\Migrator.php:665
at vendor\laravel\framework\src\Illuminate\Database\Console\Migrations\FreshCommand.php:66
at vendor\laravel\framework\src\Illuminate\Container\BoundMethod.php:36
at vendor\laravel\framework\src\Illuminate\Container\Util.php:43
at vendor\laravel\framework\src\Illuminate\Container\BoundMethod.php:96
at vendor\laravel\framework\src\Illuminate\Container\BoundMethod.php:35
at vendor\laravel\framework\src\Illuminate\Container\Container.php:754
at vendor\laravel\framework\src\Illuminate\Console\Command.php:211
at vendor\symfony\console\Command\Command.php:318
at vendor\laravel\framework\src\Illuminate\Console\Command.php:180
at vendor\symfony\console\Application.php:1074
at vendor\symfony\console\Application.php:341
at vendor\symfony\console\Application.php:192
at vendor\laravel\framework\src\Illuminate\Console\Application.php:165
at vendor\laravel\framework\src\Illuminate\Foundation\Console\Kernel.php:426
at vendor\laravel\framework\src\Illuminate\Testing\PendingCommand.php:330
at vendor\laravel\framework\src\Illuminate\Testing\PendingCommand.php:533
at vendor\laravel\framework\src\Illuminate\Foundation\Testing\Concerns\InteractsWithConsole.php:87
at vendor\laravel\framework\src\Illuminate\Foundation\Testing\RefreshDatabase.php:101
at vendor\laravel\framework\src\Illuminate\Foundation\Testing\RefreshDatabase.php:84
at vendor\laravel\framework\src\Illuminate\Foundation\Testing\RefreshDatabase.php:25
at vendor\laravel\framework\src\Illuminate\Foundation\Testing\Concerns\InteractsWithTestCaseLifecycle.php:207
at vendor\laravel\framework\src\Illuminate\Foundation\Testing\Concerns\InteractsWithTestCaseLifecycle.php:96
at vendor\laravel\framework\src\Illuminate\Foundation\Testing\TestCase.php:44
at tests\TestCase.php:23
Caused by
PDOException: could not find driver

at vendor\laravel\framework\src\Illuminate\Database\Connectors\Connector.php:66
at vendor\laravel\framework\src\Illuminate\Database\Connectors\Connector.php:44
at vendor\laravel\framework\src\Illuminate\Database\Connectors\SQLiteConnector.php:21
at vendor\laravel\framework\src\Illuminate\Database\Connectors\ConnectionFactory.php:223
at vendor\laravel\framework\src\Illuminate\Database\Connection.php:1228
at vendor\laravel\framework\src\Illuminate\Database\Connection.php:1264
at vendor\laravel\framework\src\Illuminate\Database\Connection.php:509
at vendor\laravel\framework\src\Illuminate\Database\Connection.php:404
at vendor\laravel\framework\src\Illuminate\Database\Connection.php:809
at vendor\laravel\framework\src\Illuminate\Database\Connection.php:776
at vendor\laravel\framework\src\Illuminate\Database\Connection.php:395
at vendor\laravel\framework\src\Illuminate\Database\Connection.php:341
at vendor\laravel\framework\src\Illuminate\Database\Connection.php:358
at vendor\laravel\framework\src\Illuminate\Database\Schema\Builder.php:174
at vendor\laravel\framework\src\Illuminate\Database\Migrations\DatabaseMigrationRepository.php:185
at vendor\laravel\framework\src\Illuminate\Database\Migrations\Migrator.php:749
at vendor\laravel\framework\src\Illuminate\Database\Console\Migrations\FreshCommand.php:67
at vendor\laravel\framework\src\Illuminate\Database\Migrations\Migrator.php:665
at vendor\laravel\framework\src\Illuminate\Database\Console\Migrations\FreshCommand.php:66
at vendor\laravel\framework\src\Illuminate\Container\BoundMethod.php:36
at vendor\laravel\framework\src\Illuminate\Container\Util.php:43
at vendor\laravel\framework\src\Illuminate\Container\BoundMethod.php:96
at vendor\laravel\framework\src\Illuminate\Container\BoundMethod.php:35
at vendor\laravel\framework\src\Illuminate\Container\Container.php:754
at vendor\laravel\framework\src\Illuminate\Console\Command.php:211
at vendor\symfony\console\Command\Command.php:318
at vendor\laravel\framework\src\Illuminate\Console\Command.php:180
at vendor\symfony\console\Application.php:1074
at vendor\symfony\console\Application.php:341
at vendor\symfony\console\Application.php:192
at vendor\laravel\framework\src\Illuminate\Console\Application.php:165
at vendor\laravel\framework\src\Illuminate\Foundation\Console\Kernel.php:426
at vendor\laravel\framework\src\Illuminate\Testing\PendingCommand.php:330
at vendor\laravel\framework\src\Illuminate\Testing\PendingCommand.php:533
at vendor\laravel\framework\src\Illuminate\Foundation\Testing\Concerns\InteractsWithConsole.php:87
at vendor\laravel\framework\src\Illuminate\Foundation\Testing\RefreshDatabase.php:101
at vendor\laravel\framework\src\Illuminate\Foundation\Testing\RefreshDatabase.php:84
at vendor\laravel\framework\src\Illuminate\Foundation\Testing\RefreshDatabase.php:25
at vendor\laravel\framework\src\Illuminate\Foundation\Testing\Concerns\InteractsWithTestCaseLifecycle.php:207
at vendor\laravel\framework\src\Illuminate\Foundation\Testing\Concerns\InteractsWithTestCaseLifecycle.php:96
at vendor\laravel\framework\src\Illuminate\Foundation\Testing\TestCase.php:44
at tests\TestCase.php:23</error>
        </testcase>
        <testcase name="can view individual success story and increment view count" file="tests\Feature\SuccessStoryTest.php::can view individual success story and increment view count" class="Tests\Feature\SuccessStoryTest" classname="Tests.Feature.SuccessStoryTest" assertions="0" time="0.000000">
          <error type="Illuminate\Database\QueryException">can view individual success story and increment view countIlluminate\Database\QueryException: could not find driver (Connection: sqlite, SQL: select exists (select 1 from "main".sqlite_master where name = 'migrations' and type = 'table') as "exists")&#13;
at vendor\laravel\framework\src\Illuminate\Database\Connectors\Connector.php:66
at vendor\laravel\framework\src\Illuminate\Database\Connectors\Connector.php:44
at vendor\laravel\framework\src\Illuminate\Database\Connectors\SQLiteConnector.php:21
at vendor\laravel\framework\src\Illuminate\Database\Connectors\ConnectionFactory.php:223
at vendor\laravel\framework\src\Illuminate\Database\Connection.php:1228
at vendor\laravel\framework\src\Illuminate\Database\Connection.php:1264
at vendor\laravel\framework\src\Illuminate\Database\Connection.php:509
at vendor\laravel\framework\src\Illuminate\Database\Connection.php:404
at vendor\laravel\framework\src\Illuminate\Database\Connection.php:809
at vendor\laravel\framework\src\Illuminate\Database\Connection.php:776
at vendor\laravel\framework\src\Illuminate\Database\Connection.php:395
at vendor\laravel\framework\src\Illuminate\Database\Connection.php:341
at vendor\laravel\framework\src\Illuminate\Database\Connection.php:358
at vendor\laravel\framework\src\Illuminate\Database\Schema\Builder.php:174
at vendor\laravel\framework\src\Illuminate\Database\Migrations\DatabaseMigrationRepository.php:185
at vendor\laravel\framework\src\Illuminate\Database\Migrations\Migrator.php:749
at vendor\laravel\framework\src\Illuminate\Database\Console\Migrations\FreshCommand.php:67
at vendor\laravel\framework\src\Illuminate\Database\Migrations\Migrator.php:665
at vendor\laravel\framework\src\Illuminate\Database\Console\Migrations\FreshCommand.php:66
at vendor\laravel\framework\src\Illuminate\Container\BoundMethod.php:36
at vendor\laravel\framework\src\Illuminate\Container\Util.php:43
at vendor\laravel\framework\src\Illuminate\Container\BoundMethod.php:96
at vendor\laravel\framework\src\Illuminate\Container\BoundMethod.php:35
at vendor\laravel\framework\src\Illuminate\Container\Container.php:754
at vendor\laravel\framework\src\Illuminate\Console\Command.php:211
at vendor\symfony\console\Command\Command.php:318
at vendor\laravel\framework\src\Illuminate\Console\Command.php:180
at vendor\symfony\console\Application.php:1074
at vendor\symfony\console\Application.php:341
at vendor\symfony\console\Application.php:192
at vendor\laravel\framework\src\Illuminate\Console\Application.php:165
at vendor\laravel\framework\src\Illuminate\Foundation\Console\Kernel.php:426
at vendor\laravel\framework\src\Illuminate\Testing\PendingCommand.php:330
at vendor\laravel\framework\src\Illuminate\Testing\PendingCommand.php:533
at vendor\laravel\framework\src\Illuminate\Foundation\Testing\Concerns\InteractsWithConsole.php:87
at vendor\laravel\framework\src\Illuminate\Foundation\Testing\RefreshDatabase.php:101
at vendor\laravel\framework\src\Illuminate\Foundation\Testing\RefreshDatabase.php:84
at vendor\laravel\framework\src\Illuminate\Foundation\Testing\RefreshDatabase.php:25
at vendor\laravel\framework\src\Illuminate\Foundation\Testing\Concerns\InteractsWithTestCaseLifecycle.php:207
at vendor\laravel\framework\src\Illuminate\Foundation\Testing\Concerns\InteractsWithTestCaseLifecycle.php:96
at vendor\laravel\framework\src\Illuminate\Foundation\Testing\TestCase.php:44
at tests\TestCase.php:23
Caused by
PDOException: could not find driver

at vendor\laravel\framework\src\Illuminate\Database\Connectors\Connector.php:66
at vendor\laravel\framework\src\Illuminate\Database\Connectors\Connector.php:44
at vendor\laravel\framework\src\Illuminate\Database\Connectors\SQLiteConnector.php:21
at vendor\laravel\framework\src\Illuminate\Database\Connectors\ConnectionFactory.php:223
at vendor\laravel\framework\src\Illuminate\Database\Connection.php:1228
at vendor\laravel\framework\src\Illuminate\Database\Connection.php:1264
at vendor\laravel\framework\src\Illuminate\Database\Connection.php:509
at vendor\laravel\framework\src\Illuminate\Database\Connection.php:404
at vendor\laravel\framework\src\Illuminate\Database\Connection.php:809
at vendor\laravel\framework\src\Illuminate\Database\Connection.php:776
at vendor\laravel\framework\src\Illuminate\Database\Connection.php:395
at vendor\laravel\framework\src\Illuminate\Database\Connection.php:341
at vendor\laravel\framework\src\Illuminate\Database\Connection.php:358
at vendor\laravel\framework\src\Illuminate\Database\Schema\Builder.php:174
at vendor\laravel\framework\src\Illuminate\Database\Migrations\DatabaseMigrationRepository.php:185
at vendor\laravel\framework\src\Illuminate\Database\Migrations\Migrator.php:749
at vendor\laravel\framework\src\Illuminate\Database\Console\Migrations\FreshCommand.php:67
at vendor\laravel\framework\src\Illuminate\Database\Migrations\Migrator.php:665
at vendor\laravel\framework\src\Illuminate\Database\Console\Migrations\FreshCommand.php:66
at vendor\laravel\framework\src\Illuminate\Container\BoundMethod.php:36
at vendor\laravel\framework\src\Illuminate\Container\Util.php:43
at vendor\laravel\framework\src\Illuminate\Container\BoundMethod.php:96
at vendor\laravel\framework\src\Illuminate\Container\BoundMethod.php:35
at vendor\laravel\framework\src\Illuminate\Container\Container.php:754
at vendor\laravel\framework\src\Illuminate\Console\Command.php:211
at vendor\symfony\console\Command\Command.php:318
at vendor\laravel\framework\src\Illuminate\Console\Command.php:180
at vendor\symfony\console\Application.php:1074
at vendor\symfony\console\Application.php:341
at vendor\symfony\console\Application.php:192
at vendor\laravel\framework\src\Illuminate\Console\Application.php:165
at vendor\laravel\framework\src\Illuminate\Foundation\Console\Kernel.php:426
at vendor\laravel\framework\src\Illuminate\Testing\PendingCommand.php:330
at vendor\laravel\framework\src\Illuminate\Testing\PendingCommand.php:533
at vendor\laravel\framework\src\Illuminate\Foundation\Testing\Concerns\InteractsWithConsole.php:87
at vendor\laravel\framework\src\Illuminate\Foundation\Testing\RefreshDatabase.php:101
at vendor\laravel\framework\src\Illuminate\Foundation\Testing\RefreshDatabase.php:84
at vendor\laravel\framework\src\Illuminate\Foundation\Testing\RefreshDatabase.php:25
at vendor\laravel\framework\src\Illuminate\Foundation\Testing\Concerns\InteractsWithTestCaseLifecycle.php:207
at vendor\laravel\framework\src\Illuminate\Foundation\Testing\Concerns\InteractsWithTestCaseLifecycle.php:96
at vendor\laravel\framework\src\Illuminate\Foundation\Testing\TestCase.php:44
at tests\TestCase.php:23</error>
        </testcase>
        <testcase name="can like a success story" file="tests\Feature\SuccessStoryTest.php::can like a success story" class="Tests\Feature\SuccessStoryTest" classname="Tests.Feature.SuccessStoryTest" assertions="0" time="0.000000">
          <error type="Illuminate\Database\QueryException">can like a success storyIlluminate\Database\QueryException: could not find driver (Connection: sqlite, SQL: select exists (select 1 from "main".sqlite_master where name = 'migrations' and type = 'table') as "exists")&#13;
at vendor\laravel\framework\src\Illuminate\Database\Connectors\Connector.php:66
at vendor\laravel\framework\src\Illuminate\Database\Connectors\Connector.php:44
at vendor\laravel\framework\src\Illuminate\Database\Connectors\SQLiteConnector.php:21
at vendor\laravel\framework\src\Illuminate\Database\Connectors\ConnectionFactory.php:223
at vendor\laravel\framework\src\Illuminate\Database\Connection.php:1228
at vendor\laravel\framework\src\Illuminate\Database\Connection.php:1264
at vendor\laravel\framework\src\Illuminate\Database\Connection.php:509
at vendor\laravel\framework\src\Illuminate\Database\Connection.php:404
at vendor\laravel\framework\src\Illuminate\Database\Connection.php:809
at vendor\laravel\framework\src\Illuminate\Database\Connection.php:776
at vendor\laravel\framework\src\Illuminate\Database\Connection.php:395
at vendor\laravel\framework\src\Illuminate\Database\Connection.php:341
at vendor\laravel\framework\src\Illuminate\Database\Connection.php:358
at vendor\laravel\framework\src\Illuminate\Database\Schema\Builder.php:174
at vendor\laravel\framework\src\Illuminate\Database\Migrations\DatabaseMigrationRepository.php:185
at vendor\laravel\framework\src\Illuminate\Database\Migrations\Migrator.php:749
at vendor\laravel\framework\src\Illuminate\Database\Console\Migrations\FreshCommand.php:67
at vendor\laravel\framework\src\Illuminate\Database\Migrations\Migrator.php:665
at vendor\laravel\framework\src\Illuminate\Database\Console\Migrations\FreshCommand.php:66
at vendor\laravel\framework\src\Illuminate\Container\BoundMethod.php:36
at vendor\laravel\framework\src\Illuminate\Container\Util.php:43
at vendor\laravel\framework\src\Illuminate\Container\BoundMethod.php:96
at vendor\laravel\framework\src\Illuminate\Container\BoundMethod.php:35
at vendor\laravel\framework\src\Illuminate\Container\Container.php:754
at vendor\laravel\framework\src\Illuminate\Console\Command.php:211
at vendor\symfony\console\Command\Command.php:318
at vendor\laravel\framework\src\Illuminate\Console\Command.php:180
at vendor\symfony\console\Application.php:1074
at vendor\symfony\console\Application.php:341
at vendor\symfony\console\Application.php:192
at vendor\laravel\framework\src\Illuminate\Console\Application.php:165
at vendor\laravel\framework\src\Illuminate\Foundation\Console\Kernel.php:426
at vendor\laravel\framework\src\Illuminate\Testing\PendingCommand.php:330
at vendor\laravel\framework\src\Illuminate\Testing\PendingCommand.php:533
at vendor\laravel\framework\src\Illuminate\Foundation\Testing\Concerns\InteractsWithConsole.php:87
at vendor\laravel\framework\src\Illuminate\Foundation\Testing\RefreshDatabase.php:101
at vendor\laravel\framework\src\Illuminate\Foundation\Testing\RefreshDatabase.php:84
at vendor\laravel\framework\src\Illuminate\Foundation\Testing\RefreshDatabase.php:25
at vendor\laravel\framework\src\Illuminate\Foundation\Testing\Concerns\InteractsWithTestCaseLifecycle.php:207
at vendor\laravel\framework\src\Illuminate\Foundation\Testing\Concerns\InteractsWithTestCaseLifecycle.php:96
at vendor\laravel\framework\src\Illuminate\Foundation\Testing\TestCase.php:44
at tests\TestCase.php:23
Caused by
PDOException: could not find driver

at vendor\laravel\framework\src\Illuminate\Database\Connectors\Connector.php:66
at vendor\laravel\framework\src\Illuminate\Database\Connectors\Connector.php:44
at vendor\laravel\framework\src\Illuminate\Database\Connectors\SQLiteConnector.php:21
at vendor\laravel\framework\src\Illuminate\Database\Connectors\ConnectionFactory.php:223
at vendor\laravel\framework\src\Illuminate\Database\Connection.php:1228
at vendor\laravel\framework\src\Illuminate\Database\Connection.php:1264
at vendor\laravel\framework\src\Illuminate\Database\Connection.php:509
at vendor\laravel\framework\src\Illuminate\Database\Connection.php:404
at vendor\laravel\framework\src\Illuminate\Database\Connection.php:809
at vendor\laravel\framework\src\Illuminate\Database\Connection.php:776
at vendor\laravel\framework\src\Illuminate\Database\Connection.php:395
at vendor\laravel\framework\src\Illuminate\Database\Connection.php:341
at vendor\laravel\framework\src\Illuminate\Database\Connection.php:358
at vendor\laravel\framework\src\Illuminate\Database\Schema\Builder.php:174
at vendor\laravel\framework\src\Illuminate\Database\Migrations\DatabaseMigrationRepository.php:185
at vendor\laravel\framework\src\Illuminate\Database\Migrations\Migrator.php:749
at vendor\laravel\framework\src\Illuminate\Database\Console\Migrations\FreshCommand.php:67
at vendor\laravel\framework\src\Illuminate\Database\Migrations\Migrator.php:665
at vendor\laravel\framework\src\Illuminate\Database\Console\Migrations\FreshCommand.php:66
at vendor\laravel\framework\src\Illuminate\Container\BoundMethod.php:36
at vendor\laravel\framework\src\Illuminate\Container\Util.php:43
at vendor\laravel\framework\src\Illuminate\Container\BoundMethod.php:96
at vendor\laravel\framework\src\Illuminate\Container\BoundMethod.php:35
at vendor\laravel\framework\src\Illuminate\Container\Container.php:754
at vendor\laravel\framework\src\Illuminate\Console\Command.php:211
at vendor\symfony\console\Command\Command.php:318
at vendor\laravel\framework\src\Illuminate\Console\Command.php:180
at vendor\symfony\console\Application.php:1074
at vendor\symfony\console\Application.php:341
at vendor\symfony\console\Application.php:192
at vendor\laravel\framework\src\Illuminate\Console\Application.php:165
at vendor\laravel\framework\src\Illuminate\Foundation\Console\Kernel.php:426
at vendor\laravel\framework\src\Illuminate\Testing\PendingCommand.php:330
at vendor\laravel\framework\src\Illuminate\Testing\PendingCommand.php:533
at vendor\laravel\framework\src\Illuminate\Foundation\Testing\Concerns\InteractsWithConsole.php:87
at vendor\laravel\framework\src\Illuminate\Foundation\Testing\RefreshDatabase.php:101
at vendor\laravel\framework\src\Illuminate\Foundation\Testing\RefreshDatabase.php:84
at vendor\laravel\framework\src\Illuminate\Foundation\Testing\RefreshDatabase.php:25
at vendor\laravel\framework\src\Illuminate\Foundation\Testing\Concerns\InteractsWithTestCaseLifecycle.php:207
at vendor\laravel\framework\src\Illuminate\Foundation\Testing\Concerns\InteractsWithTestCaseLifecycle.php:96
at vendor\laravel\framework\src\Illuminate\Foundation\Testing\TestCase.php:44
at tests\TestCase.php:23</error>
        </testcase>
        <testcase name="can share a success story" file="tests\Feature\SuccessStoryTest.php::can share a success story" class="Tests\Feature\SuccessStoryTest" classname="Tests.Feature.SuccessStoryTest" assertions="0" time="0.000000">
          <error type="Illuminate\Database\QueryException">can share a success storyIlluminate\Database\QueryException: could not find driver (Connection: sqlite, SQL: select exists (select 1 from "main".sqlite_master where name = 'migrations' and type = 'table') as "exists")&#13;
at vendor\laravel\framework\src\Illuminate\Database\Connectors\Connector.php:66
at vendor\laravel\framework\src\Illuminate\Database\Connectors\Connector.php:44
at vendor\laravel\framework\src\Illuminate\Database\Connectors\SQLiteConnector.php:21
at vendor\laravel\framework\src\Illuminate\Database\Connectors\ConnectionFactory.php:223
at vendor\laravel\framework\src\Illuminate\Database\Connection.php:1228
at vendor\laravel\framework\src\Illuminate\Database\Connection.php:1264
at vendor\laravel\framework\src\Illuminate\Database\Connection.php:509
at vendor\laravel\framework\src\Illuminate\Database\Connection.php:404
at vendor\laravel\framework\src\Illuminate\Database\Connection.php:809
at vendor\laravel\framework\src\Illuminate\Database\Connection.php:776
at vendor\laravel\framework\src\Illuminate\Database\Connection.php:395
at vendor\laravel\framework\src\Illuminate\Database\Connection.php:341
at vendor\laravel\framework\src\Illuminate\Database\Connection.php:358
at vendor\laravel\framework\src\Illuminate\Database\Schema\Builder.php:174
at vendor\laravel\framework\src\Illuminate\Database\Migrations\DatabaseMigrationRepository.php:185
at vendor\laravel\framework\src\Illuminate\Database\Migrations\Migrator.php:749
at vendor\laravel\framework\src\Illuminate\Database\Console\Migrations\FreshCommand.php:67
at vendor\laravel\framework\src\Illuminate\Database\Migrations\Migrator.php:665
at vendor\laravel\framework\src\Illuminate\Database\Console\Migrations\FreshCommand.php:66
at vendor\laravel\framework\src\Illuminate\Container\BoundMethod.php:36
at vendor\laravel\framework\src\Illuminate\Container\Util.php:43
at vendor\laravel\framework\src\Illuminate\Container\BoundMethod.php:96
at vendor\laravel\framework\src\Illuminate\Container\BoundMethod.php:35
at vendor\laravel\framework\src\Illuminate\Container\Container.php:754
at vendor\laravel\framework\src\Illuminate\Console\Command.php:211
at vendor\symfony\console\Command\Command.php:318
at vendor\laravel\framework\src\Illuminate\Console\Command.php:180
at vendor\symfony\console\Application.php:1074
at vendor\symfony\console\Application.php:341
at vendor\symfony\console\Application.php:192
at vendor\laravel\framework\src\Illuminate\Console\Application.php:165
at vendor\laravel\framework\src\Illuminate\Foundation\Console\Kernel.php:426
at vendor\laravel\framework\src\Illuminate\Testing\PendingCommand.php:330
at vendor\laravel\framework\src\Illuminate\Testing\PendingCommand.php:533
at vendor\laravel\framework\src\Illuminate\Foundation\Testing\Concerns\InteractsWithConsole.php:87
at vendor\laravel\framework\src\Illuminate\Foundation\Testing\RefreshDatabase.php:101
at vendor\laravel\framework\src\Illuminate\Foundation\Testing\RefreshDatabase.php:84
at vendor\laravel\framework\src\Illuminate\Foundation\Testing\RefreshDatabase.php:25
at vendor\laravel\framework\src\Illuminate\Foundation\Testing\Concerns\InteractsWithTestCaseLifecycle.php:207
at vendor\laravel\framework\src\Illuminate\Foundation\Testing\Concerns\InteractsWithTestCaseLifecycle.php:96
at vendor\laravel\framework\src\Illuminate\Foundation\Testing\TestCase.php:44
at tests\TestCase.php:23
Caused by
PDOException: could not find driver

at vendor\laravel\framework\src\Illuminate\Database\Connectors\Connector.php:66
at vendor\laravel\framework\src\Illuminate\Database\Connectors\Connector.php:44
at vendor\laravel\framework\src\Illuminate\Database\Connectors\SQLiteConnector.php:21
at vendor\laravel\framework\src\Illuminate\Database\Connectors\ConnectionFactory.php:223
at vendor\laravel\framework\src\Illuminate\Database\Connection.php:1228
at vendor\laravel\framework\src\Illuminate\Database\Connection.php:1264
at vendor\laravel\framework\src\Illuminate\Database\Connection.php:509
at vendor\laravel\framework\src\Illuminate\Database\Connection.php:404
at vendor\laravel\framework\src\Illuminate\Database\Connection.php:809
at vendor\laravel\framework\src\Illuminate\Database\Connection.php:776
at vendor\laravel\framework\src\Illuminate\Database\Connection.php:395
at vendor\laravel\framework\src\Illuminate\Database\Connection.php:341
at vendor\laravel\framework\src\Illuminate\Database\Connection.php:358
at vendor\laravel\framework\src\Illuminate\Database\Schema\Builder.php:174
at vendor\laravel\framework\src\Illuminate\Database\Migrations\DatabaseMigrationRepository.php:185
at vendor\laravel\framework\src\Illuminate\Database\Migrations\Migrator.php:749
at vendor\laravel\framework\src\Illuminate\Database\Console\Migrations\FreshCommand.php:67
at vendor\laravel\framework\src\Illuminate\Database\Migrations\Migrator.php:665
at vendor\laravel\framework\src\Illuminate\Database\Console\Migrations\FreshCommand.php:66
at vendor\laravel\framework\src\Illuminate\Container\BoundMethod.php:36
at vendor\laravel\framework\src\Illuminate\Container\Util.php:43
at vendor\laravel\framework\src\Illuminate\Container\BoundMethod.php:96
at vendor\laravel\framework\src\Illuminate\Container\BoundMethod.php:35
at vendor\laravel\framework\src\Illuminate\Container\Container.php:754
at vendor\laravel\framework\src\Illuminate\Console\Command.php:211
at vendor\symfony\console\Command\Command.php:318
at vendor\laravel\framework\src\Illuminate\Console\Command.php:180
at vendor\symfony\console\Application.php:1074
at vendor\symfony\console\Application.php:341
at vendor\symfony\console\Application.php:192
at vendor\laravel\framework\src\Illuminate\Console\Application.php:165
at vendor\laravel\framework\src\Illuminate\Foundation\Console\Kernel.php:426
at vendor\laravel\framework\src\Illuminate\Testing\PendingCommand.php:330
at vendor\laravel\framework\src\Illuminate\Testing\PendingCommand.php:533
at vendor\laravel\framework\src\Illuminate\Foundation\Testing\Concerns\InteractsWithConsole.php:87
at vendor\laravel\framework\src\Illuminate\Foundation\Testing\RefreshDatabase.php:101
at vendor\laravel\framework\src\Illuminate\Foundation\Testing\RefreshDatabase.php:84
at vendor\laravel\framework\src\Illuminate\Foundation\Testing\RefreshDatabase.php:25
at vendor\laravel\framework\src\Illuminate\Foundation\Testing\Concerns\InteractsWithTestCaseLifecycle.php:207
at vendor\laravel\framework\src\Illuminate\Foundation\Testing\Concerns\InteractsWithTestCaseLifecycle.php:96
at vendor\laravel\framework\src\Illuminate\Foundation\Testing\TestCase.php:44
at tests\TestCase.php:23</error>
        </testcase>
        <testcase name="cannot share story that disallows social sharing" file="tests\Feature\SuccessStoryTest.php::cannot share story that disallows social sharing" class="Tests\Feature\SuccessStoryTest" classname="Tests.Feature.SuccessStoryTest" assertions="0" time="0.000000">
          <error type="Illuminate\Database\QueryException">cannot share story that disallows social sharingIlluminate\Database\QueryException: could not find driver (Connection: sqlite, SQL: select exists (select 1 from "main".sqlite_master where name = 'migrations' and type = 'table') as "exists")&#13;
at vendor\laravel\framework\src\Illuminate\Database\Connectors\Connector.php:66
at vendor\laravel\framework\src\Illuminate\Database\Connectors\Connector.php:44
at vendor\laravel\framework\src\Illuminate\Database\Connectors\SQLiteConnector.php:21
at vendor\laravel\framework\src\Illuminate\Database\Connectors\ConnectionFactory.php:223
at vendor\laravel\framework\src\Illuminate\Database\Connection.php:1228
at vendor\laravel\framework\src\Illuminate\Database\Connection.php:1264
at vendor\laravel\framework\src\Illuminate\Database\Connection.php:509
at vendor\laravel\framework\src\Illuminate\Database\Connection.php:404
at vendor\laravel\framework\src\Illuminate\Database\Connection.php:809
at vendor\laravel\framework\src\Illuminate\Database\Connection.php:776
at vendor\laravel\framework\src\Illuminate\Database\Connection.php:395
at vendor\laravel\framework\src\Illuminate\Database\Connection.php:341
at vendor\laravel\framework\src\Illuminate\Database\Connection.php:358
at vendor\laravel\framework\src\Illuminate\Database\Schema\Builder.php:174
at vendor\laravel\framework\src\Illuminate\Database\Migrations\DatabaseMigrationRepository.php:185
at vendor\laravel\framework\src\Illuminate\Database\Migrations\Migrator.php:749
at vendor\laravel\framework\src\Illuminate\Database\Console\Migrations\FreshCommand.php:67
at vendor\laravel\framework\src\Illuminate\Database\Migrations\Migrator.php:665
at vendor\laravel\framework\src\Illuminate\Database\Console\Migrations\FreshCommand.php:66
at vendor\laravel\framework\src\Illuminate\Container\BoundMethod.php:36
at vendor\laravel\framework\src\Illuminate\Container\Util.php:43
at vendor\laravel\framework\src\Illuminate\Container\BoundMethod.php:96
at vendor\laravel\framework\src\Illuminate\Container\BoundMethod.php:35
at vendor\laravel\framework\src\Illuminate\Container\Container.php:754
at vendor\laravel\framework\src\Illuminate\Console\Command.php:211
at vendor\symfony\console\Command\Command.php:318
at vendor\laravel\framework\src\Illuminate\Console\Command.php:180
at vendor\symfony\console\Application.php:1074
at vendor\symfony\console\Application.php:341
at vendor\symfony\console\Application.php:192
at vendor\laravel\framework\src\Illuminate\Console\Application.php:165
at vendor\laravel\framework\src\Illuminate\Foundation\Console\Kernel.php:426
at vendor\laravel\framework\src\Illuminate\Testing\PendingCommand.php:330
at vendor\laravel\framework\src\Illuminate\Testing\PendingCommand.php:533
at vendor\laravel\framework\src\Illuminate\Foundation\Testing\Concerns\InteractsWithConsole.php:87
at vendor\laravel\framework\src\Illuminate\Foundation\Testing\RefreshDatabase.php:101
at vendor\laravel\framework\src\Illuminate\Foundation\Testing\RefreshDatabase.php:84
at vendor\laravel\framework\src\Illuminate\Foundation\Testing\RefreshDatabase.php:25
at vendor\laravel\framework\src\Illuminate\Foundation\Testing\Concerns\InteractsWithTestCaseLifecycle.php:207
at vendor\laravel\framework\src\Illuminate\Foundation\Testing\Concerns\InteractsWithTestCaseLifecycle.php:96
at vendor\laravel\framework\src\Illuminate\Foundation\Testing\TestCase.php:44
at tests\TestCase.php:23
Caused by
PDOException: could not find driver

at vendor\laravel\framework\src\Illuminate\Database\Connectors\Connector.php:66
at vendor\laravel\framework\src\Illuminate\Database\Connectors\Connector.php:44
at vendor\laravel\framework\src\Illuminate\Database\Connectors\SQLiteConnector.php:21
at vendor\laravel\framework\src\Illuminate\Database\Connectors\ConnectionFactory.php:223
at vendor\laravel\framework\src\Illuminate\Database\Connection.php:1228
at vendor\laravel\framework\src\Illuminate\Database\Connection.php:1264
at vendor\laravel\framework\src\Illuminate\Database\Connection.php:509
at vendor\laravel\framework\src\Illuminate\Database\Connection.php:404
at vendor\laravel\framework\src\Illuminate\Database\Connection.php:809
at vendor\laravel\framework\src\Illuminate\Database\Connection.php:776
at vendor\laravel\framework\src\Illuminate\Database\Connection.php:395
at vendor\laravel\framework\src\Illuminate\Database\Connection.php:341
at vendor\laravel\framework\src\Illuminate\Database\Connection.php:358
at vendor\laravel\framework\src\Illuminate\Database\Schema\Builder.php:174
at vendor\laravel\framework\src\Illuminate\Database\Migrations\DatabaseMigrationRepository.php:185
at vendor\laravel\framework\src\Illuminate\Database\Migrations\Migrator.php:749
at vendor\laravel\framework\src\Illuminate\Database\Console\Migrations\FreshCommand.php:67
at vendor\laravel\framework\src\Illuminate\Database\Migrations\Migrator.php:665
at vendor\laravel\framework\src\Illuminate\Database\Console\Migrations\FreshCommand.php:66
at vendor\laravel\framework\src\Illuminate\Container\BoundMethod.php:36
at vendor\laravel\framework\src\Illuminate\Container\Util.php:43
at vendor\laravel\framework\src\Illuminate\Container\BoundMethod.php:96
at vendor\laravel\framework\src\Illuminate\Container\BoundMethod.php:35
at vendor\laravel\framework\src\Illuminate\Container\Container.php:754
at vendor\laravel\framework\src\Illuminate\Console\Command.php:211
at vendor\symfony\console\Command\Command.php:318
at vendor\laravel\framework\src\Illuminate\Console\Command.php:180
at vendor\symfony\console\Application.php:1074
at vendor\symfony\console\Application.php:341
at vendor\symfony\console\Application.php:192
at vendor\laravel\framework\src\Illuminate\Console\Application.php:165
at vendor\laravel\framework\src\Illuminate\Foundation\Console\Kernel.php:426
at vendor\laravel\framework\src\Illuminate\Testing\PendingCommand.php:330
at vendor\laravel\framework\src\Illuminate\Testing\PendingCommand.php:533
at vendor\laravel\framework\src\Illuminate\Foundation\Testing\Concerns\InteractsWithConsole.php:87
at vendor\laravel\framework\src\Illuminate\Foundation\Testing\RefreshDatabase.php:101
at vendor\laravel\framework\src\Illuminate\Foundation\Testing\RefreshDatabase.php:84
at vendor\laravel\framework\src\Illuminate\Foundation\Testing\RefreshDatabase.php:25
at vendor\laravel\framework\src\Illuminate\Foundation\Testing\Concerns\InteractsWithTestCaseLifecycle.php:207
at vendor\laravel\framework\src\Illuminate\Foundation\Testing\Concerns\InteractsWithTestCaseLifecycle.php:96
at vendor\laravel\framework\src\Illuminate\Foundation\Testing\TestCase.php:44
at tests\TestCase.php:23</error>
        </testcase>
        <testcase name="can update own success story" file="tests\Feature\SuccessStoryTest.php::can update own success story" class="Tests\Feature\SuccessStoryTest" classname="Tests.Feature.SuccessStoryTest" assertions="0" time="0.000000">
          <error type="Illuminate\Database\QueryException">can update own success storyIlluminate\Database\QueryException: could not find driver (Connection: sqlite, SQL: select exists (select 1 from "main".sqlite_master where name = 'migrations' and type = 'table') as "exists")&#13;
at vendor\laravel\framework\src\Illuminate\Database\Connectors\Connector.php:66
at vendor\laravel\framework\src\Illuminate\Database\Connectors\Connector.php:44
at vendor\laravel\framework\src\Illuminate\Database\Connectors\SQLiteConnector.php:21
at vendor\laravel\framework\src\Illuminate\Database\Connectors\ConnectionFactory.php:223
at vendor\laravel\framework\src\Illuminate\Database\Connection.php:1228
at vendor\laravel\framework\src\Illuminate\Database\Connection.php:1264
at vendor\laravel\framework\src\Illuminate\Database\Connection.php:509
at vendor\laravel\framework\src\Illuminate\Database\Connection.php:404
at vendor\laravel\framework\src\Illuminate\Database\Connection.php:809
at vendor\laravel\framework\src\Illuminate\Database\Connection.php:776
at vendor\laravel\framework\src\Illuminate\Database\Connection.php:395
at vendor\laravel\framework\src\Illuminate\Database\Connection.php:341
at vendor\laravel\framework\src\Illuminate\Database\Connection.php:358
at vendor\laravel\framework\src\Illuminate\Database\Schema\Builder.php:174
at vendor\laravel\framework\src\Illuminate\Database\Migrations\DatabaseMigrationRepository.php:185
at vendor\laravel\framework\src\Illuminate\Database\Migrations\Migrator.php:749
at vendor\laravel\framework\src\Illuminate\Database\Console\Migrations\FreshCommand.php:67
at vendor\laravel\framework\src\Illuminate\Database\Migrations\Migrator.php:665
at vendor\laravel\framework\src\Illuminate\Database\Console\Migrations\FreshCommand.php:66
at vendor\laravel\framework\src\Illuminate\Container\BoundMethod.php:36
at vendor\laravel\framework\src\Illuminate\Container\Util.php:43
at vendor\laravel\framework\src\Illuminate\Container\BoundMethod.php:96
at vendor\laravel\framework\src\Illuminate\Container\BoundMethod.php:35
at vendor\laravel\framework\src\Illuminate\Container\Container.php:754
at vendor\laravel\framework\src\Illuminate\Console\Command.php:211
at vendor\symfony\console\Command\Command.php:318
at vendor\laravel\framework\src\Illuminate\Console\Command.php:180
at vendor\symfony\console\Application.php:1074
at vendor\symfony\console\Application.php:341
at vendor\symfony\console\Application.php:192
at vendor\laravel\framework\src\Illuminate\Console\Application.php:165
at vendor\laravel\framework\src\Illuminate\Foundation\Console\Kernel.php:426
at vendor\laravel\framework\src\Illuminate\Testing\PendingCommand.php:330
at vendor\laravel\framework\src\Illuminate\Testing\PendingCommand.php:533
at vendor\laravel\framework\src\Illuminate\Foundation\Testing\Concerns\InteractsWithConsole.php:87
at vendor\laravel\framework\src\Illuminate\Foundation\Testing\RefreshDatabase.php:101
at vendor\laravel\framework\src\Illuminate\Foundation\Testing\RefreshDatabase.php:84
at vendor\laravel\framework\src\Illuminate\Foundation\Testing\RefreshDatabase.php:25
at vendor\laravel\framework\src\Illuminate\Foundation\Testing\Concerns\InteractsWithTestCaseLifecycle.php:207
[...]
at vendor\laravel\framework\src\Illuminate\Database\Connection.php:1228
at vendor\laravel\framework\src\Illuminate\Database\Connection.php:1264
at vendor\laravel\framework\src\Illuminate\Database\Connection.php:509
at vendor\laravel\framework\src\Illuminate\Database\Connection.php:404
at vendor\laravel\framework\src\Illuminate\Database\Connection.php:809
at vendor\laravel\framework\src\Illuminate\Database\Connection.php:776
at vendor\laravel\framework\src\Illuminate\Database\Connection.php:395
at vendor\laravel\framework\src\Illuminate\Database\Connection.php:341
at vendor\laravel\framework\src\Illuminate\Database\Connection.php:358
at vendor\laravel\framework\src\Illuminate\Database\Schema\Builder.php:174
at vendor\laravel\framework\src\Illuminate\Database\Migrations\DatabaseMigrationRepository.php:185
at vendor\laravel\framework\src\Illuminate\Database\Migrations\Migrator.php:749
at vendor\laravel\framework\src\Illuminate\Database\Console\Migrations\FreshCommand.php:67
at vendor\laravel\framework\src\Illuminate\Database\Migrations\Migrator.php:665
at vendor\laravel\framework\src\Illuminate\Database\Console\Migrations\FreshCommand.php:66
at vendor\laravel\framework\src\Illuminate\Container\BoundMethod.php:36
at vendor\laravel\framework\src\Illuminate\Container\Util.php:43
at vendor\laravel\framework\src\Illuminate\Container\BoundMethod.php:96
at vendor\laravel\framework\src\Illuminate\Container\BoundMethod.php:35
at vendor\laravel\framework\src\Illuminate\Container\Container.php:754
at vendor\laravel\framework\src\Illuminate\Console\Command.php:211
at vendor\symfony\console\Command\Command.php:318
at vendor\laravel\framework\src\Illuminate\Console\Command.php:180
at vendor\symfony\console\Application.php:1074
at vendor\symfony\console\Application.php:341
at vendor\symfony\console\Application.php:192
at vendor\laravel\framework\src\Illuminate\Console\Application.php:165
at vendor\laravel\framework\src\Illuminate\Foundation\Console\Kernel.php:426
at vendor\laravel\framework\src\Illuminate\Testing\PendingCommand.php:330
at vendor\laravel\framework\src\Illuminate\Testing\PendingCommand.php:533
at vendor\laravel\framework\src\Illuminate\Foundation\Testing\Concerns\InteractsWithConsole.php:87
at vendor\laravel\framework\src\Illuminate\Foundation\Testing\RefreshDatabase.php:101
at vendor\laravel\framework\src\Illuminate\Foundation\Testing\RefreshDatabase.php:84
at vendor\laravel\framework\src\Illuminate\Foundation\Testing\RefreshDatabase.php:25
at vendor\laravel\framework\src\Illuminate\Foundation\Testing\Concerns\InteractsWithTestCaseLifecycle.php:207
at vendor\laravel\framework\src\Illuminate\Foundation\Testing\Concerns\InteractsWithTestCaseLifecycle.php:96
at vendor\laravel\framework\src\Illuminate\Foundation\Testing\TestCase.php:44
at tests\TestCase.php:23
Caused by
PDOException: could not find driver

at vendor\laravel\framework\src\Illuminate\Database\Connectors\Connector.php:66
at vendor\laravel\framework\src\Illuminate\Database\Connectors\Connector.php:44
at vendor\laravel\framework\src\Illuminate\Database\Connectors\SQLiteConnector.php:21
at vendor\laravel\framework\src\Illuminate\Database\Connectors\ConnectionFactory.php:223
at vendor\laravel\framework\src\Illuminate\Database\Connection.php:1228
at vendor\laravel\framework\src\Illuminate\Database\Connection.php:1264
at vendor\laravel\framework\src\Illuminate\Database\Connection.php:509
at vendor\laravel\framework\src\Illuminate\Database\Connection.php:404
at vendor\laravel\framework\src\Illuminate\Database\Connection.php:809
at vendor\laravel\framework\src\Illuminate\Database\Connection.php:776
at vendor\laravel\framework\src\Illuminate\Database\Connection.php:395
at vendor\laravel\framework\src\Illuminate\Database\Connection.php:341
at vendor\laravel\framework\src\Illuminate\Database\Connection.php:358
at vendor\laravel\framework\src\Illuminate\Database\Schema\Builder.php:174
at vendor\laravel\framework\src\Illuminate\Database\Migrations\DatabaseMigrationRepository.php:185
at vendor\laravel\framework\src\Illuminate\Database\Migrations\Migrator.php:749
at vendor\laravel\framework\src\Illuminate\Database\Console\Migrations\FreshCommand.php:67
at vendor\laravel\framework\src\Illuminate\Database\Migrations\Migrator.php:665
at vendor\laravel\framework\src\Illuminate\Database\Console\Migrations\FreshCommand.php:66
at vendor\laravel\framework\src\Illuminate\Container\BoundMethod.php:36
at vendor\laravel\framework\src\Illuminate\Container\Util.php:43
at vendor\laravel\framework\src\Illuminate\Container\BoundMethod.php:96
at vendor\laravel\framework\src\Illuminate\Container\BoundMethod.php:35
at vendor\laravel\framework\src\Illuminate\Container\Container.php:754
at vendor\laravel\framework\src\Illuminate\Console\Command.php:211
at vendor\symfony\console\Command\Command.php:318
at vendor\laravel\framework\src\Illuminate\Console\Command.php:180
at vendor\symfony\console\Application.php:1074
at vendor\symfony\console\Application.php:341
at vendor\symfony\console\Application.php:192
at vendor\laravel\framework\src\Illuminate\Console\Application.php:165
at vendor\laravel\framework\src\Illuminate\Foundation\Console\Kernel.php:426
at vendor\laravel\framework\src\Illuminate\Testing\PendingCommand.php:330
at vendor\laravel\framework\src\Illuminate\Testing\PendingCommand.php:533
at vendor\laravel\framework\src\Illuminate\Foundation\Testing\Concerns\InteractsWithConsole.php:87
at vendor\laravel\framework\src\Illuminate\Foundation\Testing\RefreshDatabase.php:101
at vendor\laravel\framework\src\Illuminate\Foundation\Testing\RefreshDatabase.php:84
at vendor\laravel\framework\src\Illuminate\Foundation\Testing\RefreshDatabase.php:25
at vendor\laravel\framework\src\Illuminate\Foundation\Testing\Concerns\InteractsWithTestCaseLifecycle.php:207
at vendor\laravel\framework\src\Illuminate\Foundation\Testing\Concerns\InteractsWithTestCaseLifecycle.php:96
at vendor\laravel\framework\src\Illuminate\Foundation\Testing\TestCase.php:44
at tests\TestCase.php:23</error>
        </testcase>
        <testcase name="can delete own success story" file="tests\Feature\SuccessStoryTest.php::can delete own success story" class="Tests\Feature\SuccessStoryTest" classname="Tests.Feature.SuccessStoryTest" assertions="0" time="0.000000">
          <error type="Illuminate\Database\QueryException">can delete own success storyIlluminate\Database\QueryException: could not find driver (Connection: sqlite, SQL: select exists (select 1 from "main".sqlite_master where name = 'migrations' and type = 'table') as "exists")&#13;
at vendor\laravel\framework\src\Illuminate\Database\Connectors\Connector.php:66
at vendor\laravel\framework\src\Illuminate\Database\Connectors\Connector.php:44
at vendor\laravel\framework\src\Illuminate\Database\Connectors\SQLiteConnector.php:21
at vendor\laravel\framework\src\Illuminate\Database\Connectors\ConnectionFactory.php:223
at vendor\laravel\framework\src\Illuminate\Database\Connection.php:1228
at vendor\laravel\framework\src\Illuminate\Database\Connection.php:1264
at vendor\laravel\framework\src\Illuminate\Database\Connection.php:509
at vendor\laravel\framework\src\Illuminate\Database\Connection.php:404
at vendor\laravel\framework\src\Illuminate\Database\Connection.php:809
at vendor\laravel\framework\src\Illuminate\Database\Connection.php:776
at vendor\laravel\framework\src\Illuminate\Database\Connection.php:395
at vendor\laravel\framework\src\Illuminate\Database\Connection.php:341
at vendor\laravel\framework\src\Illuminate\Database\Connection.php:358
at vendor\laravel\framework\src\Illuminate\Database\Schema\Builder.php:174
at vendor\laravel\framework\src\Illuminate\Database\Migrations\DatabaseMigrationRepository.php:185
at vendor\laravel\framework\src\Illuminate\Database\Migrations\Migrator.php:749
at vendor\laravel\framework\src\Illuminate\Database\Console\Migrations\FreshCommand.php:67
at vendor\laravel\framework\src\Illuminate\Database\Migrations\Migrator.php:665
at vendor\laravel\framework\src\Illuminate\Database\Console\Migrations\FreshCommand.php:66
at vendor\laravel\framework\src\Illuminate\Container\BoundMethod.php:36
at vendor\laravel\framework\src\Illuminate\Container\Util.php:43
at vendor\laravel\framework\src\Illuminate\Container\BoundMethod.php:96
at vendor\laravel\framework\src\Illuminate\Container\BoundMethod.php:35
at vendor\laravel\framework\src\Illuminate\Container\Container.php:754
at vendor\laravel\framework\src\Illuminate\Console\Command.php:211
at vendor\symfony\console\Command\Command.php:318
at vendor\laravel\framework\src\Illuminate\Console\Command.php:180
at vendor\symfony\console\Application.php:1074
at vendor\symfony\console\Application.php:341
at vendor\symfony\console\Application.php:192
at vendor\laravel\framework\src\Illuminate\Console\Application.php:165
at vendor\laravel\framework\src\Illuminate\Foundation\Console\Kernel.php:426
at vendor\laravel\framework\src\Illuminate\Testing\PendingCommand.php:330
at vendor\laravel\framework\src\Illuminate\Testing\PendingCommand.php:533
at vendor\laravel\framework\src\Illuminate\Foundation\Testing\Concerns\InteractsWithConsole.php:87
at vendor\laravel\framework\src\Illuminate\Foundation\Testing\RefreshDatabase.php:101
at vendor\laravel\framework\src\Illuminate\Foundation\Testing\RefreshDatabase.php:84
at vendor\laravel\framework\src\Illuminate\Foundation\Testing\RefreshDatabase.php:25
at vendor\laravel\framework\src\Illuminate\Foundation\Testing\Concerns\InteractsWithTestCaseLifecycle.php:207
at vendor\laravel\framework\src\Illuminate\Foundation\Testing\Concerns\InteractsWithTestCaseLifecycle.php:96
at vendor\laravel\framework\src\Illuminate\Foundation\Testing\TestCase.php:44
at tests\TestCase.php:23
Caused by
PDOException: could not find driver

at vendor\laravel\framework\src\Illuminate\Database\Connectors\Connector.php:66
at vendor\laravel\framework\src\Illuminate\Database\Connectors\Connector.php:44
at vendor\laravel\framework\src\Illuminate\Database\Connectors\SQLiteConnector.php:21
at vendor\laravel\framework\src\Illuminate\Database\Connectors\ConnectionFactory.php:223
at vendor\laravel\framework\src\Illuminate\Database\Connection.php:1228
at vendor\laravel\framework\src\Illuminate\Database\Connection.php:1264
at vendor\laravel\framework\src\Illuminate\Database\Connection.php:509
at vendor\laravel\framework\src\Illuminate\Database\Connection.php:404
at vendor\laravel\framework\src\Illuminate\Database\Connection.php:809
at vendor\laravel\framework\src\Illuminate\Database\Connection.php:776
at vendor\laravel\framework\src\Illuminate\Database\Connection.php:395
at vendor\laravel\framework\src\Illuminate\Database\Connection.php:341
at vendor\laravel\framework\src\Illuminate\Database\Connection.php:358
at vendor\laravel\framework\src\Illuminate\Database\Schema\Builder.php:174
at vendor\laravel\framework\src\Illuminate\Database\Migrations\DatabaseMigrationRepository.php:185
at vendor\laravel\framework\src\Illuminate\Database\Migrations\Migrator.php:749
at vendor\laravel\framework\src\Illuminate\Database\Console\Migrations\FreshCommand.php:67
at vendor\laravel\framework\src\Illuminate\Database\Migrations\Migrator.php:665
at vendor\laravel\framework\src\Illuminate\Database\Console\Migrations\FreshCommand.php:66
at vendor\laravel\framework\src\Illuminate\Container\BoundMethod.php:36
at vendor\laravel\framework\src\Illuminate\Container\Util.php:43
at vendor\laravel\framework\src\Illuminate\Container\BoundMethod.php:96
at vendor\laravel\framework\src\Illuminate\Container\BoundMethod.php:35
at vendor\laravel\framework\src\Illuminate\Container\Container.php:754
at vendor\laravel\framework\src\Illuminate\Console\Command.php:211
at vendor\symfony\console\Command\Command.php:318
at vendor\laravel\framework\src\Illuminate\Console\Command.php:180
at vendor\symfony\console\Application.php:1074
at vendor\symfony\console\Application.php:341
at vendor\symfony\console\Application.php:192
at vendor\laravel\framework\src\Illuminate\Console\Application.php:165
at vendor\laravel\framework\src\Illuminate\Foundation\Console\Kernel.php:426
at vendor\laravel\framework\src\Illuminate\Testing\PendingCommand.php:330
at vendor\laravel\framework\src\Illuminate\Testing\PendingCommand.php:533
at vendor\laravel\framework\src\Illuminate\Foundation\Testing\Concerns\InteractsWithConsole.php:87
at vendor\laravel\framework\src\Illuminate\Foundation\Testing\RefreshDatabase.php:101
at vendor\laravel\framework\src\Illuminate\Foundation\Testing\RefreshDatabase.php:84
at vendor\laravel\framework\src\Illuminate\Foundation\Testing\RefreshDatabase.php:25
at vendor\laravel\framework\src\Illuminate\Foundation\Testing\Concerns\InteractsWithTestCaseLifecycle.php:207
at vendor\laravel\framework\src\Illuminate\Foundation\Testing\Concerns\InteractsWithTestCaseLifecycle.php:96
at vendor\laravel\framework\src\Illuminate\Foundation\Testing\TestCase.php:44
at tests\TestCase.php:23</error>
        </testcase>
        <testcase name="can get stories by demographics for diversity showcase" file="tests\Feature\SuccessStoryTest.php::can get stories by demographics for diversity showcase" class="Tests\Feature\SuccessStoryTest" classname="Tests.Feature.SuccessStoryTest" assertions="0" time="0.000000">
          <error type="Illuminate\Database\QueryException">can get stories by demographics for diversity showcaseIlluminate\Database\QueryException: could not find driver (Connection: sqlite, SQL: select exists (select 1 from "main".sqlite_master where name = 'migrations' and type = 'table') as "exists")&#13;
at vendor\laravel\framework\src\Illuminate\Database\Connectors\Connector.php:66
at vendor\laravel\framework\src\Illuminate\Database\Connectors\Connector.php:44
at vendor\laravel\framework\src\Illuminate\Database\Connectors\SQLiteConnector.php:21
at vendor\laravel\framework\src\Illuminate\Database\Connectors\ConnectionFactory.php:223
at vendor\laravel\framework\src\Illuminate\Database\Connection.php:1228
at vendor\laravel\framework\src\Illuminate\Database\Connection.php:1264
at vendor\laravel\framework\src\Illuminate\Database\Connection.php:509
at vendor\laravel\framework\src\Illuminate\Database\Connection.php:404
at vendor\laravel\framework\src\Illuminate\Database\Connection.php:809
at vendor\laravel\framework\src\Illuminate\Database\Connection.php:776
at vendor\laravel\framework\src\Illuminate\Database\Connection.php:395
at vendor\laravel\framework\src\Illuminate\Database\Connection.php:341
at vendor\laravel\framework\src\Illuminate\Database\Connection.php:358
at vendor\laravel\framework\src\Illuminate\Database\Schema\Builder.php:174
at vendor\laravel\framework\src\Illuminate\Database\Migrations\DatabaseMigrationRepository.php:185
at vendor\laravel\framework\src\Illuminate\Database\Migrations\Migrator.php:749
at vendor\laravel\framework\src\Illuminate\Database\Console\Migrations\FreshCommand.php:67
at vendor\laravel\framework\src\Illuminate\Database\Migrations\Migrator.php:665
at vendor\laravel\framework\src\Illuminate\Database\Console\Migrations\FreshCommand.php:66
at vendor\laravel\framework\src\Illuminate\Container\BoundMethod.php:36
at vendor\laravel\framework\src\Illuminate\Container\Util.php:43
at vendor\laravel\framework\src\Illuminate\Container\BoundMethod.php:96
at vendor\laravel\framework\src\Illuminate\Container\BoundMethod.php:35
at vendor\laravel\framework\src\Illuminate\Container\Container.php:754
at vendor\laravel\framework\src\Illuminate\Console\Command.php:211
at vendor\symfony\console\Command\Command.php:318
at vendor\laravel\framework\src\Illuminate\Console\Command.php:180
at vendor\symfony\console\Application.php:1074
at vendor\symfony\console\Application.php:341
at vendor\symfony\console\Application.php:192
at vendor\laravel\framework\src\Illuminate\Console\Application.php:165
at vendor\laravel\framework\src\Illuminate\Foundation\Console\Kernel.php:426
at vendor\laravel\framework\src\Illuminate\Testing\PendingCommand.php:330
at vendor\laravel\framework\src\Illuminate\Testing\PendingCommand.php:533
at vendor\laravel\framework\src\Illuminate\Foundation\Testing\Concerns\InteractsWithConsole.php:87
at vendor\laravel\framework\src\Illuminate\Foundation\Testing\RefreshDatabase.php:101
at vendor\laravel\framework\src\Illuminate\Foundation\Testing\RefreshDatabase.php:84
at vendor\laravel\framework\src\Illuminate\Foundation\Testing\RefreshDatabase.php:25
at vendor\laravel\framework\src\Illuminate\Foundation\Testing\Concerns\InteractsWithTestCaseLifecycle.php:207
at vendor\laravel\framework\src\Illuminate\Foundation\Testing\Concerns\InteractsWithTestCaseLifecycle.php:96
at vendor\laravel\framework\src\Illuminate\Foundation\Testing\TestCase.php:44
at tests\TestCase.php:23
Caused by
PDOException: could not find driver

at vendor\laravel\framework\src\Illuminate\Database\Connectors\Connector.php:66
at vendor\laravel\framework\src\Illuminate\Database\Connectors\Connector.php:44
at vendor\laravel\framework\src\Illuminate\Database\Connectors\SQLiteConnector.php:21
at vendor\laravel\framework\src\Illuminate\Database\Connectors\ConnectionFactory.php:223
at vendor\laravel\framework\src\Illuminate\Database\Connection.php:1228
at vendor\laravel\framework\src\Illuminate\Database\Connection.php:1264
at vendor\laravel\framework\src\Illuminate\Database\Connection.php:509
at vendor\laravel\framework\src\Illuminate\Database\Connection.php:404
at vendor\laravel\framework\src\Illuminate\Database\Connection.php:809
at vendor\laravel\framework\src\Illuminate\Database\Connection.php:776
at vendor\laravel\framework\src\Illuminate\Database\Connection.php:395
at vendor\laravel\framework\src\Illuminate\Database\Connection.php:341
at vendor\laravel\framework\src\Illuminate\Database\Connection.php:358
at vendor\laravel\framework\src\Illuminate\Database\Schema\Builder.php:174
at vendor\laravel\framework\src\Illuminate\Database\Migrations\DatabaseMigrationRepository.php:185
at vendor\laravel\framework\src\Illuminate\Database\Migrations\Migrator.php:749
at vendor\laravel\framework\src\Illuminate\Database\Console\Migrations\FreshCommand.php:67
at vendor\laravel\framework\src\Illuminate\Database\Migrations\Migrator.php:665
at vendor\laravel\framework\src\Illuminate\Database\Console\Migrations\FreshCommand.php:66
at vendor\laravel\framework\src\Illuminate\Container\BoundMethod.php:36
at vendor\laravel\framework\src\Illuminate\Container\Util.php:43
at vendor\laravel\framework\src\Illuminate\Container\BoundMethod.php:96
at vendor\laravel\framework\src\Illuminate\Container\BoundMethod.php:35
at vendor\laravel\framework\src\Illuminate\Container\Container.php:754
at vendor\laravel\framework\src\Illuminate\Console\Command.php:211
at vendor\symfony\console\Command\Command.php:318
at vendor\laravel\framework\src\Illuminate\Console\Command.php:180
at vendor\symfony\console\Application.php:1074
at vendor\symfony\console\Application.php:341
at vendor\symfony\console\Application.php:192
at vendor\laravel\framework\src\Illuminate\Console\Application.php:165
at vendor\laravel\framework\src\Illuminate\Foundation\Console\Kernel.php:426
at vendor\laravel\framework\src\Illuminate\Testing\PendingCommand.php:330
at vendor\laravel\framework\src\Illuminate\Testing\PendingCommand.php:533
at vendor\laravel\framework\src\Illuminate\Foundation\Testing\Concerns\InteractsWithConsole.php:87
at vendor\laravel\framework\src\Illuminate\Foundation\Testing\RefreshDatabase.php:101
at vendor\laravel\framework\src\Illuminate\Foundation\Testing\RefreshDatabase.php:84
at vendor\laravel\framework\src\Illuminate\Foundation\Testing\RefreshDatabase.php:25
at vendor\laravel\framework\src\Illuminate\Foundation\Testing\Concerns\InteractsWithTestCaseLifecycle.php:207
at vendor\laravel\framework\src\Illuminate\Foundation\Testing\Concerns\InteractsWithTestCaseLifecycle.php:96
at vendor\laravel\framework\src\Illuminate\Foundation\Testing\TestCase.php:44
at tests\TestCase.php:23</error>
        </testcase>
      </testsuite>
    </testsuite>
  </testsuite>
</testsuites>
