##teamcity[testCount count='21' flowId='41996']
##teamcity[testSuiteStarted name='D:\DevCenter\abuilds\alumate\phpunit.xml' flowId='41996']
##teamcity[testSuiteStarted name='Feature' flowId='41996']
##teamcity[testSuiteStarted name='P\Tests\Feature\ComponentLibrary\FormComponentTest' locationHint='php_qn://D:\DevCenter\abuilds\alumate\vendor\pestphp\pest\src\Factories\TestCaseFactory.php(169) : eval()|'d code::\P\Tests\Feature\ComponentLibrary\FormComponentTest' flowId='41996']
##teamcity[testStarted name='__pest_evaluable_it_can_render_form_demo_page' locationHint='php_qn://D:\DevCenter\abuilds\alumate\vendor\pestphp\pest\src\Factories\TestCaseFactory.php(169) : eval()|'d code::\P\Tests\Feature\ComponentLibrary\FormComponentTest::__pest_evaluable_it_can_render_form_demo_page' flowId='41996']
##teamcity[testFailed name='__pest_evaluable_it_can_render_form_demo_page' message='Expected response status code |[200|] but received 500.|nFailed asserting that 500 is identical to 200.|r|n|r|nThe following exception occurred during the last request:|n|nPDOException: SQLSTATE|[25P02|]: In failed sql transaction: 7 ERROR:  current transaction is aborted, commands ignored until end of transaction block in D:\DevCenter\abuilds\alumate\vendor\laravel\framework\src\Illuminate\Database\Connection.php:409|nStack trace:|n#0 D:\DevCenter\abuilds\alumate\vendor\laravel\framework\src\Illuminate\Database\Connection.php(409): PDOStatement->execute()|n#1 D:\DevCenter\abuilds\alumate\vendor\laravel\framework\src\Illuminate\Database\Connection.php(809): Illuminate\Database\Connection->Illuminate\Database\{closure}(|'select "roles"....|', Array)|n#2 D:\DevCenter\abuilds\alumate\vendor\laravel\framework\src\Illuminate\Database\Connection.php(776): Illuminate\Database\Connection->runQueryCallback(|'select "roles"....|', Array, Object(Closure))|n#3 D:\DevCenter\abuilds\alumate\vendor\laravel\framework\src\Illuminate\Database\Connection.php(395): Illuminate\Database\Connection->run(|'select "roles"....|', Array, Object(Closure))|n#4 D:\DevCenter\abuilds\alumate\vendor\laravel\framework\src\Illuminate\Database\Query\Builder.php(3131): Illuminate\Database\Connection->select(|'select "roles"....|', Array, true)|n#5 D:\DevCenter\abuilds\alumate\vendor\laravel\framework\src\Illuminate\Database\Query\Builder.php(3116): Illuminate\Database\Query\Builder->runSelect()|n#6 D:\DevCenter\abuilds\alumate\vendor\laravel\framework\src\Illuminate\Database\Query\Builder.php(3706): Illuminate\Database\Query\Builder->Illuminate\Database\Query\{closure}()|n#7 D:\DevCenter\abuilds\alumate\vendor\laravel\framework\src\Illuminate\Database\Query\Builder.php(3115): Illuminate\Database\Query\Builder->onceWithColumns(Array, Object(Closure))|n#8 D:\DevCenter\abuilds\alumate\vendor\laravel\framework\src\Illuminate\Database\Eloquent\Builder.php(872): Illuminate\Database\Query\Builder->get(Array)|n#9 D:\DevCenter\abuilds\alumate\vendor\laravel\framework\src\Illuminate\Database\Eloquent\Relations\BelongsToMany.php(910): Illuminate\Database\Eloquent\Builder->getModels()|n#10 D:\DevCenter\abuilds\alumate\vendor\laravel\framework\src\Illuminate\Database\Eloquent\Relations\BelongsToMany.php(894): Illuminate\Database\Eloquent\Relations\BelongsToMany->get()|n#11 D:\DevCenter\abuilds\alumate\vendor\laravel\framework\src\Illuminate\Database\Eloquent\Concerns\HasAttributes.php(634): Illuminate\Database\Eloquent\Relations\BelongsToMany->getResults()|n#12 D:\DevCenter\abuilds\alumate\vendor\laravel\framework\src\Illuminate\Database\Eloquent\Concerns\HasAttributes.php(572): Illuminate\Database\Eloquent\Model->getRelationshipFromMethod(|'roles|')|n#13 D:\DevCenter\abuilds\alumate\vendor\laravel\framework\src\Illuminate\Database\Eloquent\Concerns\HasAttributes.php(493): Illuminate\Database\Eloquent\Model->getRelationValue(|'roles|')|n#14 D:\DevCenter\abuilds\alumate\vendor\laravel\framework\src\Illuminate\Database\Eloquent\Model.php(2405): Illuminate\Database\Eloquent\Model->getAttribute(|'roles|')|n#15 D:\DevCenter\abuilds\alumate\app\Http\Middleware\HandleInertiaRequests.php(52): Illuminate\Database\Eloquent\Model->__get(|'roles|')|n#16 D:\DevCenter\abuilds\alumate\vendor\inertiajs\inertia-laravel\src\Middleware.php(93): App\Http\Middleware\HandleInertiaRequests->share(Object(Illuminate\Http\Request))|n#17 D:\DevCenter\abuilds\alumate\vendor\laravel\framework\src\Illuminate\Pipeline\Pipeline.php(208): Inertia\Middleware->handle(Object(Illuminate\Http\Request), Object(Closure))|n#18 D:\DevCenter\abuilds\alumate\app\Http\Middleware\HandleAppearance.php(21): Illuminate\Pipeline\Pipeline->Illuminate\Pipeline\{closure}(Object(Illuminate\Http\Request))|n#19 D:\DevCenter\abuilds\alumate\vendor\laravel\framework\src\Illuminate\Pipeline\Pipeline.php(208): App\Http\Middleware\HandleAppearance->handle(Object(Illuminate\Http\Request), Object(Closure))|n#20 D:\DevCenter\abuilds\alumate\vendor\laravel\framework\src\Illuminate\Routing\Middleware\SubstituteBindings.php(50): Illuminate\Pipeline\Pipeline->Illuminate\Pipeline\{closure}(Object(Illuminate\Http\Request))|n#21 D:\DevCenter\abuilds\alumate\vendor\laravel\framework\src\Illuminate\Pipeline\Pipeline.php(208): Illuminate\Routing\Middleware\SubstituteBindings->handle(Object(Illuminate\Http\Request), Object(Closure))|n#22 D:\DevCenter\abuilds\alumate\vendor\laravel\framework\src\Illuminate\Auth\Middleware\Authenticate.php(63): Illuminate\Pipeline\Pipeline->Illuminate\Pipeline\{closure}(Object(Illuminate\Http\Request))|n#23 D:\DevCenter\abuilds\alumate\vendor\laravel\framework\src\Illuminate\Pipeline\Pipeline.php(208): Illuminate\Auth\Middleware\Authenticate->handle(Object(Illuminate\Http\Request), Object(Closure))|n#24 D:\DevCenter\abuilds\alumate\vendor\laravel\framework\src\Illuminate\Foundation\Http\Middleware\VerifyCsrfToken.php(87): Illuminate\Pipeline\Pipeline->Illuminate\Pipeline\{closure}(Object(Illuminate\Http\Request))|n#25 D:\DevCenter\abuilds\alumate\vendor\laravel\framework\src\Illuminate\Pipeline\Pipeline.php(208): Illuminate\Foundation\Http\Middleware\VerifyCsrfToken->handle(Object(Illuminate\Http\Request), Object(Closure))|n#26 D:\DevCenter\abuilds\alumate\vendor\laravel\framework\src\Illuminate\View\Middleware\ShareErrorsFromSession.php(48): Illuminate\Pipeline\Pipeline->Illuminate\Pipeline\{closure}(Object(Illuminate\Http\Request))|n#27 D:\DevCenter\abuilds\alumate\vendor\laravel\framework\src\Illuminate\Pipeline\Pipeline.php(208): Illuminate\View\Middleware\ShareErrorsFromSession->handle(Object(Illuminate\Http\Request), Object(Closure))|n#28 D:\DevCenter\abuilds\alumate\vendor\laravel\framework\src\Illuminate\Session\Middleware\StartSession.php(120): Illuminate\Pipeline\Pipeline->Illuminate\Pipeline\{closure}(Object(Illuminate\Http\Request))|n#29 D:\DevCenter\abuilds\alumate\vendor\laravel\framework\src\Illuminate\Session\Middleware\StartSession.php(63): Illuminate\Session\Middleware\StartSession->handleStatefulRequest(Object(Illuminate\Http\Request), Object(Illuminate\Session\Store), Object(Closure))|n#30 D:\DevCenter\abuilds\alumate\vendor\laravel\framework\src\Illuminate\Pipeline\Pipeline.php(208): Illuminate\Session\Middleware\StartSession->handle(Object(Illuminate\Http\Request), Object(Closure))|n#31 D:\DevCenter\abuilds\alumate\vendor\laravel\framework\src\Illuminate\Cookie\Middleware\AddQueuedCookiesToResponse.php(36): Illuminate\Pipeline\Pipeline->Illuminate\Pipeline\{closure}(Object(Illuminate\Http\Request))|n#32 D:\DevCenter\abuilds\alumate\vendor\laravel\framework\src\Illuminate\Pipeline\Pipeline.php(208): Illuminate\Cookie\Middleware\AddQueuedCookiesToResponse->handle(Object(Illuminate\Http\Request), Object(Closure))|n#33 D:\DevCenter\abuilds\alumate\vendor\laravel\framework\src\Illuminate\Cookie\Middleware\EncryptCookies.php(74): Illuminate\Pipeline\Pipeline->Illuminate\Pipeline\{closure}(Object(Illuminate\Http\Request))|n#34 D:\DevCenter\abuilds\alumate\vendor\laravel\framework\src\Illuminate\Pipeline\Pipeline.php(208): Illuminate\Cookie\Middleware\EncryptCookies->handle(Object(Illuminate\Http\Request), Object(Closure))|n#35 D:\DevCenter\abuilds\alumate\vendor\laravel\framework\src\Illuminate\Pipeline\Pipeline.php(126): Illuminate\Pipeline\Pipeline->Illuminate\Pipeline\{closure}(Object(Illuminate\Http\Request))|n#36 D:\DevCenter\abuilds\alumate\vendor\laravel\framework\src\Illuminate\Routing\Router.php(807): Illuminate\Pipeline\Pipeline->then(Object(Closure))|n#37 D:\DevCenter\abuilds\alumate\vendor\laravel\framework\src\Illuminate\Routing\Router.php(786): Illuminate\Routing\Router->runRouteWithinStack(Object(Illuminate\Routing\Route), Object(Illuminate\Http\Request))|n#38 D:\DevCenter\abuilds\alumate\vendor\laravel\framework\src\Illuminate\Routing\Router.php(750): Illuminate\Routing\Router->runRoute(Object(Illuminate\Http\Request), Object(Illuminate\Routing\Route))|n#39 D:\DevCenter\abuilds\alumate\vendor\laravel\framework\src\Illuminate\Routing\Router.php(739): Illuminate\Routing\Router->dispatchToRoute(Object(Illuminate\Http\Request))|n#40 D:\DevCenter\abuilds\alumate\vendor\laravel\framework\src\Illuminate\Foundation\Http\Kernel.php(200): Illuminate\Routing\Router->dispatch(Object(Illuminate\Http\Request))|n#41 D:\DevCenter\abuilds\alumate\vendor\laravel\framework\src\Illuminate\Pipeline\Pipeline.php(169): Illuminate\Foundation\Http\Kernel->Illuminate\Foundation\Http\{closure}(Object(Illuminate\Http\Request))|n#42 D:\DevCenter\abuilds\alumate\vendor\laravel\framework\src\Illuminate\Foundation\Http\Middleware\TransformsRequest.php(21): Illuminate\Pipeline\Pipeline->Illuminate\Pipeline\{closure}(Object(Illuminate\Http\Request))|n#43 D:\DevCenter\abuilds\alumate\vendor\laravel\framework\src\Illuminate\Foundation\Http\Middleware\ConvertEmptyStringsToNull.php(31): Illuminate\Foundation\Http\Middleware\TransformsRequest->handle(Object(Illuminate\Http\Request), Object(Closure))|n#44 D:\DevCenter\abuilds\alumate\vendor\laravel\framework\src\Illuminate\Pipeline\Pipeline.php(208): Illuminate\Foundation\Http\Middleware\ConvertEmptyStringsToNull->handle(Object(Illuminate\Http\Request), Object(Closure))|n#45 D:\DevCenter\abuilds\alumate\vendor\laravel\framework\src\Illuminate\Foundation\Http\Middleware\TransformsRequest.php(21): Illuminate\Pipeline\Pipeline->Illuminate\Pipeline\{closure}(Object(Illuminate\Http\Request))|n#46 D:\DevCenter\abuilds\alumate\vendor\laravel\framework\src\Illuminate\Foundation\Http\Middleware\TrimStrings.php(51): Illuminate\Foundation\Http\Middleware\TransformsRequest->handle(Object(Illuminate\Http\Request), Object(Closure))|n#47 D:\DevCenter\abuilds\alumate\vendor\laravel\framework\src\Illuminate\Pipeline\Pipeline.php(208): Illuminate\Foundation\Http\Middleware\TrimStrings->handle(Object(Illuminate\Http\Request), Object(Closure))|n#48 D:\DevCenter\abuilds\alumate\vendor\laravel\framework\src\Illuminate\Http\Middleware\ValidatePostSize.php(27): Illuminate\Pipeline\Pipeline->Illuminate\Pipeline\{closure}(Object(Illuminate\Http\Request))|n#49 D:\DevCenter\abuilds\alumate\vendor\laravel\framework\src\Illuminate\Pipeline\Pipeline.php(208): Illuminate\Http\Middleware\ValidatePostSize->handle(Object(Illuminate\Http\Request), Object(Closure))|n#50 D:\DevCenter\abuilds\alumate\vendor\laravel\framework\src\Illuminate\Foundation\Http\Middleware\PreventRequestsDuringMaintenance.php(109): Illuminate\Pipeline\Pipeline->Illuminate\Pipeline\{closure}(Object(Illuminate\Http\Request))|n#51 D:\DevCenter\abuilds\alumate\vendor\laravel\framework\src\Illuminate\Pipeline\Pipeline.php(208): Illuminate\Foundation\Http\Middleware\PreventRequestsDuringMaintenance->handle(Object(Illuminate\Http\Request), Object(Closure))|n#52 D:\DevCenter\abuilds\alumate\vendor\laravel\framework\src\Illuminate\Http\Middleware\HandleCors.php(48): Illuminate\Pipeline\Pipeline->Illuminate\Pipeline\{closure}(Object(Illuminate\Http\Request))|n#53 D:\DevCenter\abuilds\alumate\vendor\laravel\framework\src\Illuminate\Pipeline\Pipeline.php(208): Illuminate\Http\Middleware\HandleCors->handle(Object(Illuminate\Http\Request), Object(Closure))|n#54 D:\DevCenter\abuilds\alumate\vendor\laravel\framework\src\Illuminate\Http\Middleware\TrustProxies.php(58): Illuminate\Pipeline\Pipeline->Illuminate\Pipeline\{closure}(Object(Illuminate\Http\Request))|n#55 D:\DevCenter\abuilds\alumate\vendor\laravel\framework\src\Illuminate\Pipeline\Pipeline.php(208): Illuminate\Http\Middleware\TrustProxies->handle(Object(Illuminate\Http\Request), Object(Closure))|n#56 D:\DevCenter\abuilds\alumate\vendor\laravel\framework\src\Illuminate\Foundation\Http\Middleware\InvokeDeferredCallbacks.php(22): Illuminate\Pipeline\Pipeline->Illuminate\Pipeline\{closure}(Object(Illuminate\Http\Request))|n#57 D:\DevCenter\abuilds\alumate\vendor\laravel\framework\src\Illuminate\Pipeline\Pipeline.php(208): Illuminate\Foundation\Http\Middleware\InvokeDeferredCallbacks->handle(Object(Illuminate\Http\Request), Object(Closure))|n#58 D:\DevCenter\abuilds\alumate\vendor\laravel\framework\src\Illuminate\Http\Middleware\ValidatePathEncoding.php(26): Illuminate\Pipeline\Pipeline->Illuminate\Pipeline\{closure}(Object(Illuminate\Http\Request))|n#59 D:\DevCenter\abuilds\alumate\vendor\laravel\framework\src\Illuminate\Pipeline\Pipeline.php(208): Illuminate\Http\Middleware\ValidatePathEncoding->handle(Object(Illuminate\Http\Request), Object(Closure))|n#60 D:\DevCenter\abuilds\alumate\vendor\laravel\framework\src\Illuminate\Pipeline\Pipeline.php(126): Illuminate\Pipeline\Pipeline->Illuminate\Pipeline\{closure}(Object(Illuminate\Http\Request))|n#61 D:\DevCenter\abuilds\alumate\vendor\laravel\framework\src\Illuminate\Foundation\Http\Kernel.php(175): Illuminate\Pipeline\Pipeline->then(Object(Closure))|n#62 D:\DevCenter\abuilds\alumate\vendor\laravel\framework\src\Illuminate\Foundation\Http\Kernel.php(144): Illuminate\Foundation\Http\Kernel->sendRequestThroughRouter(Object(Illuminate\Http\Request))|n#63 D:\DevCenter\abuilds\alumate\vendor\laravel\framework\src\Illuminate\Foundation\Testing\Concerns\MakesHttpRequests.php(607): Illuminate\Foundation\Http\Kernel->handle(Object(Illuminate\Http\Request))|n#64 D:\DevCenter\abuilds\alumate\vendor\laravel\framework\src\Illuminate\Foundation\Testing\Concerns\MakesHttpRequests.php(368): Illuminate\Foundation\Testing\TestCase->call(|'GET|', |'/component-libr...|', Array, Array, Array, Array)|n#65 D:\DevCenter\abuilds\alumate\tests\Feature\ComponentLibrary\FormComponentTest.php(12): Illuminate\Foundation\Testing\TestCase->get(|'/component-libr...|')|n#66 D:\DevCenter\abuilds\alumate\vendor\pestphp\pest\src\Factories\TestCaseMethodFactory.php(168): P\Tests\Feature\ComponentLibrary\FormComponentTest->{closure}()|n#67 |[internal function|]: P\Tests\Feature\ComponentLibrary\FormComponentTest->Pest\Factories\{closure}()|n#68 D:\DevCenter\abuilds\alumate\vendor\pestphp\pest\src\Concerns\Testable.php(419): call_user_func_array(Object(Closure), Array)|n#69 D:\DevCenter\abuilds\alumate\vendor\pestphp\pest\src\Support\ExceptionTrace.php(26): P\Tests\Feature\ComponentLibrary\FormComponentTest->Pest\Concerns\{closure}()|n#70 D:\DevCenter\abuilds\alumate\vendor\pestphp\pest\src\Concerns\Testable.php(419): Pest\Support\ExceptionTrace::ensure(Object(Closure))|n#71 D:\DevCenter\abuilds\alumate\vendor\pestphp\pest\src\Concerns\Testable.php(321): P\Tests\Feature\ComponentLibrary\FormComponentTest->__callClosure(Object(Closure), Array)|n#72 D:\DevCenter\abuilds\alumate\vendor\pestphp\pest\src\Factories\TestCaseFactory.php(169) : eval()|'d code(17): P\Tests\Feature\ComponentLibrary\FormComponentTest->__runTest(Object(Closure))|n#73 D:\DevCenter\abuilds\alumate\vendor\phpunit\phpunit\src\Framework\TestCase.php(1240): P\Tests\Feature\ComponentLibrary\FormComponentTest->__pest_evaluable_it_can_render_form_demo_page()|n#74 D:\DevCenter\abuilds\alumate\vendor\phpunit\phpunit\src\Framework\TestCase.php(514): PHPUnit\Framework\TestCase->runTest()|n#75 D:\DevCenter\abuilds\alumate\vendor\phpunit\phpunit\src\Framework\TestRunner\TestRunner.php(87): PHPUnit\Framework\TestCase->runBare()|n#76 D:\DevCenter\abuilds\alumate\vendor\phpunit\phpunit\src\Framework\TestCase.php(361): PHPUnit\Framework\TestRunner->run(Object(P\Tests\Feature\ComponentLibrary\FormComponentTest))|n#77 D:\DevCenter\abuilds\alumate\vendor\phpunit\phpunit\src\Framework\TestSuite.php(369): PHPUnit\Framework\TestCase->run()|n#78 D:\DevCenter\abuilds\alumate\vendor\phpunit\phpunit\src\Framework\TestSuite.php(369): PHPUnit\Framework\TestSuite->run()|n#79 D:\DevCenter\abuilds\alumate\vendor\phpunit\phpunit\src\Framework\TestSuite.php(369): PHPUnit\Framework\TestSuite->run()|n#80 D:\DevCenter\abuilds\alumate\vendor\phpunit\phpunit\src\TextUI\TestRunner.php(64): PHPUnit\Framework\TestSuite->run()|n#81 D:\DevCenter\abuilds\alumate\vendor\phpunit\phpunit\src\TextUI\Application.php(210): PHPUnit\TextUI\TestRunner->run(Object(PHPUnit\TextUI\Configuration\Configuration), Object(PHPUnit\Runner\ResultCache\DefaultResultCache), Object(PHPUnit\Framework\TestSuite))|n#82 D:\DevCenter\abuilds\alumate\vendor\pestphp\pest\src\Kernel.php(103): PHPUnit\TextUI\Application->run(Array)|n#83 D:\DevCenter\abuilds\alumate\vendor\pestphp\pest\bin\pest(184): Pest\Kernel->handle(Array, Array)|n#84 D:\DevCenter\abuilds\alumate\vendor\pestphp\pest\bin\pest(192): {closure}()|n#85 {main}|n|nNext Illuminate\Database\QueryException: SQLSTATE|[25P02|]: In failed sql transaction: 7 ERROR:  current transaction is aborted, commands ignored until end of transaction block (Connection: pgsql, SQL: select "roles".*, "model_has_roles"."model_id" as "pivot_model_id", "model_has_roles"."role_id" as "pivot_role_id", "model_has_roles"."model_type" as "pivot_model_type" from "roles" inner join "model_has_roles" on "roles"."id" = "model_has_roles"."role_id" where "model_has_roles"."model_id" = 1 and "model_has_roles"."model_type" = App\Models\User) in D:\DevCenter\abuilds\alumate\vendor\laravel\framework\src\Illuminate\Database\Connection.php:822|nStack trace:|n#0 D:\DevCenter\abuilds\alumate\vendor\laravel\framework\src\Illuminate\Database\Connection.php(776): Illuminate\Database\Connection->runQueryCallback(|'select "roles"....|', Array, Object(Closure))|n#1 D:\DevCenter\abuilds\alumate\vendor\laravel\framework\src\Illuminate\Database\Connection.php(395): Illuminate\Database\Connection->run(|'select "roles"....|', Array, Object(Closure))|n#2 D:\DevCenter\abuilds\alumate\vendor\laravel\framework\src\Illuminate\Database\Query\Builder.php(3131): Illuminate\Database\Connection->select(|'select "roles"....|', Array, true)|n#3 D:\DevCenter\abuilds\alumate\vendor\laravel\framework\src\Illuminate\Database\Query\Builder.php(3116): Illuminate\Database\Query\Builder->runSelect()|n#4 D:\DevCenter\abuilds\alumate\vendor\laravel\framework\src\Illuminate\Database\Query\Builder.php(3706): Illuminate\Database\Query\Builder->Illuminate\Database\Query\{closure}()|n#5 D:\DevCenter\abuilds\alumate\vendor\laravel\framework\src\Illuminate\Database\Query\Builder.php(3115): Illuminate\Database\Query\Builder->onceWithColumns(Array, Object(Closure))|n#6 D:\DevCenter\abuilds\alumate\vendor\laravel\framework\src\Illuminate\Database\Eloquent\Builder.php(872): Illuminate\Database\Query\Builder->get(Array)|n#7 D:\DevCenter\abuilds\alumate\vendor\laravel\framework\src\Illuminate\Database\Eloquent\Relations\BelongsToMany.php(910): Illuminate\Database\Eloquent\Builder->getModels()|n#8 D:\DevCenter\abuilds\alumate\vendor\laravel\framework\src\Illuminate\Database\Eloquent\Relations\BelongsToMany.php(894): Illuminate\Database\Eloquent\Relations\BelongsToMany->get()|n#9 D:\DevCenter\abuilds\alumate\vendor\laravel\framework\src\Illuminate\Database\Eloquent\Concerns\HasAttributes.php(634): Illuminate\Database\Eloquent\Relations\BelongsToMany->getResults()|n#10 D:\DevCenter\abuilds\alumate\vendor\laravel\framework\src\Illuminate\Database\Eloquent\Concerns\HasAttributes.php(572): Illuminate\Database\Eloquent\Model->getRelationshipFromMethod(|'roles|')|n#11 D:\DevCenter\abuilds\alumate\vendor\laravel\framework\src\Illuminate\Database\Eloquent\Concerns\HasAttributes.php(493): Illuminate\Database\Eloquent\Model->getRelationValue(|'roles|')|n#12 D:\DevCenter\abuilds\alumate\vendor\laravel\framework\src\Illuminate\Database\Eloquent\Model.php(2405): Illuminate\Database\Eloquent\Model->getAttribute(|'roles|')|n#13 D:\DevCenter\abuilds\alumate\app\Http\Middleware\HandleInertiaRequests.php(52): Illuminate\Database\Eloquent\Model->__get(|'roles|')|n#14 D:\DevCenter\abuilds\alumate\vendor\inertiajs\inertia-laravel\src\Middleware.php(93): App\Http\Middleware\HandleInertiaRequests->share(Object(Illuminate\Http\Request))|n#15 D:\DevCenter\abuilds\alumate\vendor\laravel\framework\src\Illuminate\Pipeline\Pipeline.php(208): Inertia\Middleware->handle(Object(Illuminate\Http\Request), Object(Closure))|n#16 D:\DevCenter\abuilds\alumate\app\Http\Middleware\HandleAppearance.php(21): Illuminate\Pipeline\Pipeline->Illuminate\Pipeline\{closure}(Object(Illuminate\Http\Request))|n#17 D:\DevCenter\abuilds\alumate\vendor\laravel\framework\src\Illuminate\Pipeline\Pipeline.php(208): App\Http\Middleware\HandleAppearance->handle(Object(Illuminate\Http\Request), Object(Closure))|n#18 D:\DevCenter\abuilds\alumate\vendor\laravel\framework\src\Illuminate\Routing\Middleware\SubstituteBindings.php(50): Illuminate\Pipeline\Pipeline->Illuminate\Pipeline\{closure}(Object(Illuminate\Http\Request))|n#19 D:\DevCenter\abuilds\alumate\vendor\laravel\framework\src\Illuminate\Pipeline\Pipeline.php(208): Illuminate\Routing\Middleware\SubstituteBindings->handle(Object(Illuminate\Http\Request), Object(Closure))|n#20 D:\DevCenter\abuilds\alumate\vendor\laravel\framework\src\Illuminate\Auth\Middleware\Authenticate.php(63): Illuminate\Pipeline\Pipeline->Illuminate\Pipeline\{closure}(Object(Illuminate\Http\Request))|n#21 D:\DevCenter\abuilds\alumate\vendor\laravel\framework\src\Illuminate\Pipeline\Pipeline.php(208): Illuminate\Auth\Middleware\Authenticate->handle(Object(Illuminate\Http\Request), Object(Closure))|n#22 D:\DevCenter\abuilds\alumate\vendor\laravel\framework\src\Illuminate\Foundation\Http\Middleware\VerifyCsrfToken.php(87): Illuminate\Pipeline\Pipeline->Illuminate\Pipeline\{closure}(Object(Illuminate\Http\Request))|n#23 D:\DevCenter\abuilds\alumate\vendor\laravel\framework\src\Illuminate\Pipeline\Pipeline.php(208): Illuminate\Foundation\Http\Middleware\VerifyCsrfToken->handle(Object(Illuminate\Http\Request), Object(Closure))|n#24 D:\DevCenter\abuilds\alumate\vendor\laravel\framework\src\Illuminate\View\Middleware\ShareErrorsFromSession.php(48): Illuminate\Pipeline\Pipeline->Illuminate\Pipeline\{closure}(Object(Illuminate\Http\Request))|n#25 D:\DevCenter\abuilds\alumate\vendor\laravel\framework\src\Illuminate\Pipeline\Pipeline.php(208): Illuminate\View\Middleware\ShareErrorsFromSession->handle(Object(Illuminate\Http\Request), Object(Closure))|n#26 D:\DevCenter\abuilds\alumate\vendor\laravel\framework\src\Illuminate\Session\Middleware\StartSession.php(120): Illuminate\Pipeline\Pipeline->Illuminate\Pipeline\{closure}(Object(Illuminate\Http\Request))|n#27 D:\DevCenter\abuilds\alumate\vendor\laravel\framework\src\Illuminate\Session\Middleware\StartSession.php(63): Illuminate\Session\Middleware\StartSession->handleStatefulRequest(Object(Illuminate\Http\Request), Object(Illuminate\Session\Store), Object(Closure))|n#28 D:\DevCenter\abuilds\alumate\vendor\laravel\framework\src\Illuminate\Pipeline\Pipeline.php(208): Illuminate\Session\Middleware\StartSession->handle(Object(Illuminate\Http\Request), Object(Closure))|n#29 D:\DevCenter\abuilds\alumate\vendor\laravel\framework\src\Illuminate\Cookie\Middleware\AddQueuedCookiesToResponse.php(36): Illuminate\Pipeline\Pipeline->Illuminate\Pipeline\{closure}(Object(Illuminate\Http\Request))|n#30 D:\DevCenter\abuilds\alumate\vendor\laravel\framework\src\Illuminate\Pipeline\Pipeline.php(208): Illuminate\Cookie\Middleware\AddQueuedCookiesToResponse->handle(Object(Illuminate\Http\Request), Object(Closure))|n#31 D:\DevCenter\abuilds\alumate\vendor\laravel\framework\src\Illuminate\Cookie\Middleware\EncryptCookies.php(74): Illuminate\Pipeline\Pipeline->Illuminate\Pipeline\{closure}(Object(Illuminate\Http\Request))|n#32 D:\DevCenter\abuilds\alumate\vendor\laravel\framework\src\Illuminate\Pipeline\Pipeline.php(208): Illuminate\Cookie\Middleware\EncryptCookies->handle(Object(Illuminate\Http\Request), Object(Closure))|n#33 D:\DevCenter\abuilds\alumate\vendor\laravel\framework\src\Illuminate\Pipeline\Pipeline.php(126): Illuminate\Pipeline\Pipeline->Illuminate\Pipeline\{closure}(Object(Illuminate\Http\Request))|n#34 D:\DevCenter\abuilds\alumate\vendor\laravel\framework\src\Illuminate\Routing\Router.php(807): Illuminate\Pipeline\Pipeline->then(Object(Closure))|n#35 D:\DevCenter\abuilds\alumate\vendor\laravel\framework\src\Illuminate\Routing\Router.php(786): Illuminate\Routing\Router->runRouteWithinStack(Object(Illuminate\Routing\Route), Object(Illuminate\Http\Request))|n#36 D:\DevCenter\abuilds\alumate\vendor\laravel\framework\src\Illuminate\Routing\Router.php(750): Illuminate\Routing\Router->runRoute(Object(Illuminate\Http\Request), Object(Illuminate\Routing\Route))|n#37 D:\DevCenter\abuilds\alumate\vendor\laravel\framework\src\Illuminate\Routing\Router.php(739): Illuminate\Routing\Router->dispatchToRoute(Object(Illuminate\Http\Request))|n#38 D:\DevCenter\abuilds\alumate\vendor\laravel\framework\src\Illuminate\Foundation\Http\Kernel.php(200): Illuminate\Routing\Router->dispatch(Object(Illuminate\Http\Request))|n#39 D:\DevCenter\abuilds\alumate\vendor\laravel\framework\src\Illuminate\Pipeline\Pipeline.php(169): Illuminate\Foundation\Http\Kernel->Illuminate\Foundation\Http\{closure}(Object(Illuminate\Http\Request))|n#40 D:\DevCenter\abuilds\alumate\vendor\laravel\framework\src\Illuminate\Foundation\Http\Middleware\TransformsRequest.php(21): Illuminate\Pipeline\Pipeline->Illuminate\Pipeline\{closure}(Object(Illuminate\Http\Request))|n#41 D:\DevCenter\abuilds\alumate\vendor\laravel\framework\src\Illuminate\Foundation\Http\Middleware\ConvertEmptyStringsToNull.php(31): Illuminate\Foundation\Http\Middleware\TransformsRequest->handle(Object(Illuminate\Http\Request), Object(Closure))|n#42 D:\DevCenter\abuilds\alumate\vendor\laravel\framework\src\Illuminate\Pipeline\Pipeline.php(208): Illuminate\Foundation\Http\Middleware\ConvertEmptyStringsToNull->handle(Object(Illuminate\Http\Request), Object(Closure))|n#43 D:\DevCenter\abuilds\alumate\vendor\laravel\framework\src\Illuminate\Foundation\Http\Middleware\TransformsRequest.php(21): Illuminate\Pipeline\Pipeline->Illuminate\Pipeline\{closure}(Object(Illuminate\Http\Request))|n#44 D:\DevCenter\abuilds\alumate\vendor\laravel\framework\src\Illuminate\Foundation\Http\Middleware\TrimStrings.php(51): Illuminate\Foundation\Http\Middleware\TransformsRequest->handle(Object(Illuminate\Http\Request), Object(Closure))|n#45 D:\DevCenter\abuilds\alumate\vendor\laravel\framework\src\Illuminate\Pipeline\Pipeline.php(208): Illuminate\Foundation\Http\Middleware\TrimStrings->handle(Object(Illuminate\Http\Request), Object(Closure))|n#46 D:\DevCenter\abuilds\alumate\vendor\laravel\framework\src\Illuminate\Http\Middleware\ValidatePostSize.php(27): Illuminate\Pipeline\Pipeline->Illuminate\Pipeline\{closure}(Object(Illuminate\Http\Request))|n#47 D:\DevCenter\abuilds\alumate\vendor\laravel\framework\src\Illuminate\Pipeline\Pipeline.php(208): Illuminate\Http\Middleware\ValidatePostSize->handle(Object(Illuminate\Http\Request), Object(Closure))|n#48 D:\DevCenter\abuilds\alumate\vendor\laravel\framework\src\Illuminate\Foundation\Http\Middleware\PreventRequestsDuringMaintenance.php(109): Illuminate\Pipeline\Pipeline->Illuminate\Pipeline\{closure}(Object(Illuminate\Http\Request))|n#49 D:\DevCenter\abuilds\alumate\vendor\laravel\framework\src\Illuminate\Pipeline\Pipeline.php(208): Illuminate\Foundation\Http\Middleware\PreventRequestsDuringMaintenance->handle(Object(Illuminate\Http\Request), Object(Closure))|n#50 D:\DevCenter\abuilds\alumate\vendor\laravel\framework\src\Illuminate\Http\Middleware\HandleCors.php(48): Illuminate\Pipeline\Pipeline->Illuminate\Pipeline\{closure}(Object(Illuminate\Http\Request))|n#51 D:\DevCenter\abuilds\alumate\vendor\laravel\framework\src\Illuminate\Pipeline\Pipeline.php(208): Illuminate\Http\Middleware\HandleCors->handle(Object(Illuminate\Http\Request), Object(Closure))|n#52 D:\DevCenter\abuilds\alumate\vendor\laravel\framework\src\Illuminate\Http\Middleware\TrustProxies.php(58): Illuminate\Pipeline\Pipeline->Illuminate\Pipeline\{closure}(Object(Illuminate\Http\Request))|n#53 D:\DevCenter\abuilds\alumate\vendor\laravel\framework\src\Illuminate\Pipeline\Pipeline.php(208): Illuminate\Http\Middleware\TrustProxies->handle(Object(Illuminate\Http\Request), Object(Closure))|n#54 D:\DevCenter\abuilds\alumate\vendor\laravel\framework\src\Illuminate\Foundation\Http\Middleware\InvokeDeferredCallbacks.php(22): Illuminate\Pipeline\Pipeline->Illuminate\Pipeline\{closure}(Object(Illuminate\Http\Request))|n#55 D:\DevCenter\abuilds\alumate\vendor\laravel\framework\src\Illuminate\Pipeline\Pipeline.php(208): Illuminate\Foundation\Http\Middleware\InvokeDeferredCallbacks->handle(Object(Illuminate\Http\Request), Object(Closure))|n#56 D:\DevCenter\abuilds\alumate\vendor\laravel\framework\src\Illuminate\Http\Middleware\ValidatePathEncoding.php(26): Illuminate\Pipeline\Pipeline->Illuminate\Pipeline\{closure}(Object(Illuminate\Http\Request))|n#57 D:\DevCenter\abuilds\alumate\vendor\laravel\framework\src\Illuminate\Pipeline\Pipeline.php(208): Illuminate\Http\Middleware\ValidatePathEncoding->handle(Object(Illuminate\Http\Request), Object(Closure))|n#58 D:\DevCenter\abuilds\alumate\vendor\laravel\framework\src\Illuminate\Pipeline\Pipeline.php(126): Illuminate\Pipeline\Pipeline->Illuminate\Pipeline\{closure}(Object(Illuminate\Http\Request))|n#59 D:\DevCenter\abuilds\alumate\vendor\laravel\framework\src\Illuminate\Foundation\Http\Kernel.php(175): Illuminate\Pipeline\Pipeline->then(Object(Closure))|n#60 D:\DevCenter\abuilds\alumate\vendor\laravel\framework\src\Illuminate\Foundation\Http\Kernel.php(144): Illuminate\Foundation\Http\Kernel->sendRequestThroughRouter(Object(Illuminate\Http\Request))|n#61 D:\DevCenter\abuilds\alumate\vendor\laravel\framework\src\Illuminate\Foundation\Testing\Concerns\MakesHttpRequests.php(607): Illuminate\Foundation\Http\Kernel->handle(Object(Illuminate\Http\Request))|n#62 D:\DevCenter\abuilds\alumate\vendor\laravel\framework\src\Illuminate\Foundation\Testing\Concerns\MakesHttpRequests.php(368): Illuminate\Foundation\Testing\TestCase->call(|'GET|', |'/component-libr...|', Array, Array, Array, Array)|n#63 D:\DevCenter\abuilds\alumate\tests\Feature\ComponentLibrary\FormComponentTest.php(12): Illuminate\Foundation\Testing\TestCase->get(|'/component-libr...|')|n#64 D:\DevCenter\abuilds\alumate\vendor\pestphp\pest\src\Factories\TestCaseMethodFactory.php(168): P\Tests\Feature\ComponentLibrary\FormComponentTest->{closure}()|n#65 |[internal function|]: P\Tests\Feature\ComponentLibrary\FormComponentTest->Pest\Factories\{closure}()|n#66 D:\DevCenter\abuilds\alumate\vendor\pestphp\pest\src\Concerns\Testable.php(419): call_user_func_array(Object(Closure), Array)|n#67 D:\DevCenter\abuilds\alumate\vendor\pestphp\pest\src\Support\ExceptionTrace.php(26): P\Tests\Feature\ComponentLibrary\FormComponentTest->Pest\Concerns\{closure}()|n#68 D:\DevCenter\abuilds\alumate\vendor\pestphp\pest\src\Concerns\Testable.php(419): Pest\Support\ExceptionTrace::ensure(Object(Closure))|n#69 D:\DevCenter\abuilds\alumate\vendor\pestphp\pest\src\Concerns\Testable.php(321): P\Tests\Feature\ComponentLibrary\FormComponentTest->__callClosure(Object(Closure), Array)|n#70 D:\DevCenter\abuilds\alumate\vendor\pestphp\pest\src\Factories\TestCaseFactory.php(169) : eval()|'d code(17): P\Tests\Feature\ComponentLibrary\FormComponentTest->__runTest(Object(Closure))|n#71 D:\DevCenter\abuilds\alumate\vendor\phpunit\phpunit\src\Framework\TestCase.php(1240): P\Tests\Feature\ComponentLibrary\FormComponentTest->__pest_evaluable_it_can_render_form_demo_page()|n#72 D:\DevCenter\abuilds\alumate\vendor\phpunit\phpunit\src\Framework\TestCase.php(514): PHPUnit\Framework\TestCase->runTest()|n#73 D:\DevCenter\abuilds\alumate\vendor\phpunit\phpunit\src\Framework\TestRunner\TestRunner.php(87): PHPUnit\Framework\TestCase->runBare()|n#74 D:\DevCenter\abuilds\alumate\vendor\phpunit\phpunit\src\Framework\TestCase.php(361): PHPUnit\Framework\TestRunner->run(Object(P\Tests\Feature\ComponentLibrary\FormComponentTest))|n#75 D:\DevCenter\abuilds\alumate\vendor\phpunit\phpunit\src\Framework\TestSuite.php(369): PHPUnit\Framework\TestCase->run()|n#76 D:\DevCenter\abuilds\alumate\vendor\phpunit\phpunit\src\Framework\TestSuite.php(369): PHPUnit\Framework\TestSuite->run()|n#77 D:\DevCenter\abuilds\alumate\vendor\phpunit\phpunit\src\Framework\TestSuite.php(369): PHPUnit\Framework\TestSuite->run()|n#78 D:\DevCenter\abuilds\alumate\vendor\phpunit\phpunit\src\TextUI\TestRunner.php(64): PHPUnit\Framework\TestSuite->run()|n#79 D:\DevCenter\abuilds\alumate\vendor\phpunit\phpunit\src\TextUI\Application.php(210): PHPUnit\TextUI\TestRunner->run(Object(PHPUnit\TextUI\Configuration\Configuration), Object(PHPUnit\Runner\ResultCache\DefaultResultCache), Object(PHPUnit\Framework\TestSuite))|n#80 D:\DevCenter\abuilds\alumate\vendor\pestphp\pest\src\Kernel.php(103): PHPUnit\TextUI\Application->run(Array)|n#81 D:\DevCenter\abuilds\alumate\vendor\pestphp\pest\bin\pest(184): Pest\Kernel->handle(Array, Array)|n#82 D:\DevCenter\abuilds\alumate\vendor\pestphp\pest\bin\pest(192): {closure}()|n#83 {main}|n|n----------------------------------------------------------------------------------|n|nSQLSTATE|[25P02|]: In failed sql transaction: 7 ERROR:  current transaction is aborted, commands ignored until end of transaction block (Connection: pgsql, SQL: select "roles".*, "model_has_roles"."model_id" as "pivot_model_id", "model_has_roles"."role_id" as "pivot_role_id", "model_has_roles"."model_type" as "pivot_model_type" from "roles" inner join "model_has_roles" on "roles"."id" = "model_has_roles"."role_id" where "model_has_roles"."model_id" = 1 and "model_has_roles"."model_type" = App\Models\User)|r|n' details='D:\DevCenter\abuilds\alumate\vendor\laravel\framework\src\Illuminate\Testing\TestResponseAssert.php:45|nD:\DevCenter\abuilds\alumate\vendor\laravel\framework\src\Illuminate\Testing\TestResponse.php:174|nD:\DevCenter\abuilds\alumate\vendor\laravel\framework\src\Illuminate\Testing\Concerns\AssertsStatusCodes.php:16|nD:\DevCenter\abuilds\alumate\tests\Feature\ComponentLibrary\FormComponentTest.php:14|n' duration='2555' flowId='41996']
##teamcity[testFinished name='__pest_evaluable_it_can_render_form_demo_page' duration='2573' flowId='41996']
##teamcity[testStarted name='__pest_evaluable_it_can_handle_form_submission_endpoint' locationHint='php_qn://D:\DevCenter\abuilds\alumate\vendor\pestphp\pest\src\Factories\TestCaseFactory.php(169) : eval()|'d code::\P\Tests\Feature\ComponentLibrary\FormComponentTest::__pest_evaluable_it_can_handle_form_submission_endpoint' flowId='41996']
##teamcity[testFinished name='__pest_evaluable_it_can_handle_form_submission_endpoint' duration='48' flowId='41996']
##teamcity[testStarted name='__pest_evaluable_it_validates_required_form_fields' locationHint='php_qn://D:\DevCenter\abuilds\alumate\vendor\pestphp\pest\src\Factories\TestCaseFactory.php(169) : eval()|'d code::\P\Tests\Feature\ComponentLibrary\FormComponentTest::__pest_evaluable_it_validates_required_form_fields' flowId='41996']
##teamcity[testFinished name='__pest_evaluable_it_validates_required_form_fields' duration='15' flowId='41996']
##teamcity[testStarted name='__pest_evaluable_it_can_handle_auto_save_endpoint' locationHint='php_qn://D:\DevCenter\abuilds\alumate\vendor\pestphp\pest\src\Factories\TestCaseFactory.php(169) : eval()|'d code::\P\Tests\Feature\ComponentLibrary\FormComponentTest::__pest_evaluable_it_can_handle_auto_save_endpoint' flowId='41996']
##teamcity[testFinished name='__pest_evaluable_it_can_handle_auto_save_endpoint' duration='26' flowId='41996']
##teamcity[testStarted name='__pest_evaluable__Individual_Signup_Form_Template__→_it_can_submit_valid_individual_signup_form' locationHint='php_qn://D:\DevCenter\abuilds\alumate\vendor\pestphp\pest\src\Factories\TestCaseFactory.php(169) : eval()|'d code::\P\Tests\Feature\ComponentLibrary\FormComponentTest::__pest_evaluable__Individual_Signup_Form_Template__→_it_can_submit_valid_individual_signup_form' flowId='41996']
##teamcity[testFailed name='__pest_evaluable__Individual_Signup_Form_Template__→_it_can_submit_valid_individual_signup_form' message='Expected response status code |[200|] but received 422.|nFailed asserting that 422 is identical to 200.|r|n|r|nThe following errors occurred during the last request:|n|n{|n    "success": false,|n    "message": "Validation failed. Please check your input and try again.",|n    "errors": {|n        "email": |[|n            "The email address must be a valid email address."|n        |],|n        "submit_time": |[|n            "The submit time must be at least 3 characters."|n        |],|n        "user_agent": |[|n            "The user agent field is required."|n        |],|n        "terms_consent": |[|n            "The terms of service consent field is required."|n        |]|n    },|n    "error_count": 4|n}|r|n' details='D:\DevCenter\abuilds\alumate\vendor\laravel\framework\src\Illuminate\Testing\TestResponseAssert.php:45|nD:\DevCenter\abuilds\alumate\vendor\laravel\framework\src\Illuminate\Testing\TestResponse.php:174|nD:\DevCenter\abuilds\alumate\vendor\laravel\framework\src\Illuminate\Testing\Concerns\AssertsStatusCodes.php:16|nD:\DevCenter\abuilds\alumate\tests\Feature\ComponentLibrary\FormComponentTest.php:121|n' duration='267' flowId='41996']
##teamcity[testFinished name='__pest_evaluable__Individual_Signup_Form_Template__→_it_can_submit_valid_individual_signup_form' duration='270' flowId='41996']
##teamcity[testStarted name='__pest_evaluable__Individual_Signup_Form_Template__→_it_validates_required_fields_for_individual_signup' locationHint='php_qn://D:\DevCenter\abuilds\alumate\vendor\pestphp\pest\src\Factories\TestCaseFactory.php(169) : eval()|'d code::\P\Tests\Feature\ComponentLibrary\FormComponentTest::__pest_evaluable__Individual_Signup_Form_Template__→_it_validates_required_fields_for_individual_signup' flowId='41996']
##teamcity[testFinished name='__pest_evaluable__Individual_Signup_Form_Template__→_it_validates_required_fields_for_individual_signup' duration='20' flowId='41996']
##teamcity[testStarted name='__pest_evaluable__Individual_Signup_Form_Template__→_it_validates_email_uniqueness_for_individual_signup' locationHint='php_qn://D:\DevCenter\abuilds\alumate\vendor\pestphp\pest\src\Factories\TestCaseFactory.php(169) : eval()|'d code::\P\Tests\Feature\ComponentLibrary\FormComponentTest::__pest_evaluable__Individual_Signup_Form_Template__→_it_validates_email_uniqueness_for_individual_signup' flowId='41996']
##teamcity[testFailed name='__pest_evaluable__Individual_Signup_Form_Template__→_it_validates_email_uniqueness_for_individual_signup' message='Illuminate\Database\QueryException: SQLSTATE|[25P02|]: In failed sql transaction: 7 ERROR:  current transaction is aborted, commands ignored until end of transaction block (Connection: pgsql, SQL: insert into "users" ("name", "email", "phone", "email_verified_at", "password", "remember_token", "institution_id", "profile_data", "preferences", "status", "is_suspended", "suspended_at", "suspension_reason", "last_login_at", "last_activity_at", "two_factor_enabled", "timezone", "language", "updated_at", "created_at") values (Gust Kunze, cummerata.savion@example.net, (520) 549-9736, 2025-08-28 04:15:10, $2y$04$288bGtYsg79l4DOtZVfPgO1YVj2a1TU9.9mrofuWb/YylvbkTevdS, YjkE4ZQIox, ?, "{\"bio\":null,\"location\":null,\"website\":null,\"linkedin\":null,\"twitter\":null}", "{\"notifications\":{\"email\":true,\"sms\":false,\"push\":true},\"privacy\":{\"profile_visible\":true,\"show_email\":false,\"show_phone\":false},\"dashboard\":{\"theme\":\"light\",\"compact_mode\":false}}", active, 0, ?, ?, ?, 2025-08-24 07:16:15, 0, Europe/London, fr, 2025-08-28 04:15:10, 2025-08-28 04:15:10) returning "id")' details='D:\DevCenter\abuilds\alumate\vendor\laravel\framework\src\Illuminate\Database\Connection.php:409|nD:\DevCenter\abuilds\alumate\vendor\laravel\framework\src\Illuminate\Database\Connection.php:809|nD:\DevCenter\abuilds\alumate\vendor\laravel\framework\src\Illuminate\Database\Connection.php:776|nD:\DevCenter\abuilds\alumate\vendor\laravel\framework\src\Illuminate\Database\Connection.php:395|nD:\DevCenter\abuilds\alumate\vendor\laravel\framework\src\Illuminate\Database\Connection.php:382|nD:\DevCenter\abuilds\alumate\vendor\laravel\framework\src\Illuminate\Database\Query\Processors\PostgresProcessor.php:24|nD:\DevCenter\abuilds\alumate\vendor\laravel\framework\src\Illuminate\Database\Query\Builder.php:3796|nD:\DevCenter\abuilds\alumate\vendor\laravel\framework\src\Illuminate\Database\Eloquent\Builder.php:2205|nD:\DevCenter\abuilds\alumate\vendor\laravel\framework\src\Illuminate\Database\Eloquent\Model.php:1431|nD:\DevCenter\abuilds\alumate\vendor\laravel\framework\src\Illuminate\Database\Eloquent\Model.php:1396|nD:\DevCenter\abuilds\alumate\vendor\laravel\framework\src\Illuminate\Database\Eloquent\Model.php:1235|nD:\DevCenter\abuilds\alumate\vendor\laravel\framework\src\Illuminate\Database\Eloquent\Factories\Factory.php:350|nD:\DevCenter\abuilds\alumate\vendor\laravel\framework\src\Illuminate\Collections\Traits\EnumeratesValues.php:271|nD:\DevCenter\abuilds\alumate\vendor\laravel\framework\src\Illuminate\Database\Eloquent\Factories\Factory.php:345|nD:\DevCenter\abuilds\alumate\vendor\laravel\framework\src\Illuminate\Database\Eloquent\Factories\Factory.php:301|nD:\DevCenter\abuilds\alumate\tests\Feature\ComponentLibrary\FormComponentTest.php:158|n|nCaused by|nPDOException: SQLSTATE|[25P02|]: In failed sql transaction: 7 ERROR:  current transaction is aborted, commands ignored until end of transaction block|n|nD:\DevCenter\abuilds\alumate\vendor\laravel\framework\src\Illuminate\Database\Connection.php:409|nD:\DevCenter\abuilds\alumate\vendor\laravel\framework\src\Illuminate\Database\Connection.php:809|nD:\DevCenter\abuilds\alumate\vendor\laravel\framework\src\Illuminate\Database\Connection.php:776|nD:\DevCenter\abuilds\alumate\vendor\laravel\framework\src\Illuminate\Database\Connection.php:395|nD:\DevCenter\abuilds\alumate\vendor\laravel\framework\src\Illuminate\Database\Connection.php:382|nD:\DevCenter\abuilds\alumate\vendor\laravel\framework\src\Illuminate\Database\Query\Processors\PostgresProcessor.php:24|nD:\DevCenter\abuilds\alumate\vendor\laravel\framework\src\Illuminate\Database\Query\Builder.php:3796|nD:\DevCenter\abuilds\alumate\vendor\laravel\framework\src\Illuminate\Database\Eloquent\Builder.php:2205|nD:\DevCenter\abuilds\alumate\vendor\laravel\framework\src\Illuminate\Database\Eloquent\Model.php:1431|nD:\DevCenter\abuilds\alumate\vendor\laravel\framework\src\Illuminate\Database\Eloquent\Model.php:1396|nD:\DevCenter\abuilds\alumate\vendor\laravel\framework\src\Illuminate\Database\Eloquent\Model.php:1235|nD:\DevCenter\abuilds\alumate\vendor\laravel\framework\src\Illuminate\Database\Eloquent\Factories\Factory.php:350|nD:\DevCenter\abuilds\alumate\vendor\laravel\framework\src\Illuminate\Collections\Traits\EnumeratesValues.php:271|nD:\DevCenter\abuilds\alumate\vendor\laravel\framework\src\Illuminate\Database\Eloquent\Factories\Factory.php:345|nD:\DevCenter\abuilds\alumate\vendor\laravel\framework\src\Illuminate\Database\Eloquent\Factories\Factory.php:301|nD:\DevCenter\abuilds\alumate\tests\Feature\ComponentLibrary\FormComponentTest.php:158|n' duration='17' flowId='41996']
##teamcity[testFinished name='__pest_evaluable__Individual_Signup_Form_Template__→_it_validates_email_uniqueness_for_individual_signup' duration='21' flowId='41996']
##teamcity[testStarted name='__pest_evaluable__Institution_Demo_Request_Form_Template__→_it_can_submit_valid_institution_demo_request_form' locationHint='php_qn://D:\DevCenter\abuilds\alumate\vendor\pestphp\pest\src\Factories\TestCaseFactory.php(169) : eval()|'d code::\P\Tests\Feature\ComponentLibrary\FormComponentTest::__pest_evaluable__Institution_Demo_Request_Form_Template__→_it_can_submit_valid_institution_demo_request_form' flowId='41996']
##teamcity[testFailed name='__pest_evaluable__Institution_Demo_Request_Form_Template__→_it_can_submit_valid_institution_demo_request_form' message='Expected response status code |[200|] but received 422.|nFailed asserting that 422 is identical to 200.|r|n|r|nThe following errors occurred during the last request:|n|n{|n    "success": false,|n    "message": "Validation failed. Please check your input and try again.",|n    "errors": {|n        "submit_time": |[|n            "The submit time must be at least 3 characters."|n        |],|n        "user_agent": |[|n            "The user agent field is required."|n        |],|n        "follow_up_consent": |[|n            "The follow-up consent field is required."|n        |],|n        "data_sharing_consent": |[|n            "The data sharing consent field is required."|n        |],|n        "primary_goals.0": |[|n            "Please select valid primary goals from the available options."|n        |]|n    },|n    "error_count": 5|n}|r|n' details='D:\DevCenter\abuilds\alumate\vendor\laravel\framework\src\Illuminate\Testing\TestResponseAssert.php:45|nD:\DevCenter\abuilds\alumate\vendor\laravel\framework\src\Illuminate\Testing\TestResponse.php:174|nD:\DevCenter\abuilds\alumate\vendor\laravel\framework\src\Illuminate\Testing\Concerns\AssertsStatusCodes.php:16|nD:\DevCenter\abuilds\alumate\tests\Feature\ComponentLibrary\FormComponentTest.php:207|n' duration='155' flowId='41996']
##teamcity[testFinished name='__pest_evaluable__Institution_Demo_Request_Form_Template__→_it_can_submit_valid_institution_demo_request_form' duration='156' flowId='41996']
##teamcity[testStarted name='__pest_evaluable__Institution_Demo_Request_Form_Template__→_it_validates_required_fields_for_institution_demo_request' locationHint='php_qn://D:\DevCenter\abuilds\alumate\vendor\pestphp\pest\src\Factories\TestCaseFactory.php(169) : eval()|'d code::\P\Tests\Feature\ComponentLibrary\FormComponentTest::__pest_evaluable__Institution_Demo_Request_Form_Template__→_it_validates_required_fields_for_institution_demo_request' flowId='41996']
##teamcity[testFinished name='__pest_evaluable__Institution_Demo_Request_Form_Template__→_it_validates_required_fields_for_institution_demo_request' duration='22' flowId='41996']
##teamcity[testStarted name='__pest_evaluable__Institution_Demo_Request_Form_Template__→_it_validates_enum_values_for_institution_demo_request' locationHint='php_qn://D:\DevCenter\abuilds\alumate\vendor\pestphp\pest\src\Factories\TestCaseFactory.php(169) : eval()|'d code::\P\Tests\Feature\ComponentLibrary\FormComponentTest::__pest_evaluable__Institution_Demo_Request_Form_Template__→_it_validates_enum_values_for_institution_demo_request' flowId='41996']
##teamcity[testFinished name='__pest_evaluable__Institution_Demo_Request_Form_Template__→_it_validates_enum_values_for_institution_demo_request' duration='25' flowId='41996']
##teamcity[testStarted name='__pest_evaluable__Contact_Form_Template__→_it_can_submit_valid_contact_form' locationHint='php_qn://D:\DevCenter\abuilds\alumate\vendor\pestphp\pest\src\Factories\TestCaseFactory.php(169) : eval()|'d code::\P\Tests\Feature\ComponentLibrary\FormComponentTest::__pest_evaluable__Contact_Form_Template__→_it_can_submit_valid_contact_form' flowId='41996']
##teamcity[testFailed name='__pest_evaluable__Contact_Form_Template__→_it_can_submit_valid_contact_form' message='Expected response status code |[200|] but received 422.|nFailed asserting that 422 is identical to 200.|r|n|r|nThe following errors occurred during the last request:|n|n{|n    "success": false,|n    "message": "Validation failed. Please check your input and try again.",|n    "errors": {|n        "submit_time": |[|n            "The submit time must be at least 3 characters."|n        |],|n        "user_agent": |[|n            "The user agent field is required."|n        |]|n    },|n    "error_count": 2|n}|r|n' details='D:\DevCenter\abuilds\alumate\vendor\laravel\framework\src\Illuminate\Testing\TestResponseAssert.php:45|nD:\DevCenter\abuilds\alumate\vendor\laravel\framework\src\Illuminate\Testing\TestResponse.php:174|nD:\DevCenter\abuilds\alumate\vendor\laravel\framework\src\Illuminate\Testing\Concerns\AssertsStatusCodes.php:16|nD:\DevCenter\abuilds\alumate\tests\Feature\ComponentLibrary\FormComponentTest.php:303|n' duration='315' flowId='41996']
##teamcity[testFinished name='__pest_evaluable__Contact_Form_Template__→_it_can_submit_valid_contact_form' duration='316' flowId='41996']
##teamcity[testStarted name='__pest_evaluable__Contact_Form_Template__→_it_validates_message_length_for_contact_form' locationHint='php_qn://D:\DevCenter\abuilds\alumate\vendor\pestphp\pest\src\Factories\TestCaseFactory.php(169) : eval()|'d code::\P\Tests\Feature\ComponentLibrary\FormComponentTest::__pest_evaluable__Contact_Form_Template__→_it_validates_message_length_for_contact_form' flowId='41996']
##teamcity[testFinished name='__pest_evaluable__Contact_Form_Template__→_it_validates_message_length_for_contact_form' duration='22' flowId='41996']
##teamcity[testStarted name='__pest_evaluable__Contact_Form_Template__→_it_validates_subject_length_for_contact_form' locationHint='php_qn://D:\DevCenter\abuilds\alumate\vendor\pestphp\pest\src\Factories\TestCaseFactory.php(169) : eval()|'d code::\P\Tests\Feature\ComponentLibrary\FormComponentTest::__pest_evaluable__Contact_Form_Template__→_it_validates_subject_length_for_contact_form' flowId='41996']
##teamcity[testFinished name='__pest_evaluable__Contact_Form_Template__→_it_validates_subject_length_for_contact_form' duration='26' flowId='41996']
##teamcity[testStarted name='__pest_evaluable__Newsletter_Signup_Form_Template__→_it_can_submit_valid_newsletter_signup_form' locationHint='php_qn://D:\DevCenter\abuilds\alumate\vendor\pestphp\pest\src\Factories\TestCaseFactory.php(169) : eval()|'d code::\P\Tests\Feature\ComponentLibrary\FormComponentTest::__pest_evaluable__Newsletter_Signup_Form_Template__→_it_can_submit_valid_newsletter_signup_form' flowId='41996']
##teamcity[testFinished name='__pest_evaluable__Newsletter_Signup_Form_Template__→_it_can_submit_valid_newsletter_signup_form' duration='31' flowId='41996']
##teamcity[testStarted name='__pest_evaluable__Newsletter_Signup_Form_Template__→_it_validates_email_for_newsletter_signup' locationHint='php_qn://D:\DevCenter\abuilds\alumate\vendor\pestphp\pest\src\Factories\TestCaseFactory.php(169) : eval()|'d code::\P\Tests\Feature\ComponentLibrary\FormComponentTest::__pest_evaluable__Newsletter_Signup_Form_Template__→_it_validates_email_for_newsletter_signup' flowId='41996']
##teamcity[testFinished name='__pest_evaluable__Newsletter_Signup_Form_Template__→_it_validates_email_for_newsletter_signup' duration='23' flowId='41996']
##teamcity[testStarted name='__pest_evaluable__Event_Registration_Form_Template__→_it_can_submit_valid_event_registration_form' locationHint='php_qn://D:\DevCenter\abuilds\alumate\vendor\pestphp\pest\src\Factories\TestCaseFactory.php(169) : eval()|'d code::\P\Tests\Feature\ComponentLibrary\FormComponentTest::__pest_evaluable__Event_Registration_Form_Template__→_it_can_submit_valid_event_registration_form' flowId='41996']
##teamcity[testFinished name='__pest_evaluable__Event_Registration_Form_Template__→_it_can_submit_valid_event_registration_form' duration='40' flowId='41996']
##teamcity[testStarted name='__pest_evaluable__Event_Registration_Form_Template__→_it_validates_guest_count_limits_for_event_registration' locationHint='php_qn://D:\DevCenter\abuilds\alumate\vendor\pestphp\pest\src\Factories\TestCaseFactory.php(169) : eval()|'d code::\P\Tests\Feature\ComponentLibrary\FormComponentTest::__pest_evaluable__Event_Registration_Form_Template__→_it_validates_guest_count_limits_for_event_registration' flowId='41996']
##teamcity[testFinished name='__pest_evaluable__Event_Registration_Form_Template__→_it_validates_guest_count_limits_for_event_registration' duration='20' flowId='41996']
##teamcity[testStarted name='__pest_evaluable__CRM_Integration__→_it_calculates_lead_scores_correctly_for_different_templates' locationHint='php_qn://D:\DevCenter\abuilds\alumate\vendor\pestphp\pest\src\Factories\TestCaseFactory.php(169) : eval()|'d code::\P\Tests\Feature\ComponentLibrary\FormComponentTest::__pest_evaluable__CRM_Integration__→_it_calculates_lead_scores_correctly_for_different_templates' flowId='41996']
##teamcity[testFailed name='__pest_evaluable__CRM_Integration__→_it_calculates_lead_scores_correctly_for_different_templates' message='Expected response status code |[200|] but received 422.|nFailed asserting that 422 is identical to 200.|r|n|r|nThe following errors occurred during the last request:|n|n{|n    "success": false,|n    "message": "Validation failed. Please check your input and try again.",|n    "errors": {|n        "submit_time": |[|n            "The submit time must be at least 3 characters."|n        |],|n        "user_agent": |[|n            "The user agent field is required."|n        |],|n        "budget_range": |[|n            "The selected budget range is invalid."|n        |],|n        "follow_up_consent": |[|n            "The follow-up consent field is required."|n        |],|n        "data_sharing_consent": |[|n            "The data sharing consent field is required."|n        |],|n        "primary_goals.0": |[|n            "Please select valid primary goals from the available options."|n        |],|n        "urgency_reason": |[|n            "Please explain the reason for immediate implementation needs."|n        |]|n    },|n    "error_count": 7|n}|r|n' details='D:\DevCenter\abuilds\alumate\vendor\laravel\framework\src\Illuminate\Testing\TestResponseAssert.php:45|nD:\DevCenter\abuilds\alumate\vendor\laravel\framework\src\Illuminate\Testing\TestResponse.php:174|nD:\DevCenter\abuilds\alumate\vendor\laravel\framework\src\Illuminate\Testing\Concerns\AssertsStatusCodes.php:16|nD:\DevCenter\abuilds\alumate\tests\Feature\ComponentLibrary\FormComponentTest.php:459|n' duration='27' flowId='41996']
##teamcity[testFinished name='__pest_evaluable__CRM_Integration__→_it_calculates_lead_scores_correctly_for_different_templates' duration='29' flowId='41996']
##teamcity[testStarted name='__pest_evaluable__CRM_Integration__→_it_handles_CRM_integration_failures_gracefully' locationHint='php_qn://D:\DevCenter\abuilds\alumate\vendor\pestphp\pest\src\Factories\TestCaseFactory.php(169) : eval()|'d code::\P\Tests\Feature\ComponentLibrary\FormComponentTest::__pest_evaluable__CRM_Integration__→_it_handles_CRM_integration_failures_gracefully' flowId='41996']
##teamcity[testFinished name='__pest_evaluable__CRM_Integration__→_it_handles_CRM_integration_failures_gracefully' duration='22' flowId='41996']
##teamcity[testStarted name='__pest_evaluable__Template_Validation__→_it_validates_phone_number_format_across_templates' locationHint='php_qn://D:\DevCenter\abuilds\alumate\vendor\pestphp\pest\src\Factories\TestCaseFactory.php(169) : eval()|'d code::\P\Tests\Feature\ComponentLibrary\FormComponentTest::__pest_evaluable__Template_Validation__→_it_validates_phone_number_format_across_templates' flowId='41996']
##teamcity[testFailed name='__pest_evaluable__Template_Validation__→_it_validates_phone_number_format_across_templates' message='Failed to find a validation error in the response for key: |'phone|'|r|n|r|nResponse has the following JSON validation errors:|r|n|r|n{|n    "email": |[|n        "The email address must be a valid email address."|n    |],|n    "submit_time": |[|n        "The submit time must be at least 3 characters."|n    |],|n    "user_agent": |[|n        "The user agent field is required."|n    |],|n    "terms_consent": |[|n        "The terms of service consent field is required."|n    |]|n}|r|n|nFailed asserting that an array has the key |'phone|'.|r|n|r|nThe following errors occurred during the last request:|n|n{|n    "success": false,|n    "message": "Validation failed. Please check your input and try again.",|n    "errors": {|n        "email": |[|n            "The email address must be a valid email address."|n        |],|n        "submit_time": |[|n            "The submit time must be at least 3 characters."|n        |],|n        "user_agent": |[|n            "The user agent field is required."|n        |],|n        "terms_consent": |[|n            "The terms of service consent field is required."|n        |]|n    },|n    "error_count": 4|n}|r|n' details='D:\DevCenter\abuilds\alumate\vendor\laravel\framework\src\Illuminate\Testing\TestResponseAssert.php:45|nD:\DevCenter\abuilds\alumate\vendor\laravel\framework\src\Illuminate\Testing\TestResponse.php:1105|nD:\DevCenter\abuilds\alumate\vendor\laravel\framework\src\Illuminate\Testing\TestResponse.php:1033|nD:\DevCenter\abuilds\alumate\tests\Feature\ComponentLibrary\FormComponentTest.php:503|n' duration='34' flowId='41996']
##teamcity[testFinished name='__pest_evaluable__Template_Validation__→_it_validates_phone_number_format_across_templates' duration='36' flowId='41996']
##teamcity[testStarted name='__pest_evaluable__Template_Validation__→_it_validates_graduation_year_ranges' locationHint='php_qn://D:\DevCenter\abuilds\alumate\vendor\pestphp\pest\src\Factories\TestCaseFactory.php(169) : eval()|'d code::\P\Tests\Feature\ComponentLibrary\FormComponentTest::__pest_evaluable__Template_Validation__→_it_validates_graduation_year_ranges' flowId='41996']
##teamcity[testFinished name='__pest_evaluable__Template_Validation__→_it_validates_graduation_year_ranges' duration='25' flowId='41996']
##teamcity[testSuiteFinished name='P\Tests\Feature\ComponentLibrary\FormComponentTest' flowId='41996']
##teamcity[testSuiteFinished name='Feature' flowId='41996']
##teamcity[testSuiteFinished name='D:\DevCenter\abuilds\alumate\phpunit.xml' flowId='41996']
